2023-01-27 18:55:07.807 [info] Extension host with pid 17124 started
2023-01-27 18:55:07.807 [info] Skipping acquiring lock for d:\examples\coursera_test\react_examples\ecommerce\User\workspaceStorage\e4f9a451059ddbe5198683f6e0734d6e.
2023-01-27 18:55:08.056 [info] ExtensionService#_doActivateExtension vscode.typescript-language-features, startup: false, activationEvent: 'onLanguage:javascript'
2023-01-27 18:55:08.057 [info] ExtensionService#_doActivateExtension vscode.microsoft-authentication, startup: false, activationEvent: 'onAuthenticationRequest:microsoft'
2023-01-27 18:55:08.057 [info] ExtensionService#_doActivateExtension vscode.git-base, startup: true, activationEvent: '*', root cause: vscode.git
2023-01-27 18:55:08.058 [info] ExtensionService#_doActivateExtension vscode.npm, startup: true, activationEvent: 'workspaceContains:package.json'
2023-01-27 18:55:09.168 [info] ExtensionService#_doActivateExtension vscode.git, startup: true, activationEvent: '*'
2023-01-27 18:55:09.168 [info] ExtensionService#_doActivateExtension vscode.github, startup: true, activationEvent: '*'
2023-01-27 18:55:09.633 [info] ExtensionService#_doActivateExtension vscode.github-authentication, startup: false, activationEvent: 'onAuthenticationRequest:github'
2023-01-27 18:55:10.514 [info] Eager extensions activated
2023-01-27 18:55:10.553 [info] ExtensionService#_doActivateExtension vscode.debug-auto-launch, startup: false, activationEvent: 'onStartupFinished'
2023-01-27 18:55:10.553 [info] ExtensionService#_doActivateExtension vscode.emmet, startup: false, activationEvent: 'onStartupFinished'
2023-01-27 18:55:10.554 [info] ExtensionService#_doActivateExtension vscode.merge-conflict, startup: false, activationEvent: 'onStartupFinished'
2023-01-27 18:55:10.554 [info] ExtensionService#_doActivateExtension ms-vscode-remote.remote-wsl-recommender, startup: false, activationEvent: 'onStartupFinished'
2023-01-27 18:55:10.554 [info] ExtensionService#_doActivateExtension esbenp.prettier-vscode, startup: false, activationEvent: 'onStartupFinished'
2023-01-27 18:55:13.017 [warning] [Decorations] CAPPING events from decorations provider vscode.git 521
2023-01-27 18:55:13.429 [warning] [Decorations] CAPPING events from decorations provider vscode.git 521
2023-01-27 19:00:20.560 [warning] [Decorations] CAPPING events from decorations provider vscode.git 541
2023-01-27 19:01:34.025 [warning] [Decorations] CAPPING events from decorations provider vscode.git 542
2023-01-27 19:01:48.404 [warning] [Decorations] CAPPING events from decorations provider vscode.git 542
2023-01-27 19:05:58.454 [warning] [Decorations] CAPPING events from decorations provider vscode.git 541
2023-01-27 19:06:03.613 [warning] [Decorations] CAPPING events from decorations provider vscode.git 542
2023-01-27 19:08:00.559 [warning] [Decorations] CAPPING events from decorations provider vscode.git 542
2023-01-27 19:09:19.016 [warning] [Decorations] CAPPING events from decorations provider vscode.git 542
2023-01-27 19:09:24.886 [warning] [Decorations] CAPPING events from decorations provider vscode.git 542
2023-01-27 19:09:30.065 [warning] [Decorations] CAPPING events from decorations provider vscode.git 541
2023-01-27 19:10:27.599 [warning] [Decorations] CAPPING events from decorations provider vscode.git 541
2023-01-27 19:10:42.601 [warning] [Decorations] CAPPING events from decorations provider vscode.git 542
2023-01-27 19:10:47.796 [warning] [Decorations] CAPPING events from decorations provider vscode.git 542
2023-01-27 19:11:50.022 [warning] [Decorations] CAPPING events from decorations provider vscode.git 542
2023-01-27 19:13:02.729 [warning] [Decorations] CAPPING events from decorations provider vscode.git 542
2023-01-27 19:13:54.087 [warning] [Decorations] CAPPING events from decorations provider vscode.git 542
2023-01-27 19:15:33.116 [warning] [Decorations] CAPPING events from decorations provider vscode.git 542
2023-01-27 19:15:42.207 [warning] [Decorations] CAPPING events from decorations provider vscode.git 542
2023-01-27 19:16:04.220 [warning] [Decorations] CAPPING events from decorations provider vscode.git 541
2023-01-27 19:16:09.505 [warning] [Decorations] CAPPING events from decorations provider vscode.git 542
2023-01-27 19:16:14.676 [warning] [Decorations] CAPPING events from decorations provider vscode.git 542
2023-01-27 19:16:19.865 [warning] [Decorations] CAPPING events from decorations provider vscode.git 542
2023-01-27 19:16:25.041 [warning] [Decorations] CAPPING events from decorations provider vscode.git 542
2023-01-27 19:16:30.212 [warning] [Decorations] CAPPING events from decorations provider vscode.git 542
2023-01-27 19:16:32.662 [error] [vscode.typescript-language-features] provider FAILED
2023-01-27 19:16:32.662 [error] Error: <semantic> TypeScript Server Error (4.9.4)
Debug Failure. Did not expect JsxClosingFragment to have an Identifier in its trivia
Error: Debug Failure. Did not expect JsxClosingFragment to have an Identifier in its trivia
    at addSyntheticNodes (c:\Users\chhav\AppData\Local\Programs\Microsoft VS Code\resources\app\extensions\node_modules\typescript\lib\tsserver.js:167907:30)
    at createChildren (c:\Users\chhav\AppData\Local\Programs\Microsoft VS Code\resources\app\extensions\node_modules\typescript\lib\tsserver.js:167896:9)
    at NodeObject.getChildren (c:\Users\chhav\AppData\Local\Programs\Microsoft VS Code\resources\app\extensions\node_modules\typescript\lib\tsserver.js:167838:56)
    at NodeObject.getLastToken (c:\Users\chhav\AppData\Local\Programs\Microsoft VS Code\resources\app\extensions\node_modules\typescript\lib\tsserver.js:167853:33)
    at NodeObject.getLastToken (c:\Users\chhav\AppData\Local\Programs\Microsoft VS Code\resources\app\extensions\node_modules\typescript\lib\tsserver.js:167858:80)
    at NodeObject.getLastToken (c:\Users\chhav\AppData\Local\Programs\Microsoft VS Code\resources\app\extensions\node_modules\typescript\lib\tsserver.js:167858:80)
    at NodeObject.getLastToken (c:\Users\chhav\AppData\Local\Programs\Microsoft VS Code\resources\app\extensions\node_modules\typescript\lib\tsserver.js:167858:80)
    at NodeObject.getLastToken (c:\Users\chhav\AppData\Local\Programs\Microsoft VS Code\resources\app\extensions\node_modules\typescript\lib\tsserver.js:167858:80)
    at NodeObject.getLastToken (c:\Users\chhav\AppData\Local\Programs\Microsoft VS Code\resources\app\extensions\node_modules\typescript\lib\tsserver.js:167858:80)
    at NodeObject.getLastToken (c:\Users\chhav\AppData\Local\Programs\Microsoft VS Code\resources\app\extensions\node_modules\typescript\lib\tsserver.js:167858:80)
    at NodeObject.getLastToken (c:\Users\chhav\AppData\Local\Programs\Microsoft VS Code\resources\app\extensions\node_modules\typescript\lib\tsserver.js:167858:80)
    at NodeObject.getLastToken (c:\Users\chhav\AppData\Local\Programs\Microsoft VS Code\resources\app\extensions\node_modules\typescript\lib\tsserver.js:167858:80)
    at NodeObject.getLastToken (c:\Users\chhav\AppData\Local\Programs\Microsoft VS Code\resources\app\extensions\node_modules\typescript\lib\tsserver.js:167858:80)
    at NodeObject.getLastToken (c:\Users\chhav\AppData\Local\Programs\Microsoft VS Code\resources\app\extensions\node_modules\typescript\lib\tsserver.js:167858:80)
    at visit (c:\Users\chhav\AppData\Local\Programs\Microsoft VS Code\resources\app\extensions\node_modules\typescript\lib\tsserver.js:132100:38)
    at visitNodes (c:\Users\chhav\AppData\Local\Programs\Microsoft VS Code\resources\app\extensions\node_modules\typescript\lib\tsserver.js:31224:30)
    at forEachChildInSourceFile (c:\Users\chhav\AppData\Local\Programs\Microsoft VS Code\resources\app\extensions\node_modules\typescript\lib\tsserver.js:31583:20)
    at Object.forEachChild (c:\Users\chhav\AppData\Local\Programs\Microsoft VS Code\resources\app\extensions\node_modules\typescript\lib\tsserver.js:31998:47)
    at Object.probablyUsesSemicolons (c:\Users\chhav\AppData\Local\Programs\Microsoft VS Code\resources\app\extensions\node_modules\typescript\lib\tsserver.js:132098:12)
    at getCompletionEntriesFromSymbols (c:\Users\chhav\AppData\Local\Programs\Microsoft VS Code\resources\app\extensions\node_modules\typescript\lib\tsserver.js:136079:36)
    at completionInfoFromData (c:\Users\chhav\AppData\Local\Programs\Microsoft VS Code\resources\app\extensions\node_modules\typescript\lib\tsserver.js:135405:31)
    at Object.getCompletionsAtPosition (c:\Users\chhav\AppData\Local\Programs\Microsoft VS Code\resources\app\extensions\node_modules\typescript\lib\tsserver.js:135265:36)
    at Object.getCompletionsAtPosition (c:\Users\chhav\AppData\Local\Programs\Microsoft VS Code\resources\app\extensions\node_modules\typescript\lib\tsserver.js:169141:35)
    at Session.getCompletions (c:\Users\chhav\AppData\Local\Programs\Microsoft VS Code\resources\app\extensions\node_modules\typescript\lib\tsserver.js:181290:64)
    at Session.handlers.ts.Map.ts.getEntries._a.<computed> (c:\Users\chhav\AppData\Local\Programs\Microsoft VS Code\resources\app\extensions\node_modules\typescript\lib\tsserver.js:179963:61)
    at c:\Users\chhav\AppData\Local\Programs\Microsoft VS Code\resources\app\extensions\node_modules\typescript\lib\tsserver.js:182024:96
    at Session.executeWithRequestId (c:\Users\chhav\AppData\Local\Programs\Microsoft VS Code\resources\app\extensions\node_modules\typescript\lib\tsserver.js:182015:28)
    at Session.executeCommand (c:\Users\chhav\AppData\Local\Programs\Microsoft VS Code\resources\app\extensions\node_modules\typescript\lib\tsserver.js:182024:41)
    at Session.onMessage (c:\Users\chhav\AppData\Local\Programs\Microsoft VS Code\resources\app\extensions\node_modules\typescript\lib\tsserver.js:182052:35)
    at process.<anonymous> (c:\Users\chhav\AppData\Local\Programs\Microsoft VS Code\resources\app\extensions\node_modules\typescript\lib\tsserver.js:186208:31)
    at process.emit (node:events:526:28)
    at emit (node:internal/child_process:938:14)
    at process.processTicksAndRejections (node:internal/process/task_queues:84:21)
	at n.create (c:\Users\chhav\AppData\Local\Programs\Microsoft VS Code\resources\app\extensions\typescript-language-features\dist\extension.js:2:1499744)
	at d.w (c:\Users\chhav\AppData\Local\Programs\Microsoft VS Code\resources\app\extensions\typescript-language-features\dist\extension.js:2:1495016)
	at d.u (c:\Users\chhav\AppData\Local\Programs\Microsoft VS Code\resources\app\extensions\typescript-language-features\dist\extension.js:2:1494095)
	at ChildProcess.<anonymous> (c:\Users\chhav\AppData\Local\Programs\Microsoft VS Code\resources\app\extensions\typescript-language-features\dist\extension.js:2:1493723)
	at ChildProcess.emit (node:events:526:28)
	at emit (node:internal/child_process:938:14)
	at process.processTicksAndRejections (node:internal/process/task_queues:84:21)
2023-01-27 19:16:35.371 [warning] [Decorations] CAPPING events from decorations provider vscode.git 542
2023-01-27 19:16:40.537 [warning] [Decorations] CAPPING events from decorations provider vscode.git 542
2023-01-27 19:16:45.703 [warning] [Decorations] CAPPING events from decorations provider vscode.git 542
2023-01-27 19:16:53.034 [warning] [Decorations] CAPPING events from decorations provider vscode.git 543
2023-01-27 19:17:00.884 [warning] [Decorations] CAPPING events from decorations provider vscode.git 543
2023-01-27 19:17:06.046 [warning] [Decorations] CAPPING events from decorations provider vscode.git 543
2023-01-27 19:17:11.213 [warning] [Decorations] CAPPING events from decorations provider vscode.git 543
2023-01-27 19:17:49.147 [warning] [Decorations] CAPPING events from decorations provider vscode.git 543
2023-01-27 19:18:00.769 [warning] [Decorations] CAPPING events from decorations provider vscode.git 543
2023-01-27 19:18:57.988 [warning] [Decorations] CAPPING events from decorations provider vscode.git 543
2023-01-27 19:19:04.339 [warning] [Decorations] CAPPING events from decorations provider vscode.git 543
2023-01-27 19:19:37.937 [warning] [Decorations] CAPPING events from decorations provider vscode.git 544
2023-01-27 19:19:43.099 [warning] [Decorations] CAPPING events from decorations provider vscode.git 544
2023-01-27 19:19:48.266 [warning] [Decorations] CAPPING events from decorations provider vscode.git 544
2023-01-27 19:20:04.389 [warning] [Decorations] CAPPING events from decorations provider vscode.git 544
2023-01-27 19:20:14.709 [warning] [Decorations] CAPPING events from decorations provider vscode.git 545
2023-01-27 19:20:19.848 [warning] [Decorations] CAPPING events from decorations provider vscode.git 545
2023-01-27 19:20:24.981 [warning] [Decorations] CAPPING events from decorations provider vscode.git 545
2023-01-27 19:20:30.148 [warning] [Decorations] CAPPING events from decorations provider vscode.git 545
2023-01-27 19:20:35.295 [warning] [Decorations] CAPPING events from decorations provider vscode.git 545
2023-01-27 19:20:40.444 [warning] [Decorations] CAPPING events from decorations provider vscode.git 545
2023-01-27 19:20:45.594 [warning] [Decorations] CAPPING events from decorations provider vscode.git 547
2023-01-27 19:21:04.268 [warning] [Decorations] CAPPING events from decorations provider vscode.git 545
2023-01-27 19:22:35.419 [warning] [Decorations] CAPPING events from decorations provider vscode.git 546
2023-01-27 19:22:41.202 [warning] [Decorations] CAPPING events from decorations provider vscode.git 546
2023-01-27 19:22:51.139 [warning] [Decorations] CAPPING events from decorations provider vscode.git 546
2023-01-27 19:22:56.318 [warning] [Decorations] CAPPING events from decorations provider vscode.git 546
2023-01-27 19:23:01.463 [warning] [Decorations] CAPPING events from decorations provider vscode.git 546
2023-01-27 19:24:18.543 [warning] [Decorations] CAPPING events from decorations provider vscode.git 546
2023-01-27 19:24:23.762 [warning] [Decorations] CAPPING events from decorations provider vscode.git 547
2023-01-27 19:24:31.460 [warning] [Decorations] CAPPING events from decorations provider vscode.git 547
2023-01-27 19:24:36.866 [warning] [Decorations] CAPPING events from decorations provider vscode.git 547
2023-01-27 19:24:42.044 [warning] [Decorations] CAPPING events from decorations provider vscode.git 547
2023-01-27 19:24:50.190 [warning] [Decorations] CAPPING events from decorations provider vscode.git 547
2023-01-27 19:25:04.389 [warning] [Decorations] CAPPING events from decorations provider vscode.git 547
2023-01-27 19:25:10.958 [warning] [Decorations] CAPPING events from decorations provider vscode.git 548
2023-01-27 19:25:16.142 [warning] [Decorations] CAPPING events from decorations provider vscode.git 548
2023-01-27 19:25:35.384 [warning] [Decorations] CAPPING events from decorations provider vscode.git 549
2023-01-27 19:25:40.551 [warning] [Decorations] CAPPING events from decorations provider vscode.git 550
2023-01-27 19:25:45.881 [warning] [Decorations] CAPPING events from decorations provider vscode.git 557
2023-01-27 19:25:51.056 [warning] [Decorations] CAPPING events from decorations provider vscode.git 558
2023-01-27 19:25:56.210 [warning] [Decorations] CAPPING events from decorations provider vscode.git 558
2023-01-27 19:26:01.381 [warning] [Decorations] CAPPING events from decorations provider vscode.git 558
2023-01-27 19:26:06.546 [warning] [Decorations] CAPPING events from decorations provider vscode.git 558
2023-01-27 19:26:33.305 [warning] [Decorations] CAPPING events from decorations provider vscode.git 559
2023-01-27 19:26:39.698 [warning] [Decorations] CAPPING events from decorations provider vscode.git 559
2023-01-27 19:26:44.877 [warning] [Decorations] CAPPING events from decorations provider vscode.git 559
2023-01-27 19:27:02.814 [warning] [Decorations] CAPPING events from decorations provider vscode.git 559
2023-01-27 19:27:07.958 [warning] [Decorations] CAPPING events from decorations provider vscode.git 560
2023-01-27 19:27:13.184 [warning] [Decorations] CAPPING events from decorations provider vscode.git 560
2023-01-27 19:27:18.348 [warning] [Decorations] CAPPING events from decorations provider vscode.git 560
2023-01-27 19:28:07.002 [warning] [Decorations] CAPPING events from decorations provider vscode.git 560
2023-01-27 19:28:18.973 [warning] [Decorations] CAPPING events from decorations provider vscode.git 561
2023-01-27 19:28:24.117 [warning] [Decorations] CAPPING events from decorations provider vscode.git 561
2023-01-27 19:28:29.284 [warning] [Decorations] CAPPING events from decorations provider vscode.git 561
2023-01-27 19:28:36.505 [warning] [Decorations] CAPPING events from decorations provider vscode.git 561
2023-01-27 19:28:44.802 [warning] [Decorations] CAPPING events from decorations provider vscode.git 561
2023-01-27 19:29:33.349 [warning] [Decorations] CAPPING events from decorations provider vscode.git 561
2023-01-27 19:30:00.782 [warning] [Decorations] CAPPING events from decorations provider vscode.git 562
2023-01-27 19:51:00.148 [warning] [Decorations] CAPPING events from decorations provider vscode.git 565
2023-01-27 19:51:05.476 [warning] [Decorations] CAPPING events from decorations provider vscode.git 560
2023-01-27 19:51:26.130 [warning] [Decorations] CAPPING events from decorations provider vscode.git 560
2023-01-27 19:55:45.603 [warning] [Decorations] CAPPING events from decorations provider vscode.git 559
2023-01-27 19:55:50.760 [warning] [Decorations] CAPPING events from decorations provider vscode.git 559
2023-01-27 19:56:28.885 [warning] [Decorations] CAPPING events from decorations provider vscode.git 560
2023-01-27 19:56:47.910 [warning] [Decorations] CAPPING events from decorations provider vscode.git 560
2023-01-27 19:57:55.529 [warning] [Decorations] CAPPING events from decorations provider vscode.git 559
2023-01-27 19:58:01.668 [warning] [Decorations] CAPPING events from decorations provider vscode.git 559
2023-01-27 20:43:56.928 [warning] [Decorations] CAPPING events from decorations provider vscode.git 560
2023-01-27 20:44:02.084 [warning] [Decorations] CAPPING events from decorations provider vscode.git 560
2023-01-27 20:44:07.256 [warning] [Decorations] CAPPING events from decorations provider vscode.git 560
2023-01-27 20:44:16.236 [warning] [Decorations] CAPPING events from decorations provider vscode.git 561
2023-01-27 20:44:21.413 [warning] [Decorations] CAPPING events from decorations provider vscode.git 561
2023-01-27 20:44:26.564 [warning] [Decorations] CAPPING events from decorations provider vscode.git 561
2023-01-27 20:44:31.820 [warning] [Decorations] CAPPING events from decorations provider vscode.git 561
2023-01-27 20:44:40.599 [warning] [Decorations] CAPPING events from decorations provider vscode.git 562
2023-01-27 20:44:45.777 [warning] [Decorations] CAPPING events from decorations provider vscode.git 562
2023-01-27 20:44:50.926 [warning] [Decorations] CAPPING events from decorations provider vscode.git 562
2023-01-27 20:44:56.104 [warning] [Decorations] CAPPING events from decorations provider vscode.git 562
2023-01-27 20:45:01.337 [warning] [Decorations] CAPPING events from decorations provider vscode.git 562
2023-01-27 20:45:06.552 [warning] [Decorations] CAPPING events from decorations provider vscode.git 562
2023-01-27 20:45:11.745 [warning] [Decorations] CAPPING events from decorations provider vscode.git 563
2023-01-27 20:45:19.585 [warning] [Decorations] CAPPING events from decorations provider vscode.git 563
2023-01-27 20:45:30.838 [warning] [Decorations] CAPPING events from decorations provider vscode.git 564
2023-01-27 20:45:38.994 [warning] [Decorations] CAPPING events from decorations provider vscode.git 564
2023-01-27 20:45:44.230 [warning] [Decorations] CAPPING events from decorations provider vscode.git 564
2023-01-27 20:46:02.508 [warning] [Decorations] CAPPING events from decorations provider vscode.git 564
2023-01-27 20:46:15.818 [warning] [Decorations] CAPPING events from decorations provider vscode.git 566
2023-01-27 20:46:21.041 [warning] [Decorations] CAPPING events from decorations provider vscode.git 566
2023-01-27 20:46:26.242 [warning] [Decorations] CAPPING events from decorations provider vscode.git 567
2023-01-27 20:46:31.425 [warning] [Decorations] CAPPING events from decorations provider vscode.git 568
2023-01-27 20:46:36.619 [warning] [Decorations] CAPPING events from decorations provider vscode.git 568
2023-01-27 20:46:41.798 [warning] [Decorations] CAPPING events from decorations provider vscode.git 568
2023-01-27 20:46:46.952 [warning] [Decorations] CAPPING events from decorations provider vscode.git 568
2023-01-27 20:47:02.424 [warning] [Decorations] CAPPING events from decorations provider vscode.git 568
2023-01-27 20:47:44.148 [warning] [Decorations] CAPPING events from decorations provider vscode.git 569
2023-01-27 20:47:49.305 [warning] [Decorations] CAPPING events from decorations provider vscode.git 569
2023-01-27 20:47:54.488 [warning] [Decorations] CAPPING events from decorations provider vscode.git 569
2023-01-27 20:47:59.641 [warning] [Decorations] CAPPING events from decorations provider vscode.git 569
2023-01-27 20:48:04.803 [warning] [Decorations] CAPPING events from decorations provider vscode.git 569
2023-01-27 20:48:29.958 [warning] [Decorations] CAPPING events from decorations provider vscode.git 570
2023-01-27 20:48:35.160 [warning] [Decorations] CAPPING events from decorations provider vscode.git 570
2023-01-27 20:48:40.774 [warning] [Decorations] CAPPING events from decorations provider vscode.git 570
2023-01-27 20:48:45.968 [warning] [Decorations] CAPPING events from decorations provider vscode.git 570
2023-01-27 20:50:14.661 [warning] [Decorations] CAPPING events from decorations provider vscode.git 572
2023-01-27 20:50:19.834 [warning] [Decorations] CAPPING events from decorations provider vscode.git 570
2023-01-27 20:50:35.185 [warning] [Decorations] CAPPING events from decorations provider vscode.git 571
2023-01-27 20:51:30.486 [warning] [Decorations] CAPPING events from decorations provider vscode.git 571
2023-01-27 20:52:33.805 [warning] [Decorations] CAPPING events from decorations provider vscode.git 572
2023-01-27 20:53:02.591 [warning] [Decorations] CAPPING events from decorations provider vscode.git 572
2023-01-27 20:53:07.735 [warning] [Decorations] CAPPING events from decorations provider vscode.git 573
2023-01-27 20:53:12.888 [warning] [Decorations] CAPPING events from decorations provider vscode.git 573
2023-01-27 20:53:18.068 [warning] [Decorations] CAPPING events from decorations provider vscode.git 573
2023-01-27 20:53:24.059 [warning] [Decorations] CAPPING events from decorations provider vscode.git 573
2023-01-27 20:53:32.978 [warning] [Decorations] CAPPING events from decorations provider vscode.git 573
2023-01-27 20:53:43.908 [warning] [Decorations] CAPPING events from decorations provider vscode.git 574
2023-01-27 20:53:49.135 [warning] [Decorations] CAPPING events from decorations provider vscode.git 574
2023-01-27 20:54:02.824 [warning] [Decorations] CAPPING events from decorations provider vscode.git 575
2023-01-27 20:55:44.815 [warning] [Decorations] CAPPING events from decorations provider vscode.git 575
2023-01-27 20:56:01.052 [warning] [Decorations] CAPPING events from decorations provider vscode.git 571
2023-01-27 20:56:06.238 [warning] [Decorations] CAPPING events from decorations provider vscode.git 571
2023-01-27 20:56:32.440 [warning] [Decorations] CAPPING events from decorations provider vscode.git 571
2023-01-27 20:56:44.728 [warning] [Decorations] CAPPING events from decorations provider vscode.git 571
2023-01-27 20:56:49.930 [warning] [Decorations] CAPPING events from decorations provider vscode.git 571
2023-01-27 20:58:11.633 [warning] [Decorations] CAPPING events from decorations provider vscode.git 571
2023-01-27 20:59:28.851 [warning] [Decorations] CAPPING events from decorations provider vscode.git 572
2023-01-27 20:59:57.716 [warning] [Decorations] CAPPING events from decorations provider vscode.git 572
2023-01-27 21:00:14.840 [warning] [Decorations] CAPPING events from decorations provider vscode.git 572
2023-01-27 21:00:44.058 [warning] [Decorations] CAPPING events from decorations provider vscode.git 573
2023-01-27 21:00:49.785 [warning] [Decorations] CAPPING events from decorations provider vscode.git 573
2023-01-27 21:00:54.948 [warning] [Decorations] CAPPING events from decorations provider vscode.git 573
2023-01-27 21:01:16.561 [warning] [Decorations] CAPPING events from decorations provider vscode.git 573
2023-01-27 21:03:19.785 [warning] [Decorations] CAPPING events from decorations provider vscode.git 574
2023-01-27 21:03:24.936 [warning] [Decorations] CAPPING events from decorations provider vscode.git 574
2023-01-27 21:04:17.892 [warning] [Decorations] CAPPING events from decorations provider vscode.git 575
2023-01-27 21:05:16.738 [warning] [Decorations] CAPPING events from decorations provider vscode.git 573
2023-01-27 21:05:40.833 [warning] [Decorations] CAPPING events from decorations provider vscode.git 574
2023-01-27 21:05:46.224 [warning] [Decorations] CAPPING events from decorations provider vscode.git 574
2023-01-27 21:05:54.200 [warning] [Decorations] CAPPING events from decorations provider vscode.git 574
2023-01-27 21:05:59.364 [warning] [Decorations] CAPPING events from decorations provider vscode.git 574
2023-01-27 21:09:17.970 [warning] [Decorations] CAPPING events from decorations provider vscode.git 574
2023-01-27 21:29:26.483 [info] Extension host terminating: received terminate message from renderer
2023-01-27 21:29:26.649 [info] Extension host with pid 17124 exiting with code 0
