2023-01-30 17:27:51.524 [info] Extension host with pid 16964 started
2023-01-30 17:27:51.524 [info] Skipping acquiring lock for d:\examples\coursera_test\react_examples\ecommerce\User\workspaceStorage\e4f9a451059ddbe5198683f6e0734d6e.
2023-01-30 17:27:51.632 [info] ExtensionService#_doActivateExtension vscode.typescript-language-features, startup: false, activationEvent: 'onLanguage:javascript'
2023-01-30 17:27:51.633 [info] ExtensionService#_doActivateExtension vscode.microsoft-authentication, startup: false, activationEvent: 'onAuthenticationRequest:microsoft'
2023-01-30 17:27:51.633 [info] ExtensionService#_doActivateExtension vscode.git-base, startup: true, activationEvent: '*', root cause: vscode.git
2023-01-30 17:27:51.633 [info] ExtensionService#_doActivateExtension vscode.npm, startup: true, activationEvent: 'workspaceContains:package.json'
2023-01-30 17:27:52.981 [info] ExtensionService#_doActivateExtension vscode.git, startup: true, activationEvent: '*'
2023-01-30 17:27:52.982 [info] ExtensionService#_doActivateExtension vscode.github, startup: true, activationEvent: '*'
2023-01-30 17:27:53.610 [info] ExtensionService#_doActivateExtension vscode.github-authentication, startup: false, activationEvent: 'onAuthenticationRequest:github'
2023-01-30 17:27:53.898 [info] Eager extensions activated
2023-01-30 17:27:53.903 [info] ExtensionService#_doActivateExtension vscode.debug-auto-launch, startup: false, activationEvent: 'onStartupFinished'
2023-01-30 17:27:53.904 [info] ExtensionService#_doActivateExtension vscode.emmet, startup: false, activationEvent: 'onStartupFinished'
2023-01-30 17:27:53.904 [info] ExtensionService#_doActivateExtension vscode.merge-conflict, startup: false, activationEvent: 'onStartupFinished'
2023-01-30 17:27:53.904 [info] ExtensionService#_doActivateExtension ms-vscode-remote.remote-wsl-recommender, startup: false, activationEvent: 'onStartupFinished'
2023-01-30 17:27:53.905 [info] ExtensionService#_doActivateExtension esbenp.prettier-vscode, startup: false, activationEvent: 'onStartupFinished'
2023-01-30 17:27:55.590 [warning] [Decorations] CAPPING events from decorations provider vscode.git 590
2023-01-30 17:27:55.942 [warning] [Decorations] CAPPING events from decorations provider vscode.git 590
2023-01-30 17:27:59.788 [warning] [Decorations] CAPPING events from decorations provider vscode.git 589
2023-01-30 17:28:04.977 [warning] [Decorations] CAPPING events from decorations provider vscode.git 605
2023-01-30 17:28:11.815 [warning] [Decorations] CAPPING events from decorations provider vscode.git 605
2023-01-30 17:28:30.816 [warning] [Decorations] CAPPING events from decorations provider vscode.git 605
2023-01-30 17:28:51.097 [warning] [Decorations] CAPPING events from decorations provider vscode.git 605
2023-01-30 17:29:50.947 [warning] [Decorations] CAPPING events from decorations provider vscode.git 605
2023-01-30 17:30:06.869 [warning] [Decorations] CAPPING events from decorations provider vscode.git 606
2023-01-30 17:30:20.696 [warning] [Decorations] CAPPING events from decorations provider vscode.git 607
2023-01-30 17:30:50.982 [warning] [Decorations] CAPPING events from decorations provider vscode.git 607
2023-01-30 17:31:51.071 [warning] [Decorations] CAPPING events from decorations provider vscode.git 607
2023-01-30 17:32:34.663 [warning] [Decorations] CAPPING events from decorations provider vscode.git 607
2023-01-30 17:32:51.680 [warning] [Decorations] CAPPING events from decorations provider vscode.git 607
2023-01-30 17:33:48.100 [warning] [Decorations] CAPPING events from decorations provider vscode.git 608
2023-01-30 17:34:16.297 [warning] [Decorations] CAPPING events from decorations provider vscode.git 609
2023-01-30 17:34:21.457 [warning] [Decorations] CAPPING events from decorations provider vscode.git 609
2023-01-30 17:34:26.595 [warning] [Decorations] CAPPING events from decorations provider vscode.git 609
2023-01-30 17:34:31.733 [warning] [Decorations] CAPPING events from decorations provider vscode.git 609
2023-01-30 17:35:25.202 [warning] [Decorations] CAPPING events from decorations provider vscode.git 611
2023-01-30 17:35:30.336 [warning] [Decorations] CAPPING events from decorations provider vscode.git 609
2023-01-30 17:37:24.102 [warning] [Decorations] CAPPING events from decorations provider vscode.git 610
2023-01-30 17:37:29.252 [warning] [Decorations] CAPPING events from decorations provider vscode.git 610
2023-01-30 17:37:34.390 [warning] [Decorations] CAPPING events from decorations provider vscode.git 611
2023-01-30 17:37:39.543 [warning] [Decorations] CAPPING events from decorations provider vscode.git 611
2023-01-30 17:40:02.200 [warning] [Decorations] CAPPING events from decorations provider vscode.git 612
2023-01-30 17:40:07.313 [warning] [Decorations] CAPPING events from decorations provider vscode.git 614
2023-01-30 17:40:18.688 [warning] [Decorations] CAPPING events from decorations provider vscode.git 614
2023-01-30 17:40:23.806 [warning] [Decorations] CAPPING events from decorations provider vscode.git 614
2023-01-30 17:40:28.907 [warning] [Decorations] CAPPING events from decorations provider vscode.git 614
2023-01-30 17:40:34.028 [warning] [Decorations] CAPPING events from decorations provider vscode.git 614
2023-01-30 17:40:39.147 [warning] [Decorations] CAPPING events from decorations provider vscode.git 614
2023-01-30 17:40:44.261 [warning] [Decorations] CAPPING events from decorations provider vscode.git 614
2023-01-30 17:40:49.367 [warning] [Decorations] CAPPING events from decorations provider vscode.git 614
2023-01-30 17:40:54.485 [warning] [Decorations] CAPPING events from decorations provider vscode.git 614
2023-01-30 17:41:01.564 [warning] [Decorations] CAPPING events from decorations provider vscode.git 615
2023-01-30 17:41:06.686 [warning] [Decorations] CAPPING events from decorations provider vscode.git 615
2023-01-30 17:41:16.119 [warning] [Decorations] CAPPING events from decorations provider vscode.git 615
2023-01-30 17:41:21.222 [warning] [Decorations] CAPPING events from decorations provider vscode.git 615
2023-01-30 17:41:26.332 [warning] [Decorations] CAPPING events from decorations provider vscode.git 615
2023-01-30 17:41:31.443 [warning] [Decorations] CAPPING events from decorations provider vscode.git 615
2023-01-30 17:41:36.547 [warning] [Decorations] CAPPING events from decorations provider vscode.git 615
2023-01-30 17:41:42.203 [warning] [Decorations] CAPPING events from decorations provider vscode.git 615
2023-01-30 17:41:51.152 [warning] [Decorations] CAPPING events from decorations provider vscode.git 615
2023-01-30 17:42:00.986 [warning] [Decorations] CAPPING events from decorations provider vscode.git 616
2023-01-30 17:42:06.890 [warning] [Decorations] CAPPING events from decorations provider vscode.git 617
2023-01-30 17:42:16.430 [warning] [Decorations] CAPPING events from decorations provider vscode.git 617
2023-01-30 17:42:21.543 [warning] [Decorations] CAPPING events from decorations provider vscode.git 618
2023-01-30 17:42:26.676 [warning] [Decorations] CAPPING events from decorations provider vscode.git 618
2023-01-30 17:42:31.795 [warning] [Decorations] CAPPING events from decorations provider vscode.git 618
2023-01-30 17:42:37.742 [warning] [Decorations] CAPPING events from decorations provider vscode.git 618
2023-01-30 17:42:42.863 [warning] [Decorations] CAPPING events from decorations provider vscode.git 618
2023-01-30 17:42:49.041 [warning] [Decorations] CAPPING events from decorations provider vscode.git 618
2023-01-30 17:42:55.752 [warning] [Decorations] CAPPING events from decorations provider vscode.git 618
2023-01-30 17:43:00.874 [warning] [Decorations] CAPPING events from decorations provider vscode.git 618
2023-01-30 17:43:13.598 [warning] [Decorations] CAPPING events from decorations provider vscode.git 618
2023-01-30 17:43:21.383 [warning] [Decorations] CAPPING events from decorations provider vscode.git 619
2023-01-30 17:43:28.512 [warning] [Decorations] CAPPING events from decorations provider vscode.git 620
2023-01-30 17:43:34.629 [warning] [Decorations] CAPPING events from decorations provider vscode.git 621
2023-01-30 17:43:39.728 [warning] [Decorations] CAPPING events from decorations provider vscode.git 621
2023-01-30 17:43:46.142 [warning] [Decorations] CAPPING events from decorations provider vscode.git 621
2023-01-30 17:44:26.942 [warning] [Decorations] CAPPING events from decorations provider vscode.git 621
2023-01-30 17:44:51.236 [warning] [Decorations] CAPPING events from decorations provider vscode.git 621
2023-01-30 17:44:56.480 [warning] [Decorations] CAPPING events from decorations provider vscode.git 622
2023-01-30 17:45:01.600 [warning] [Decorations] CAPPING events from decorations provider vscode.git 622
2023-01-30 17:45:06.716 [warning] [Decorations] CAPPING events from decorations provider vscode.git 622
2023-01-30 17:45:11.841 [warning] [Decorations] CAPPING events from decorations provider vscode.git 613
2023-01-30 17:45:16.957 [warning] [Decorations] CAPPING events from decorations provider vscode.git 613
2023-01-30 17:45:22.068 [warning] [Decorations] CAPPING events from decorations provider vscode.git 613
2023-01-30 17:47:42.915 [warning] [Decorations] CAPPING events from decorations provider vscode.git 613
2023-01-30 17:47:52.257 [warning] [Decorations] CAPPING events from decorations provider vscode.git 614
2023-01-30 17:48:40.920 [warning] [Decorations] CAPPING events from decorations provider vscode.git 614
2023-01-30 17:48:49.201 [warning] [Decorations] CAPPING events from decorations provider vscode.git 615
2023-01-30 17:48:54.319 [warning] [Decorations] CAPPING events from decorations provider vscode.git 615
2023-01-30 17:48:59.437 [warning] [Decorations] CAPPING events from decorations provider vscode.git 615
2023-01-30 17:49:44.816 [warning] [Decorations] CAPPING events from decorations provider vscode.git 615
2023-01-30 17:49:51.543 [warning] [Decorations] CAPPING events from decorations provider vscode.git 614
2023-01-30 17:49:56.672 [warning] [Decorations] CAPPING events from decorations provider vscode.git 615
2023-01-30 17:50:01.783 [warning] [Decorations] CAPPING events from decorations provider vscode.git 615
2023-01-30 17:50:07.281 [warning] [Decorations] CAPPING events from decorations provider vscode.git 615
2023-01-30 17:50:38.457 [warning] [Decorations] CAPPING events from decorations provider vscode.git 614
2023-01-30 17:50:43.573 [warning] [Decorations] CAPPING events from decorations provider vscode.git 614
2023-01-30 17:50:51.552 [warning] [Decorations] CAPPING events from decorations provider vscode.git 614
2023-01-30 17:52:43.571 [warning] [Decorations] CAPPING events from decorations provider vscode.git 615
2023-01-30 17:52:48.678 [warning] [Decorations] CAPPING events from decorations provider vscode.git 615
2023-01-30 17:53:46.601 [warning] [Decorations] CAPPING events from decorations provider vscode.git 615
2023-01-30 17:53:51.714 [warning] [Decorations] CAPPING events from decorations provider vscode.git 615
2023-01-30 17:54:00.609 [warning] [Decorations] CAPPING events from decorations provider vscode.git 615
2023-01-30 17:54:47.955 [warning] [Decorations] CAPPING events from decorations provider vscode.git 617
2023-01-30 17:54:58.168 [warning] [Decorations] CAPPING events from decorations provider vscode.git 618
2023-01-30 17:55:04.367 [warning] [Decorations] CAPPING events from decorations provider vscode.git 618
2023-01-30 17:55:09.582 [warning] [Decorations] CAPPING events from decorations provider vscode.git 618
2023-01-30 17:55:14.695 [warning] [Decorations] CAPPING events from decorations provider vscode.git 614
2023-01-30 17:55:31.934 [warning] [Decorations] CAPPING events from decorations provider vscode.git 615
2023-01-30 17:55:37.055 [warning] [Decorations] CAPPING events from decorations provider vscode.git 615
2023-01-30 17:55:42.177 [warning] [Decorations] CAPPING events from decorations provider vscode.git 615
2023-01-30 17:56:08.530 [warning] [Decorations] CAPPING events from decorations provider vscode.git 615
2023-01-30 17:56:14.083 [warning] [Decorations] CAPPING events from decorations provider vscode.git 615
2023-01-30 17:56:34.280 [warning] [Decorations] CAPPING events from decorations provider vscode.git 616
2023-01-30 17:56:39.392 [warning] [Decorations] CAPPING events from decorations provider vscode.git 616
2023-01-30 17:56:48.306 [warning] [Decorations] CAPPING events from decorations provider vscode.git 617
2023-01-30 17:56:53.438 [warning] [Decorations] CAPPING events from decorations provider vscode.git 617
2023-01-30 17:56:58.674 [warning] [Decorations] CAPPING events from decorations provider vscode.git 617
2023-01-30 17:57:03.785 [warning] [Decorations] CAPPING events from decorations provider vscode.git 617
2023-01-30 17:57:08.905 [warning] [Decorations] CAPPING events from decorations provider vscode.git 617
2023-01-30 17:57:14.034 [warning] [Decorations] CAPPING events from decorations provider vscode.git 617
2023-01-30 17:57:19.152 [warning] [Decorations] CAPPING events from decorations provider vscode.git 617
2023-01-30 17:57:26.074 [warning] [Decorations] CAPPING events from decorations provider vscode.git 617
2023-01-30 17:57:31.195 [warning] [Decorations] CAPPING events from decorations provider vscode.git 617
2023-01-30 17:57:49.855 [warning] [Decorations] CAPPING events from decorations provider vscode.git 617
2023-01-30 17:58:04.665 [warning] [Decorations] CAPPING events from decorations provider vscode.git 617
2023-01-30 17:58:09.770 [warning] [Decorations] CAPPING events from decorations provider vscode.git 617
2023-01-30 17:58:14.879 [warning] [Decorations] CAPPING events from decorations provider vscode.git 617
2023-01-30 17:58:19.991 [warning] [Decorations] CAPPING events from decorations provider vscode.git 617
2023-01-30 17:58:29.548 [warning] [Decorations] CAPPING events from decorations provider vscode.git 618
2023-01-30 17:58:34.666 [warning] [Decorations] CAPPING events from decorations provider vscode.git 618
2023-01-30 17:58:41.169 [warning] [Decorations] CAPPING events from decorations provider vscode.git 618
2023-01-30 17:59:10.540 [warning] [Decorations] CAPPING events from decorations provider vscode.git 618
2023-01-30 17:59:43.860 [warning] [Decorations] CAPPING events from decorations provider vscode.git 618
2023-01-30 17:59:51.673 [warning] [Decorations] CAPPING events from decorations provider vscode.git 618
2023-01-30 18:00:02.554 [warning] [Decorations] CAPPING events from decorations provider vscode.git 619
2023-01-30 18:00:24.789 [warning] [Decorations] CAPPING events from decorations provider vscode.git 619
2023-01-30 18:00:51.659 [warning] [Decorations] CAPPING events from decorations provider vscode.git 613
2023-01-30 18:01:03.954 [warning] [Decorations] CAPPING events from decorations provider vscode.git 613
2023-01-30 18:01:16.900 [warning] [Decorations] CAPPING events from decorations provider vscode.git 614
2023-01-30 18:01:22.026 [warning] [Decorations] CAPPING events from decorations provider vscode.git 614
2023-01-30 18:02:10.119 [warning] [Decorations] CAPPING events from decorations provider vscode.git 614
2023-01-30 18:02:24.723 [warning] [Decorations] CAPPING events from decorations provider vscode.git 615
2023-01-30 18:02:55.982 [warning] [Decorations] CAPPING events from decorations provider vscode.git 615
2023-01-30 18:04:19.851 [warning] [Decorations] CAPPING events from decorations provider vscode.git 616
2023-01-30 18:05:30.144 [warning] [Decorations] CAPPING events from decorations provider vscode.git 616
2023-01-30 18:05:35.252 [warning] [Decorations] CAPPING events from decorations provider vscode.git 614
2023-01-30 18:05:41.510 [warning] [Decorations] CAPPING events from decorations provider vscode.git 614
2023-01-30 18:06:21.752 [warning] [Decorations] CAPPING events from decorations provider vscode.git 614
2023-01-30 18:08:12.391 [warning] [Decorations] CAPPING events from decorations provider vscode.git 614
2023-01-30 18:08:21.306 [warning] [Decorations] CAPPING events from decorations provider vscode.git 614
2023-01-30 18:08:43.387 [warning] [Decorations] CAPPING events from decorations provider vscode.git 614
2023-01-30 18:09:04.018 [warning] [Decorations] CAPPING events from decorations provider vscode.git 615
2023-01-30 18:10:15.625 [warning] [Decorations] CAPPING events from decorations provider vscode.git 615
2023-01-30 18:10:20.732 [warning] [Decorations] CAPPING events from decorations provider vscode.git 613
2023-01-30 18:12:00.939 [warning] [Decorations] CAPPING events from decorations provider vscode.git 613
2023-01-30 18:12:30.938 [warning] [Decorations] CAPPING events from decorations provider vscode.git 614
2023-01-30 18:12:36.091 [warning] [Decorations] CAPPING events from decorations provider vscode.git 614
2023-01-30 18:12:41.233 [warning] [Decorations] CAPPING events from decorations provider vscode.git 614
2023-01-30 18:12:46.389 [warning] [Decorations] CAPPING events from decorations provider vscode.git 614
2023-01-30 18:12:51.547 [warning] [Decorations] CAPPING events from decorations provider vscode.git 614
2023-01-30 18:15:24.790 [warning] [Decorations] CAPPING events from decorations provider vscode.git 614
2023-01-30 18:15:29.952 [warning] [Decorations] CAPPING events from decorations provider vscode.git 613
2023-01-30 18:15:36.652 [warning] [Decorations] CAPPING events from decorations provider vscode.git 614
2023-01-30 18:15:44.170 [warning] [Decorations] CAPPING events from decorations provider vscode.git 614
2023-01-30 18:15:49.331 [warning] [Decorations] CAPPING events from decorations provider vscode.git 614
2023-01-30 18:15:54.503 [warning] [Decorations] CAPPING events from decorations provider vscode.git 614
2023-01-30 18:15:59.704 [warning] [Decorations] CAPPING events from decorations provider vscode.git 614
2023-01-30 18:16:04.852 [warning] [Decorations] CAPPING events from decorations provider vscode.git 614
2023-01-30 18:16:10.050 [warning] [Decorations] CAPPING events from decorations provider vscode.git 614
2023-01-30 18:16:37.237 [warning] [Decorations] CAPPING events from decorations provider vscode.git 614
2023-01-30 18:16:47.070 [warning] [Decorations] CAPPING events from decorations provider vscode.git 615
2023-01-30 18:16:52.193 [warning] [Decorations] CAPPING events from decorations provider vscode.git 615
2023-01-30 18:16:57.307 [warning] [Decorations] CAPPING events from decorations provider vscode.git 615
2023-01-30 18:17:04.617 [warning] [Decorations] CAPPING events from decorations provider vscode.git 615
2023-01-30 18:17:47.576 [warning] [Decorations] CAPPING events from decorations provider vscode.git 616
2023-01-30 18:17:52.775 [warning] [Decorations] CAPPING events from decorations provider vscode.git 617
2023-01-30 18:18:52.537 [warning] [Decorations] CAPPING events from decorations provider vscode.git 617
2023-01-30 18:18:57.657 [warning] [Decorations] CAPPING events from decorations provider vscode.git 617
2023-01-30 18:19:21.498 [warning] [Decorations] CAPPING events from decorations provider vscode.git 617
2023-01-30 18:20:07.580 [warning] [Decorations] CAPPING events from decorations provider vscode.git 617
2023-01-30 18:20:21.454 [warning] [Decorations] CAPPING events from decorations provider vscode.git 613
2023-01-30 18:20:35.630 [warning] [Decorations] CAPPING events from decorations provider vscode.git 613
2023-01-30 18:20:40.749 [warning] [Decorations] CAPPING events from decorations provider vscode.git 614
2023-01-30 18:20:47.033 [warning] [Decorations] CAPPING events from decorations provider vscode.git 614
2023-01-30 18:20:53.867 [warning] [Decorations] CAPPING events from decorations provider vscode.git 614
2023-01-30 18:20:59.802 [warning] [Decorations] CAPPING events from decorations provider vscode.git 614
2023-01-30 18:21:29.872 [warning] [Decorations] CAPPING events from decorations provider vscode.git 614
2023-01-30 18:21:37.218 [warning] [Decorations] CAPPING events from decorations provider vscode.git 615
2023-01-30 18:21:42.342 [warning] [Decorations] CAPPING events from decorations provider vscode.git 615
2023-01-30 18:22:05.338 [warning] [Decorations] CAPPING events from decorations provider vscode.git 615
2023-01-30 18:22:45.726 [warning] [Decorations] CAPPING events from decorations provider vscode.git 616
2023-01-30 18:28:14.624 [warning] [Decorations] CAPPING events from decorations provider vscode.git 615
2023-01-30 18:28:19.745 [warning] [Decorations] CAPPING events from decorations provider vscode.git 613
2023-01-30 18:28:30.524 [warning] [Decorations] CAPPING events from decorations provider vscode.git 613
2023-01-30 18:31:05.343 [warning] [Decorations] CAPPING events from decorations provider vscode.git 614
2023-01-30 18:31:10.465 [warning] [Decorations] CAPPING events from decorations provider vscode.git 614
2023-01-30 18:31:15.598 [warning] [Decorations] CAPPING events from decorations provider vscode.git 614
2023-01-30 18:31:20.706 [warning] [Decorations] CAPPING events from decorations provider vscode.git 614
2023-01-30 18:31:25.818 [warning] [Decorations] CAPPING events from decorations provider vscode.git 614
2023-01-30 18:31:30.942 [warning] [Decorations] CAPPING events from decorations provider vscode.git 614
2023-01-30 18:31:36.048 [warning] [Decorations] CAPPING events from decorations provider vscode.git 614
2023-01-30 18:31:41.170 [warning] [Decorations] CAPPING events from decorations provider vscode.git 614
2023-01-30 18:31:46.279 [warning] [Decorations] CAPPING events from decorations provider vscode.git 614
2023-01-30 18:31:51.404 [warning] [Decorations] CAPPING events from decorations provider vscode.git 614
2023-01-30 18:31:56.523 [warning] [Decorations] CAPPING events from decorations provider vscode.git 614
2023-01-30 18:32:01.953 [warning] [Decorations] CAPPING events from decorations provider vscode.git 615
2023-01-30 18:32:07.071 [warning] [Decorations] CAPPING events from decorations provider vscode.git 615
2023-01-30 18:32:12.181 [warning] [Decorations] CAPPING events from decorations provider vscode.git 614
2023-01-30 18:32:17.770 [warning] [Decorations] CAPPING events from decorations provider vscode.git 615
2023-01-30 18:32:22.886 [warning] [Decorations] CAPPING events from decorations provider vscode.git 615
2023-01-30 18:32:28.003 [warning] [Decorations] CAPPING events from decorations provider vscode.git 615
2023-01-30 18:32:40.259 [warning] [Decorations] CAPPING events from decorations provider vscode.git 616
2023-01-30 18:32:45.419 [warning] [Decorations] CAPPING events from decorations provider vscode.git 616
2023-01-30 18:32:50.528 [warning] [Decorations] CAPPING events from decorations provider vscode.git 616
2023-01-30 18:32:55.637 [warning] [Decorations] CAPPING events from decorations provider vscode.git 617
2023-01-30 18:33:00.752 [warning] [Decorations] CAPPING events from decorations provider vscode.git 617
2023-01-30 18:33:21.653 [warning] [Decorations] CAPPING events from decorations provider vscode.git 617
2023-01-30 18:33:39.507 [warning] [Decorations] CAPPING events from decorations provider vscode.git 618
2023-01-30 18:33:44.625 [warning] [Decorations] CAPPING events from decorations provider vscode.git 618
2023-01-30 18:33:49.743 [warning] [Decorations] CAPPING events from decorations provider vscode.git 618
2023-01-30 18:33:54.861 [warning] [Decorations] CAPPING events from decorations provider vscode.git 618
2023-01-30 18:33:59.990 [warning] [Decorations] CAPPING events from decorations provider vscode.git 618
2023-01-30 18:34:05.097 [warning] [Decorations] CAPPING events from decorations provider vscode.git 618
2023-01-30 18:34:11.865 [warning] [Decorations] CAPPING events from decorations provider vscode.git 619
2023-01-30 18:34:32.183 [warning] [Decorations] CAPPING events from decorations provider vscode.git 619
2023-01-30 18:34:52.047 [warning] [Decorations] CAPPING events from decorations provider vscode.git 620
2023-01-30 18:34:57.165 [warning] [Decorations] CAPPING events from decorations provider vscode.git 620
2023-01-30 18:35:21.606 [warning] [Decorations] CAPPING events from decorations provider vscode.git 620
2023-01-30 18:35:36.716 [warning] [Decorations] CAPPING events from decorations provider vscode.git 621
2023-01-30 18:35:41.838 [warning] [Decorations] CAPPING events from decorations provider vscode.git 621
2023-01-30 18:35:46.946 [warning] [Decorations] CAPPING events from decorations provider vscode.git 621
2023-01-30 18:35:52.051 [warning] [Decorations] CAPPING events from decorations provider vscode.git 621
2023-01-30 18:35:57.187 [warning] [Decorations] CAPPING events from decorations provider vscode.git 621
2023-01-30 18:36:02.331 [warning] [Decorations] CAPPING events from decorations provider vscode.git 621
2023-01-30 18:36:07.440 [warning] [Decorations] CAPPING events from decorations provider vscode.git 621
2023-01-30 18:36:21.725 [warning] [Decorations] CAPPING events from decorations provider vscode.git 613
2023-01-30 18:36:48.119 [warning] [Decorations] CAPPING events from decorations provider vscode.git 613
2023-01-30 18:36:53.494 [warning] [Decorations] CAPPING events from decorations provider vscode.git 614
2023-01-30 18:36:58.598 [warning] [Decorations] CAPPING events from decorations provider vscode.git 614
2023-01-30 18:37:03.705 [warning] [Decorations] CAPPING events from decorations provider vscode.git 614
2023-01-30 18:37:21.646 [warning] [Decorations] CAPPING events from decorations provider vscode.git 614
2023-01-30 18:41:05.824 [warning] [Decorations] CAPPING events from decorations provider vscode.git 614
2023-01-30 18:41:17.277 [warning] [Decorations] CAPPING events from decorations provider vscode.git 614
2023-01-30 18:41:22.711 [warning] [Decorations] CAPPING events from decorations provider vscode.git 614
2023-01-30 18:41:27.829 [warning] [Decorations] CAPPING events from decorations provider vscode.git 614
2023-01-30 18:41:49.704 [warning] [Decorations] CAPPING events from decorations provider vscode.git 616
2023-01-30 18:41:54.828 [warning] [Decorations] CAPPING events from decorations provider vscode.git 617
2023-01-30 18:41:59.941 [warning] [Decorations] CAPPING events from decorations provider vscode.git 617
2023-01-30 18:42:05.050 [warning] [Decorations] CAPPING events from decorations provider vscode.git 617
2023-01-30 18:42:10.168 [warning] [Decorations] CAPPING events from decorations provider vscode.git 617
2023-01-30 18:42:45.285 [warning] [Decorations] CAPPING events from decorations provider vscode.git 617
2023-01-30 18:42:50.429 [warning] [Decorations] CAPPING events from decorations provider vscode.git 617
2023-01-30 18:42:55.550 [warning] [Decorations] CAPPING events from decorations provider vscode.git 618
2023-01-30 18:43:13.763 [warning] [Decorations] CAPPING events from decorations provider vscode.git 619
2023-01-30 18:43:18.870 [warning] [Decorations] CAPPING events from decorations provider vscode.git 619
2023-01-30 18:43:23.997 [warning] [Decorations] CAPPING events from decorations provider vscode.git 619
2023-01-30 18:43:29.111 [warning] [Decorations] CAPPING events from decorations provider vscode.git 619
2023-01-30 18:43:34.228 [warning] [Decorations] CAPPING events from decorations provider vscode.git 619
2023-01-30 18:43:39.344 [warning] [Decorations] CAPPING events from decorations provider vscode.git 619
2023-01-30 18:43:44.477 [warning] [Decorations] CAPPING events from decorations provider vscode.git 619
2023-01-30 18:43:49.593 [warning] [Decorations] CAPPING events from decorations provider vscode.git 619
2023-01-30 18:43:54.702 [warning] [Decorations] CAPPING events from decorations provider vscode.git 619
2023-01-30 18:44:00.040 [warning] [Decorations] CAPPING events from decorations provider vscode.git 619
2023-01-30 18:44:06.998 [warning] [Decorations] CAPPING events from decorations provider vscode.git 619
2023-01-30 18:44:12.108 [warning] [Decorations] CAPPING events from decorations provider vscode.git 619
2023-01-30 18:44:17.224 [warning] [Decorations] CAPPING events from decorations provider vscode.git 619
2023-01-30 18:44:22.345 [warning] [Decorations] CAPPING events from decorations provider vscode.git 619
2023-01-30 18:44:27.504 [warning] [Decorations] CAPPING events from decorations provider vscode.git 619
2023-01-30 18:44:32.628 [warning] [Decorations] CAPPING events from decorations provider vscode.git 619
2023-01-30 18:44:37.745 [warning] [Decorations] CAPPING events from decorations provider vscode.git 619
2023-01-30 18:44:55.611 [warning] [Decorations] CAPPING events from decorations provider vscode.git 620
2023-01-30 18:45:09.906 [warning] [Decorations] CAPPING events from decorations provider vscode.git 620
2023-01-30 18:45:16.241 [warning] [Decorations] CAPPING events from decorations provider vscode.git 621
2023-01-30 18:45:47.850 [warning] [Decorations] CAPPING events from decorations provider vscode.git 622
2023-01-30 18:45:55.120 [warning] [Decorations] CAPPING events from decorations provider vscode.git 622
2023-01-30 18:46:02.149 [warning] [Decorations] CAPPING events from decorations provider vscode.git 622
2023-01-30 18:46:07.267 [warning] [Decorations] CAPPING events from decorations provider vscode.git 622
2023-01-30 18:46:34.697 [warning] [Decorations] CAPPING events from decorations provider vscode.git 615
2023-01-30 18:46:55.496 [warning] [Decorations] CAPPING events from decorations provider vscode.git 616
2023-01-30 18:47:03.464 [warning] [Decorations] CAPPING events from decorations provider vscode.git 617
2023-01-30 18:47:39.436 [warning] [Decorations] CAPPING events from decorations provider vscode.git 617
2023-01-30 18:47:51.803 [warning] [Decorations] CAPPING events from decorations provider vscode.git 617
2023-01-30 18:47:56.916 [warning] [Decorations] CAPPING events from decorations provider vscode.git 617
2023-01-30 18:48:02.024 [warning] [Decorations] CAPPING events from decorations provider vscode.git 617
2023-01-30 18:48:10.151 [warning] [Decorations] CAPPING events from decorations provider vscode.git 617
2023-01-30 18:48:15.254 [warning] [Decorations] CAPPING events from decorations provider vscode.git 617
2023-01-30 18:48:20.366 [warning] [Decorations] CAPPING events from decorations provider vscode.git 617
2023-01-30 18:48:43.849 [warning] [Decorations] CAPPING events from decorations provider vscode.git 617
2023-01-30 18:48:55.539 [warning] [Decorations] CAPPING events from decorations provider vscode.git 618
2023-01-30 18:49:13.408 [warning] [Decorations] CAPPING events from decorations provider vscode.git 618
2023-01-30 18:49:49.432 [warning] [Decorations] CAPPING events from decorations provider vscode.git 619
2023-01-30 18:49:54.545 [warning] [Decorations] CAPPING events from decorations provider vscode.git 619
2023-01-30 18:50:15.264 [warning] [Decorations] CAPPING events from decorations provider vscode.git 620
2023-01-30 18:50:20.382 [warning] [Decorations] CAPPING events from decorations provider vscode.git 620
2023-01-30 18:50:25.509 [warning] [Decorations] CAPPING events from decorations provider vscode.git 620
2023-01-30 18:50:30.613 [warning] [Decorations] CAPPING events from decorations provider vscode.git 620
2023-01-30 18:51:09.639 [warning] [Decorations] CAPPING events from decorations provider vscode.git 620
2023-01-30 18:51:29.367 [warning] [Decorations] CAPPING events from decorations provider vscode.git 614
2023-01-30 18:51:34.475 [warning] [Decorations] CAPPING events from decorations provider vscode.git 614
2023-01-30 18:51:43.022 [warning] [Decorations] CAPPING events from decorations provider vscode.git 615
2023-01-30 18:52:03.181 [warning] [Decorations] CAPPING events from decorations provider vscode.git 615
2023-01-30 18:52:09.243 [warning] [Decorations] CAPPING events from decorations provider vscode.git 616
2023-01-30 18:52:44.278 [warning] [Decorations] CAPPING events from decorations provider vscode.git 617
2023-01-30 18:52:49.413 [warning] [Decorations] CAPPING events from decorations provider vscode.git 617
2023-01-30 18:52:54.533 [warning] [Decorations] CAPPING events from decorations provider vscode.git 617
2023-01-30 18:52:59.650 [warning] [Decorations] CAPPING events from decorations provider vscode.git 617
2023-01-30 18:53:04.760 [warning] [Decorations] CAPPING events from decorations provider vscode.git 617
2023-01-30 18:53:18.261 [warning] [Decorations] CAPPING events from decorations provider vscode.git 617
2023-01-30 18:53:33.951 [warning] [Decorations] CAPPING events from decorations provider vscode.git 617
2023-01-30 18:53:39.066 [warning] [Decorations] CAPPING events from decorations provider vscode.git 617
2023-01-30 18:53:45.010 [warning] [Decorations] CAPPING events from decorations provider vscode.git 617
2023-01-30 18:54:22.581 [warning] [Decorations] CAPPING events from decorations provider vscode.git 617
2023-01-30 18:54:29.689 [warning] [Decorations] CAPPING events from decorations provider vscode.git 618
2023-01-30 18:54:53.308 [warning] [Decorations] CAPPING events from decorations provider vscode.git 618
2023-01-30 18:55:08.254 [warning] [Decorations] CAPPING events from decorations provider vscode.git 618
2023-01-30 18:55:34.515 [warning] [Decorations] CAPPING events from decorations provider vscode.git 619
2023-01-30 18:55:42.811 [warning] [Decorations] CAPPING events from decorations provider vscode.git 620
2023-01-30 18:55:55.745 [warning] [Decorations] CAPPING events from decorations provider vscode.git 620
2023-01-30 18:56:02.592 [warning] [Decorations] CAPPING events from decorations provider vscode.git 621
2023-01-30 18:56:07.703 [warning] [Decorations] CAPPING events from decorations provider vscode.git 621
2023-01-30 18:56:12.823 [warning] [Decorations] CAPPING events from decorations provider vscode.git 613
2023-01-30 18:56:19.519 [warning] [Decorations] CAPPING events from decorations provider vscode.git 613
2023-01-30 18:56:24.622 [warning] [Decorations] CAPPING events from decorations provider vscode.git 613
2023-01-30 18:56:29.731 [warning] [Decorations] CAPPING events from decorations provider vscode.git 614
2023-01-30 18:56:34.894 [warning] [Decorations] CAPPING events from decorations provider vscode.git 616
2023-01-30 18:56:40.003 [warning] [Decorations] CAPPING events from decorations provider vscode.git 616
2023-01-30 18:56:57.912 [warning] [Decorations] CAPPING events from decorations provider vscode.git 616
2023-01-30 18:57:03.029 [warning] [Decorations] CAPPING events from decorations provider vscode.git 616
2023-01-30 18:57:09.209 [warning] [Decorations] CAPPING events from decorations provider vscode.git 616
2023-01-30 18:57:22.739 [warning] [Decorations] CAPPING events from decorations provider vscode.git 616
2023-01-30 18:57:36.173 [warning] [Decorations] CAPPING events from decorations provider vscode.git 616
2023-01-30 18:58:53.873 [warning] [Decorations] CAPPING events from decorations provider vscode.git 617
2023-01-30 18:59:04.308 [warning] [Decorations] CAPPING events from decorations provider vscode.git 618
2023-01-30 18:59:09.445 [warning] [Decorations] CAPPING events from decorations provider vscode.git 618
2023-01-30 18:59:14.556 [warning] [Decorations] CAPPING events from decorations provider vscode.git 618
2023-01-30 18:59:19.670 [warning] [Decorations] CAPPING events from decorations provider vscode.git 618
2023-01-30 18:59:24.797 [warning] [Decorations] CAPPING events from decorations provider vscode.git 618
2023-01-30 18:59:29.906 [warning] [Decorations] CAPPING events from decorations provider vscode.git 618
2023-01-30 18:59:36.395 [warning] [Decorations] CAPPING events from decorations provider vscode.git 618
2023-01-30 19:00:02.023 [warning] [Decorations] CAPPING events from decorations provider vscode.git 618
2023-01-30 19:00:08.487 [warning] [Decorations] CAPPING events from decorations provider vscode.git 618
2023-01-30 19:00:24.361 [warning] [Decorations] CAPPING events from decorations provider vscode.git 619
2023-01-30 19:00:29.463 [warning] [Decorations] CAPPING events from decorations provider vscode.git 619
2023-01-30 19:00:34.582 [warning] [Decorations] CAPPING events from decorations provider vscode.git 619
2023-01-30 19:00:49.579 [warning] [Decorations] CAPPING events from decorations provider vscode.git 620
2023-01-30 19:01:05.735 [warning] [Decorations] CAPPING events from decorations provider vscode.git 620
2023-01-30 19:01:10.841 [warning] [Decorations] CAPPING events from decorations provider vscode.git 614
2023-01-30 19:01:15.951 [warning] [Decorations] CAPPING events from decorations provider vscode.git 614
2023-01-30 19:01:22.849 [warning] [Decorations] CAPPING events from decorations provider vscode.git 614
2023-01-30 19:01:54.955 [warning] [Decorations] CAPPING events from decorations provider vscode.git 615
2023-01-30 19:02:00.412 [warning] [Decorations] CAPPING events from decorations provider vscode.git 615
2023-01-30 19:02:05.530 [warning] [Decorations] CAPPING events from decorations provider vscode.git 615
2023-01-30 19:02:10.635 [warning] [Decorations] CAPPING events from decorations provider vscode.git 615
2023-01-30 19:02:15.752 [warning] [Decorations] CAPPING events from decorations provider vscode.git 615
2023-01-30 19:02:20.865 [warning] [Decorations] CAPPING events from decorations provider vscode.git 615
2023-01-30 19:02:25.978 [warning] [Decorations] CAPPING events from decorations provider vscode.git 615
2023-01-30 19:02:31.094 [warning] [Decorations] CAPPING events from decorations provider vscode.git 615
2023-01-30 19:02:38.816 [warning] [Decorations] CAPPING events from decorations provider vscode.git 616
2023-01-30 19:02:43.933 [warning] [Decorations] CAPPING events from decorations provider vscode.git 616
2023-01-30 19:02:57.509 [warning] [Decorations] CAPPING events from decorations provider vscode.git 616
2023-01-30 19:03:02.613 [warning] [Decorations] CAPPING events from decorations provider vscode.git 616
2023-01-30 19:03:07.730 [warning] [Decorations] CAPPING events from decorations provider vscode.git 617
2023-01-30 19:03:43.348 [warning] [Decorations] CAPPING events from decorations provider vscode.git 617
2023-01-30 19:03:48.463 [warning] [Decorations] CAPPING events from decorations provider vscode.git 617
2023-01-30 19:03:54.701 [warning] [Decorations] CAPPING events from decorations provider vscode.git 618
2023-01-30 19:04:01.459 [warning] [Decorations] CAPPING events from decorations provider vscode.git 619
2023-01-30 19:04:06.570 [warning] [Decorations] CAPPING events from decorations provider vscode.git 619
2023-01-30 19:04:22.961 [warning] [Decorations] CAPPING events from decorations provider vscode.git 618
2023-01-30 19:04:32.698 [warning] [Decorations] CAPPING events from decorations provider vscode.git 619
2023-01-30 19:05:22.749 [warning] [Decorations] CAPPING events from decorations provider vscode.git 619
2023-01-30 19:06:27.429 [warning] [Decorations] CAPPING events from decorations provider vscode.git 619
2023-01-30 19:06:32.545 [warning] [Decorations] CAPPING events from decorations provider vscode.git 613
2023-01-30 19:07:23.005 [warning] [Decorations] CAPPING events from decorations provider vscode.git 613
2023-01-30 19:07:35.972 [warning] [Decorations] CAPPING events from decorations provider vscode.git 614
2023-01-30 19:07:41.093 [warning] [Decorations] CAPPING events from decorations provider vscode.git 614
2023-01-30 19:07:46.240 [warning] [Decorations] CAPPING events from decorations provider vscode.git 614
2023-01-30 19:07:51.356 [warning] [Decorations] CAPPING events from decorations provider vscode.git 614
2023-01-30 19:08:48.781 [warning] [Decorations] CAPPING events from decorations provider vscode.git 614
2023-01-30 19:08:53.887 [warning] [Decorations] CAPPING events from decorations provider vscode.git 614
2023-01-30 19:08:59.753 [warning] [Decorations] CAPPING events from decorations provider vscode.git 615
2023-01-30 19:09:04.861 [warning] [Decorations] CAPPING events from decorations provider vscode.git 615
2023-01-30 19:09:09.980 [warning] [Decorations] CAPPING events from decorations provider vscode.git 615
2023-01-30 19:09:15.092 [warning] [Decorations] CAPPING events from decorations provider vscode.git 615
2023-01-30 19:09:20.280 [warning] [Decorations] CAPPING events from decorations provider vscode.git 615
2023-01-30 19:09:25.396 [warning] [Decorations] CAPPING events from decorations provider vscode.git 615
2023-01-30 19:09:30.506 [warning] [Decorations] CAPPING events from decorations provider vscode.git 615
2023-01-30 19:09:35.629 [warning] [Decorations] CAPPING events from decorations provider vscode.git 615
2023-01-30 19:10:00.447 [warning] [Decorations] CAPPING events from decorations provider vscode.git 615
2023-01-30 19:11:12.993 [warning] [Decorations] CAPPING events from decorations provider vscode.git 616
2023-01-30 19:21:18.165 [warning] [Decorations] CAPPING events from decorations provider vscode.git 614
2023-01-30 19:21:23.632 [warning] [Decorations] CAPPING events from decorations provider vscode.git 615
2023-01-30 19:21:28.810 [warning] [Decorations] CAPPING events from decorations provider vscode.git 615
2023-01-30 19:21:35.481 [warning] [Decorations] CAPPING events from decorations provider vscode.git 615
2023-01-30 19:21:45.492 [warning] [Decorations] CAPPING events from decorations provider vscode.git 616
2023-01-30 19:21:50.606 [warning] [Decorations] CAPPING events from decorations provider vscode.git 616
2023-01-30 19:21:55.717 [warning] [Decorations] CAPPING events from decorations provider vscode.git 616
2023-01-30 19:22:00.821 [warning] [Decorations] CAPPING events from decorations provider vscode.git 616
2023-01-30 19:24:13.308 [warning] [Decorations] CAPPING events from decorations provider vscode.git 616
2023-01-30 19:24:18.413 [warning] [Decorations] CAPPING events from decorations provider vscode.git 615
2023-01-30 19:24:31.662 [warning] [Decorations] CAPPING events from decorations provider vscode.git 616
2023-01-30 19:24:54.812 [warning] [Decorations] CAPPING events from decorations provider vscode.git 617
2023-01-30 19:25:06.582 [warning] [Decorations] CAPPING events from decorations provider vscode.git 618
2023-01-30 19:25:16.833 [warning] [Decorations] CAPPING events from decorations provider vscode.git 618
2023-01-30 19:26:25.780 [warning] [Decorations] CAPPING events from decorations provider vscode.git 618
2023-01-30 19:27:14.369 [warning] [Decorations] CAPPING events from decorations provider vscode.git 613
2023-01-30 19:28:14.245 [warning] [Decorations] CAPPING events from decorations provider vscode.git 613
2023-01-30 19:28:30.670 [warning] [Decorations] CAPPING events from decorations provider vscode.git 613
2023-01-30 19:28:35.841 [warning] [Decorations] CAPPING events from decorations provider vscode.git 613
2023-01-30 19:29:13.924 [warning] [Decorations] CAPPING events from decorations provider vscode.git 613
2023-01-30 19:30:14.350 [warning] [Decorations] CAPPING events from decorations provider vscode.git 613
2023-01-30 19:43:48.173 [warning] [Decorations] CAPPING events from decorations provider vscode.git 614
2023-01-30 19:44:14.201 [warning] [Decorations] CAPPING events from decorations provider vscode.git 614
2023-01-30 19:45:39.617 [warning] [Decorations] CAPPING events from decorations provider vscode.git 614
2023-01-30 19:45:55.971 [warning] [Decorations] CAPPING events from decorations provider vscode.git 615
2023-01-30 19:46:01.122 [warning] [Decorations] CAPPING events from decorations provider vscode.git 615
2023-01-30 19:46:39.905 [warning] [Decorations] CAPPING events from decorations provider vscode.git 615
2023-01-30 19:47:14.662 [warning] [Decorations] CAPPING events from decorations provider vscode.git 615
2023-01-30 19:48:47.309 [warning] [Decorations] CAPPING events from decorations provider vscode.git 616
2023-01-30 20:20:39.131 [warning] [Decorations] CAPPING events from decorations provider vscode.git 616
2023-01-30 20:20:44.886 [warning] [Decorations] CAPPING events from decorations provider vscode.git 616
2023-01-30 20:20:50.065 [warning] [Decorations] CAPPING events from decorations provider vscode.git 616
2023-01-30 20:23:45.094 [warning] [Decorations] CAPPING events from decorations provider vscode.git 616
2023-01-30 20:24:15.088 [warning] [Decorations] CAPPING events from decorations provider vscode.git 616
2023-01-30 20:24:20.294 [warning] [Decorations] CAPPING events from decorations provider vscode.git 617
2023-01-30 20:24:25.433 [warning] [Decorations] CAPPING events from decorations provider vscode.git 617
2023-01-30 20:24:30.586 [warning] [Decorations] CAPPING events from decorations provider vscode.git 618
2023-01-30 20:24:37.472 [warning] [Decorations] CAPPING events from decorations provider vscode.git 618
2023-01-30 20:24:44.206 [warning] [Decorations] CAPPING events from decorations provider vscode.git 618
2023-01-30 20:25:02.625 [warning] [Decorations] CAPPING events from decorations provider vscode.git 619
2023-01-30 20:25:07.841 [warning] [Decorations] CAPPING events from decorations provider vscode.git 619
2023-01-30 20:25:12.999 [warning] [Decorations] CAPPING events from decorations provider vscode.git 619
2023-01-30 20:25:18.145 [warning] [Decorations] CAPPING events from decorations provider vscode.git 619
2023-01-30 20:25:23.276 [warning] [Decorations] CAPPING events from decorations provider vscode.git 620
2023-01-30 20:25:28.413 [warning] [Decorations] CAPPING events from decorations provider vscode.git 620
2023-01-30 20:25:39.259 [warning] [Decorations] CAPPING events from decorations provider vscode.git 621
2023-01-30 20:26:15.022 [warning] [Decorations] CAPPING events from decorations provider vscode.git 620
2023-01-30 20:28:56.886 [warning] [Decorations] CAPPING events from decorations provider vscode.git 620
2023-01-30 20:29:03.953 [warning] [Decorations] CAPPING events from decorations provider vscode.git 620
2023-01-30 20:29:09.139 [warning] [Decorations] CAPPING events from decorations provider vscode.git 620
2023-01-30 20:29:31.141 [warning] [Decorations] CAPPING events from decorations provider vscode.git 621
2023-01-30 20:29:37.133 [warning] [Decorations] CAPPING events from decorations provider vscode.git 621
2023-01-30 20:29:42.303 [warning] [Decorations] CAPPING events from decorations provider vscode.git 621
2023-01-30 20:30:23.027 [warning] [Decorations] CAPPING events from decorations provider vscode.git 622
2023-01-30 20:30:39.381 [warning] [Decorations] CAPPING events from decorations provider vscode.git 623
2023-01-30 20:30:46.456 [warning] [Decorations] CAPPING events from decorations provider vscode.git 621
2023-01-30 20:30:51.588 [warning] [Decorations] CAPPING events from decorations provider vscode.git 621
2023-01-30 20:30:58.380 [warning] [Decorations] CAPPING events from decorations provider vscode.git 621
2023-01-30 20:31:03.518 [warning] [Decorations] CAPPING events from decorations provider vscode.git 622
2023-01-30 20:31:08.666 [warning] [Decorations] CAPPING events from decorations provider vscode.git 622
2023-01-30 20:31:24.085 [warning] [Decorations] CAPPING events from decorations provider vscode.git 623
2023-01-30 20:31:29.227 [warning] [Decorations] CAPPING events from decorations provider vscode.git 623
2023-01-30 20:31:34.362 [warning] [Decorations] CAPPING events from decorations provider vscode.git 623
2023-01-30 20:31:44.321 [warning] [Decorations] CAPPING events from decorations provider vscode.git 624
2023-01-30 20:31:51.307 [warning] [Decorations] CAPPING events from decorations provider vscode.git 625
2023-01-30 20:31:56.446 [warning] [Decorations] CAPPING events from decorations provider vscode.git 625
2023-01-30 20:32:01.634 [warning] [Decorations] CAPPING events from decorations provider vscode.git 625
2023-01-30 20:32:06.781 [warning] [Decorations] CAPPING events from decorations provider vscode.git 625
2023-01-30 20:32:25.179 [warning] [Decorations] CAPPING events from decorations provider vscode.git 626
2023-01-30 20:32:41.563 [warning] [Decorations] CAPPING events from decorations provider vscode.git 627
2023-01-30 20:32:46.724 [warning] [Decorations] CAPPING events from decorations provider vscode.git 627
2023-01-30 20:32:51.867 [warning] [Decorations] CAPPING events from decorations provider vscode.git 627
2023-01-30 20:32:59.380 [warning] [Decorations] CAPPING events from decorations provider vscode.git 628
2023-01-30 20:33:35.468 [warning] [Decorations] CAPPING events from decorations provider vscode.git 629
2023-01-30 20:33:40.605 [warning] [Decorations] CAPPING events from decorations provider vscode.git 629
2023-01-30 20:33:49.398 [warning] [Decorations] CAPPING events from decorations provider vscode.git 629
2023-01-30 20:33:58.909 [warning] [Decorations] CAPPING events from decorations provider vscode.git 630
2023-01-30 20:34:04.056 [warning] [Decorations] CAPPING events from decorations provider vscode.git 630
2023-01-30 20:34:10.439 [warning] [Decorations] CAPPING events from decorations provider vscode.git 630
2023-01-30 20:34:15.635 [warning] [Decorations] CAPPING events from decorations provider vscode.git 630
2023-01-30 20:34:20.770 [warning] [Decorations] CAPPING events from decorations provider vscode.git 630
2023-01-30 20:34:25.916 [warning] [Decorations] CAPPING events from decorations provider vscode.git 630
2023-01-30 20:34:31.049 [warning] [Decorations] CAPPING events from decorations provider vscode.git 630
2023-01-30 20:34:36.199 [warning] [Decorations] CAPPING events from decorations provider vscode.git 630
2023-01-30 20:34:41.342 [warning] [Decorations] CAPPING events from decorations provider vscode.git 630
2023-01-30 20:34:46.486 [warning] [Decorations] CAPPING events from decorations provider vscode.git 630
2023-01-30 20:34:51.614 [warning] [Decorations] CAPPING events from decorations provider vscode.git 630
2023-01-30 20:34:56.765 [warning] [Decorations] CAPPING events from decorations provider vscode.git 630
2023-01-30 20:35:01.899 [warning] [Decorations] CAPPING events from decorations provider vscode.git 630
2023-01-30 20:35:07.037 [warning] [Decorations] CAPPING events from decorations provider vscode.git 630
2023-01-30 20:35:12.190 [warning] [Decorations] CAPPING events from decorations provider vscode.git 630
2023-01-30 20:35:17.329 [warning] [Decorations] CAPPING events from decorations provider vscode.git 630
2023-01-30 20:35:22.490 [warning] [Decorations] CAPPING events from decorations provider vscode.git 630
2023-01-30 20:35:27.640 [warning] [Decorations] CAPPING events from decorations provider vscode.git 630
2023-01-30 20:35:32.793 [warning] [Decorations] CAPPING events from decorations provider vscode.git 630
2023-01-30 20:35:37.942 [warning] [Decorations] CAPPING events from decorations provider vscode.git 630
2023-01-30 20:35:43.091 [warning] [Decorations] CAPPING events from decorations provider vscode.git 630
2023-01-30 20:35:48.241 [warning] [Decorations] CAPPING events from decorations provider vscode.git 621
2023-01-30 20:35:58.484 [warning] [Decorations] CAPPING events from decorations provider vscode.git 621
2023-01-30 20:36:03.642 [warning] [Decorations] CAPPING events from decorations provider vscode.git 622
2023-01-30 20:36:08.776 [warning] [Decorations] CAPPING events from decorations provider vscode.git 622
2023-01-30 20:36:53.817 [warning] [Decorations] CAPPING events from decorations provider vscode.git 622
2023-01-30 20:37:02.148 [warning] [Decorations] CAPPING events from decorations provider vscode.git 623
2023-01-30 20:37:07.317 [warning] [Decorations] CAPPING events from decorations provider vscode.git 623
2023-01-30 20:37:13.391 [warning] [Decorations] CAPPING events from decorations provider vscode.git 623
2023-01-30 20:37:19.135 [warning] [Decorations] CAPPING events from decorations provider vscode.git 623
2023-01-30 20:37:27.866 [warning] [Decorations] CAPPING events from decorations provider vscode.git 624
2023-01-30 20:37:33.006 [warning] [Decorations] CAPPING events from decorations provider vscode.git 624
2023-01-30 20:37:38.158 [warning] [Decorations] CAPPING events from decorations provider vscode.git 624
2023-01-30 20:37:43.310 [warning] [Decorations] CAPPING events from decorations provider vscode.git 624
2023-01-30 20:37:49.681 [warning] [Decorations] CAPPING events from decorations provider vscode.git 624
2023-01-30 20:38:26.510 [warning] [Decorations] CAPPING events from decorations provider vscode.git 625
2023-01-30 20:38:33.851 [warning] [Decorations] CAPPING events from decorations provider vscode.git 626
2023-01-30 20:38:39.000 [warning] [Decorations] CAPPING events from decorations provider vscode.git 626
2023-01-30 20:38:44.152 [warning] [Decorations] CAPPING events from decorations provider vscode.git 626
2023-01-30 20:38:49.772 [warning] [Decorations] CAPPING events from decorations provider vscode.git 626
2023-01-30 20:38:59.664 [warning] [Decorations] CAPPING events from decorations provider vscode.git 626
2023-01-30 20:39:09.474 [warning] [Decorations] CAPPING events from decorations provider vscode.git 626
2023-01-30 20:39:14.636 [warning] [Decorations] CAPPING events from decorations provider vscode.git 626
2023-01-30 20:39:19.780 [warning] [Decorations] CAPPING events from decorations provider vscode.git 626
2023-01-30 20:39:26.958 [warning] [Decorations] CAPPING events from decorations provider vscode.git 626
2023-01-30 20:39:32.112 [warning] [Decorations] CAPPING events from decorations provider vscode.git 626
2023-01-30 20:40:02.186 [warning] [Decorations] CAPPING events from decorations provider vscode.git 626
2023-01-30 20:40:59.050 [warning] [Decorations] CAPPING events from decorations provider vscode.git 626
2023-01-30 20:41:04.202 [warning] [Decorations] CAPPING events from decorations provider vscode.git 621
2023-01-30 20:43:03.097 [warning] [Decorations] CAPPING events from decorations provider vscode.git 622
2023-01-30 20:43:03.778 [info] Extension host terminating: received terminate message from renderer
2023-01-30 20:43:04.121 [info] Extension host with pid 16964 exiting with code 0
