2023-01-18 18:38:17.800 [info] Extension host with pid 11444 started
2023-01-18 18:38:17.800 [info] Skipping acquiring lock for d:\examples\coursera_test\react_examples\ecommerce\User\workspaceStorage\e4f9a451059ddbe5198683f6e0734d6e.
2023-01-18 18:38:18.042 [info] ExtensionService#_doActivateExtension vscode.typescript-language-features, startup: false, activationEvent: 'onLanguage:javascript'
2023-01-18 18:38:18.044 [info] ExtensionService#_doActivateExtension vscode.microsoft-authentication, startup: false, activationEvent: 'onAuthenticationRequest:microsoft'
2023-01-18 18:38:18.044 [info] ExtensionService#_doActivateExtension vscode.git-base, startup: true, activationEvent: '*', root cause: vscode.git
2023-01-18 18:38:18.045 [info] ExtensionService#_doActivateExtension vscode.npm, startup: true, activationEvent: 'workspaceContains:package.json'
2023-01-18 18:38:19.314 [info] ExtensionService#_doActivateExtension vscode.git, startup: true, activationEvent: '*'
2023-01-18 18:38:19.315 [info] ExtensionService#_doActivateExtension vscode.github, startup: true, activationEvent: '*'
2023-01-18 18:38:19.642 [info] ExtensionService#_doActivateExtension vscode.github-authentication, startup: false, activationEvent: 'onAuthenticationRequest:github'
2023-01-18 18:38:20.718 [info] Eager extensions activated
2023-01-18 18:38:20.746 [info] ExtensionService#_doActivateExtension vscode.debug-auto-launch, startup: false, activationEvent: 'onStartupFinished'
2023-01-18 18:38:20.747 [info] ExtensionService#_doActivateExtension vscode.emmet, startup: false, activationEvent: 'onStartupFinished'
2023-01-18 18:38:20.747 [info] ExtensionService#_doActivateExtension vscode.merge-conflict, startup: false, activationEvent: 'onStartupFinished'
2023-01-18 18:38:20.748 [info] ExtensionService#_doActivateExtension ms-vscode-remote.remote-wsl-recommender, startup: false, activationEvent: 'onStartupFinished'
2023-01-18 18:38:22.645 [warning] [Decorations] CAPPING events from decorations provider vscode.git 356
2023-01-18 18:38:23.141 [warning] [Decorations] CAPPING events from decorations provider vscode.git 356
2023-01-18 18:42:13.584 [warning] [Decorations] CAPPING events from decorations provider vscode.git 468
2023-01-18 18:42:18.719 [warning] [Decorations] CAPPING events from decorations provider vscode.git 468
2023-01-18 18:42:48.457 [warning] [Decorations] CAPPING events from decorations provider vscode.git 468
2023-01-18 18:42:54.320 [warning] [Decorations] CAPPING events from decorations provider vscode.git 468
2023-01-18 18:42:59.469 [warning] [Decorations] CAPPING events from decorations provider vscode.git 468
2023-01-18 18:44:21.572 [warning] [Decorations] CAPPING events from decorations provider vscode.git 468
2023-01-18 18:44:34.700 [warning] [Decorations] CAPPING events from decorations provider vscode.git 469
2023-01-18 18:44:39.860 [warning] [Decorations] CAPPING events from decorations provider vscode.git 469
2023-01-18 18:44:45.001 [warning] [Decorations] CAPPING events from decorations provider vscode.git 470
2023-01-18 18:44:50.160 [warning] [Decorations] CAPPING events from decorations provider vscode.git 470
2023-01-18 18:45:17.675 [warning] [Decorations] CAPPING events from decorations provider vscode.git 470
2023-01-18 18:45:33.419 [warning] [Decorations] CAPPING events from decorations provider vscode.git 471
2023-01-18 18:45:38.919 [warning] [Decorations] CAPPING events from decorations provider vscode.git 471
2023-01-18 18:45:51.773 [warning] [Decorations] CAPPING events from decorations provider vscode.git 472
2023-01-18 18:45:56.903 [warning] [Decorations] CAPPING events from decorations provider vscode.git 472
2023-01-18 18:46:15.831 [warning] [Decorations] CAPPING events from decorations provider vscode.git 473
2023-01-18 18:46:20.968 [warning] [Decorations] CAPPING events from decorations provider vscode.git 473
2023-01-18 18:46:26.101 [warning] [Decorations] CAPPING events from decorations provider vscode.git 473
2023-01-18 18:46:57.044 [warning] [Decorations] CAPPING events from decorations provider vscode.git 474
2023-01-18 18:47:13.777 [warning] [Decorations] CAPPING events from decorations provider vscode.git 475
2023-01-18 18:47:18.918 [warning] [Decorations] CAPPING events from decorations provider vscode.git 475
2023-01-18 18:47:53.827 [warning] [Decorations] CAPPING events from decorations provider vscode.git 476
2023-01-18 18:47:58.976 [warning] [Decorations] CAPPING events from decorations provider vscode.git 476
2023-01-18 18:48:08.073 [warning] [Decorations] CAPPING events from decorations provider vscode.git 477
2023-01-18 18:48:13.216 [warning] [Decorations] CAPPING events from decorations provider vscode.git 477
2023-01-18 18:48:18.349 [warning] [Decorations] CAPPING events from decorations provider vscode.git 477
2023-01-18 18:49:34.706 [warning] [Decorations] CAPPING events from decorations provider vscode.git 478
2023-01-18 18:49:56.144 [warning] [Decorations] CAPPING events from decorations provider vscode.git 477
2023-01-18 18:50:01.265 [warning] [Decorations] CAPPING events from decorations provider vscode.git 477
2023-01-18 18:50:17.826 [warning] [Decorations] CAPPING events from decorations provider vscode.git 477
2023-01-18 18:50:22.965 [warning] [Decorations] CAPPING events from decorations provider vscode.git 478
2023-01-18 18:50:28.097 [warning] [Decorations] CAPPING events from decorations provider vscode.git 478
2023-01-18 18:50:33.237 [warning] [Decorations] CAPPING events from decorations provider vscode.git 478
2023-01-18 18:50:38.350 [warning] [Decorations] CAPPING events from decorations provider vscode.git 478
2023-01-18 18:50:43.476 [warning] [Decorations] CAPPING events from decorations provider vscode.git 478
2023-01-18 18:50:48.607 [warning] [Decorations] CAPPING events from decorations provider vscode.git 478
2023-01-18 18:50:53.727 [warning] [Decorations] CAPPING events from decorations provider vscode.git 478
2023-01-18 18:50:58.848 [warning] [Decorations] CAPPING events from decorations provider vscode.git 478
2023-01-18 18:51:16.379 [warning] [Decorations] CAPPING events from decorations provider vscode.git 479
2023-01-18 18:51:21.519 [warning] [Decorations] CAPPING events from decorations provider vscode.git 479
2023-01-18 18:52:17.907 [warning] [Decorations] CAPPING events from decorations provider vscode.git 480
2023-01-18 18:52:44.964 [warning] [Decorations] CAPPING events from decorations provider vscode.git 480
2023-01-18 18:52:54.671 [warning] [Decorations] CAPPING events from decorations provider vscode.git 481
2023-01-18 18:53:22.659 [warning] [Decorations] CAPPING events from decorations provider vscode.git 481
2023-01-18 18:53:38.432 [warning] [Decorations] CAPPING events from decorations provider vscode.git 482
2023-01-18 18:54:15.675 [warning] [Decorations] CAPPING events from decorations provider vscode.git 482
2023-01-18 18:54:25.979 [warning] [Decorations] CAPPING events from decorations provider vscode.git 483
2023-01-18 18:54:31.109 [warning] [Decorations] CAPPING events from decorations provider vscode.git 483
2023-01-18 18:54:36.225 [warning] [Decorations] CAPPING events from decorations provider vscode.git 484
2023-01-18 18:54:54.892 [warning] [Decorations] CAPPING events from decorations provider vscode.git 477
2023-01-18 18:55:01.678 [warning] [Decorations] CAPPING events from decorations provider vscode.git 477
2023-01-18 18:55:17.827 [warning] [Decorations] CAPPING events from decorations provider vscode.git 477
2023-01-18 18:55:36.474 [warning] [Decorations] CAPPING events from decorations provider vscode.git 478
2023-01-18 18:55:45.641 [warning] [Decorations] CAPPING events from decorations provider vscode.git 478
2023-01-18 18:55:51.853 [warning] [Decorations] CAPPING events from decorations provider vscode.git 478
2023-01-18 18:56:17.821 [warning] [Decorations] CAPPING events from decorations provider vscode.git 478
2023-01-18 18:56:22.951 [warning] [Decorations] CAPPING events from decorations provider vscode.git 479
2023-01-18 18:56:36.957 [warning] [Decorations] CAPPING events from decorations provider vscode.git 480
2023-01-18 18:56:42.082 [warning] [Decorations] CAPPING events from decorations provider vscode.git 480
2023-01-18 18:57:06.033 [warning] [Decorations] CAPPING events from decorations provider vscode.git 481
2023-01-18 18:57:11.158 [warning] [Decorations] CAPPING events from decorations provider vscode.git 481
2023-01-18 18:57:16.276 [warning] [Decorations] CAPPING events from decorations provider vscode.git 481
2023-01-18 18:57:21.393 [warning] [Decorations] CAPPING events from decorations provider vscode.git 481
2023-01-18 18:57:26.534 [warning] [Decorations] CAPPING events from decorations provider vscode.git 481
2023-01-18 18:57:31.723 [warning] [Decorations] CAPPING events from decorations provider vscode.git 481
2023-01-18 18:57:36.870 [warning] [Decorations] CAPPING events from decorations provider vscode.git 481
2023-01-18 18:57:41.999 [warning] [Decorations] CAPPING events from decorations provider vscode.git 481
2023-01-18 18:57:47.123 [warning] [Decorations] CAPPING events from decorations provider vscode.git 481
2023-01-18 18:58:21.440 [warning] [Decorations] CAPPING events from decorations provider vscode.git 481
2023-01-18 18:58:41.986 [warning] [Decorations] CAPPING events from decorations provider vscode.git 482
2023-01-18 19:02:11.262 [warning] [Decorations] CAPPING events from decorations provider vscode.git 482
2023-01-18 19:02:16.382 [warning] [Decorations] CAPPING events from decorations provider vscode.git 480
2023-01-18 19:02:39.658 [warning] [Decorations] CAPPING events from decorations provider vscode.git 481
2023-01-18 19:02:48.272 [warning] [Decorations] CAPPING events from decorations provider vscode.git 481
2023-01-18 19:02:56.292 [warning] [Decorations] CAPPING events from decorations provider vscode.git 481
2023-01-18 19:03:01.426 [warning] [Decorations] CAPPING events from decorations provider vscode.git 481
2023-01-18 19:03:12.383 [warning] [Decorations] CAPPING events from decorations provider vscode.git 482
2023-01-18 19:03:17.504 [warning] [Decorations] CAPPING events from decorations provider vscode.git 482
2023-01-18 19:03:22.648 [warning] [Decorations] CAPPING events from decorations provider vscode.git 482
2023-01-18 19:03:27.763 [warning] [Decorations] CAPPING events from decorations provider vscode.git 482
2023-01-18 19:03:32.894 [warning] [Decorations] CAPPING events from decorations provider vscode.git 482
2023-01-18 19:04:18.255 [warning] [Decorations] CAPPING events from decorations provider vscode.git 482
2023-01-18 19:04:35.010 [warning] [Decorations] CAPPING events from decorations provider vscode.git 482
2023-01-18 19:12:55.128 [warning] [Decorations] CAPPING events from decorations provider vscode.git 481
2023-01-18 19:13:00.260 [warning] [Decorations] CAPPING events from decorations provider vscode.git 481
2023-01-18 19:13:30.006 [warning] [Decorations] CAPPING events from decorations provider vscode.git 481
2023-01-18 19:13:35.127 [warning] [Decorations] CAPPING events from decorations provider vscode.git 481
2023-01-18 19:13:52.245 [warning] [Decorations] CAPPING events from decorations provider vscode.git 482
2023-01-18 19:13:58.728 [warning] [Decorations] CAPPING events from decorations provider vscode.git 482
2023-01-18 19:14:03.852 [warning] [Decorations] CAPPING events from decorations provider vscode.git 482
2023-01-18 19:14:08.968 [warning] [Decorations] CAPPING events from decorations provider vscode.git 482
2023-01-18 19:14:14.086 [warning] [Decorations] CAPPING events from decorations provider vscode.git 482
2023-01-18 19:14:19.203 [warning] [Decorations] CAPPING events from decorations provider vscode.git 482
2023-01-18 19:14:24.325 [warning] [Decorations] CAPPING events from decorations provider vscode.git 482
2023-01-18 19:14:29.458 [warning] [Decorations] CAPPING events from decorations provider vscode.git 482
2023-01-18 19:14:34.591 [warning] [Decorations] CAPPING events from decorations provider vscode.git 482
2023-01-18 19:14:39.719 [warning] [Decorations] CAPPING events from decorations provider vscode.git 482
2023-01-18 19:14:44.851 [warning] [Decorations] CAPPING events from decorations provider vscode.git 482
2023-01-18 19:14:49.977 [warning] [Decorations] CAPPING events from decorations provider vscode.git 482
2023-01-18 19:15:16.808 [warning] [Decorations] CAPPING events from decorations provider vscode.git 484
2023-01-18 19:15:21.932 [warning] [Decorations] CAPPING events from decorations provider vscode.git 484
2023-01-18 19:15:27.060 [warning] [Decorations] CAPPING events from decorations provider vscode.git 483
2023-01-18 19:15:32.189 [warning] [Decorations] CAPPING events from decorations provider vscode.git 483
2023-01-18 19:15:37.617 [warning] [Decorations] CAPPING events from decorations provider vscode.git 483
2023-01-18 19:15:42.715 [warning] [Decorations] CAPPING events from decorations provider vscode.git 483
2023-01-18 19:16:18.285 [warning] [Decorations] CAPPING events from decorations provider vscode.git 483
2023-01-18 19:16:23.410 [warning] [Decorations] CAPPING events from decorations provider vscode.git 484
2023-01-18 19:16:28.536 [warning] [Decorations] CAPPING events from decorations provider vscode.git 484
2023-01-18 19:16:33.646 [warning] [Decorations] CAPPING events from decorations provider vscode.git 484
2023-01-18 19:16:38.761 [warning] [Decorations] CAPPING events from decorations provider vscode.git 484
2023-01-18 19:16:43.875 [warning] [Decorations] CAPPING events from decorations provider vscode.git 484
2023-01-18 19:17:01.764 [warning] [Decorations] CAPPING events from decorations provider vscode.git 485
2023-01-18 19:17:06.872 [warning] [Decorations] CAPPING events from decorations provider vscode.git 485
2023-01-18 19:17:12.212 [warning] [Decorations] CAPPING events from decorations provider vscode.git 485
2023-01-18 19:17:18.056 [warning] [Decorations] CAPPING events from decorations provider vscode.git 485
2023-01-18 19:17:23.167 [warning] [Decorations] CAPPING events from decorations provider vscode.git 485
2023-01-18 19:17:36.815 [warning] [Decorations] CAPPING events from decorations provider vscode.git 485
2023-01-18 19:17:54.764 [warning] [Decorations] CAPPING events from decorations provider vscode.git 486
2023-01-18 19:18:00.220 [warning] [Decorations] CAPPING events from decorations provider vscode.git 485
2023-01-18 19:18:08.315 [warning] [Decorations] CAPPING events from decorations provider vscode.git 485
2023-01-18 19:18:13.429 [warning] [Decorations] CAPPING events from decorations provider vscode.git 485
2023-01-18 19:18:18.535 [warning] [Decorations] CAPPING events from decorations provider vscode.git 485
2023-01-18 19:18:39.752 [warning] [Decorations] CAPPING events from decorations provider vscode.git 486
2023-01-18 19:18:44.896 [warning] [Decorations] CAPPING events from decorations provider vscode.git 486
2023-01-18 19:18:50.011 [warning] [Decorations] CAPPING events from decorations provider vscode.git 486
2023-01-18 19:19:13.080 [warning] [Decorations] CAPPING events from decorations provider vscode.git 487
2023-01-18 19:19:45.942 [warning] [Decorations] CAPPING events from decorations provider vscode.git 487
2023-01-18 19:19:58.772 [warning] [Decorations] CAPPING events from decorations provider vscode.git 488
2023-01-18 19:20:09.082 [warning] [Decorations] CAPPING events from decorations provider vscode.git 489
2023-01-18 19:20:14.909 [warning] [Decorations] CAPPING events from decorations provider vscode.git 489
2023-01-18 19:20:20.018 [warning] [Decorations] CAPPING events from decorations provider vscode.git 489
2023-01-18 19:20:26.962 [warning] [Decorations] CAPPING events from decorations provider vscode.git 489
2023-01-18 19:20:43.304 [warning] [Decorations] CAPPING events from decorations provider vscode.git 489
2023-01-18 19:20:48.416 [warning] [Decorations] CAPPING events from decorations provider vscode.git 489
2023-01-18 19:21:03.461 [warning] [Decorations] CAPPING events from decorations provider vscode.git 490
2023-01-18 19:22:09.606 [warning] [Decorations] CAPPING events from decorations provider vscode.git 490
2023-01-18 19:22:20.125 [warning] [Decorations] CAPPING events from decorations provider vscode.git 490
2023-01-18 19:22:36.205 [warning] [Decorations] CAPPING events from decorations provider vscode.git 491
2023-01-18 19:22:44.114 [warning] [Decorations] CAPPING events from decorations provider vscode.git 491
2023-01-18 19:23:34.735 [warning] [Decorations] CAPPING events from decorations provider vscode.git 491
2023-01-18 19:24:42.156 [warning] [Decorations] CAPPING events from decorations provider vscode.git 486
2023-01-18 19:24:52.361 [warning] [Decorations] CAPPING events from decorations provider vscode.git 486
2023-01-18 19:24:57.466 [warning] [Decorations] CAPPING events from decorations provider vscode.git 486
2023-01-18 19:27:55.398 [warning] [Decorations] CAPPING events from decorations provider vscode.git 486
2023-01-18 19:31:13.967 [warning] [Decorations] CAPPING events from decorations provider vscode.git 485
2023-01-18 19:32:15.784 [warning] [Decorations] CAPPING events from decorations provider vscode.git 485
2023-01-18 19:35:31.084 [warning] [Decorations] CAPPING events from decorations provider vscode.git 485
2023-01-18 19:38:57.403 [warning] [Decorations] CAPPING events from decorations provider vscode.git 485
2023-01-18 19:39:02.623 [warning] [Decorations] CAPPING events from decorations provider vscode.git 485
2023-01-18 19:39:15.448 [warning] [Decorations] CAPPING events from decorations provider vscode.git 485
2023-01-18 19:39:40.343 [warning] [Decorations] CAPPING events from decorations provider vscode.git 486
2023-01-18 19:40:33.856 [warning] [Decorations] CAPPING events from decorations provider vscode.git 486
2023-01-18 19:40:52.730 [warning] [Decorations] CAPPING events from decorations provider vscode.git 487
2023-01-18 19:40:57.848 [warning] [Decorations] CAPPING events from decorations provider vscode.git 487
2023-01-18 19:41:02.949 [warning] [Decorations] CAPPING events from decorations provider vscode.git 487
2023-01-18 19:41:15.939 [warning] [Decorations] CAPPING events from decorations provider vscode.git 488
2023-01-18 19:41:24.631 [warning] [Decorations] CAPPING events from decorations provider vscode.git 488
2023-01-18 19:41:44.413 [warning] [Decorations] CAPPING events from decorations provider vscode.git 489
2023-01-18 19:41:49.612 [warning] [Decorations] CAPPING events from decorations provider vscode.git 489
2023-01-18 19:41:54.731 [warning] [Decorations] CAPPING events from decorations provider vscode.git 489
2023-01-18 19:42:05.743 [warning] [Decorations] CAPPING events from decorations provider vscode.git 490
2023-01-18 19:42:26.741 [warning] [Decorations] CAPPING events from decorations provider vscode.git 490
2023-01-18 19:42:31.884 [warning] [Decorations] CAPPING events from decorations provider vscode.git 491
2023-01-18 19:42:36.990 [warning] [Decorations] CAPPING events from decorations provider vscode.git 491
2023-01-18 19:42:42.111 [warning] [Decorations] CAPPING events from decorations provider vscode.git 491
2023-01-18 19:42:47.233 [warning] [Decorations] CAPPING events from decorations provider vscode.git 491
2023-01-18 19:42:57.691 [warning] [Decorations] CAPPING events from decorations provider vscode.git 491
2023-01-18 19:43:07.336 [warning] [Decorations] CAPPING events from decorations provider vscode.git 492
2023-01-18 19:43:12.436 [warning] [Decorations] CAPPING events from decorations provider vscode.git 492
2023-01-18 19:43:17.548 [warning] [Decorations] CAPPING events from decorations provider vscode.git 492
2023-01-18 19:44:39.378 [warning] [Decorations] CAPPING events from decorations provider vscode.git 493
2023-01-18 19:45:14.553 [warning] [Decorations] CAPPING events from decorations provider vscode.git 485
2023-01-18 19:46:15.640 [warning] [Decorations] CAPPING events from decorations provider vscode.git 485
2023-01-18 19:46:51.958 [warning] [Decorations] CAPPING events from decorations provider vscode.git 486
2023-01-18 19:46:57.080 [warning] [Decorations] CAPPING events from decorations provider vscode.git 486
2023-01-18 19:47:02.189 [warning] [Decorations] CAPPING events from decorations provider vscode.git 486
2023-01-18 19:47:07.296 [warning] [Decorations] CAPPING events from decorations provider vscode.git 486
2023-01-18 19:47:12.397 [warning] [Decorations] CAPPING events from decorations provider vscode.git 486
2023-01-18 19:47:17.506 [warning] [Decorations] CAPPING events from decorations provider vscode.git 486
2023-01-18 19:47:35.905 [warning] [Decorations] CAPPING events from decorations provider vscode.git 487
2023-01-18 19:47:41.019 [warning] [Decorations] CAPPING events from decorations provider vscode.git 488
2023-01-18 19:47:50.534 [warning] [Decorations] CAPPING events from decorations provider vscode.git 490
2023-01-18 19:47:55.640 [warning] [Decorations] CAPPING events from decorations provider vscode.git 490
2023-01-18 19:48:15.593 [warning] [Decorations] CAPPING events from decorations provider vscode.git 490
2023-01-18 19:48:24.161 [warning] [Decorations] CAPPING events from decorations provider vscode.git 491
2023-01-18 19:48:29.269 [warning] [Decorations] CAPPING events from decorations provider vscode.git 491
2023-01-18 19:48:34.377 [warning] [Decorations] CAPPING events from decorations provider vscode.git 491
2023-01-18 19:49:15.637 [warning] [Decorations] CAPPING events from decorations provider vscode.git 491
2023-01-18 19:49:20.748 [warning] [Decorations] CAPPING events from decorations provider vscode.git 492
2023-01-18 19:49:28.571 [warning] [Decorations] CAPPING events from decorations provider vscode.git 493
2023-01-18 19:49:33.674 [warning] [Decorations] CAPPING events from decorations provider vscode.git 494
2023-01-18 19:49:39.786 [warning] [Decorations] CAPPING events from decorations provider vscode.git 494
2023-01-18 19:49:44.896 [warning] [Decorations] CAPPING events from decorations provider vscode.git 494
2023-01-18 19:49:49.996 [warning] [Decorations] CAPPING events from decorations provider vscode.git 494
2023-01-18 19:49:55.098 [warning] [Decorations] CAPPING events from decorations provider vscode.git 494
2023-01-18 19:50:00.220 [warning] [Decorations] CAPPING events from decorations provider vscode.git 494
2023-01-18 19:50:15.654 [warning] [Decorations] CAPPING events from decorations provider vscode.git 494
2023-01-18 19:50:20.766 [warning] [Decorations] CAPPING events from decorations provider vscode.git 495
2023-01-18 19:50:45.849 [warning] [Decorations] CAPPING events from decorations provider vscode.git 496
2023-01-18 19:51:21.039 [warning] [Decorations] CAPPING events from decorations provider vscode.git 496
2023-01-18 19:51:26.148 [warning] [Decorations] CAPPING events from decorations provider vscode.git 496
2023-01-18 19:52:01.013 [warning] [Decorations] CAPPING events from decorations provider vscode.git 497
2023-01-18 19:52:06.120 [warning] [Decorations] CAPPING events from decorations provider vscode.git 497
2023-01-18 19:52:20.740 [warning] [Decorations] CAPPING events from decorations provider vscode.git 497
2023-01-18 19:52:47.404 [warning] [Decorations] CAPPING events from decorations provider vscode.git 498
2023-01-18 19:53:15.699 [warning] [Decorations] CAPPING events from decorations provider vscode.git 498
2023-01-18 19:54:27.969 [warning] [Decorations] CAPPING events from decorations provider vscode.git 499
2023-01-18 19:54:33.081 [warning] [Decorations] CAPPING events from decorations provider vscode.git 499
2023-01-18 19:54:38.181 [warning] [Decorations] CAPPING events from decorations provider vscode.git 499
2023-01-18 19:54:43.288 [warning] [Decorations] CAPPING events from decorations provider vscode.git 499
2023-01-18 19:54:48.401 [warning] [Decorations] CAPPING events from decorations provider vscode.git 498
2023-01-18 19:54:58.312 [warning] [Decorations] CAPPING events from decorations provider vscode.git 499
2023-01-18 19:55:16.794 [warning] [Decorations] CAPPING events from decorations provider vscode.git 500
2023-01-18 19:55:21.912 [warning] [Decorations] CAPPING events from decorations provider vscode.git 500
2023-01-18 19:56:15.975 [warning] [Decorations] CAPPING events from decorations provider vscode.git 500
2023-01-18 19:56:35.879 [warning] [Decorations] CAPPING events from decorations provider vscode.git 501
2023-01-18 19:56:40.985 [warning] [Decorations] CAPPING events from decorations provider vscode.git 501
2023-01-18 19:56:48.721 [warning] [Decorations] CAPPING events from decorations provider vscode.git 502
2023-01-18 19:56:53.822 [warning] [Decorations] CAPPING events from decorations provider vscode.git 502
2023-01-18 19:56:58.943 [warning] [Decorations] CAPPING events from decorations provider vscode.git 502
2023-01-18 19:57:04.064 [warning] [Decorations] CAPPING events from decorations provider vscode.git 502
2023-01-18 19:57:09.183 [warning] [Decorations] CAPPING events from decorations provider vscode.git 502
2023-01-18 19:57:15.771 [warning] [Decorations] CAPPING events from decorations provider vscode.git 502
2023-01-18 19:57:25.433 [warning] [Decorations] CAPPING events from decorations provider vscode.git 503
2023-01-18 19:57:30.542 [warning] [Decorations] CAPPING events from decorations provider vscode.git 503
2023-01-18 19:57:35.641 [warning] [Decorations] CAPPING events from decorations provider vscode.git 503
2023-01-18 19:57:51.464 [warning] [Decorations] CAPPING events from decorations provider vscode.git 504
2023-01-18 19:57:56.579 [warning] [Decorations] CAPPING events from decorations provider vscode.git 504
2023-01-18 19:58:23.784 [warning] [Decorations] CAPPING events from decorations provider vscode.git 504
2023-01-18 19:58:37.086 [warning] [Decorations] CAPPING events from decorations provider vscode.git 505
2023-01-18 19:58:42.186 [warning] [Decorations] CAPPING events from decorations provider vscode.git 505
2023-01-18 19:58:47.328 [warning] [Decorations] CAPPING events from decorations provider vscode.git 505
2023-01-18 19:58:52.446 [warning] [Decorations] CAPPING events from decorations provider vscode.git 505
2023-01-18 19:58:57.582 [warning] [Decorations] CAPPING events from decorations provider vscode.git 505
2023-01-18 19:59:02.697 [warning] [Decorations] CAPPING events from decorations provider vscode.git 505
2023-01-18 19:59:14.586 [warning] [Decorations] CAPPING events from decorations provider vscode.git 507
2023-01-18 19:59:23.305 [warning] [Decorations] CAPPING events from decorations provider vscode.git 507
2023-01-18 19:59:28.484 [warning] [Decorations] CAPPING events from decorations provider vscode.git 506
2023-01-18 19:59:38.528 [warning] [Decorations] CAPPING events from decorations provider vscode.git 507
2023-01-18 20:01:53.465 [warning] [Decorations] CAPPING events from decorations provider vscode.git 507
2023-01-18 20:02:04.751 [warning] [Decorations] CAPPING events from decorations provider vscode.git 501
2023-01-18 20:02:13.672 [warning] [Decorations] CAPPING events from decorations provider vscode.git 501
2023-01-18 20:02:18.769 [warning] [Decorations] CAPPING events from decorations provider vscode.git 501
2023-01-18 20:02:26.473 [warning] [Decorations] CAPPING events from decorations provider vscode.git 501
2023-01-18 20:02:35.234 [warning] [Decorations] CAPPING events from decorations provider vscode.git 501
2023-01-18 20:02:40.350 [warning] [Decorations] CAPPING events from decorations provider vscode.git 501
2023-01-18 20:02:45.450 [warning] [Decorations] CAPPING events from decorations provider vscode.git 501
2023-01-18 20:03:03.423 [warning] [Decorations] CAPPING events from decorations provider vscode.git 502
2023-01-18 20:03:08.557 [warning] [Decorations] CAPPING events from decorations provider vscode.git 502
2023-01-18 20:03:13.662 [warning] [Decorations] CAPPING events from decorations provider vscode.git 502
2023-01-18 20:03:18.769 [warning] [Decorations] CAPPING events from decorations provider vscode.git 502
2023-01-18 20:03:55.994 [warning] [Decorations] CAPPING events from decorations provider vscode.git 503
2023-01-18 20:04:35.449 [warning] [Decorations] CAPPING events from decorations provider vscode.git 503
2023-01-18 20:04:40.553 [warning] [Decorations] CAPPING events from decorations provider vscode.git 503
2023-01-18 20:05:00.325 [warning] [Decorations] CAPPING events from decorations provider vscode.git 501
2023-01-18 20:05:05.489 [warning] [Decorations] CAPPING events from decorations provider vscode.git 501
2023-01-18 20:05:10.602 [warning] [Decorations] CAPPING events from decorations provider vscode.git 501
2023-01-18 20:05:29.865 [warning] [Decorations] CAPPING events from decorations provider vscode.git 502
2023-01-18 20:05:35.440 [warning] [Decorations] CAPPING events from decorations provider vscode.git 503
2023-01-18 20:05:51.278 [warning] [Decorations] CAPPING events from decorations provider vscode.git 503
2023-01-18 20:05:56.388 [warning] [Decorations] CAPPING events from decorations provider vscode.git 504
2023-01-18 20:06:35.054 [warning] [Decorations] CAPPING events from decorations provider vscode.git 504
2023-01-18 20:09:40.203 [warning] [Decorations] CAPPING events from decorations provider vscode.git 504
2023-01-18 20:10:45.342 [warning] [Decorations] CAPPING events from decorations provider vscode.git 501
2023-01-18 20:10:50.442 [warning] [Decorations] CAPPING events from decorations provider vscode.git 501
2023-01-18 20:10:55.563 [warning] [Decorations] CAPPING events from decorations provider vscode.git 501
2023-01-18 20:11:01.802 [warning] [Decorations] CAPPING events from decorations provider vscode.git 501
2023-01-18 20:11:10.288 [warning] [Decorations] CAPPING events from decorations provider vscode.git 502
2023-01-18 20:11:16.566 [warning] [Decorations] CAPPING events from decorations provider vscode.git 502
2023-01-18 20:11:21.669 [warning] [Decorations] CAPPING events from decorations provider vscode.git 502
2023-01-18 20:11:30.789 [warning] [Decorations] CAPPING events from decorations provider vscode.git 502
2023-01-18 20:11:35.906 [warning] [Decorations] CAPPING events from decorations provider vscode.git 503
2023-01-18 20:11:44.606 [warning] [Decorations] CAPPING events from decorations provider vscode.git 503
2023-01-18 20:11:49.718 [warning] [Decorations] CAPPING events from decorations provider vscode.git 503
2023-01-18 20:11:54.838 [warning] [Decorations] CAPPING events from decorations provider vscode.git 504
2023-01-18 20:12:00.631 [warning] [Decorations] CAPPING events from decorations provider vscode.git 505
2023-01-18 20:12:17.874 [warning] [Decorations] CAPPING events from decorations provider vscode.git 505
2023-01-18 20:12:52.291 [warning] [Decorations] CAPPING events from decorations provider vscode.git 505
2023-01-18 20:12:59.331 [warning] [Decorations] CAPPING events from decorations provider vscode.git 506
2023-01-18 20:13:04.443 [warning] [Decorations] CAPPING events from decorations provider vscode.git 506
2023-01-18 20:13:14.548 [warning] [Decorations] CAPPING events from decorations provider vscode.git 507
2023-01-18 20:13:19.649 [warning] [Decorations] CAPPING events from decorations provider vscode.git 507
2023-01-18 20:13:24.868 [warning] [Decorations] CAPPING events from decorations provider vscode.git 507
2023-01-18 20:13:30.044 [warning] [Decorations] CAPPING events from decorations provider vscode.git 507
2023-01-18 20:13:35.171 [warning] [Decorations] CAPPING events from decorations provider vscode.git 507
2023-01-18 20:13:40.275 [warning] [Decorations] CAPPING events from decorations provider vscode.git 507
2023-01-18 20:14:16.121 [warning] [Decorations] CAPPING events from decorations provider vscode.git 507
2023-01-18 20:14:23.265 [warning] [Decorations] CAPPING events from decorations provider vscode.git 508
2023-01-18 20:14:28.397 [warning] [Decorations] CAPPING events from decorations provider vscode.git 508
2023-01-18 20:14:33.529 [warning] [Decorations] CAPPING events from decorations provider vscode.git 508
2023-01-18 20:14:38.644 [warning] [Decorations] CAPPING events from decorations provider vscode.git 508
2023-01-18 20:14:49.043 [warning] [Decorations] CAPPING events from decorations provider vscode.git 508
2023-01-18 20:15:00.077 [warning] [Decorations] CAPPING events from decorations provider vscode.git 501
2023-01-18 20:15:06.782 [warning] [Decorations] CAPPING events from decorations provider vscode.git 501
2023-01-18 20:15:14.069 [warning] [Decorations] CAPPING events from decorations provider vscode.git 501
2023-01-18 20:15:19.175 [warning] [Decorations] CAPPING events from decorations provider vscode.git 501
2023-01-18 20:15:24.287 [warning] [Decorations] CAPPING events from decorations provider vscode.git 501
2023-01-18 20:15:29.394 [warning] [Decorations] CAPPING events from decorations provider vscode.git 501
2023-01-18 20:15:56.085 [warning] [Decorations] CAPPING events from decorations provider vscode.git 502
2023-01-18 20:16:01.219 [warning] [Decorations] CAPPING events from decorations provider vscode.git 502
2023-01-18 20:16:06.360 [warning] [Decorations] CAPPING events from decorations provider vscode.git 502
2023-01-18 20:16:16.096 [warning] [Decorations] CAPPING events from decorations provider vscode.git 502
2023-01-18 20:16:21.282 [warning] [Decorations] CAPPING events from decorations provider vscode.git 503
2023-01-18 20:16:26.425 [warning] [Decorations] CAPPING events from decorations provider vscode.git 503
2023-01-18 20:16:32.530 [warning] [Decorations] CAPPING events from decorations provider vscode.git 504
2023-01-18 20:16:37.665 [warning] [Decorations] CAPPING events from decorations provider vscode.git 507
2023-01-18 20:16:42.795 [warning] [Decorations] CAPPING events from decorations provider vscode.git 507
2023-01-18 20:16:47.965 [warning] [Decorations] CAPPING events from decorations provider vscode.git 508
2023-01-18 20:16:53.104 [warning] [Decorations] CAPPING events from decorations provider vscode.git 508
2023-01-18 20:17:05.411 [warning] [Decorations] CAPPING events from decorations provider vscode.git 509
2023-01-18 20:17:15.917 [warning] [Decorations] CAPPING events from decorations provider vscode.git 509
2023-01-18 20:17:26.401 [warning] [Decorations] CAPPING events from decorations provider vscode.git 510
2023-01-18 20:17:31.544 [warning] [Decorations] CAPPING events from decorations provider vscode.git 510
2023-01-18 20:17:36.698 [warning] [Decorations] CAPPING events from decorations provider vscode.git 510
2023-01-18 20:17:51.322 [warning] [Decorations] CAPPING events from decorations provider vscode.git 511
2023-01-18 20:18:24.095 [warning] [Decorations] CAPPING events from decorations provider vscode.git 511
2023-01-18 20:18:40.861 [warning] [Decorations] CAPPING events from decorations provider vscode.git 512
2023-01-18 20:19:11.889 [warning] [Decorations] CAPPING events from decorations provider vscode.git 512
2023-01-18 20:19:29.264 [warning] [Decorations] CAPPING events from decorations provider vscode.git 512
2023-01-18 20:19:44.970 [warning] [Decorations] CAPPING events from decorations provider vscode.git 512
2023-01-18 20:19:50.102 [warning] [Decorations] CAPPING events from decorations provider vscode.git 500
2023-01-18 20:19:55.265 [warning] [Decorations] CAPPING events from decorations provider vscode.git 500
2023-01-18 20:20:02.168 [warning] [Decorations] CAPPING events from decorations provider vscode.git 501
2023-01-18 20:20:07.309 [warning] [Decorations] CAPPING events from decorations provider vscode.git 501
2023-01-18 20:20:15.927 [warning] [Decorations] CAPPING events from decorations provider vscode.git 501
2023-01-18 20:20:21.072 [warning] [Decorations] CAPPING events from decorations provider vscode.git 501
2023-01-18 20:20:28.768 [warning] [Decorations] CAPPING events from decorations provider vscode.git 501
2023-01-18 20:20:39.200 [warning] [Decorations] CAPPING events from decorations provider vscode.git 502
2023-01-18 20:20:44.348 [warning] [Decorations] CAPPING events from decorations provider vscode.git 502
2023-01-18 20:21:03.970 [warning] [Decorations] CAPPING events from decorations provider vscode.git 503
2023-01-18 20:21:15.930 [warning] [Decorations] CAPPING events from decorations provider vscode.git 503
2023-01-18 20:21:57.425 [warning] [Decorations] CAPPING events from decorations provider vscode.git 504
2023-01-18 20:22:15.941 [warning] [Decorations] CAPPING events from decorations provider vscode.git 504
2023-01-18 20:22:26.209 [warning] [Decorations] CAPPING events from decorations provider vscode.git 505
2023-01-18 20:23:16.237 [warning] [Decorations] CAPPING events from decorations provider vscode.git 505
2023-01-18 20:24:40.643 [warning] [Decorations] CAPPING events from decorations provider vscode.git 505
2023-01-18 20:26:16.390 [warning] [Decorations] CAPPING events from decorations provider vscode.git 500
2023-01-18 20:27:16.384 [warning] [Decorations] CAPPING events from decorations provider vscode.git 500
2023-01-18 20:28:16.287 [warning] [Decorations] CAPPING events from decorations provider vscode.git 500
2023-01-18 20:30:16.412 [warning] [Decorations] CAPPING events from decorations provider vscode.git 500
2023-01-18 20:32:16.467 [warning] [Decorations] CAPPING events from decorations provider vscode.git 500
2023-01-18 20:33:16.521 [warning] [Decorations] CAPPING events from decorations provider vscode.git 500
2023-01-18 20:34:16.448 [warning] [Decorations] CAPPING events from decorations provider vscode.git 500
2023-01-18 20:35:16.479 [warning] [Decorations] CAPPING events from decorations provider vscode.git 500
2023-01-18 20:36:16.475 [warning] [Decorations] CAPPING events from decorations provider vscode.git 500
2023-01-18 20:38:57.963 [warning] [Decorations] CAPPING events from decorations provider vscode.git 500
2023-01-18 20:39:03.109 [warning] [Decorations] CAPPING events from decorations provider vscode.git 500
2023-01-18 20:42:16.612 [warning] [Decorations] CAPPING events from decorations provider vscode.git 500
2023-01-18 20:44:16.526 [warning] [Decorations] CAPPING events from decorations provider vscode.git 500
2023-01-18 20:45:16.524 [warning] [Decorations] CAPPING events from decorations provider vscode.git 500
2023-01-18 20:45:21.651 [warning] [Decorations] CAPPING events from decorations provider vscode.git 500
2023-01-18 20:47:16.614 [warning] [Decorations] CAPPING events from decorations provider vscode.git 500
2023-01-18 20:48:16.593 [warning] [Decorations] CAPPING events from decorations provider vscode.git 500
2023-01-18 21:38:58.831 [warning] [Decorations] CAPPING events from decorations provider vscode.git 500
2023-01-18 21:39:03.976 [warning] [Decorations] CAPPING events from decorations provider vscode.git 500
2023-01-18 22:46:16.958 [warning] [Decorations] CAPPING events from decorations provider vscode.git 500
2023-01-18 22:46:18.502 [info] Extension host terminating: received terminate message from renderer
2023-01-18 22:46:18.679 [info] Extension host with pid 11444 exiting with code 0
