2023-02-01 09:26:06.422 [info] Extension host with pid 16856 started
2023-02-01 09:26:06.423 [info] Skipping acquiring lock for d:\examples\coursera_test\react_examples\ecommerce\User\workspaceStorage\e4f9a451059ddbe5198683f6e0734d6e.
2023-02-01 09:26:07.326 [info] ExtensionService#_doActivateExtension vscode.typescript-language-features, startup: false, activationEvent: 'onLanguage:javascript'
2023-02-01 09:26:07.327 [info] ExtensionService#_doActivateExtension vscode.microsoft-authentication, startup: false, activationEvent: 'onAuthenticationRequest:microsoft'
2023-02-01 09:26:07.327 [info] ExtensionService#_doActivateExtension vscode.git-base, startup: true, activationEvent: '*', root cause: vscode.git
2023-02-01 09:26:07.327 [info] ExtensionService#_doActivateExtension vscode.npm, startup: true, activationEvent: 'workspaceContains:package.json'
2023-02-01 09:26:08.150 [info] ExtensionService#_doActivateExtension vscode.git, startup: true, activationEvent: '*'
2023-02-01 09:26:08.151 [info] ExtensionService#_doActivateExtension vscode.github, startup: true, activationEvent: '*'
2023-02-01 09:26:09.030 [info] ExtensionService#_doActivateExtension vscode.github-authentication, startup: false, activationEvent: 'onAuthenticationRequest:github'
2023-02-01 09:26:09.154 [info] Eager extensions activated
2023-02-01 09:26:09.221 [info] ExtensionService#_doActivateExtension vscode.debug-auto-launch, startup: false, activationEvent: 'onStartupFinished'
2023-02-01 09:26:09.222 [info] ExtensionService#_doActivateExtension vscode.emmet, startup: false, activationEvent: 'onStartupFinished'
2023-02-01 09:26:09.222 [info] ExtensionService#_doActivateExtension vscode.merge-conflict, startup: false, activationEvent: 'onStartupFinished'
2023-02-01 09:26:09.223 [info] ExtensionService#_doActivateExtension ms-vscode-remote.remote-wsl-recommender, startup: false, activationEvent: 'onStartupFinished'
2023-02-01 09:26:09.223 [info] ExtensionService#_doActivateExtension esbenp.prettier-vscode, startup: false, activationEvent: 'onStartupFinished'
2023-02-01 09:26:11.376 [warning] [Decorations] CAPPING events from decorations provider vscode.git 639
2023-02-01 09:26:11.910 [warning] [Decorations] CAPPING events from decorations provider vscode.git 639
2023-02-01 09:26:15.028 [warning] [Decorations] CAPPING events from decorations provider vscode.git 639
2023-02-01 09:26:20.175 [warning] [Decorations] CAPPING events from decorations provider vscode.git 656
2023-02-01 09:26:25.400 [warning] [Decorations] CAPPING events from decorations provider vscode.git 656
2023-02-01 09:26:30.524 [warning] [Decorations] CAPPING events from decorations provider vscode.git 656
2023-02-01 09:30:52.964 [warning] [Decorations] CAPPING events from decorations provider vscode.git 656
2023-02-01 09:31:28.647 [warning] [Decorations] CAPPING events from decorations provider vscode.git 656
2023-02-01 09:31:33.802 [warning] [Decorations] CAPPING events from decorations provider vscode.git 656
2023-02-01 09:31:38.941 [warning] [Decorations] CAPPING events from decorations provider vscode.git 657
2023-02-01 09:31:44.136 [warning] [Decorations] CAPPING events from decorations provider vscode.git 657
2023-02-01 09:31:49.252 [warning] [Decorations] CAPPING events from decorations provider vscode.git 657
2023-02-01 09:31:54.457 [warning] [Decorations] CAPPING events from decorations provider vscode.git 657
2023-02-01 09:31:59.609 [warning] [Decorations] CAPPING events from decorations provider vscode.git 657
2023-02-01 09:32:04.794 [warning] [Decorations] CAPPING events from decorations provider vscode.git 657
2023-02-01 09:32:09.939 [warning] [Decorations] CAPPING events from decorations provider vscode.git 657
2023-02-01 09:32:15.071 [warning] [Decorations] CAPPING events from decorations provider vscode.git 657
2023-02-01 09:32:20.199 [warning] [Decorations] CAPPING events from decorations provider vscode.git 657
2023-02-01 09:32:29.952 [warning] [Decorations] CAPPING events from decorations provider vscode.git 657
2023-02-01 09:32:35.553 [warning] [Decorations] CAPPING events from decorations provider vscode.git 658
2023-02-01 09:33:05.887 [warning] [Decorations] CAPPING events from decorations provider vscode.git 658
2023-02-01 09:35:01.301 [warning] [Decorations] CAPPING events from decorations provider vscode.git 658
2023-02-01 09:35:11.204 [warning] [Decorations] CAPPING events from decorations provider vscode.git 657
2023-02-01 09:35:16.343 [warning] [Decorations] CAPPING events from decorations provider vscode.git 657
2023-02-01 09:35:29.524 [warning] [Decorations] CAPPING events from decorations provider vscode.git 658
2023-02-01 09:35:34.659 [warning] [Decorations] CAPPING events from decorations provider vscode.git 658
2023-02-01 09:35:41.200 [warning] [Decorations] CAPPING events from decorations provider vscode.git 658
2023-02-01 09:35:48.598 [warning] [Decorations] CAPPING events from decorations provider vscode.git 658
2023-02-01 09:35:53.728 [warning] [Decorations] CAPPING events from decorations provider vscode.git 658
2023-02-01 09:36:05.982 [warning] [Decorations] CAPPING events from decorations provider vscode.git 658
2023-02-01 09:36:35.876 [warning] [Decorations] CAPPING events from decorations provider vscode.git 658
2023-02-01 09:37:58.828 [info] ExtensionService#_doActivateExtension vscode.css-language-features, startup: false, activationEvent: 'onLanguage:css'
2023-02-01 09:38:00.591 [warning] [Decorations] CAPPING events from decorations provider vscode.git 657
2023-02-01 09:38:05.735 [warning] [Decorations] CAPPING events from decorations provider vscode.git 657
2023-02-01 09:38:10.870 [warning] [Decorations] CAPPING events from decorations provider vscode.git 658
2023-02-01 09:38:23.920 [warning] [Decorations] CAPPING events from decorations provider vscode.git 658
2023-02-01 09:38:29.047 [warning] [Decorations] CAPPING events from decorations provider vscode.git 658
2023-02-01 09:38:44.072 [warning] [Decorations] CAPPING events from decorations provider vscode.git 658
2023-02-01 09:38:51.778 [warning] [Decorations] CAPPING events from decorations provider vscode.git 658
2023-02-01 09:38:58.347 [warning] [Decorations] CAPPING events from decorations provider vscode.git 658
2023-02-01 09:39:03.492 [warning] [Decorations] CAPPING events from decorations provider vscode.git 658
2023-02-01 09:39:08.622 [warning] [Decorations] CAPPING events from decorations provider vscode.git 658
2023-02-01 09:39:48.130 [warning] [Decorations] CAPPING events from decorations provider vscode.git 658
2023-02-01 09:40:01.352 [warning] [Decorations] CAPPING events from decorations provider vscode.git 658
2023-02-01 09:40:06.486 [warning] [Decorations] CAPPING events from decorations provider vscode.git 658
2023-02-01 09:40:48.150 [warning] [Decorations] CAPPING events from decorations provider vscode.git 660
2023-02-01 09:40:56.230 [warning] [Decorations] CAPPING events from decorations provider vscode.git 660
2023-02-01 09:41:03.621 [warning] [Decorations] CAPPING events from decorations provider vscode.git 660
2023-02-01 09:47:24.515 [warning] [Decorations] CAPPING events from decorations provider vscode.git 661
2023-02-01 09:47:41.022 [warning] [Decorations] CAPPING events from decorations provider vscode.git 662
2023-02-01 09:51:23.818 [warning] [Decorations] CAPPING events from decorations provider vscode.git 662
2023-02-01 09:58:00.423 [warning] [Decorations] CAPPING events from decorations provider vscode.git 662
2023-02-01 09:58:06.341 [warning] [Decorations] CAPPING events from decorations provider vscode.git 662
2023-02-01 09:58:11.514 [warning] [Decorations] CAPPING events from decorations provider vscode.git 663
2023-02-01 09:58:16.654 [warning] [Decorations] CAPPING events from decorations provider vscode.git 663
2023-02-01 09:58:21.800 [warning] [Decorations] CAPPING events from decorations provider vscode.git 663
2023-02-01 09:58:26.932 [warning] [Decorations] CAPPING events from decorations provider vscode.git 663
2023-02-01 09:58:33.077 [warning] [Decorations] CAPPING events from decorations provider vscode.git 663
2023-02-01 09:58:38.206 [warning] [Decorations] CAPPING events from decorations provider vscode.git 663
2023-02-01 09:58:43.356 [warning] [Decorations] CAPPING events from decorations provider vscode.git 663
2023-02-01 09:58:48.492 [warning] [Decorations] CAPPING events from decorations provider vscode.git 663
2023-02-01 09:58:53.630 [warning] [Decorations] CAPPING events from decorations provider vscode.git 663
2023-02-01 09:59:06.232 [warning] [Decorations] CAPPING events from decorations provider vscode.git 663
2023-02-01 10:03:08.039 [warning] [Decorations] CAPPING events from decorations provider vscode.git 664
2023-02-01 10:04:42.793 [warning] [Decorations] CAPPING events from decorations provider vscode.git 665
2023-02-01 10:04:50.303 [warning] [Decorations] CAPPING events from decorations provider vscode.git 665
2023-02-01 10:04:55.463 [warning] [Decorations] CAPPING events from decorations provider vscode.git 665
2023-02-01 10:05:00.626 [warning] [Decorations] CAPPING events from decorations provider vscode.git 665
2023-02-01 10:05:05.912 [warning] [Decorations] CAPPING events from decorations provider vscode.git 665
2023-02-01 10:05:11.059 [warning] [Decorations] CAPPING events from decorations provider vscode.git 665
2023-02-01 10:05:16.211 [warning] [Decorations] CAPPING events from decorations provider vscode.git 665
2023-02-01 10:05:21.366 [warning] [Decorations] CAPPING events from decorations provider vscode.git 665
2023-02-01 10:05:26.527 [warning] [Decorations] CAPPING events from decorations provider vscode.git 665
2023-02-01 10:05:31.680 [warning] [Decorations] CAPPING events from decorations provider vscode.git 665
2023-02-01 10:05:36.825 [warning] [Decorations] CAPPING events from decorations provider vscode.git 665
2023-02-01 10:05:50.765 [warning] [Decorations] CAPPING events from decorations provider vscode.git 666
2023-02-01 10:05:55.916 [warning] [Decorations] CAPPING events from decorations provider vscode.git 666
2023-02-01 10:06:01.065 [warning] [Decorations] CAPPING events from decorations provider vscode.git 666
2023-02-01 10:06:06.195 [warning] [Decorations] CAPPING events from decorations provider vscode.git 666
2023-02-01 10:06:11.337 [warning] [Decorations] CAPPING events from decorations provider vscode.git 666
2023-02-01 10:06:39.601 [warning] [Decorations] CAPPING events from decorations provider vscode.git 667
2023-02-01 10:06:44.748 [warning] [Decorations] CAPPING events from decorations provider vscode.git 667
2023-02-01 10:06:49.884 [warning] [Decorations] CAPPING events from decorations provider vscode.git 667
2023-02-01 10:06:55.039 [warning] [Decorations] CAPPING events from decorations provider vscode.git 667
2023-02-01 10:07:06.380 [warning] [Decorations] CAPPING events from decorations provider vscode.git 667
2023-02-01 10:08:06.742 [warning] [Decorations] CAPPING events from decorations provider vscode.git 667
2023-02-01 10:09:43.356 [warning] [Decorations] CAPPING events from decorations provider vscode.git 667
2023-02-01 10:13:06.888 [warning] [Decorations] CAPPING events from decorations provider vscode.git 667
2023-02-01 10:14:06.380 [warning] [Decorations] CAPPING events from decorations provider vscode.git 667
2023-02-01 10:14:12.851 [warning] [Decorations] CAPPING events from decorations provider vscode.git 668
2023-02-01 10:14:19.563 [warning] [Decorations] CAPPING events from decorations provider vscode.git 668
2023-02-01 10:14:39.782 [warning] [Decorations] CAPPING events from decorations provider vscode.git 669
2023-02-01 10:14:47.158 [warning] [Decorations] CAPPING events from decorations provider vscode.git 669
2023-02-01 10:14:52.310 [warning] [Decorations] CAPPING events from decorations provider vscode.git 669
2023-02-01 10:14:57.458 [warning] [Decorations] CAPPING events from decorations provider vscode.git 669
2023-02-01 10:15:02.616 [warning] [Decorations] CAPPING events from decorations provider vscode.git 669
2023-02-01 10:15:07.751 [warning] [Decorations] CAPPING events from decorations provider vscode.git 669
2023-02-01 10:15:12.892 [warning] [Decorations] CAPPING events from decorations provider vscode.git 669
2023-02-01 10:15:18.042 [warning] [Decorations] CAPPING events from decorations provider vscode.git 670
2023-02-01 10:15:23.190 [warning] [Decorations] CAPPING events from decorations provider vscode.git 671
2023-02-01 10:15:28.358 [warning] [Decorations] CAPPING events from decorations provider vscode.git 671
2023-02-01 10:15:33.510 [warning] [Decorations] CAPPING events from decorations provider vscode.git 671
2023-02-01 10:15:38.666 [warning] [Decorations] CAPPING events from decorations provider vscode.git 671
2023-02-01 10:15:46.510 [warning] [Decorations] CAPPING events from decorations provider vscode.git 671
2023-02-01 10:15:51.663 [warning] [Decorations] CAPPING events from decorations provider vscode.git 671
2023-02-01 10:15:56.814 [warning] [Decorations] CAPPING events from decorations provider vscode.git 671
2023-02-01 10:16:01.947 [warning] [Decorations] CAPPING events from decorations provider vscode.git 671
2023-02-01 10:16:07.092 [warning] [Decorations] CAPPING events from decorations provider vscode.git 671
2023-02-01 10:17:06.880 [warning] [Decorations] CAPPING events from decorations provider vscode.git 671
2023-02-01 10:17:29.544 [warning] [Decorations] CAPPING events from decorations provider vscode.git 672
2023-02-01 10:17:55.977 [warning] [Decorations] CAPPING events from decorations provider vscode.git 673
2023-02-01 10:18:01.127 [warning] [Decorations] CAPPING events from decorations provider vscode.git 673
2023-02-01 10:18:06.277 [warning] [Decorations] CAPPING events from decorations provider vscode.git 673
2023-02-01 10:18:11.404 [warning] [Decorations] CAPPING events from decorations provider vscode.git 673
2023-02-01 10:18:17.181 [warning] [Decorations] CAPPING events from decorations provider vscode.git 674
2023-02-01 10:18:23.372 [warning] [Decorations] CAPPING events from decorations provider vscode.git 674
2023-02-01 10:18:33.587 [warning] [Decorations] CAPPING events from decorations provider vscode.git 675
2023-02-01 10:18:38.716 [warning] [Decorations] CAPPING events from decorations provider vscode.git 675
2023-02-01 10:18:59.088 [warning] [Decorations] CAPPING events from decorations provider vscode.git 675
2023-02-01 10:19:06.582 [warning] [Decorations] CAPPING events from decorations provider vscode.git 675
2023-02-01 10:19:13.030 [warning] [Decorations] CAPPING events from decorations provider vscode.git 675
2023-02-01 10:19:18.348 [warning] [Decorations] CAPPING events from decorations provider vscode.git 676
2023-02-01 10:19:30.877 [warning] [Decorations] CAPPING events from decorations provider vscode.git 676
2023-02-01 10:20:05.879 [warning] [Decorations] CAPPING events from decorations provider vscode.git 677
2023-02-01 10:20:44.801 [warning] [Decorations] CAPPING events from decorations provider vscode.git 677
2023-02-01 10:21:07.399 [warning] [Decorations] CAPPING events from decorations provider vscode.git 676
2023-02-01 10:21:20.384 [warning] [Decorations] CAPPING events from decorations provider vscode.git 677
2023-02-01 10:21:30.078 [warning] [Decorations] CAPPING events from decorations provider vscode.git 678
2023-02-01 10:21:35.219 [warning] [Decorations] CAPPING events from decorations provider vscode.git 678
2023-02-01 10:21:49.637 [warning] [Decorations] CAPPING events from decorations provider vscode.git 679
2023-02-01 10:21:54.785 [warning] [Decorations] CAPPING events from decorations provider vscode.git 679
2023-02-01 10:21:59.923 [warning] [Decorations] CAPPING events from decorations provider vscode.git 679
2023-02-01 10:22:05.216 [warning] [Decorations] CAPPING events from decorations provider vscode.git 679
2023-02-01 10:22:10.357 [warning] [Decorations] CAPPING events from decorations provider vscode.git 679
2023-02-01 10:22:15.514 [warning] [Decorations] CAPPING events from decorations provider vscode.git 679
2023-02-01 10:22:28.040 [warning] [Decorations] CAPPING events from decorations provider vscode.git 680
2023-02-01 10:22:34.410 [warning] [Decorations] CAPPING events from decorations provider vscode.git 681
2023-02-01 10:22:39.560 [warning] [Decorations] CAPPING events from decorations provider vscode.git 682
2023-02-01 10:22:45.988 [warning] [Decorations] CAPPING events from decorations provider vscode.git 682
2023-02-01 10:23:01.824 [warning] [Decorations] CAPPING events from decorations provider vscode.git 683
2023-02-01 10:23:06.978 [warning] [Decorations] CAPPING events from decorations provider vscode.git 683
2023-02-01 10:23:12.119 [warning] [Decorations] CAPPING events from decorations provider vscode.git 683
2023-02-01 10:23:24.117 [warning] [Decorations] CAPPING events from decorations provider vscode.git 683
2023-02-01 10:23:36.061 [warning] [Decorations] CAPPING events from decorations provider vscode.git 684
2023-02-01 10:23:45.426 [warning] [Decorations] CAPPING events from decorations provider vscode.git 684
2023-02-01 10:23:50.590 [warning] [Decorations] CAPPING events from decorations provider vscode.git 684
2023-02-01 10:23:55.761 [warning] [Decorations] CAPPING events from decorations provider vscode.git 684
2023-02-01 10:24:00.936 [warning] [Decorations] CAPPING events from decorations provider vscode.git 685
2023-02-01 10:24:07.433 [warning] [Decorations] CAPPING events from decorations provider vscode.git 685
2023-02-01 10:24:12.599 [warning] [Decorations] CAPPING events from decorations provider vscode.git 686
2023-02-01 10:24:17.753 [warning] [Decorations] CAPPING events from decorations provider vscode.git 687
2023-02-01 10:24:25.300 [warning] [Decorations] CAPPING events from decorations provider vscode.git 687
2023-02-01 10:24:36.373 [warning] [Decorations] CAPPING events from decorations provider vscode.git 688
2023-02-01 10:24:44.914 [warning] [Decorations] CAPPING events from decorations provider vscode.git 689
2023-02-01 10:24:59.258 [warning] [Decorations] CAPPING events from decorations provider vscode.git 690
2023-02-01 10:25:05.946 [warning] [Decorations] CAPPING events from decorations provider vscode.git 690
2023-02-01 10:25:11.118 [warning] [Decorations] CAPPING events from decorations provider vscode.git 690
2023-02-01 10:25:16.283 [warning] [Decorations] CAPPING events from decorations provider vscode.git 690
2023-02-01 10:25:21.431 [warning] [Decorations] CAPPING events from decorations provider vscode.git 690
2023-02-01 10:25:26.592 [warning] [Decorations] CAPPING events from decorations provider vscode.git 690
2023-02-01 10:25:31.746 [warning] [Decorations] CAPPING events from decorations provider vscode.git 690
2023-02-01 10:25:36.902 [warning] [Decorations] CAPPING events from decorations provider vscode.git 690
2023-02-01 10:25:42.047 [warning] [Decorations] CAPPING events from decorations provider vscode.git 690
2023-02-01 10:25:47.202 [warning] [Decorations] CAPPING events from decorations provider vscode.git 690
2023-02-01 10:25:52.354 [warning] [Decorations] CAPPING events from decorations provider vscode.git 690
2023-02-01 10:26:05.574 [warning] [Decorations] CAPPING events from decorations provider vscode.git 691
2023-02-01 10:26:10.795 [warning] [Decorations] CAPPING events from decorations provider vscode.git 691
2023-02-01 10:26:15.956 [warning] [Decorations] CAPPING events from decorations provider vscode.git 691
2023-02-01 10:26:21.119 [warning] [Decorations] CAPPING events from decorations provider vscode.git 691
2023-02-01 10:26:26.277 [warning] [Decorations] CAPPING events from decorations provider vscode.git 691
2023-02-01 10:26:41.590 [warning] [Decorations] CAPPING events from decorations provider vscode.git 691
2023-02-01 10:26:46.729 [warning] [Decorations] CAPPING events from decorations provider vscode.git 691
2023-02-01 10:27:01.694 [warning] [Decorations] CAPPING events from decorations provider vscode.git 692
2023-02-01 10:27:11.769 [warning] [Decorations] CAPPING events from decorations provider vscode.git 693
2023-02-01 10:27:16.908 [warning] [Decorations] CAPPING events from decorations provider vscode.git 693
2023-02-01 10:27:22.317 [warning] [Decorations] CAPPING events from decorations provider vscode.git 694
2023-02-01 10:27:29.367 [warning] [Decorations] CAPPING events from decorations provider vscode.git 695
2023-02-01 10:27:34.620 [warning] [Decorations] CAPPING events from decorations provider vscode.git 695
2023-02-01 10:27:39.958 [warning] [Decorations] CAPPING events from decorations provider vscode.git 695
2023-02-01 10:27:45.105 [warning] [Decorations] CAPPING events from decorations provider vscode.git 695
2023-02-01 10:28:00.263 [warning] [Decorations] CAPPING events from decorations provider vscode.git 695
2023-02-01 10:28:05.406 [warning] [Decorations] CAPPING events from decorations provider vscode.git 696
2023-02-01 10:28:13.014 [warning] [Decorations] CAPPING events from decorations provider vscode.git 696
2023-02-01 10:28:44.944 [warning] [Decorations] CAPPING events from decorations provider vscode.git 696
2023-02-01 10:29:07.375 [warning] [Decorations] CAPPING events from decorations provider vscode.git 696
2023-02-01 10:29:12.518 [warning] [Decorations] CAPPING events from decorations provider vscode.git 697
2023-02-01 10:29:17.660 [warning] [Decorations] CAPPING events from decorations provider vscode.git 697
2023-02-01 10:29:22.814 [warning] [Decorations] CAPPING events from decorations provider vscode.git 697
2023-02-01 10:29:53.957 [warning] [Decorations] CAPPING events from decorations provider vscode.git 697
2023-02-01 10:30:07.430 [warning] [Decorations] CAPPING events from decorations provider vscode.git 697
2023-02-01 10:30:54.226 [warning] [Decorations] CAPPING events from decorations provider vscode.git 697
2023-02-01 10:33:54.806 [warning] [Decorations] CAPPING events from decorations provider vscode.git 697
2023-02-01 10:37:42.709 [warning] [Decorations] CAPPING events from decorations provider vscode.git 698
2023-02-01 10:37:47.842 [warning] [Decorations] CAPPING events from decorations provider vscode.git 698
2023-02-01 10:39:03.531 [warning] [Decorations] CAPPING events from decorations provider vscode.git 698
2023-02-01 10:39:45.185 [warning] [Decorations] CAPPING events from decorations provider vscode.git 698
2023-02-01 10:39:50.340 [warning] [Decorations] CAPPING events from decorations provider vscode.git 698
2023-02-01 10:40:36.562 [warning] [Decorations] CAPPING events from decorations provider vscode.git 698
2023-02-01 10:40:51.342 [warning] [Decorations] CAPPING events from decorations provider vscode.git 698
2023-02-01 10:40:56.496 [warning] [Decorations] CAPPING events from decorations provider vscode.git 698
2023-02-01 10:41:45.208 [warning] [Decorations] CAPPING events from decorations provider vscode.git 698
2023-02-01 10:42:32.486 [warning] [Decorations] CAPPING events from decorations provider vscode.git 699
2023-02-01 10:42:38.461 [warning] [Decorations] CAPPING events from decorations provider vscode.git 699
2023-02-01 10:42:45.210 [warning] [Decorations] CAPPING events from decorations provider vscode.git 699
2023-02-01 10:43:45.302 [warning] [Decorations] CAPPING events from decorations provider vscode.git 699
2023-02-01 10:43:54.375 [warning] [Decorations] CAPPING events from decorations provider vscode.git 700
2023-02-01 10:43:59.514 [warning] [Decorations] CAPPING events from decorations provider vscode.git 700
2023-02-01 10:44:04.653 [warning] [Decorations] CAPPING events from decorations provider vscode.git 701
2023-02-01 10:44:09.813 [warning] [Decorations] CAPPING events from decorations provider vscode.git 701
2023-02-01 10:44:14.978 [warning] [Decorations] CAPPING events from decorations provider vscode.git 701
2023-02-01 10:44:20.139 [warning] [Decorations] CAPPING events from decorations provider vscode.git 701
2023-02-01 10:44:28.781 [warning] [Decorations] CAPPING events from decorations provider vscode.git 702
2023-02-01 10:45:11.557 [warning] [Decorations] CAPPING events from decorations provider vscode.git 702
2023-02-01 10:46:05.205 [warning] [Decorations] CAPPING events from decorations provider vscode.git 703
2023-02-01 10:46:14.928 [warning] [Decorations] CAPPING events from decorations provider vscode.git 704
2023-02-01 10:46:20.056 [warning] [Decorations] CAPPING events from decorations provider vscode.git 704
2023-02-01 10:46:25.220 [warning] [Decorations] CAPPING events from decorations provider vscode.git 704
2023-02-01 10:46:30.342 [warning] [Decorations] CAPPING events from decorations provider vscode.git 704
2023-02-01 10:46:35.944 [warning] [Decorations] CAPPING events from decorations provider vscode.git 704
2023-02-01 10:46:41.065 [warning] [Decorations] CAPPING events from decorations provider vscode.git 704
2023-02-01 10:46:46.193 [warning] [Decorations] CAPPING events from decorations provider vscode.git 704
2023-02-01 10:47:19.348 [warning] [Decorations] CAPPING events from decorations provider vscode.git 704
2023-02-01 10:47:30.722 [warning] [Decorations] CAPPING events from decorations provider vscode.git 705
2023-02-01 10:47:37.863 [warning] [Decorations] CAPPING events from decorations provider vscode.git 705
2023-02-01 10:47:43.000 [warning] [Decorations] CAPPING events from decorations provider vscode.git 706
2023-02-01 10:47:49.483 [warning] [Decorations] CAPPING events from decorations provider vscode.git 707
2023-02-01 10:47:58.504 [warning] [Decorations] CAPPING events from decorations provider vscode.git 707
2023-02-01 10:48:03.631 [warning] [Decorations] CAPPING events from decorations provider vscode.git 707
2023-02-01 10:48:09.645 [warning] [Decorations] CAPPING events from decorations provider vscode.git 707
2023-02-01 10:48:39.300 [warning] [Decorations] CAPPING events from decorations provider vscode.git 707
2023-02-01 10:48:46.403 [warning] [Decorations] CAPPING events from decorations provider vscode.git 707
2023-02-01 10:48:51.530 [warning] [Decorations] CAPPING events from decorations provider vscode.git 707
2023-02-01 10:49:03.141 [warning] [Decorations] CAPPING events from decorations provider vscode.git 707
2023-02-01 10:49:45.645 [warning] [Decorations] CAPPING events from decorations provider vscode.git 707
2023-02-01 10:50:46.850 [warning] [Decorations] CAPPING events from decorations provider vscode.git 707
2023-02-01 10:51:13.821 [warning] [Decorations] CAPPING events from decorations provider vscode.git 708
2023-02-01 10:51:18.939 [warning] [Decorations] CAPPING events from decorations provider vscode.git 708
2023-02-01 10:51:24.083 [warning] [Decorations] CAPPING events from decorations provider vscode.git 708
2023-02-01 10:51:39.885 [warning] [Decorations] CAPPING events from decorations provider vscode.git 709
2023-02-01 10:52:08.320 [warning] [Decorations] CAPPING events from decorations provider vscode.git 709
2023-02-01 10:52:13.688 [warning] [Decorations] CAPPING events from decorations provider vscode.git 710
2023-02-01 10:52:18.809 [warning] [Decorations] CAPPING events from decorations provider vscode.git 710
2023-02-01 10:52:45.438 [warning] [Decorations] CAPPING events from decorations provider vscode.git 710
2023-02-01 10:53:00.021 [warning] [Decorations] CAPPING events from decorations provider vscode.git 711
2023-02-01 10:53:45.442 [warning] [Decorations] CAPPING events from decorations provider vscode.git 711
2023-02-01 10:54:06.838 [warning] [Decorations] CAPPING events from decorations provider vscode.git 712
2023-02-01 10:54:11.964 [warning] [Decorations] CAPPING events from decorations provider vscode.git 712
2023-02-01 10:54:17.094 [warning] [Decorations] CAPPING events from decorations provider vscode.git 712
2023-02-01 10:54:28.809 [warning] [Decorations] CAPPING events from decorations provider vscode.git 712
2023-02-01 10:54:33.934 [warning] [Decorations] CAPPING events from decorations provider vscode.git 712
2023-02-01 10:55:21.277 [warning] [Decorations] CAPPING events from decorations provider vscode.git 713
2023-02-01 10:55:45.379 [warning] [Decorations] CAPPING events from decorations provider vscode.git 713
2023-02-01 10:56:13.895 [warning] [Decorations] CAPPING events from decorations provider vscode.git 713
2023-02-01 10:56:45.516 [warning] [Decorations] CAPPING events from decorations provider vscode.git 713
2023-02-01 10:57:43.624 [warning] [Decorations] CAPPING events from decorations provider vscode.git 714
2023-02-01 10:57:48.817 [warning] [Decorations] CAPPING events from decorations provider vscode.git 714
2023-02-01 10:58:00.970 [warning] [Decorations] CAPPING events from decorations provider vscode.git 715
2023-02-01 10:58:06.097 [warning] [Decorations] CAPPING events from decorations provider vscode.git 715
2023-02-01 10:58:25.439 [warning] [Decorations] CAPPING events from decorations provider vscode.git 716
2023-02-01 10:58:38.659 [warning] [Decorations] CAPPING events from decorations provider vscode.git 717
2023-02-01 10:58:47.331 [warning] [Decorations] CAPPING events from decorations provider vscode.git 717
2023-02-01 10:58:52.448 [warning] [Decorations] CAPPING events from decorations provider vscode.git 718
2023-02-01 10:58:57.582 [warning] [Decorations] CAPPING events from decorations provider vscode.git 718
2023-02-01 11:00:31.144 [warning] [Decorations] CAPPING events from decorations provider vscode.git 718
2023-02-01 11:00:36.272 [warning] [Decorations] CAPPING events from decorations provider vscode.git 718
2023-02-01 11:00:44.275 [warning] [Decorations] CAPPING events from decorations provider vscode.git 719
2023-02-01 11:00:49.406 [warning] [Decorations] CAPPING events from decorations provider vscode.git 719
2023-02-01 11:01:57.542 [warning] [Decorations] CAPPING events from decorations provider vscode.git 719
2023-02-01 11:02:10.755 [warning] [Decorations] CAPPING events from decorations provider vscode.git 720
2023-02-01 11:02:15.896 [warning] [Decorations] CAPPING events from decorations provider vscode.git 720
2023-02-01 11:02:21.034 [warning] [Decorations] CAPPING events from decorations provider vscode.git 720
2023-02-01 11:02:26.170 [warning] [Decorations] CAPPING events from decorations provider vscode.git 720
2023-02-01 11:02:35.095 [warning] [Decorations] CAPPING events from decorations provider vscode.git 721
2023-02-01 11:02:42.470 [warning] [Decorations] CAPPING events from decorations provider vscode.git 721
2023-02-01 11:02:47.594 [warning] [Decorations] CAPPING events from decorations provider vscode.git 721
2023-02-01 11:03:47.453 [warning] [Decorations] CAPPING events from decorations provider vscode.git 714
2023-02-01 11:04:49.760 [warning] [Decorations] CAPPING events from decorations provider vscode.git 714
2023-02-01 11:05:13.284 [warning] [Decorations] CAPPING events from decorations provider vscode.git 715
2023-02-01 11:05:18.417 [warning] [Decorations] CAPPING events from decorations provider vscode.git 715
2023-02-01 11:05:23.558 [warning] [Decorations] CAPPING events from decorations provider vscode.git 715
2023-02-01 11:05:28.686 [warning] [Decorations] CAPPING events from decorations provider vscode.git 715
2023-02-01 11:05:33.834 [warning] [Decorations] CAPPING events from decorations provider vscode.git 715
2023-02-01 11:05:38.964 [warning] [Decorations] CAPPING events from decorations provider vscode.git 715
2023-02-01 11:06:17.605 [warning] [Decorations] CAPPING events from decorations provider vscode.git 715
2023-02-01 11:06:47.287 [warning] [Decorations] CAPPING events from decorations provider vscode.git 715
2023-02-01 11:07:44.275 [warning] [Decorations] CAPPING events from decorations provider vscode.git 715
2023-02-01 11:07:49.405 [warning] [Decorations] CAPPING events from decorations provider vscode.git 714
2023-02-01 11:09:47.850 [warning] [Decorations] CAPPING events from decorations provider vscode.git 714
2023-02-01 11:14:10.559 [warning] [Decorations] CAPPING events from decorations provider vscode.git 715
2023-02-01 11:14:15.673 [warning] [Decorations] CAPPING events from decorations provider vscode.git 715
2023-02-01 11:16:31.841 [warning] [Decorations] CAPPING events from decorations provider vscode.git 715
2023-02-01 11:16:38.823 [warning] [Decorations] CAPPING events from decorations provider vscode.git 716
2023-02-01 11:17:20.876 [warning] [Decorations] CAPPING events from decorations provider vscode.git 717
2023-02-01 11:17:32.292 [warning] [Decorations] CAPPING events from decorations provider vscode.git 718
2023-02-01 11:17:39.865 [warning] [Decorations] CAPPING events from decorations provider vscode.git 718
2023-02-01 11:18:26.185 [warning] [Decorations] CAPPING events from decorations provider vscode.git 717
2023-02-01 11:18:33.479 [warning] [Decorations] CAPPING events from decorations provider vscode.git 715
2023-02-01 11:18:38.697 [warning] [Decorations] CAPPING events from decorations provider vscode.git 715
2023-02-01 11:19:24.221 [warning] [Decorations] CAPPING events from decorations provider vscode.git 715
2023-02-01 11:19:29.373 [warning] [Decorations] CAPPING events from decorations provider vscode.git 716
2023-02-01 11:19:34.517 [warning] [Decorations] CAPPING events from decorations provider vscode.git 716
2023-02-01 11:20:25.843 [warning] [Decorations] CAPPING events from decorations provider vscode.git 716
2023-02-01 11:20:31.968 [warning] [Decorations] CAPPING events from decorations provider vscode.git 717
2023-02-01 11:20:42.245 [warning] [Decorations] CAPPING events from decorations provider vscode.git 717
2023-02-01 11:20:47.469 [warning] [Decorations] CAPPING events from decorations provider vscode.git 716
2023-02-01 11:21:06.305 [warning] [Decorations] CAPPING events from decorations provider vscode.git 717
2023-02-01 11:21:11.450 [warning] [Decorations] CAPPING events from decorations provider vscode.git 717
2023-02-01 11:21:18.001 [warning] [Decorations] CAPPING events from decorations provider vscode.git 717
2023-02-01 11:21:38.344 [warning] [Decorations] CAPPING events from decorations provider vscode.git 717
2023-02-01 11:21:43.478 [warning] [Decorations] CAPPING events from decorations provider vscode.git 717
2023-02-01 11:21:48.615 [warning] [Decorations] CAPPING events from decorations provider vscode.git 718
2023-02-01 11:21:53.724 [warning] [Decorations] CAPPING events from decorations provider vscode.git 718
2023-02-01 11:22:09.755 [warning] [Decorations] CAPPING events from decorations provider vscode.git 719
2023-02-01 11:23:21.031 [warning] [Decorations] CAPPING events from decorations provider vscode.git 719
2023-02-01 11:23:34.535 [warning] [Decorations] CAPPING events from decorations provider vscode.git 717
2023-02-01 11:23:41.133 [warning] [Decorations] CAPPING events from decorations provider vscode.git 718
2023-02-01 11:23:47.613 [warning] [Decorations] CAPPING events from decorations provider vscode.git 718
2023-02-01 11:23:55.648 [warning] [Decorations] CAPPING events from decorations provider vscode.git 719
2023-02-01 11:24:00.765 [warning] [Decorations] CAPPING events from decorations provider vscode.git 719
2023-02-01 11:24:06.099 [warning] [Decorations] CAPPING events from decorations provider vscode.git 720
2023-02-01 11:24:11.222 [warning] [Decorations] CAPPING events from decorations provider vscode.git 720
2023-02-01 11:24:16.405 [warning] [Decorations] CAPPING events from decorations provider vscode.git 720
2023-02-01 11:24:24.485 [warning] [Decorations] CAPPING events from decorations provider vscode.git 720
2023-02-01 11:24:32.525 [warning] [Decorations] CAPPING events from decorations provider vscode.git 720
2023-02-01 11:24:37.653 [warning] [Decorations] CAPPING events from decorations provider vscode.git 720
2023-02-01 11:24:42.803 [warning] [Decorations] CAPPING events from decorations provider vscode.git 720
2023-02-01 11:24:47.939 [warning] [Decorations] CAPPING events from decorations provider vscode.git 720
2023-02-01 11:24:53.089 [warning] [Decorations] CAPPING events from decorations provider vscode.git 720
2023-02-01 11:25:05.045 [warning] [Decorations] CAPPING events from decorations provider vscode.git 720
2023-02-01 11:25:17.959 [warning] [Decorations] CAPPING events from decorations provider vscode.git 721
2023-02-01 11:25:37.471 [warning] [Decorations] CAPPING events from decorations provider vscode.git 722
2023-02-01 11:25:47.638 [warning] [Decorations] CAPPING events from decorations provider vscode.git 722
2023-02-01 11:25:52.902 [warning] [Decorations] CAPPING events from decorations provider vscode.git 722
2023-02-01 11:26:03.200 [warning] [Decorations] CAPPING events from decorations provider vscode.git 723
2023-02-01 11:26:08.339 [warning] [Decorations] CAPPING events from decorations provider vscode.git 723
2023-02-01 11:26:19.698 [warning] [Decorations] CAPPING events from decorations provider vscode.git 724
2023-02-01 11:26:24.829 [warning] [Decorations] CAPPING events from decorations provider vscode.git 724
2023-02-01 11:26:35.420 [warning] [Decorations] CAPPING events from decorations provider vscode.git 724
2023-02-01 11:27:20.230 [warning] [Decorations] CAPPING events from decorations provider vscode.git 726
2023-02-01 11:27:25.356 [warning] [Decorations] CAPPING events from decorations provider vscode.git 726
2023-02-01 11:27:30.498 [warning] [Decorations] CAPPING events from decorations provider vscode.git 727
2023-02-01 11:27:46.346 [warning] [Decorations] CAPPING events from decorations provider vscode.git 727
2023-02-01 11:27:51.752 [warning] [Decorations] CAPPING events from decorations provider vscode.git 727
2023-02-01 11:28:37.802 [warning] [Decorations] CAPPING events from decorations provider vscode.git 728
2023-02-01 11:28:42.920 [warning] [Decorations] CAPPING events from decorations provider vscode.git 728
2023-02-01 11:29:07.726 [warning] [Decorations] CAPPING events from decorations provider vscode.git 729
2023-02-01 11:29:12.848 [warning] [Decorations] CAPPING events from decorations provider vscode.git 729
2023-02-01 11:29:55.164 [warning] [Decorations] CAPPING events from decorations provider vscode.git 729
2023-02-01 11:30:06.185 [warning] [Decorations] CAPPING events from decorations provider vscode.git 729
2023-02-01 11:30:45.492 [warning] [Decorations] CAPPING events from decorations provider vscode.git 729
2023-02-01 11:30:51.942 [warning] [Decorations] CAPPING events from decorations provider vscode.git 729
2023-02-01 11:30:57.066 [warning] [Decorations] CAPPING events from decorations provider vscode.git 729
2023-02-01 11:31:02.193 [warning] [Decorations] CAPPING events from decorations provider vscode.git 729
2023-02-01 11:31:07.318 [warning] [Decorations] CAPPING events from decorations provider vscode.git 729
2023-02-01 11:31:21.646 [warning] [Decorations] CAPPING events from decorations provider vscode.git 730
2023-02-01 11:31:26.768 [warning] [Decorations] CAPPING events from decorations provider vscode.git 730
2023-02-01 11:31:32.094 [warning] [Decorations] CAPPING events from decorations provider vscode.git 730
2023-02-01 11:31:40.361 [warning] [Decorations] CAPPING events from decorations provider vscode.git 730
2023-02-01 11:31:47.749 [warning] [Decorations] CAPPING events from decorations provider vscode.git 731
2023-02-01 11:31:52.864 [warning] [Decorations] CAPPING events from decorations provider vscode.git 731
2023-02-01 11:31:57.999 [warning] [Decorations] CAPPING events from decorations provider vscode.git 731
2023-02-01 11:32:03.217 [warning] [Decorations] CAPPING events from decorations provider vscode.git 731
2023-02-01 11:32:09.156 [warning] [Decorations] CAPPING events from decorations provider vscode.git 731
2023-02-01 11:32:14.281 [warning] [Decorations] CAPPING events from decorations provider vscode.git 731
2023-02-01 11:32:19.414 [warning] [Decorations] CAPPING events from decorations provider vscode.git 731
2023-02-01 11:32:24.548 [warning] [Decorations] CAPPING events from decorations provider vscode.git 731
2023-02-01 11:32:29.683 [warning] [Decorations] CAPPING events from decorations provider vscode.git 731
2023-02-01 11:32:47.053 [warning] [Decorations] CAPPING events from decorations provider vscode.git 732
2023-02-01 11:32:52.180 [warning] [Decorations] CAPPING events from decorations provider vscode.git 732
2023-02-01 11:32:57.303 [warning] [Decorations] CAPPING events from decorations provider vscode.git 732
2023-02-01 11:33:02.447 [warning] [Decorations] CAPPING events from decorations provider vscode.git 732
2023-02-01 11:33:07.580 [warning] [Decorations] CAPPING events from decorations provider vscode.git 732
2023-02-01 11:33:19.208 [warning] [Decorations] CAPPING events from decorations provider vscode.git 733
2023-02-01 11:33:24.406 [warning] [Decorations] CAPPING events from decorations provider vscode.git 733
2023-02-01 11:33:35.224 [warning] [Decorations] CAPPING events from decorations provider vscode.git 734
2023-02-01 11:33:42.118 [warning] [Decorations] CAPPING events from decorations provider vscode.git 734
2023-02-01 11:34:06.580 [warning] [Decorations] CAPPING events from decorations provider vscode.git 735
2023-02-01 11:34:11.708 [warning] [Decorations] CAPPING events from decorations provider vscode.git 735
2023-02-01 11:34:19.679 [warning] [Decorations] CAPPING events from decorations provider vscode.git 735
2023-02-01 11:34:26.523 [warning] [Decorations] CAPPING events from decorations provider vscode.git 736
2023-02-01 11:34:40.337 [warning] [Decorations] CAPPING events from decorations provider vscode.git 737
2023-02-01 11:34:45.454 [warning] [Decorations] CAPPING events from decorations provider vscode.git 737
2023-02-01 11:34:50.606 [warning] [Decorations] CAPPING events from decorations provider vscode.git 737
2023-02-01 11:34:57.488 [warning] [Decorations] CAPPING events from decorations provider vscode.git 737
2023-02-01 11:35:05.400 [warning] [Decorations] CAPPING events from decorations provider vscode.git 737
2023-02-01 11:35:12.670 [warning] [Decorations] CAPPING events from decorations provider vscode.git 737
2023-02-01 11:35:19.434 [warning] [Decorations] CAPPING events from decorations provider vscode.git 738
2023-02-01 11:35:31.293 [warning] [Decorations] CAPPING events from decorations provider vscode.git 738
2023-02-01 11:35:39.320 [warning] [Decorations] CAPPING events from decorations provider vscode.git 738
2023-02-01 11:35:44.463 [warning] [Decorations] CAPPING events from decorations provider vscode.git 739
2023-02-01 11:36:08.565 [warning] [Decorations] CAPPING events from decorations provider vscode.git 739
2023-02-01 11:36:15.198 [warning] [Decorations] CAPPING events from decorations provider vscode.git 740
2023-02-01 11:36:21.515 [warning] [Decorations] CAPPING events from decorations provider vscode.git 740
2023-02-01 11:38:08.427 [warning] [Decorations] CAPPING events from decorations provider vscode.git 741
2023-02-01 11:38:20.391 [warning] [Decorations] CAPPING events from decorations provider vscode.git 742
2023-02-01 11:38:26.610 [warning] [Decorations] CAPPING events from decorations provider vscode.git 743
2023-02-01 11:38:56.412 [warning] [Decorations] CAPPING events from decorations provider vscode.git 744
2023-02-01 11:39:12.849 [warning] [Decorations] CAPPING events from decorations provider vscode.git 744
2023-02-01 11:39:21.707 [warning] [Decorations] CAPPING events from decorations provider vscode.git 744
2023-02-01 11:39:26.853 [warning] [Decorations] CAPPING events from decorations provider vscode.git 744
2023-02-01 11:39:31.984 [warning] [Decorations] CAPPING events from decorations provider vscode.git 735
2023-02-01 11:39:37.108 [warning] [Decorations] CAPPING events from decorations provider vscode.git 735
2023-02-01 11:39:42.227 [warning] [Decorations] CAPPING events from decorations provider vscode.git 735
2023-02-01 11:39:49.646 [warning] [Decorations] CAPPING events from decorations provider vscode.git 735
2023-02-01 11:40:03.574 [warning] [Decorations] CAPPING events from decorations provider vscode.git 736
2023-02-01 11:40:08.740 [warning] [Decorations] CAPPING events from decorations provider vscode.git 736
2023-02-01 11:40:16.460 [warning] [Decorations] CAPPING events from decorations provider vscode.git 737
2023-02-01 11:40:21.590 [warning] [Decorations] CAPPING events from decorations provider vscode.git 738
2023-02-01 11:40:28.456 [warning] [Decorations] CAPPING events from decorations provider vscode.git 739
2023-02-01 11:40:33.580 [warning] [Decorations] CAPPING events from decorations provider vscode.git 739
2023-02-01 11:40:38.853 [warning] [Decorations] CAPPING events from decorations provider vscode.git 739
2023-02-01 11:40:43.986 [warning] [Decorations] CAPPING events from decorations provider vscode.git 739
2023-02-01 11:40:49.566 [warning] [Decorations] CAPPING events from decorations provider vscode.git 739
2023-02-01 11:41:36.551 [warning] [Decorations] CAPPING events from decorations provider vscode.git 740
2023-02-01 11:41:41.689 [warning] [Decorations] CAPPING events from decorations provider vscode.git 740
2023-02-01 11:41:46.822 [warning] [Decorations] CAPPING events from decorations provider vscode.git 740
2023-02-01 11:42:07.897 [warning] [Decorations] CAPPING events from decorations provider vscode.git 740
2023-02-01 11:42:13.654 [warning] [Decorations] CAPPING events from decorations provider vscode.git 741
2023-02-01 11:42:18.772 [warning] [Decorations] CAPPING events from decorations provider vscode.git 741
2023-02-01 11:42:23.935 [warning] [Decorations] CAPPING events from decorations provider vscode.git 741
2023-02-01 11:42:44.479 [warning] [Decorations] CAPPING events from decorations provider vscode.git 741
2023-02-01 11:42:49.716 [warning] [Decorations] CAPPING events from decorations provider vscode.git 742
2023-02-01 11:42:56.849 [warning] [Decorations] CAPPING events from decorations provider vscode.git 742
2023-02-01 11:43:01.983 [warning] [Decorations] CAPPING events from decorations provider vscode.git 742
2023-02-01 11:43:09.850 [warning] [Decorations] CAPPING events from decorations provider vscode.git 743
2023-02-01 11:43:15.006 [warning] [Decorations] CAPPING events from decorations provider vscode.git 743
2023-02-01 11:43:20.150 [warning] [Decorations] CAPPING events from decorations provider vscode.git 743
2023-02-01 11:43:25.312 [warning] [Decorations] CAPPING events from decorations provider vscode.git 743
2023-02-01 11:43:30.577 [warning] [Decorations] CAPPING events from decorations provider vscode.git 744
2023-02-01 11:43:35.721 [warning] [Decorations] CAPPING events from decorations provider vscode.git 744
2023-02-01 11:43:49.884 [warning] [Decorations] CAPPING events from decorations provider vscode.git 744
2023-02-01 11:43:55.057 [warning] [Decorations] CAPPING events from decorations provider vscode.git 745
2023-02-01 11:44:00.216 [warning] [Decorations] CAPPING events from decorations provider vscode.git 745
2023-02-01 11:44:05.346 [warning] [Decorations] CAPPING events from decorations provider vscode.git 745
2023-02-01 11:44:12.017 [warning] [Decorations] CAPPING events from decorations provider vscode.git 745
2023-02-01 11:44:20.783 [warning] [Decorations] CAPPING events from decorations provider vscode.git 745
2023-02-01 11:44:26.778 [warning] [Decorations] CAPPING events from decorations provider vscode.git 745
2023-02-01 11:44:31.906 [warning] [Decorations] CAPPING events from decorations provider vscode.git 735
2023-02-01 11:44:37.053 [warning] [Decorations] CAPPING events from decorations provider vscode.git 735
2023-02-01 11:44:42.573 [warning] [Decorations] CAPPING events from decorations provider vscode.git 735
2023-02-01 11:44:47.720 [warning] [Decorations] CAPPING events from decorations provider vscode.git 735
2023-02-01 11:45:28.626 [warning] [Decorations] CAPPING events from decorations provider vscode.git 735
2023-02-01 11:45:37.301 [warning] [Decorations] CAPPING events from decorations provider vscode.git 736
2023-02-01 11:45:42.456 [warning] [Decorations] CAPPING events from decorations provider vscode.git 736
2023-02-01 11:45:50.019 [warning] [Decorations] CAPPING events from decorations provider vscode.git 737
2023-02-01 11:46:04.496 [warning] [Decorations] CAPPING events from decorations provider vscode.git 737
2023-02-01 11:46:09.633 [warning] [Decorations] CAPPING events from decorations provider vscode.git 737
2023-02-01 11:47:40.396 [warning] [Decorations] CAPPING events from decorations provider vscode.git 738
2023-02-01 11:47:49.986 [warning] [Decorations] CAPPING events from decorations provider vscode.git 738
2023-02-01 11:47:58.335 [warning] [Decorations] CAPPING events from decorations provider vscode.git 739
2023-02-01 11:48:06.827 [warning] [Decorations] CAPPING events from decorations provider vscode.git 739
2023-02-01 11:48:15.372 [warning] [Decorations] CAPPING events from decorations provider vscode.git 739
2023-02-01 11:48:20.533 [warning] [Decorations] CAPPING events from decorations provider vscode.git 739
2023-02-01 11:48:27.949 [warning] [Decorations] CAPPING events from decorations provider vscode.git 740
2023-02-01 11:48:34.266 [warning] [Decorations] CAPPING events from decorations provider vscode.git 740
2023-02-01 11:48:43.139 [warning] [Decorations] CAPPING events from decorations provider vscode.git 740
2023-02-01 11:48:48.267 [warning] [Decorations] CAPPING events from decorations provider vscode.git 740
2023-02-01 11:48:53.407 [warning] [Decorations] CAPPING events from decorations provider vscode.git 740
2023-02-01 11:48:58.545 [warning] [Decorations] CAPPING events from decorations provider vscode.git 740
2023-02-01 11:49:03.683 [warning] [Decorations] CAPPING events from decorations provider vscode.git 740
2023-02-01 11:49:08.822 [warning] [Decorations] CAPPING events from decorations provider vscode.git 740
2023-02-01 11:49:53.129 [warning] [Decorations] CAPPING events from decorations provider vscode.git 740
2023-02-01 11:50:17.870 [warning] [Decorations] CAPPING events from decorations provider vscode.git 735
2023-02-01 11:50:33.812 [warning] [Decorations] CAPPING events from decorations provider vscode.git 735
2023-02-01 11:51:20.275 [warning] [Decorations] CAPPING events from decorations provider vscode.git 735
2023-02-01 11:51:45.792 [warning] [Decorations] CAPPING events from decorations provider vscode.git 736
2023-02-01 11:51:50.957 [warning] [Decorations] CAPPING events from decorations provider vscode.git 736
2023-02-01 11:51:56.128 [warning] [Decorations] CAPPING events from decorations provider vscode.git 736
2023-02-01 11:52:01.288 [warning] [Decorations] CAPPING events from decorations provider vscode.git 736
2023-02-01 11:52:06.456 [warning] [Decorations] CAPPING events from decorations provider vscode.git 736
2023-02-01 11:52:17.838 [warning] [Decorations] CAPPING events from decorations provider vscode.git 737
2023-02-01 11:52:23.011 [warning] [Decorations] CAPPING events from decorations provider vscode.git 737
2023-02-01 11:52:29.614 [warning] [Decorations] CAPPING events from decorations provider vscode.git 737
2023-02-01 11:52:42.433 [warning] [Decorations] CAPPING events from decorations provider vscode.git 738
2023-02-01 11:52:49.758 [warning] [Decorations] CAPPING events from decorations provider vscode.git 738
2023-02-01 11:53:02.701 [warning] [Decorations] CAPPING events from decorations provider vscode.git 739
2023-02-01 11:53:35.824 [warning] [Decorations] CAPPING events from decorations provider vscode.git 740
2023-02-01 11:53:41.006 [warning] [Decorations] CAPPING events from decorations provider vscode.git 740
2023-02-01 11:53:49.664 [warning] [Decorations] CAPPING events from decorations provider vscode.git 740
2023-02-01 11:53:54.864 [warning] [Decorations] CAPPING events from decorations provider vscode.git 741
2023-02-01 11:54:00.040 [warning] [Decorations] CAPPING events from decorations provider vscode.git 741
2023-02-01 11:54:05.218 [warning] [Decorations] CAPPING events from decorations provider vscode.git 741
2023-02-01 11:54:19.795 [warning] [Decorations] CAPPING events from decorations provider vscode.git 741
2023-02-01 11:55:10.520 [warning] [Decorations] CAPPING events from decorations provider vscode.git 741
2023-02-01 11:55:35.346 [warning] [Decorations] CAPPING events from decorations provider vscode.git 736
2023-02-01 11:55:40.528 [warning] [Decorations] CAPPING events from decorations provider vscode.git 736
2023-02-01 11:55:49.901 [warning] [Decorations] CAPPING events from decorations provider vscode.git 737
2023-02-01 11:55:55.067 [warning] [Decorations] CAPPING events from decorations provider vscode.git 737
2023-02-01 11:56:00.209 [warning] [Decorations] CAPPING events from decorations provider vscode.git 737
2023-02-01 11:56:11.350 [warning] [Decorations] CAPPING events from decorations provider vscode.git 738
2023-02-01 11:56:16.518 [warning] [Decorations] CAPPING events from decorations provider vscode.git 738
2023-02-01 11:56:22.185 [warning] [Decorations] CAPPING events from decorations provider vscode.git 738
2023-02-01 12:03:55.343 [warning] [Decorations] CAPPING events from decorations provider vscode.git 738
2023-02-01 12:04:03.030 [warning] [Decorations] CAPPING events from decorations provider vscode.git 736
2023-02-01 12:04:08.188 [warning] [Decorations] CAPPING events from decorations provider vscode.git 736
2023-02-01 12:04:59.124 [warning] [Decorations] CAPPING events from decorations provider vscode.git 736
2023-02-01 12:05:04.297 [warning] [Decorations] CAPPING events from decorations provider vscode.git 735
2023-02-01 12:05:09.439 [warning] [Decorations] CAPPING events from decorations provider vscode.git 736
2023-02-01 12:05:14.644 [warning] [Decorations] CAPPING events from decorations provider vscode.git 737
2023-02-01 12:05:20.001 [warning] [Decorations] CAPPING events from decorations provider vscode.git 738
2023-02-01 12:05:29.063 [warning] [Decorations] CAPPING events from decorations provider vscode.git 739
2023-02-01 12:05:34.224 [warning] [Decorations] CAPPING events from decorations provider vscode.git 739
2023-02-01 12:05:39.446 [warning] [Decorations] CAPPING events from decorations provider vscode.git 739
2023-02-01 12:05:49.210 [warning] [Decorations] CAPPING events from decorations provider vscode.git 739
2023-02-01 12:05:55.491 [warning] [Decorations] CAPPING events from decorations provider vscode.git 740
2023-02-01 12:06:02.365 [warning] [Decorations] CAPPING events from decorations provider vscode.git 740
2023-02-01 12:06:07.546 [warning] [Decorations] CAPPING events from decorations provider vscode.git 740
2023-02-01 12:06:12.725 [warning] [Decorations] CAPPING events from decorations provider vscode.git 740
2023-02-01 12:06:20.852 [warning] [Decorations] CAPPING events from decorations provider vscode.git 740
2023-02-01 12:06:32.154 [warning] [Decorations] CAPPING events from decorations provider vscode.git 740
2023-02-01 12:08:50.973 [warning] [Decorations] CAPPING events from decorations provider vscode.git 740
2023-02-01 12:08:52.871 [info] Extension host terminating: received terminate message from renderer
2023-02-01 12:08:53.439 [info] Extension host with pid 16856 exiting with code 0
