2023-01-21 15:31:03.098 [info] Extension host with pid 20704 started
2023-01-21 15:31:03.098 [info] Skipping acquiring lock for d:\examples\coursera_test\react_examples\ecommerce\User\workspaceStorage\e4f9a451059ddbe5198683f6e0734d6e.
2023-01-21 15:31:03.374 [info] ExtensionService#_doActivateExtension vscode.typescript-language-features, startup: false, activationEvent: 'onLanguage:javascript'
2023-01-21 15:31:03.375 [info] ExtensionService#_doActivateExtension vscode.microsoft-authentication, startup: false, activationEvent: 'onAuthenticationRequest:microsoft'
2023-01-21 15:31:03.376 [info] ExtensionService#_doActivateExtension vscode.git-base, startup: true, activationEvent: '*', root cause: vscode.git
2023-01-21 15:31:03.527 [info] ExtensionService#_doActivateExtension vscode.npm, startup: true, activationEvent: 'workspaceContains:package.json'
2023-01-21 15:31:04.348 [info] ExtensionService#_doActivateExtension vscode.git, startup: true, activationEvent: '*'
2023-01-21 15:31:04.348 [info] ExtensionService#_doActivateExtension vscode.github, startup: true, activationEvent: '*'
2023-01-21 15:31:04.869 [info] ExtensionService#_doActivateExtension vscode.github-authentication, startup: false, activationEvent: 'onAuthenticationRequest:github'
2023-01-21 15:31:05.406 [info] Eager extensions activated
2023-01-21 15:31:05.518 [info] ExtensionService#_doActivateExtension vscode.debug-auto-launch, startup: false, activationEvent: 'onStartupFinished'
2023-01-21 15:31:05.518 [info] ExtensionService#_doActivateExtension vscode.emmet, startup: false, activationEvent: 'onStartupFinished'
2023-01-21 15:31:05.519 [info] ExtensionService#_doActivateExtension vscode.merge-conflict, startup: false, activationEvent: 'onStartupFinished'
2023-01-21 15:31:05.519 [info] ExtensionService#_doActivateExtension ms-vscode-remote.remote-wsl-recommender, startup: false, activationEvent: 'onStartupFinished'
2023-01-21 15:31:06.836 [warning] [Decorations] CAPPING events from decorations provider vscode.git 517
2023-01-21 15:31:07.159 [warning] [Decorations] CAPPING events from decorations provider vscode.git 517
2023-01-21 15:31:10.649 [warning] [Decorations] CAPPING events from decorations provider vscode.git 517
2023-01-21 15:31:28.749 [warning] [Decorations] CAPPING events from decorations provider vscode.git 518
2023-01-21 15:31:33.886 [warning] [Decorations] CAPPING events from decorations provider vscode.git 516
2023-01-21 15:31:49.603 [warning] [Decorations] CAPPING events from decorations provider vscode.git 516
2023-01-21 15:32:03.998 [warning] [Decorations] CAPPING events from decorations provider vscode.git 516
2023-01-21 15:32:09.656 [warning] [Decorations] CAPPING events from decorations provider vscode.git 517
2023-01-21 15:32:14.939 [warning] [Decorations] CAPPING events from decorations provider vscode.git 517
2023-01-21 15:32:20.104 [warning] [Decorations] CAPPING events from decorations provider vscode.git 517
2023-01-21 15:35:53.346 [warning] [Decorations] CAPPING events from decorations provider vscode.git 517
2023-01-21 15:36:06.468 [warning] [Decorations] CAPPING events from decorations provider vscode.git 517
2023-01-21 15:36:21.792 [warning] [Decorations] CAPPING events from decorations provider vscode.git 518
2023-01-21 15:36:32.219 [warning] [Decorations] CAPPING events from decorations provider vscode.git 518
2023-01-21 15:36:37.379 [warning] [Decorations] CAPPING events from decorations provider vscode.git 518
2023-01-21 15:36:46.691 [warning] [Decorations] CAPPING events from decorations provider vscode.git 519
2023-01-21 15:36:51.843 [warning] [Decorations] CAPPING events from decorations provider vscode.git 519
2023-01-21 15:37:06.454 [warning] [Decorations] CAPPING events from decorations provider vscode.git 519
2023-01-21 15:37:11.605 [warning] [Decorations] CAPPING events from decorations provider vscode.git 520
2023-01-21 15:37:27.330 [warning] [Decorations] CAPPING events from decorations provider vscode.git 521
2023-01-21 15:37:34.091 [warning] [Decorations] CAPPING events from decorations provider vscode.git 521
2023-01-21 15:37:44.719 [warning] [Decorations] CAPPING events from decorations provider vscode.git 522
2023-01-21 15:37:49.884 [warning] [Decorations] CAPPING events from decorations provider vscode.git 522
2023-01-21 15:37:55.033 [warning] [Decorations] CAPPING events from decorations provider vscode.git 522
2023-01-21 15:38:06.451 [warning] [Decorations] CAPPING events from decorations provider vscode.git 522
2023-01-21 15:38:21.367 [warning] [Decorations] CAPPING events from decorations provider vscode.git 523
2023-01-21 15:38:26.866 [warning] [Decorations] CAPPING events from decorations provider vscode.git 523
2023-01-21 15:38:41.341 [warning] [Decorations] CAPPING events from decorations provider vscode.git 524
2023-01-21 15:38:46.488 [warning] [Decorations] CAPPING events from decorations provider vscode.git 524
2023-01-21 15:40:25.736 [warning] [Decorations] CAPPING events from decorations provider vscode.git 524
2023-01-21 15:41:21.925 [warning] [Decorations] CAPPING events from decorations provider vscode.git 524
2023-01-21 15:41:30.117 [warning] [Decorations] CAPPING events from decorations provider vscode.git 525
2023-01-21 15:41:35.268 [warning] [Decorations] CAPPING events from decorations provider vscode.git 525
2023-01-21 15:41:49.467 [warning] [Decorations] CAPPING events from decorations provider vscode.git 525
2023-01-21 15:42:06.538 [warning] [Decorations] CAPPING events from decorations provider vscode.git 525
2023-01-21 15:42:27.555 [warning] [Decorations] CAPPING events from decorations provider vscode.git 525
2023-01-21 15:43:03.820 [warning] [Decorations] CAPPING events from decorations provider vscode.git 525
2023-01-21 15:43:26.444 [warning] [Decorations] CAPPING events from decorations provider vscode.git 526
2023-01-21 15:43:48.894 [warning] [Decorations] CAPPING events from decorations provider vscode.git 526
2023-01-21 15:44:06.699 [warning] [Decorations] CAPPING events from decorations provider vscode.git 526
2023-01-21 15:44:15.372 [warning] [Decorations] CAPPING events from decorations provider vscode.git 527
2023-01-21 15:44:20.516 [warning] [Decorations] CAPPING events from decorations provider vscode.git 527
2023-01-21 15:44:25.677 [warning] [Decorations] CAPPING events from decorations provider vscode.git 527
2023-01-21 15:44:51.814 [warning] [Decorations] CAPPING events from decorations provider vscode.git 527
2023-01-21 15:44:56.973 [warning] [Decorations] CAPPING events from decorations provider vscode.git 527
2023-01-21 15:46:24.959 [warning] [Decorations] CAPPING events from decorations provider vscode.git 528
2023-01-21 15:46:30.096 [warning] [Decorations] CAPPING events from decorations provider vscode.git 528
2023-01-21 15:46:39.914 [warning] [Decorations] CAPPING events from decorations provider vscode.git 529
2023-01-21 15:46:45.065 [warning] [Decorations] CAPPING events from decorations provider vscode.git 529
2023-01-21 15:46:51.177 [warning] [Decorations] CAPPING events from decorations provider vscode.git 529
2023-01-21 15:47:26.466 [warning] [Decorations] CAPPING events from decorations provider vscode.git 530
2023-01-21 15:47:34.282 [warning] [Decorations] CAPPING events from decorations provider vscode.git 530
2023-01-21 15:47:46.211 [warning] [Decorations] CAPPING events from decorations provider vscode.git 530
2023-01-21 15:48:13.973 [warning] [Decorations] CAPPING events from decorations provider vscode.git 531
2023-01-21 15:48:19.147 [warning] [Decorations] CAPPING events from decorations provider vscode.git 531
2023-01-21 15:48:24.291 [warning] [Decorations] CAPPING events from decorations provider vscode.git 532
2023-01-21 15:48:29.454 [warning] [Decorations] CAPPING events from decorations provider vscode.git 532
2023-01-21 15:48:34.598 [warning] [Decorations] CAPPING events from decorations provider vscode.git 532
2023-01-21 15:48:39.737 [warning] [Decorations] CAPPING events from decorations provider vscode.git 532
2023-01-21 15:48:47.080 [warning] [Decorations] CAPPING events from decorations provider vscode.git 532
2023-01-21 15:48:52.228 [warning] [Decorations] CAPPING events from decorations provider vscode.git 532
2023-01-21 15:49:14.213 [warning] [Decorations] CAPPING events from decorations provider vscode.git 533
2023-01-21 15:49:19.383 [warning] [Decorations] CAPPING events from decorations provider vscode.git 533
2023-01-21 15:49:36.746 [warning] [Decorations] CAPPING events from decorations provider vscode.git 533
2023-01-21 15:49:48.482 [warning] [Decorations] CAPPING events from decorations provider vscode.git 534
2023-01-21 15:49:53.610 [warning] [Decorations] CAPPING events from decorations provider vscode.git 534
2023-01-21 15:49:58.750 [warning] [Decorations] CAPPING events from decorations provider vscode.git 534
2023-01-21 15:50:03.885 [warning] [Decorations] CAPPING events from decorations provider vscode.git 534
2023-01-21 15:50:11.336 [warning] [Decorations] CAPPING events from decorations provider vscode.git 535
2023-01-21 15:50:21.786 [warning] [Decorations] CAPPING events from decorations provider vscode.git 535
2023-01-21 15:50:26.957 [warning] [Decorations] CAPPING events from decorations provider vscode.git 535
2023-01-21 15:50:32.287 [warning] [Decorations] CAPPING events from decorations provider vscode.git 536
2023-01-21 15:50:38.240 [warning] [Decorations] CAPPING events from decorations provider vscode.git 536
2023-01-21 15:51:12.425 [warning] [Decorations] CAPPING events from decorations provider vscode.git 537
2023-01-21 15:51:24.491 [warning] [Decorations] CAPPING events from decorations provider vscode.git 538
2023-01-21 15:51:57.339 [warning] [Decorations] CAPPING events from decorations provider vscode.git 538
2023-01-21 15:52:17.801 [warning] [Decorations] CAPPING events from decorations provider vscode.git 539
2023-01-21 15:52:27.540 [warning] [Decorations] CAPPING events from decorations provider vscode.git 540
2023-01-21 15:52:36.410 [warning] [Decorations] CAPPING events from decorations provider vscode.git 540
2023-01-21 15:52:41.555 [warning] [Decorations] CAPPING events from decorations provider vscode.git 540
2023-01-21 15:53:48.218 [warning] [Decorations] CAPPING events from decorations provider vscode.git 540
2023-01-21 15:53:53.371 [warning] [Decorations] CAPPING events from decorations provider vscode.git 538
2023-01-21 15:54:12.658 [warning] [Decorations] CAPPING events from decorations provider vscode.git 539
2023-01-21 15:54:31.788 [warning] [Decorations] CAPPING events from decorations provider vscode.git 539
2023-01-21 15:55:26.579 [warning] [Decorations] CAPPING events from decorations provider vscode.git 539
2023-01-21 15:55:59.685 [warning] [Decorations] CAPPING events from decorations provider vscode.git 540
2023-01-21 15:56:04.838 [warning] [Decorations] CAPPING events from decorations provider vscode.git 541
2023-01-21 15:56:23.799 [warning] [Decorations] CAPPING events from decorations provider vscode.git 542
2023-01-21 15:56:28.963 [warning] [Decorations] CAPPING events from decorations provider vscode.git 542
2023-01-21 15:56:34.124 [warning] [Decorations] CAPPING events from decorations provider vscode.git 542
2023-01-21 15:56:39.259 [warning] [Decorations] CAPPING events from decorations provider vscode.git 542
2023-01-21 15:56:50.576 [warning] [Decorations] CAPPING events from decorations provider vscode.git 542
2023-01-21 15:57:08.546 [warning] [Decorations] CAPPING events from decorations provider vscode.git 542
2023-01-21 15:57:34.021 [warning] [Decorations] CAPPING events from decorations provider vscode.git 542
2023-01-21 15:57:52.097 [warning] [Decorations] CAPPING events from decorations provider vscode.git 543
2023-01-21 15:57:58.724 [warning] [Decorations] CAPPING events from decorations provider vscode.git 543
2023-01-21 15:58:03.876 [warning] [Decorations] CAPPING events from decorations provider vscode.git 543
2023-01-21 15:58:09.021 [warning] [Decorations] CAPPING events from decorations provider vscode.git 543
2023-01-21 15:58:27.684 [warning] [Decorations] CAPPING events from decorations provider vscode.git 543
2023-01-21 15:58:32.824 [warning] [Decorations] CAPPING events from decorations provider vscode.git 544
2023-01-21 15:58:37.974 [warning] [Decorations] CAPPING events from decorations provider vscode.git 544
2023-01-21 15:58:43.127 [warning] [Decorations] CAPPING events from decorations provider vscode.git 544
2023-01-21 15:58:48.325 [warning] [Decorations] CAPPING events from decorations provider vscode.git 544
2023-01-21 15:59:30.742 [warning] [Decorations] CAPPING events from decorations provider vscode.git 544
2023-01-21 15:59:46.315 [warning] [Decorations] CAPPING events from decorations provider vscode.git 544
2023-01-21 16:00:21.326 [warning] [Decorations] CAPPING events from decorations provider vscode.git 544
2023-01-21 16:00:44.494 [warning] [Decorations] CAPPING events from decorations provider vscode.git 545
2023-01-21 16:00:49.661 [warning] [Decorations] CAPPING events from decorations provider vscode.git 545
2023-01-21 16:00:54.790 [warning] [Decorations] CAPPING events from decorations provider vscode.git 545
2023-01-21 16:00:59.912 [warning] [Decorations] CAPPING events from decorations provider vscode.git 545
2023-01-21 16:01:05.050 [warning] [Decorations] CAPPING events from decorations provider vscode.git 546
2023-01-21 16:01:27.462 [warning] [Decorations] CAPPING events from decorations provider vscode.git 546
2023-01-21 16:01:41.950 [warning] [Decorations] CAPPING events from decorations provider vscode.git 547
2023-01-21 16:01:47.083 [warning] [Decorations] CAPPING events from decorations provider vscode.git 548
2023-01-21 16:01:52.244 [warning] [Decorations] CAPPING events from decorations provider vscode.git 548
2023-01-21 16:02:01.749 [warning] [Decorations] CAPPING events from decorations provider vscode.git 549
2023-01-21 16:02:06.907 [warning] [Decorations] CAPPING events from decorations provider vscode.git 549
2023-01-21 16:02:27.469 [warning] [Decorations] CAPPING events from decorations provider vscode.git 549
2023-01-21 16:03:27.590 [warning] [Decorations] CAPPING events from decorations provider vscode.git 549
2023-01-21 16:03:32.763 [warning] [Decorations] CAPPING events from decorations provider vscode.git 549
2023-01-21 16:03:37.917 [warning] [Decorations] CAPPING events from decorations provider vscode.git 550
2023-01-21 16:04:00.720 [warning] [Decorations] CAPPING events from decorations provider vscode.git 551
2023-01-21 16:04:27.745 [warning] [Decorations] CAPPING events from decorations provider vscode.git 551
2023-01-21 16:05:27.471 [warning] [Decorations] CAPPING events from decorations provider vscode.git 551
2023-01-21 16:05:46.363 [warning] [Decorations] CAPPING events from decorations provider vscode.git 551
2023-01-21 16:07:17.468 [warning] [Decorations] CAPPING events from decorations provider vscode.git 552
2023-01-21 16:07:22.599 [warning] [Decorations] CAPPING events from decorations provider vscode.git 552
2023-01-21 16:07:27.752 [warning] [Decorations] CAPPING events from decorations provider vscode.git 552
2023-01-21 16:07:32.886 [warning] [Decorations] CAPPING events from decorations provider vscode.git 553
2023-01-21 16:07:40.491 [warning] [Decorations] CAPPING events from decorations provider vscode.git 554
2023-01-21 16:07:47.989 [warning] [Decorations] CAPPING events from decorations provider vscode.git 554
2023-01-21 16:07:53.174 [warning] [Decorations] CAPPING events from decorations provider vscode.git 554
2023-01-21 16:07:58.342 [warning] [Decorations] CAPPING events from decorations provider vscode.git 554
2023-01-21 16:08:03.493 [warning] [Decorations] CAPPING events from decorations provider vscode.git 554
2023-01-21 16:08:08.624 [warning] [Decorations] CAPPING events from decorations provider vscode.git 554
2023-01-21 16:08:15.015 [warning] [Decorations] CAPPING events from decorations provider vscode.git 554
2023-01-21 16:08:27.786 [warning] [Decorations] CAPPING events from decorations provider vscode.git 554
2023-01-21 16:08:32.937 [warning] [Decorations] CAPPING events from decorations provider vscode.git 555
2023-01-21 16:08:38.077 [warning] [Decorations] CAPPING events from decorations provider vscode.git 555
2023-01-21 16:08:43.336 [warning] [Decorations] CAPPING events from decorations provider vscode.git 556
2023-01-21 16:08:48.468 [warning] [Decorations] CAPPING events from decorations provider vscode.git 556
2023-01-21 16:09:12.848 [warning] [Decorations] CAPPING events from decorations provider vscode.git 557
2023-01-21 16:09:17.998 [warning] [Decorations] CAPPING events from decorations provider vscode.git 557
2023-01-21 16:09:27.816 [warning] [Decorations] CAPPING events from decorations provider vscode.git 557
2023-01-21 16:09:37.904 [warning] [Decorations] CAPPING events from decorations provider vscode.git 558
2023-01-21 16:09:43.060 [warning] [Decorations] CAPPING events from decorations provider vscode.git 558
2023-01-21 16:09:48.202 [warning] [Decorations] CAPPING events from decorations provider vscode.git 558
2023-01-21 16:10:01.785 [warning] [Decorations] CAPPING events from decorations provider vscode.git 559
2023-01-21 16:10:06.941 [warning] [Decorations] CAPPING events from decorations provider vscode.git 559
2023-01-21 16:10:12.087 [warning] [Decorations] CAPPING events from decorations provider vscode.git 559
2023-01-21 16:10:17.235 [warning] [Decorations] CAPPING events from decorations provider vscode.git 559
2023-01-21 16:10:27.693 [warning] [Decorations] CAPPING events from decorations provider vscode.git 559
2023-01-21 16:10:54.962 [warning] [Decorations] CAPPING events from decorations provider vscode.git 560
2023-01-21 16:11:00.114 [warning] [Decorations] CAPPING events from decorations provider vscode.git 560
2023-01-21 16:11:07.151 [warning] [Decorations] CAPPING events from decorations provider vscode.git 560
2023-01-21 16:11:28.297 [warning] [Decorations] CAPPING events from decorations provider vscode.git 561
2023-01-21 16:11:33.451 [warning] [Decorations] CAPPING events from decorations provider vscode.git 561
2023-01-21 16:11:42.737 [warning] [Decorations] CAPPING events from decorations provider vscode.git 561
2023-01-21 16:12:30.632 [warning] [Decorations] CAPPING events from decorations provider vscode.git 561
2023-01-21 16:13:30.066 [warning] [Decorations] CAPPING events from decorations provider vscode.git 561
2023-01-21 16:13:38.969 [warning] [Decorations] CAPPING events from decorations provider vscode.git 562
2023-01-21 16:13:44.105 [warning] [Decorations] CAPPING events from decorations provider vscode.git 562
2023-01-21 16:13:49.247 [warning] [Decorations] CAPPING events from decorations provider vscode.git 562
2023-01-21 16:13:55.173 [warning] [Decorations] CAPPING events from decorations provider vscode.git 562
2023-01-21 16:14:27.982 [warning] [Decorations] CAPPING events from decorations provider vscode.git 562
2023-01-21 16:14:41.020 [warning] [Decorations] CAPPING events from decorations provider vscode.git 563
2023-01-21 16:14:46.242 [warning] [Decorations] CAPPING events from decorations provider vscode.git 563
2023-01-21 16:15:42.149 [warning] [Decorations] CAPPING events from decorations provider vscode.git 563
2023-01-21 16:15:49.133 [warning] [Decorations] CAPPING events from decorations provider vscode.git 564
2023-01-21 16:15:54.335 [warning] [Decorations] CAPPING events from decorations provider vscode.git 564
2023-01-21 16:15:59.477 [warning] [Decorations] CAPPING events from decorations provider vscode.git 564
2023-01-21 16:16:04.623 [warning] [Decorations] CAPPING events from decorations provider vscode.git 564
2023-01-21 16:16:36.627 [warning] [Decorations] CAPPING events from decorations provider vscode.git 564
2023-01-21 16:16:49.917 [warning] [Decorations] CAPPING events from decorations provider vscode.git 565
2023-01-21 16:16:55.114 [warning] [Decorations] CAPPING events from decorations provider vscode.git 565
2023-01-21 16:17:00.267 [warning] [Decorations] CAPPING events from decorations provider vscode.git 565
2023-01-21 16:17:07.797 [warning] [Decorations] CAPPING events from decorations provider vscode.git 565
2023-01-21 16:17:12.951 [warning] [Decorations] CAPPING events from decorations provider vscode.git 565
2023-01-21 16:17:29.194 [warning] [Decorations] CAPPING events from decorations provider vscode.git 565
2023-01-21 16:17:34.339 [warning] [Decorations] CAPPING events from decorations provider vscode.git 565
2023-01-21 16:18:27.976 [warning] [Decorations] CAPPING events from decorations provider vscode.git 565
2023-01-21 16:18:45.893 [warning] [Decorations] CAPPING events from decorations provider vscode.git 565
2023-01-21 16:20:05.294 [warning] [Decorations] CAPPING events from decorations provider vscode.git 566
2023-01-21 16:20:12.795 [warning] [Decorations] CAPPING events from decorations provider vscode.git 567
2023-01-21 16:20:17.963 [warning] [Decorations] CAPPING events from decorations provider vscode.git 567
2023-01-21 16:24:18.563 [warning] [Decorations] CAPPING events from decorations provider vscode.git 567
2023-01-21 16:24:28.034 [warning] [Decorations] CAPPING events from decorations provider vscode.git 567
2023-01-21 16:24:45.593 [warning] [Decorations] CAPPING events from decorations provider vscode.git 567
2023-01-21 16:25:04.131 [warning] [Decorations] CAPPING events from decorations provider vscode.git 567
2023-01-21 16:44:59.831 [warning] [Decorations] CAPPING events from decorations provider vscode.git 567
2023-01-21 16:45:05.677 [warning] [Decorations] CAPPING events from decorations provider vscode.git 567
2023-01-21 16:45:28.966 [warning] [Decorations] CAPPING events from decorations provider vscode.git 567
2023-01-21 16:45:37.688 [warning] [Decorations] CAPPING events from decorations provider vscode.git 568
2023-01-21 16:45:44.100 [warning] [Decorations] CAPPING events from decorations provider vscode.git 568
2023-01-21 16:45:49.448 [warning] [Decorations] CAPPING events from decorations provider vscode.git 568
2023-01-21 16:45:56.139 [warning] [Decorations] CAPPING events from decorations provider vscode.git 568
2023-01-21 16:46:02.435 [warning] [Decorations] CAPPING events from decorations provider vscode.git 568
2023-01-21 16:46:07.643 [warning] [Decorations] CAPPING events from decorations provider vscode.git 570
2023-01-21 16:46:12.946 [warning] [Decorations] CAPPING events from decorations provider vscode.git 570
2023-01-21 16:46:18.197 [warning] [Decorations] CAPPING events from decorations provider vscode.git 570
2023-01-21 16:46:23.425 [warning] [Decorations] CAPPING events from decorations provider vscode.git 570
2023-01-21 16:46:29.013 [warning] [Decorations] CAPPING events from decorations provider vscode.git 570
2023-01-21 16:46:39.878 [warning] [Decorations] CAPPING events from decorations provider vscode.git 571
2023-01-21 16:46:45.105 [warning] [Decorations] CAPPING events from decorations provider vscode.git 571
2023-01-21 16:46:51.177 [warning] [Decorations] CAPPING events from decorations provider vscode.git 571
2023-01-21 16:46:56.342 [warning] [Decorations] CAPPING events from decorations provider vscode.git 571
2023-01-21 16:47:01.541 [warning] [Decorations] CAPPING events from decorations provider vscode.git 571
2023-01-21 16:47:06.756 [warning] [Decorations] CAPPING events from decorations provider vscode.git 571
2023-01-21 16:47:11.993 [warning] [Decorations] CAPPING events from decorations provider vscode.git 571
2023-01-21 16:47:23.957 [warning] [Decorations] CAPPING events from decorations provider vscode.git 572
2023-01-21 16:47:29.371 [warning] [Decorations] CAPPING events from decorations provider vscode.git 572
2023-01-21 16:47:39.783 [warning] [Decorations] CAPPING events from decorations provider vscode.git 573
2023-01-21 16:47:44.955 [warning] [Decorations] CAPPING events from decorations provider vscode.git 573
2023-01-21 16:47:56.441 [warning] [Decorations] CAPPING events from decorations provider vscode.git 573
2023-01-21 16:48:01.647 [warning] [Decorations] CAPPING events from decorations provider vscode.git 574
2023-01-21 16:48:06.844 [warning] [Decorations] CAPPING events from decorations provider vscode.git 574
2023-01-21 16:48:13.823 [warning] [Decorations] CAPPING events from decorations provider vscode.git 574
2023-01-21 16:48:19.926 [warning] [Decorations] CAPPING events from decorations provider vscode.git 574
2023-01-21 16:50:13.426 [warning] [Decorations] CAPPING events from decorations provider vscode.git 574
2023-01-21 16:50:24.758 [warning] [Decorations] CAPPING events from decorations provider vscode.git 575
2023-01-21 16:50:29.958 [warning] [Decorations] CAPPING events from decorations provider vscode.git 575
2023-01-21 16:50:36.091 [warning] [Decorations] CAPPING events from decorations provider vscode.git 575
2023-01-21 16:50:41.266 [warning] [Decorations] CAPPING events from decorations provider vscode.git 575
2023-01-21 16:50:49.298 [warning] [Decorations] CAPPING events from decorations provider vscode.git 576
2023-01-21 16:50:59.367 [warning] [Decorations] CAPPING events from decorations provider vscode.git 576
2023-01-21 16:51:04.638 [warning] [Decorations] CAPPING events from decorations provider vscode.git 577
2023-01-21 16:56:40.913 [warning] [Decorations] CAPPING events from decorations provider vscode.git 577
2023-01-21 16:56:46.082 [warning] [Decorations] CAPPING events from decorations provider vscode.git 577
2023-01-21 16:57:29.386 [warning] [Decorations] CAPPING events from decorations provider vscode.git 577
2023-01-21 16:58:18.435 [warning] [Decorations] CAPPING events from decorations provider vscode.git 577
2023-01-21 16:58:23.592 [warning] [Decorations] CAPPING events from decorations provider vscode.git 577
2023-01-21 16:58:29.263 [warning] [Decorations] CAPPING events from decorations provider vscode.git 577
2023-01-21 16:59:29.288 [warning] [Decorations] CAPPING events from decorations provider vscode.git 577
2023-01-21 17:00:41.304 [warning] [Decorations] CAPPING events from decorations provider vscode.git 578
2023-01-21 17:00:50.092 [warning] [Decorations] CAPPING events from decorations provider vscode.git 578
2023-01-21 17:00:55.253 [warning] [Decorations] CAPPING events from decorations provider vscode.git 578
2023-01-21 17:01:01.046 [warning] [Decorations] CAPPING events from decorations provider vscode.git 578
2023-01-21 17:01:06.614 [warning] [Decorations] CAPPING events from decorations provider vscode.git 578
2023-01-21 17:01:14.047 [warning] [Decorations] CAPPING events from decorations provider vscode.git 578
2023-01-21 17:01:25.366 [warning] [Decorations] CAPPING events from decorations provider vscode.git 579
2023-01-21 17:01:30.498 [warning] [Decorations] CAPPING events from decorations provider vscode.git 579
2023-01-21 17:01:35.660 [warning] [Decorations] CAPPING events from decorations provider vscode.git 579
2023-01-21 17:01:41.533 [warning] [Decorations] CAPPING events from decorations provider vscode.git 579
2023-01-21 17:03:01.781 [warning] [Decorations] CAPPING events from decorations provider vscode.git 579
2023-01-21 17:03:11.210 [warning] [Decorations] CAPPING events from decorations provider vscode.git 580
2023-01-21 17:03:16.355 [warning] [Decorations] CAPPING events from decorations provider vscode.git 580
2023-01-21 17:03:21.508 [warning] [Decorations] CAPPING events from decorations provider vscode.git 580
2023-01-21 17:03:26.641 [warning] [Decorations] CAPPING events from decorations provider vscode.git 580
2023-01-21 17:04:26.602 [warning] [Decorations] CAPPING events from decorations provider vscode.git 580
2023-01-21 17:04:36.427 [warning] [Decorations] CAPPING events from decorations provider vscode.git 581
2023-01-21 17:05:01.834 [warning] [Decorations] CAPPING events from decorations provider vscode.git 581
2023-01-21 17:05:21.520 [warning] [Decorations] CAPPING events from decorations provider vscode.git 582
2023-01-21 17:05:28.859 [warning] [Decorations] CAPPING events from decorations provider vscode.git 582
2023-01-21 17:05:33.989 [warning] [Decorations] CAPPING events from decorations provider vscode.git 583
2023-01-21 17:05:39.128 [warning] [Decorations] CAPPING events from decorations provider vscode.git 583
2023-01-21 17:05:44.285 [warning] [Decorations] CAPPING events from decorations provider vscode.git 583
2023-01-21 17:06:05.742 [warning] [Decorations] CAPPING events from decorations provider vscode.git 583
2023-01-21 17:06:10.914 [warning] [Decorations] CAPPING events from decorations provider vscode.git 584
2023-01-21 17:06:16.129 [warning] [Decorations] CAPPING events from decorations provider vscode.git 584
2023-01-21 17:06:40.014 [warning] [Decorations] CAPPING events from decorations provider vscode.git 584
2023-01-21 17:07:09.034 [warning] [Decorations] CAPPING events from decorations provider vscode.git 585
2023-01-21 17:07:14.193 [warning] [Decorations] CAPPING events from decorations provider vscode.git 585
2023-01-21 17:07:19.348 [warning] [Decorations] CAPPING events from decorations provider vscode.git 585
2023-01-21 17:07:24.502 [warning] [Decorations] CAPPING events from decorations provider vscode.git 585
2023-01-21 17:07:29.651 [warning] [Decorations] CAPPING events from decorations provider vscode.git 585
2023-01-21 17:07:34.808 [warning] [Decorations] CAPPING events from decorations provider vscode.git 585
2023-01-21 17:07:39.961 [warning] [Decorations] CAPPING events from decorations provider vscode.git 585
2023-01-21 17:08:11.548 [warning] [Decorations] CAPPING events from decorations provider vscode.git 585
2023-01-21 17:08:22.673 [warning] [Decorations] CAPPING events from decorations provider vscode.git 586
2023-01-21 17:08:27.838 [warning] [Decorations] CAPPING events from decorations provider vscode.git 586
2023-01-21 17:09:00.262 [warning] [Decorations] CAPPING events from decorations provider vscode.git 586
2023-01-21 17:09:05.417 [warning] [Decorations] CAPPING events from decorations provider vscode.git 586
2023-01-21 17:09:10.570 [warning] [Decorations] CAPPING events from decorations provider vscode.git 587
2023-01-21 17:09:15.718 [warning] [Decorations] CAPPING events from decorations provider vscode.git 587
2023-01-21 17:09:20.889 [warning] [Decorations] CAPPING events from decorations provider vscode.git 587
2023-01-21 17:09:26.020 [warning] [Decorations] CAPPING events from decorations provider vscode.git 587
2023-01-21 17:09:31.172 [warning] [Decorations] CAPPING events from decorations provider vscode.git 587
2023-01-21 17:09:36.835 [warning] [Decorations] CAPPING events from decorations provider vscode.git 588
2023-01-21 17:09:41.986 [warning] [Decorations] CAPPING events from decorations provider vscode.git 588
2023-01-21 17:09:47.665 [warning] [Decorations] CAPPING events from decorations provider vscode.git 588
2023-01-21 17:09:52.806 [warning] [Decorations] CAPPING events from decorations provider vscode.git 588
2023-01-21 17:09:57.954 [warning] [Decorations] CAPPING events from decorations provider vscode.git 588
2023-01-21 17:10:29.271 [warning] [Decorations] CAPPING events from decorations provider vscode.git 588
2023-01-21 17:10:42.663 [warning] [Decorations] CAPPING events from decorations provider vscode.git 588
2023-01-21 17:11:38.675 [warning] [Decorations] CAPPING events from decorations provider vscode.git 589
2023-01-21 17:11:50.364 [warning] [Decorations] CAPPING events from decorations provider vscode.git 590
2023-01-21 17:11:55.516 [warning] [Decorations] CAPPING events from decorations provider vscode.git 591
2023-01-21 17:12:00.671 [warning] [Decorations] CAPPING events from decorations provider vscode.git 592
2023-01-21 17:12:05.919 [warning] [Decorations] CAPPING events from decorations provider vscode.git 592
2023-01-21 17:12:21.999 [warning] [Decorations] CAPPING events from decorations provider vscode.git 592
2023-01-21 17:14:47.877 [warning] [Decorations] CAPPING events from decorations provider vscode.git 593
2023-01-21 17:15:02.067 [warning] [Decorations] CAPPING events from decorations provider vscode.git 594
2023-01-21 17:15:29.251 [warning] [Decorations] CAPPING events from decorations provider vscode.git 594
2023-01-21 17:16:29.004 [warning] [Decorations] CAPPING events from decorations provider vscode.git 594
2023-01-21 17:16:36.125 [warning] [Decorations] CAPPING events from decorations provider vscode.git 595
2023-01-21 17:16:41.270 [warning] [Decorations] CAPPING events from decorations provider vscode.git 595
2023-01-21 17:16:56.090 [warning] [Decorations] CAPPING events from decorations provider vscode.git 596
2023-01-21 17:17:01.229 [warning] [Decorations] CAPPING events from decorations provider vscode.git 596
2023-01-21 17:17:07.486 [warning] [Decorations] CAPPING events from decorations provider vscode.git 596
2023-01-21 17:17:12.641 [warning] [Decorations] CAPPING events from decorations provider vscode.git 596
2023-01-21 17:17:17.818 [warning] [Decorations] CAPPING events from decorations provider vscode.git 596
2023-01-21 17:17:22.945 [warning] [Decorations] CAPPING events from decorations provider vscode.git 596
2023-01-21 17:17:29.242 [warning] [Decorations] CAPPING events from decorations provider vscode.git 596
2023-01-21 17:17:34.398 [warning] [Decorations] CAPPING events from decorations provider vscode.git 596
2023-01-21 17:17:39.547 [warning] [Decorations] CAPPING events from decorations provider vscode.git 596
2023-01-21 17:17:44.695 [warning] [Decorations] CAPPING events from decorations provider vscode.git 596
2023-01-21 17:18:29.467 [warning] [Decorations] CAPPING events from decorations provider vscode.git 596
2023-01-21 17:19:08.271 [warning] [Decorations] CAPPING events from decorations provider vscode.git 597
2023-01-21 17:19:23.490 [warning] [Decorations] CAPPING events from decorations provider vscode.git 598
2023-01-21 17:19:29.080 [warning] [Decorations] CAPPING events from decorations provider vscode.git 598
2023-01-21 17:19:47.714 [warning] [Decorations] CAPPING events from decorations provider vscode.git 599
2023-01-21 17:20:00.191 [warning] [Decorations] CAPPING events from decorations provider vscode.git 600
2023-01-21 17:20:05.357 [warning] [Decorations] CAPPING events from decorations provider vscode.git 600
2023-01-21 17:20:29.079 [warning] [Decorations] CAPPING events from decorations provider vscode.git 600
2023-01-21 17:20:34.219 [warning] [Decorations] CAPPING events from decorations provider vscode.git 601
2023-01-21 17:20:39.351 [warning] [Decorations] CAPPING events from decorations provider vscode.git 601
2023-01-21 17:20:44.511 [warning] [Decorations] CAPPING events from decorations provider vscode.git 601
2023-01-21 17:20:49.672 [warning] [Decorations] CAPPING events from decorations provider vscode.git 601
2023-01-21 17:21:09.954 [warning] [Decorations] CAPPING events from decorations provider vscode.git 601
2023-01-21 17:21:56.202 [warning] [Decorations] CAPPING events from decorations provider vscode.git 601
2023-01-21 17:22:01.370 [warning] [Decorations] CAPPING events from decorations provider vscode.git 596
2023-01-21 17:23:04.589 [warning] [Decorations] CAPPING events from decorations provider vscode.git 596
2023-01-21 17:23:29.094 [warning] [Decorations] CAPPING events from decorations provider vscode.git 596
2023-01-21 17:23:41.565 [warning] [Decorations] CAPPING events from decorations provider vscode.git 597
2023-01-21 17:23:46.723 [warning] [Decorations] CAPPING events from decorations provider vscode.git 598
2023-01-21 17:24:02.997 [warning] [Decorations] CAPPING events from decorations provider vscode.git 599
2023-01-21 17:24:15.993 [warning] [Decorations] CAPPING events from decorations provider vscode.git 600
2023-01-21 17:24:21.153 [warning] [Decorations] CAPPING events from decorations provider vscode.git 600
2023-01-21 17:24:26.308 [warning] [Decorations] CAPPING events from decorations provider vscode.git 600
2023-01-21 17:24:31.457 [warning] [Decorations] CAPPING events from decorations provider vscode.git 600
2023-01-21 17:24:36.626 [warning] [Decorations] CAPPING events from decorations provider vscode.git 600
2023-01-21 17:24:42.296 [warning] [Decorations] CAPPING events from decorations provider vscode.git 600
2023-01-21 17:24:55.647 [warning] [Decorations] CAPPING events from decorations provider vscode.git 601
2023-01-21 17:25:00.817 [warning] [Decorations] CAPPING events from decorations provider vscode.git 601
2023-01-21 17:25:53.349 [warning] [Decorations] CAPPING events from decorations provider vscode.git 601
2023-01-21 17:26:12.030 [warning] [Decorations] CAPPING events from decorations provider vscode.git 602
2023-01-21 17:26:17.194 [warning] [Decorations] CAPPING events from decorations provider vscode.git 603
2023-01-21 17:26:22.346 [warning] [Decorations] CAPPING events from decorations provider vscode.git 604
2023-01-21 17:26:27.488 [warning] [Decorations] CAPPING events from decorations provider vscode.git 604
2023-01-21 17:26:32.626 [warning] [Decorations] CAPPING events from decorations provider vscode.git 604
2023-01-21 17:26:39.236 [warning] [Decorations] CAPPING events from decorations provider vscode.git 604
2023-01-21 17:26:44.388 [warning] [Decorations] CAPPING events from decorations provider vscode.git 604
2023-01-21 17:26:49.548 [warning] [Decorations] CAPPING events from decorations provider vscode.git 604
2023-01-21 17:26:54.709 [warning] [Decorations] CAPPING events from decorations provider vscode.git 604
2023-01-21 17:26:59.883 [warning] [Decorations] CAPPING events from decorations provider vscode.git 604
2023-01-21 17:27:46.380 [warning] [Decorations] CAPPING events from decorations provider vscode.git 604
2023-01-21 17:29:29.558 [warning] [Decorations] CAPPING events from decorations provider vscode.git 605
2023-01-21 17:30:03.854 [warning] [Decorations] CAPPING events from decorations provider vscode.git 605
2023-01-21 17:30:30.368 [warning] [Decorations] CAPPING events from decorations provider vscode.git 606
2023-01-21 17:30:56.691 [warning] [Decorations] CAPPING events from decorations provider vscode.git 606
2023-01-21 17:31:18.230 [warning] [Decorations] CAPPING events from decorations provider vscode.git 606
2023-01-21 17:31:35.159 [warning] [Decorations] CAPPING events from decorations provider vscode.git 607
2023-01-21 17:31:40.308 [warning] [Decorations] CAPPING events from decorations provider vscode.git 609
2023-01-21 17:31:45.818 [warning] [Decorations] CAPPING events from decorations provider vscode.git 609
2023-01-21 17:31:53.140 [warning] [Decorations] CAPPING events from decorations provider vscode.git 610
2023-01-21 17:31:58.427 [warning] [Decorations] CAPPING events from decorations provider vscode.git 610
2023-01-21 17:32:07.192 [warning] [Decorations] CAPPING events from decorations provider vscode.git 610
2023-01-21 17:32:33.499 [warning] [Decorations] CAPPING events from decorations provider vscode.git 610
2023-01-21 17:32:41.997 [warning] [Decorations] CAPPING events from decorations provider vscode.git 610
2023-01-21 17:32:55.377 [warning] [Decorations] CAPPING events from decorations provider vscode.git 611
2023-01-21 17:33:00.573 [warning] [Decorations] CAPPING events from decorations provider vscode.git 611
2023-01-21 17:33:51.267 [warning] [Decorations] CAPPING events from decorations provider vscode.git 611
2023-01-21 17:33:57.257 [warning] [Decorations] CAPPING events from decorations provider vscode.git 611
2023-01-21 17:34:02.417 [warning] [Decorations] CAPPING events from decorations provider vscode.git 611
2023-01-21 17:34:11.486 [warning] [Decorations] CAPPING events from decorations provider vscode.git 612
2023-01-21 17:34:29.200 [warning] [Decorations] CAPPING events from decorations provider vscode.git 612
2023-01-21 17:35:24.189 [warning] [Decorations] CAPPING events from decorations provider vscode.git 613
2023-01-21 17:35:29.347 [warning] [Decorations] CAPPING events from decorations provider vscode.git 613
2023-01-21 17:35:43.047 [warning] [Decorations] CAPPING events from decorations provider vscode.git 614
2023-01-21 17:35:48.209 [warning] [Decorations] CAPPING events from decorations provider vscode.git 614
2023-01-21 17:35:57.190 [warning] [Decorations] CAPPING events from decorations provider vscode.git 615
2023-01-21 17:36:02.332 [warning] [Decorations] CAPPING events from decorations provider vscode.git 615
2023-01-21 17:36:07.475 [warning] [Decorations] CAPPING events from decorations provider vscode.git 615
2023-01-21 17:36:12.627 [warning] [Decorations] CAPPING events from decorations provider vscode.git 615
2023-01-21 17:36:17.790 [warning] [Decorations] CAPPING events from decorations provider vscode.git 615
2023-01-21 17:36:22.938 [warning] [Decorations] CAPPING events from decorations provider vscode.git 615
2023-01-21 17:36:28.096 [warning] [Decorations] CAPPING events from decorations provider vscode.git 615
2023-01-21 17:36:33.245 [warning] [Decorations] CAPPING events from decorations provider vscode.git 615
2023-01-21 17:36:38.872 [warning] [Decorations] CAPPING events from decorations provider vscode.git 615
2023-01-21 17:36:44.032 [warning] [Decorations] CAPPING events from decorations provider vscode.git 615
2023-01-21 17:37:19.995 [warning] [Decorations] CAPPING events from decorations provider vscode.git 615
2023-01-21 17:37:53.570 [warning] [Decorations] CAPPING events from decorations provider vscode.git 615
2023-01-21 17:37:58.702 [warning] [Decorations] CAPPING events from decorations provider vscode.git 615
2023-01-21 17:38:15.482 [warning] [Decorations] CAPPING events from decorations provider vscode.git 616
2023-01-21 17:38:20.589 [warning] [Decorations] CAPPING events from decorations provider vscode.git 616
2023-01-21 17:38:25.708 [warning] [Decorations] CAPPING events from decorations provider vscode.git 616
2023-01-21 17:38:30.826 [warning] [Decorations] CAPPING events from decorations provider vscode.git 616
2023-01-21 17:38:45.935 [warning] [Decorations] CAPPING events from decorations provider vscode.git 617
2023-01-21 17:38:51.089 [warning] [Decorations] CAPPING events from decorations provider vscode.git 617
2023-01-21 17:38:56.226 [warning] [Decorations] CAPPING events from decorations provider vscode.git 617
2023-01-21 17:39:01.402 [warning] [Decorations] CAPPING events from decorations provider vscode.git 617
2023-01-21 17:39:06.575 [warning] [Decorations] CAPPING events from decorations provider vscode.git 617
2023-01-21 17:39:54.606 [warning] [Decorations] CAPPING events from decorations provider vscode.git 617
2023-01-21 17:40:17.591 [warning] [Decorations] CAPPING events from decorations provider vscode.git 618
2023-01-21 17:40:22.714 [warning] [Decorations] CAPPING events from decorations provider vscode.git 618
2023-01-21 17:40:27.846 [warning] [Decorations] CAPPING events from decorations provider vscode.git 618
2023-01-21 17:40:32.961 [warning] [Decorations] CAPPING events from decorations provider vscode.git 618
2023-01-21 17:40:38.094 [warning] [Decorations] CAPPING events from decorations provider vscode.git 618
2023-01-21 17:40:43.225 [warning] [Decorations] CAPPING events from decorations provider vscode.git 618
2023-01-21 17:41:07.893 [warning] [Decorations] CAPPING events from decorations provider vscode.git 618
2023-01-21 17:41:16.456 [warning] [Decorations] CAPPING events from decorations provider vscode.git 619
2023-01-21 17:41:21.593 [warning] [Decorations] CAPPING events from decorations provider vscode.git 619
2023-01-21 17:41:26.736 [warning] [Decorations] CAPPING events from decorations provider vscode.git 620
2023-01-21 17:41:31.877 [warning] [Decorations] CAPPING events from decorations provider vscode.git 621
2023-01-21 17:41:46.569 [warning] [Decorations] CAPPING events from decorations provider vscode.git 622
2023-01-21 17:41:53.059 [warning] [Decorations] CAPPING events from decorations provider vscode.git 622
2023-01-21 17:41:58.203 [warning] [Decorations] CAPPING events from decorations provider vscode.git 622
2023-01-21 17:42:03.332 [warning] [Decorations] CAPPING events from decorations provider vscode.git 622
2023-01-21 17:42:08.457 [warning] [Decorations] CAPPING events from decorations provider vscode.git 624
2023-01-21 17:42:13.608 [warning] [Decorations] CAPPING events from decorations provider vscode.git 624
2023-01-21 17:42:18.755 [warning] [Decorations] CAPPING events from decorations provider vscode.git 624
2023-01-21 17:42:23.899 [warning] [Decorations] CAPPING events from decorations provider vscode.git 624
2023-01-21 17:42:29.444 [warning] [Decorations] CAPPING events from decorations provider vscode.git 625
2023-01-21 17:42:34.733 [warning] [Decorations] CAPPING events from decorations provider vscode.git 625
2023-01-21 17:43:18.741 [warning] [Decorations] CAPPING events from decorations provider vscode.git 625
2023-01-21 17:43:23.870 [warning] [Decorations] CAPPING events from decorations provider vscode.git 623
2023-01-21 17:43:29.005 [warning] [Decorations] CAPPING events from decorations provider vscode.git 624
2023-01-21 17:44:24.785 [warning] [Decorations] CAPPING events from decorations provider vscode.git 624
2023-01-21 17:44:30.147 [warning] [Decorations] CAPPING events from decorations provider vscode.git 625
2023-01-21 17:44:37.189 [warning] [Decorations] CAPPING events from decorations provider vscode.git 625
2023-01-21 17:44:42.311 [warning] [Decorations] CAPPING events from decorations provider vscode.git 625
2023-01-21 17:45:06.435 [warning] [Decorations] CAPPING events from decorations provider vscode.git 625
2023-01-21 17:45:11.573 [warning] [Decorations] CAPPING events from decorations provider vscode.git 626
2023-01-21 17:45:16.712 [warning] [Decorations] CAPPING events from decorations provider vscode.git 627
2023-01-21 17:45:29.480 [warning] [Decorations] CAPPING events from decorations provider vscode.git 627
2023-01-21 17:52:04.797 [warning] [Decorations] CAPPING events from decorations provider vscode.git 627
2023-01-21 17:52:29.595 [warning] [Decorations] CAPPING events from decorations provider vscode.git 623
2023-01-21 17:52:34.761 [warning] [Decorations] CAPPING events from decorations provider vscode.git 624
2023-01-21 17:52:39.907 [warning] [Decorations] CAPPING events from decorations provider vscode.git 624
2023-01-21 17:52:46.621 [warning] [Decorations] CAPPING events from decorations provider vscode.git 624
2023-01-21 17:52:51.770 [warning] [Decorations] CAPPING events from decorations provider vscode.git 624
2023-01-21 17:52:56.919 [warning] [Decorations] CAPPING events from decorations provider vscode.git 624
2023-01-21 17:53:02.079 [warning] [Decorations] CAPPING events from decorations provider vscode.git 624
2023-01-21 17:53:16.498 [warning] [Decorations] CAPPING events from decorations provider vscode.git 624
2023-01-21 17:53:29.515 [warning] [Decorations] CAPPING events from decorations provider vscode.git 623
2023-01-21 17:54:09.755 [warning] [Decorations] CAPPING events from decorations provider vscode.git 623
2023-01-21 17:54:18.482 [warning] [Decorations] CAPPING events from decorations provider vscode.git 624
2023-01-21 17:54:23.625 [warning] [Decorations] CAPPING events from decorations provider vscode.git 624
2023-01-21 17:54:29.177 [warning] [Decorations] CAPPING events from decorations provider vscode.git 624
2023-01-21 17:54:34.322 [warning] [Decorations] CAPPING events from decorations provider vscode.git 625
2023-01-21 17:54:39.550 [warning] [Decorations] CAPPING events from decorations provider vscode.git 625
2023-01-21 17:55:23.948 [warning] [Decorations] CAPPING events from decorations provider vscode.git 625
2023-01-21 17:55:29.103 [warning] [Decorations] CAPPING events from decorations provider vscode.git 625
2023-01-21 17:55:56.811 [warning] [Decorations] CAPPING events from decorations provider vscode.git 626
2023-01-21 17:56:04.988 [warning] [Decorations] CAPPING events from decorations provider vscode.git 626
2023-01-21 17:56:10.125 [warning] [Decorations] CAPPING events from decorations provider vscode.git 626
2023-01-21 17:56:15.265 [warning] [Decorations] CAPPING events from decorations provider vscode.git 626
2023-01-21 17:56:20.420 [warning] [Decorations] CAPPING events from decorations provider vscode.git 626
2023-01-21 17:56:25.568 [warning] [Decorations] CAPPING events from decorations provider vscode.git 626
2023-01-21 17:56:30.696 [warning] [Decorations] CAPPING events from decorations provider vscode.git 626
2023-01-21 17:56:35.831 [warning] [Decorations] CAPPING events from decorations provider vscode.git 626
2023-01-21 17:56:40.960 [warning] [Decorations] CAPPING events from decorations provider vscode.git 626
2023-01-21 17:56:46.091 [warning] [Decorations] CAPPING events from decorations provider vscode.git 626
2023-01-21 17:56:52.493 [warning] [Decorations] CAPPING events from decorations provider vscode.git 626
2023-01-21 17:57:00.504 [warning] [Decorations] CAPPING events from decorations provider vscode.git 626
2023-01-21 17:57:36.266 [warning] [Decorations] CAPPING events from decorations provider vscode.git 626
2023-01-21 17:57:41.429 [warning] [Decorations] CAPPING events from decorations provider vscode.git 626
2023-01-21 17:57:53.607 [warning] [Decorations] CAPPING events from decorations provider vscode.git 626
2023-01-21 17:57:58.765 [warning] [Decorations] CAPPING events from decorations provider vscode.git 627
2023-01-21 17:58:03.899 [warning] [Decorations] CAPPING events from decorations provider vscode.git 627
2023-01-21 17:58:12.614 [warning] [Decorations] CAPPING events from decorations provider vscode.git 628
2023-01-21 17:58:17.760 [warning] [Decorations] CAPPING events from decorations provider vscode.git 628
2023-01-21 17:58:22.917 [warning] [Decorations] CAPPING events from decorations provider vscode.git 623
2023-01-21 17:58:28.068 [warning] [Decorations] CAPPING events from decorations provider vscode.git 623
2023-01-21 17:58:33.196 [warning] [Decorations] CAPPING events from decorations provider vscode.git 623
2023-01-21 17:58:38.354 [warning] [Decorations] CAPPING events from decorations provider vscode.git 623
2023-01-21 17:58:46.288 [warning] [Decorations] CAPPING events from decorations provider vscode.git 624
2023-01-21 17:59:03.394 [warning] [Decorations] CAPPING events from decorations provider vscode.git 624
2023-01-21 17:59:09.175 [warning] [Decorations] CAPPING events from decorations provider vscode.git 625
2023-01-21 17:59:14.337 [warning] [Decorations] CAPPING events from decorations provider vscode.git 625
2023-01-21 17:59:21.123 [warning] [Decorations] CAPPING events from decorations provider vscode.git 625
2023-01-21 17:59:26.264 [warning] [Decorations] CAPPING events from decorations provider vscode.git 625
2023-01-21 17:59:31.411 [warning] [Decorations] CAPPING events from decorations provider vscode.git 625
2023-01-21 17:59:42.194 [warning] [Decorations] CAPPING events from decorations provider vscode.git 625
2023-01-21 18:00:20.656 [warning] [Decorations] CAPPING events from decorations provider vscode.git 625
2023-01-21 18:00:27.358 [warning] [Decorations] CAPPING events from decorations provider vscode.git 626
2023-01-21 18:00:32.503 [warning] [Decorations] CAPPING events from decorations provider vscode.git 626
2023-01-21 18:00:45.668 [warning] [Decorations] CAPPING events from decorations provider vscode.git 627
2023-01-21 18:00:54.851 [warning] [Decorations] CAPPING events from decorations provider vscode.git 627
2023-01-21 18:01:24.854 [warning] [Decorations] CAPPING events from decorations provider vscode.git 628
2023-01-21 18:01:30.005 [warning] [Decorations] CAPPING events from decorations provider vscode.git 628
2023-01-21 18:01:35.148 [warning] [Decorations] CAPPING events from decorations provider vscode.git 628
2023-01-21 18:01:55.389 [warning] [Decorations] CAPPING events from decorations provider vscode.git 629
2023-01-21 18:02:17.950 [warning] [Decorations] CAPPING events from decorations provider vscode.git 629
2023-01-21 18:03:16.628 [warning] [Decorations] CAPPING events from decorations provider vscode.git 629
2023-01-21 18:03:29.708 [warning] [Decorations] CAPPING events from decorations provider vscode.git 624
2023-01-21 18:03:34.855 [warning] [Decorations] CAPPING events from decorations provider vscode.git 624
2023-01-21 18:03:40.002 [warning] [Decorations] CAPPING events from decorations provider vscode.git 625
2023-01-21 18:03:52.211 [warning] [Decorations] CAPPING events from decorations provider vscode.git 626
2023-01-21 18:03:57.343 [warning] [Decorations] CAPPING events from decorations provider vscode.git 626
2023-01-21 18:04:02.478 [warning] [Decorations] CAPPING events from decorations provider vscode.git 626
2023-01-21 18:04:17.181 [warning] [Decorations] CAPPING events from decorations provider vscode.git 627
2023-01-21 18:04:22.350 [warning] [Decorations] CAPPING events from decorations provider vscode.git 627
2023-01-21 18:04:27.496 [warning] [Decorations] CAPPING events from decorations provider vscode.git 627
2023-01-21 18:04:32.628 [warning] [Decorations] CAPPING events from decorations provider vscode.git 627
2023-01-21 18:04:37.785 [warning] [Decorations] CAPPING events from decorations provider vscode.git 627
2023-01-21 18:04:46.642 [warning] [Decorations] CAPPING events from decorations provider vscode.git 628
2023-01-21 18:04:51.802 [warning] [Decorations] CAPPING events from decorations provider vscode.git 628
2023-01-21 18:04:58.163 [warning] [Decorations] CAPPING events from decorations provider vscode.git 628
2023-01-21 18:05:03.301 [warning] [Decorations] CAPPING events from decorations provider vscode.git 628
2023-01-21 18:05:17.640 [warning] [Decorations] CAPPING events from decorations provider vscode.git 629
2023-01-21 18:05:22.792 [warning] [Decorations] CAPPING events from decorations provider vscode.git 629
2023-01-21 18:05:29.764 [warning] [Decorations] CAPPING events from decorations provider vscode.git 629
2023-01-21 18:05:36.290 [warning] [Decorations] CAPPING events from decorations provider vscode.git 630
2023-01-21 18:06:02.180 [warning] [Decorations] CAPPING events from decorations provider vscode.git 630
2023-01-21 18:06:07.329 [warning] [Decorations] CAPPING events from decorations provider vscode.git 630
2023-01-21 18:06:12.514 [warning] [Decorations] CAPPING events from decorations provider vscode.git 632
2023-01-21 18:06:51.418 [warning] [Decorations] CAPPING events from decorations provider vscode.git 633
2023-01-21 18:06:56.555 [warning] [Decorations] CAPPING events from decorations provider vscode.git 633
2023-01-21 18:07:13.534 [warning] [Decorations] CAPPING events from decorations provider vscode.git 634
2023-01-21 18:07:18.680 [warning] [Decorations] CAPPING events from decorations provider vscode.git 634
2023-01-21 18:07:23.828 [warning] [Decorations] CAPPING events from decorations provider vscode.git 634
2023-01-21 18:07:55.369 [warning] [Decorations] CAPPING events from decorations provider vscode.git 634
2023-01-21 18:08:03.436 [warning] [Decorations] CAPPING events from decorations provider vscode.git 635
2023-01-21 18:08:08.600 [warning] [Decorations] CAPPING events from decorations provider vscode.git 636
2023-01-21 18:08:16.714 [warning] [Decorations] CAPPING events from decorations provider vscode.git 636
2023-01-21 18:08:36.580 [warning] [Decorations] CAPPING events from decorations provider vscode.git 623
2023-01-21 18:09:12.272 [warning] [Decorations] CAPPING events from decorations provider vscode.git 624
2023-01-21 18:09:21.154 [warning] [Decorations] CAPPING events from decorations provider vscode.git 625
2023-01-21 18:09:39.704 [warning] [Decorations] CAPPING events from decorations provider vscode.git 625
2023-01-21 18:09:57.519 [warning] [Decorations] CAPPING events from decorations provider vscode.git 625
2023-01-21 18:10:14.022 [warning] [Decorations] CAPPING events from decorations provider vscode.git 626
2023-01-21 18:10:29.840 [warning] [Decorations] CAPPING events from decorations provider vscode.git 626
2023-01-21 18:10:51.420 [warning] [Decorations] CAPPING events from decorations provider vscode.git 627
2023-01-21 18:10:56.600 [warning] [Decorations] CAPPING events from decorations provider vscode.git 627
2023-01-21 18:11:03.764 [warning] [Decorations] CAPPING events from decorations provider vscode.git 628
2023-01-21 18:11:09.641 [warning] [Decorations] CAPPING events from decorations provider vscode.git 628
2023-01-21 18:11:14.769 [warning] [Decorations] CAPPING events from decorations provider vscode.git 628
2023-01-21 18:11:19.930 [warning] [Decorations] CAPPING events from decorations provider vscode.git 628
2023-01-21 18:11:25.058 [warning] [Decorations] CAPPING events from decorations provider vscode.git 628
2023-01-21 18:11:30.217 [warning] [Decorations] CAPPING events from decorations provider vscode.git 628
2023-01-21 18:11:35.366 [warning] [Decorations] CAPPING events from decorations provider vscode.git 628
2023-01-21 18:12:05.933 [warning] [Decorations] CAPPING events from decorations provider vscode.git 628
2023-01-21 18:12:46.260 [warning] [Decorations] CAPPING events from decorations provider vscode.git 629
2023-01-21 18:13:16.866 [warning] [Decorations] CAPPING events from decorations provider vscode.git 629
2023-01-21 18:25:38.826 [warning] [Decorations] CAPPING events from decorations provider vscode.git 625
2023-01-21 18:25:43.966 [warning] [Decorations] CAPPING events from decorations provider vscode.git 625
2023-01-21 18:25:52.020 [warning] [Decorations] CAPPING events from decorations provider vscode.git 626
2023-01-21 18:26:33.237 [warning] [Decorations] CAPPING events from decorations provider vscode.git 627
2023-01-21 18:26:39.802 [warning] [Decorations] CAPPING events from decorations provider vscode.git 627
2023-01-21 18:26:44.948 [warning] [Decorations] CAPPING events from decorations provider vscode.git 627
2023-01-21 18:26:53.810 [warning] [Decorations] CAPPING events from decorations provider vscode.git 627
2023-01-21 18:26:58.964 [warning] [Decorations] CAPPING events from decorations provider vscode.git 627
2023-01-21 18:27:21.841 [warning] [Decorations] CAPPING events from decorations provider vscode.git 628
2023-01-21 18:27:26.843 [info] Extension host terminating: received terminate message from renderer
2023-01-21 18:27:27.106 [info] Extension host with pid 20704 exiting with code 0
