2023-02-08 11:19:26.583 [info] Extension host with pid 20856 started
2023-02-08 11:19:26.583 [info] Skipping acquiring lock for d:\examples\coursera_test\react_examples\ecommerce\User\workspaceStorage\e4f9a451059ddbe5198683f6e0734d6e.
2023-02-08 11:19:26.822 [info] ExtensionService#_doActivateExtension vscode.typescript-language-features, startup: false, activationEvent: 'onLanguage:javascript'
2023-02-08 11:19:26.823 [info] ExtensionService#_doActivateExtension vscode.microsoft-authentication, startup: false, activationEvent: 'onAuthenticationRequest:microsoft'
2023-02-08 11:19:26.824 [info] ExtensionService#_doActivateExtension vscode.git-base, startup: true, activationEvent: '*', root cause: vscode.git
2023-02-08 11:19:26.824 [info] ExtensionService#_doActivateExtension vscode.npm, startup: true, activationEvent: 'workspaceContains:package.json'
2023-02-08 11:19:27.850 [info] ExtensionService#_doActivateExtension vscode.git, startup: true, activationEvent: '*'
2023-02-08 11:19:27.854 [info] ExtensionService#_doActivateExtension vscode.github, startup: true, activationEvent: '*'
2023-02-08 11:19:28.294 [info] ExtensionService#_doActivateExtension vscode.github-authentication, startup: false, activationEvent: 'onAuthenticationRequest:github'
2023-02-08 11:19:29.731 [info] Eager extensions activated
2023-02-08 11:19:29.764 [info] ExtensionService#_doActivateExtension vscode.debug-auto-launch, startup: false, activationEvent: 'onStartupFinished'
2023-02-08 11:19:29.765 [info] ExtensionService#_doActivateExtension vscode.emmet, startup: false, activationEvent: 'onStartupFinished'
2023-02-08 11:19:29.765 [info] ExtensionService#_doActivateExtension vscode.merge-conflict, startup: false, activationEvent: 'onStartupFinished'
2023-02-08 11:19:29.765 [info] ExtensionService#_doActivateExtension ms-vscode-remote.remote-wsl-recommender, startup: false, activationEvent: 'onStartupFinished'
2023-02-08 11:19:29.766 [info] ExtensionService#_doActivateExtension esbenp.prettier-vscode, startup: false, activationEvent: 'onStartupFinished'
2023-02-08 11:19:32.225 [warning] [Decorations] CAPPING events from decorations provider vscode.git 1075
2023-02-08 11:19:33.009 [warning] [Decorations] CAPPING events from decorations provider vscode.git 1075
2023-02-08 11:19:37.224 [warning] [Decorations] CAPPING events from decorations provider vscode.git 1075
2023-02-08 11:19:42.383 [warning] [Decorations] CAPPING events from decorations provider vscode.git 1057
2023-02-08 11:19:47.562 [warning] [Decorations] CAPPING events from decorations provider vscode.git 1057
2023-02-08 11:19:54.397 [warning] [Decorations] CAPPING events from decorations provider vscode.git 1057
2023-02-08 11:19:59.984 [warning] [Decorations] CAPPING events from decorations provider vscode.git 1058
2023-02-08 11:21:35.716 [warning] [Decorations] CAPPING events from decorations provider vscode.git 1058
2023-02-08 11:21:40.897 [warning] [Decorations] CAPPING events from decorations provider vscode.git 1057
2023-02-08 11:26:04.239 [warning] [Decorations] CAPPING events from decorations provider vscode.git 1058
2023-02-08 11:26:10.091 [warning] [Decorations] CAPPING events from decorations provider vscode.git 1058
2023-02-08 11:26:15.252 [warning] [Decorations] CAPPING events from decorations provider vscode.git 1058
2023-02-08 11:26:20.405 [warning] [Decorations] CAPPING events from decorations provider vscode.git 1058
2023-02-08 11:26:25.631 [warning] [Decorations] CAPPING events from decorations provider vscode.git 1058
2023-02-08 11:26:30.901 [warning] [Decorations] CAPPING events from decorations provider vscode.git 1058
2023-02-08 11:26:36.273 [warning] [Decorations] CAPPING events from decorations provider vscode.git 1058
2023-02-08 11:26:41.411 [warning] [Decorations] CAPPING events from decorations provider vscode.git 1058
2023-02-08 11:26:46.569 [warning] [Decorations] CAPPING events from decorations provider vscode.git 1058
2023-02-08 11:26:55.740 [warning] [Decorations] CAPPING events from decorations provider vscode.git 1059
2023-02-08 11:27:17.903 [warning] [Decorations] CAPPING events from decorations provider vscode.git 1060
2023-02-08 11:27:23.038 [warning] [Decorations] CAPPING events from decorations provider vscode.git 1060
2023-02-08 11:27:28.187 [warning] [Decorations] CAPPING events from decorations provider vscode.git 1060
2023-02-08 11:27:40.569 [warning] [Decorations] CAPPING events from decorations provider vscode.git 1061
2023-02-08 11:27:48.020 [warning] [Decorations] CAPPING events from decorations provider vscode.git 1061
2023-02-08 11:27:53.178 [warning] [Decorations] CAPPING events from decorations provider vscode.git 1061
2023-02-08 11:27:58.327 [warning] [Decorations] CAPPING events from decorations provider vscode.git 1061
2023-02-08 11:28:03.485 [warning] [Decorations] CAPPING events from decorations provider vscode.git 1061
2023-02-08 11:28:08.614 [warning] [Decorations] CAPPING events from decorations provider vscode.git 1061
2023-02-08 11:28:26.437 [warning] [Decorations] CAPPING events from decorations provider vscode.git 1061
2023-02-08 11:28:58.760 [warning] [Decorations] CAPPING events from decorations provider vscode.git 1062
2023-02-08 11:29:03.903 [warning] [Decorations] CAPPING events from decorations provider vscode.git 1062
2023-02-08 11:29:10.265 [warning] [Decorations] CAPPING events from decorations provider vscode.git 1062
2023-02-08 11:29:24.814 [warning] [Decorations] CAPPING events from decorations provider vscode.git 1063
2023-02-08 11:29:29.971 [warning] [Decorations] CAPPING events from decorations provider vscode.git 1063
2023-02-08 11:29:41.406 [warning] [Decorations] CAPPING events from decorations provider vscode.git 1064
2023-02-08 11:30:26.452 [warning] [Decorations] CAPPING events from decorations provider vscode.git 1064
2023-02-08 11:31:02.209 [warning] [Decorations] CAPPING events from decorations provider vscode.git 1064
2023-02-08 11:32:34.676 [warning] [Decorations] CAPPING events from decorations provider vscode.git 1065
2023-02-08 11:32:44.684 [warning] [Decorations] CAPPING events from decorations provider vscode.git 1065
2023-02-08 11:33:11.331 [warning] [Decorations] CAPPING events from decorations provider vscode.git 1065
2023-02-08 11:33:20.931 [warning] [Decorations] CAPPING events from decorations provider vscode.git 1066
2023-02-08 11:33:26.342 [warning] [Decorations] CAPPING events from decorations provider vscode.git 1066
2023-02-08 11:33:54.313 [warning] [Decorations] CAPPING events from decorations provider vscode.git 1067
2023-02-08 11:33:59.470 [warning] [Decorations] CAPPING events from decorations provider vscode.git 1067
2023-02-08 11:34:18.890 [warning] [Decorations] CAPPING events from decorations provider vscode.git 1067
2023-02-08 11:34:26.498 [warning] [Decorations] CAPPING events from decorations provider vscode.git 1067
2023-02-08 11:34:32.848 [warning] [Decorations] CAPPING events from decorations provider vscode.git 1068
2023-02-08 11:34:40.617 [warning] [Decorations] CAPPING events from decorations provider vscode.git 1068
2023-02-08 11:34:57.133 [warning] [Decorations] CAPPING events from decorations provider vscode.git 1069
2023-02-08 11:35:03.083 [warning] [Decorations] CAPPING events from decorations provider vscode.git 1069
2023-02-08 11:35:09.522 [warning] [Decorations] CAPPING events from decorations provider vscode.git 1069
2023-02-08 11:35:16.689 [warning] [Decorations] CAPPING events from decorations provider vscode.git 1069
2023-02-08 11:35:21.843 [warning] [Decorations] CAPPING events from decorations provider vscode.git 1069
2023-02-08 11:35:27.001 [warning] [Decorations] CAPPING events from decorations provider vscode.git 1069
2023-02-08 11:35:32.253 [warning] [Decorations] CAPPING events from decorations provider vscode.git 1069
2023-02-08 11:35:37.414 [warning] [Decorations] CAPPING events from decorations provider vscode.git 1069
2023-02-08 11:35:44.686 [warning] [Decorations] CAPPING events from decorations provider vscode.git 1069
2023-02-08 11:35:49.833 [warning] [Decorations] CAPPING events from decorations provider vscode.git 1069
2023-02-08 11:35:58.522 [warning] [Decorations] CAPPING events from decorations provider vscode.git 1070
2023-02-08 11:36:06.738 [warning] [Decorations] CAPPING events from decorations provider vscode.git 1070
2023-02-08 11:36:11.893 [warning] [Decorations] CAPPING events from decorations provider vscode.git 1071
2023-02-08 11:36:17.052 [warning] [Decorations] CAPPING events from decorations provider vscode.git 1071
2023-02-08 11:36:22.215 [warning] [Decorations] CAPPING events from decorations provider vscode.git 1071
2023-02-08 11:36:42.074 [warning] [Decorations] CAPPING events from decorations provider vscode.git 1071
2023-02-08 11:36:51.302 [warning] [Decorations] CAPPING events from decorations provider vscode.git 1072
2023-02-08 11:36:56.454 [warning] [Decorations] CAPPING events from decorations provider vscode.git 1072
2023-02-08 11:37:01.621 [warning] [Decorations] CAPPING events from decorations provider vscode.git 1072
2023-02-08 11:37:12.253 [warning] [Decorations] CAPPING events from decorations provider vscode.git 1072
2023-02-08 11:37:20.048 [warning] [Decorations] CAPPING events from decorations provider vscode.git 1073
2023-02-08 11:37:25.194 [warning] [Decorations] CAPPING events from decorations provider vscode.git 1073
2023-02-08 11:37:34.729 [warning] [Decorations] CAPPING events from decorations provider vscode.git 1073
2023-02-08 11:37:55.979 [warning] [Decorations] CAPPING events from decorations provider vscode.git 1074
2023-02-08 11:38:01.194 [warning] [Decorations] CAPPING events from decorations provider vscode.git 1074
2023-02-08 11:38:06.344 [warning] [Decorations] CAPPING events from decorations provider vscode.git 1074
2023-02-08 11:38:14.078 [warning] [Decorations] CAPPING events from decorations provider vscode.git 1074
2023-02-08 11:38:36.335 [warning] [Decorations] CAPPING events from decorations provider vscode.git 1075
2023-02-08 11:38:41.500 [warning] [Decorations] CAPPING events from decorations provider vscode.git 1075
2023-02-08 11:40:18.826 [warning] [Decorations] CAPPING events from decorations provider vscode.git 1076
2023-02-08 11:40:27.503 [warning] [Decorations] CAPPING events from decorations provider vscode.git 1077
2023-02-08 11:40:34.828 [warning] [Decorations] CAPPING events from decorations provider vscode.git 1077
2023-02-08 11:40:39.979 [warning] [Decorations] CAPPING events from decorations provider vscode.git 1077
2023-02-08 11:40:55.200 [warning] [Decorations] CAPPING events from decorations provider vscode.git 1078
2023-02-08 11:41:00.345 [warning] [Decorations] CAPPING events from decorations provider vscode.git 1078
2023-02-08 11:41:05.483 [warning] [Decorations] CAPPING events from decorations provider vscode.git 1078
2023-02-08 11:41:14.065 [warning] [Decorations] CAPPING events from decorations provider vscode.git 1078
2023-02-08 11:41:19.866 [warning] [Decorations] CAPPING events from decorations provider vscode.git 1078
2023-02-08 11:41:25.003 [warning] [Decorations] CAPPING events from decorations provider vscode.git 1078
2023-02-08 11:41:30.168 [warning] [Decorations] CAPPING events from decorations provider vscode.git 1078
2023-02-08 11:41:35.316 [warning] [Decorations] CAPPING events from decorations provider vscode.git 1078
2023-02-08 11:41:40.492 [warning] [Decorations] CAPPING events from decorations provider vscode.git 1078
2023-02-08 11:42:05.170 [warning] [Decorations] CAPPING events from decorations provider vscode.git 1079
2023-02-08 11:42:10.308 [warning] [Decorations] CAPPING events from decorations provider vscode.git 1079
2023-02-08 11:42:15.461 [warning] [Decorations] CAPPING events from decorations provider vscode.git 1079
2023-02-08 11:42:26.496 [warning] [Decorations] CAPPING events from decorations provider vscode.git 1079
2023-02-08 11:42:35.077 [warning] [Decorations] CAPPING events from decorations provider vscode.git 1080
2023-02-08 11:42:40.246 [warning] [Decorations] CAPPING events from decorations provider vscode.git 1080
2023-02-08 11:42:47.435 [warning] [Decorations] CAPPING events from decorations provider vscode.git 1080
2023-02-08 11:42:53.927 [warning] [Decorations] CAPPING events from decorations provider vscode.git 1080
2023-02-08 11:43:10.039 [warning] [Decorations] CAPPING events from decorations provider vscode.git 1080
2023-02-08 11:43:22.771 [warning] [Decorations] CAPPING events from decorations provider vscode.git 1081
2023-02-08 11:43:27.939 [warning] [Decorations] CAPPING events from decorations provider vscode.git 1081
2023-02-08 11:43:51.227 [warning] [Decorations] CAPPING events from decorations provider vscode.git 1082
2023-02-08 11:43:56.380 [warning] [Decorations] CAPPING events from decorations provider vscode.git 1082
2023-02-08 11:44:12.821 [warning] [Decorations] CAPPING events from decorations provider vscode.git 1082
2023-02-08 11:44:31.645 [warning] [Decorations] CAPPING events from decorations provider vscode.git 1083
2023-02-08 11:44:36.790 [warning] [Decorations] CAPPING events from decorations provider vscode.git 1083
2023-02-08 11:44:43.523 [warning] [Decorations] CAPPING events from decorations provider vscode.git 1084
2023-02-08 11:44:48.698 [warning] [Decorations] CAPPING events from decorations provider vscode.git 1084
2023-02-08 11:46:03.286 [warning] [Decorations] CAPPING events from decorations provider vscode.git 1084
2023-02-08 11:46:08.453 [warning] [Decorations] CAPPING events from decorations provider vscode.git 1084
2023-02-08 11:46:15.655 [warning] [Decorations] CAPPING events from decorations provider vscode.git 1085
2023-02-08 11:46:20.800 [warning] [Decorations] CAPPING events from decorations provider vscode.git 1085
2023-02-08 11:46:25.958 [warning] [Decorations] CAPPING events from decorations provider vscode.git 1085
2023-02-08 11:46:31.127 [warning] [Decorations] CAPPING events from decorations provider vscode.git 1085
2023-02-08 11:46:45.582 [warning] [Decorations] CAPPING events from decorations provider vscode.git 1085
2023-02-08 11:46:52.007 [warning] [Decorations] CAPPING events from decorations provider vscode.git 1086
2023-02-08 11:47:25.160 [warning] [Decorations] CAPPING events from decorations provider vscode.git 1087
2023-02-08 11:47:35.607 [warning] [Decorations] CAPPING events from decorations provider vscode.git 1087
2023-02-08 11:47:40.774 [warning] [Decorations] CAPPING events from decorations provider vscode.git 1088
2023-02-08 11:47:48.095 [warning] [Decorations] CAPPING events from decorations provider vscode.git 1088
2023-02-08 11:50:17.135 [warning] [Decorations] CAPPING events from decorations provider vscode.git 1088
2023-02-08 11:50:22.281 [warning] [Decorations] CAPPING events from decorations provider vscode.git 1082
2023-02-08 11:50:27.434 [warning] [Decorations] CAPPING events from decorations provider vscode.git 1083
2023-02-08 11:50:32.584 [warning] [Decorations] CAPPING events from decorations provider vscode.git 1083
2023-02-08 11:50:37.758 [warning] [Decorations] CAPPING events from decorations provider vscode.git 1083
2023-02-08 11:50:48.900 [warning] [Decorations] CAPPING events from decorations provider vscode.git 1084
2023-02-08 11:50:54.048 [warning] [Decorations] CAPPING events from decorations provider vscode.git 1084
2023-02-08 11:51:15.202 [warning] [Decorations] CAPPING events from decorations provider vscode.git 1085
2023-02-08 11:51:20.355 [warning] [Decorations] CAPPING events from decorations provider vscode.git 1085
2023-02-08 11:51:31.163 [warning] [Decorations] CAPPING events from decorations provider vscode.git 1085
2023-02-08 11:51:36.313 [warning] [Decorations] CAPPING events from decorations provider vscode.git 1086
2023-02-08 11:51:41.453 [warning] [Decorations] CAPPING events from decorations provider vscode.git 1087
2023-02-08 11:51:47.528 [warning] [Decorations] CAPPING events from decorations provider vscode.git 1087
2023-02-08 11:51:52.673 [warning] [Decorations] CAPPING events from decorations provider vscode.git 1087
2023-02-08 11:51:57.813 [warning] [Decorations] CAPPING events from decorations provider vscode.git 1087
2023-02-08 11:59:02.767 [warning] [Decorations] CAPPING events from decorations provider vscode.git 1087
2023-02-08 11:59:07.910 [warning] [Decorations] CAPPING events from decorations provider vscode.git 1082
2023-02-08 12:02:18.821 [warning] [Decorations] CAPPING events from decorations provider vscode.git 1083
2023-02-08 12:02:23.964 [warning] [Decorations] CAPPING events from decorations provider vscode.git 1083
2023-02-08 12:02:29.099 [warning] [Decorations] CAPPING events from decorations provider vscode.git 1083
2023-02-08 12:02:35.893 [warning] [Decorations] CAPPING events from decorations provider vscode.git 1083
2023-02-08 12:02:41.079 [warning] [Decorations] CAPPING events from decorations provider vscode.git 1084
2023-02-08 12:02:47.018 [warning] [Decorations] CAPPING events from decorations provider vscode.git 1085
2023-02-08 12:03:07.817 [warning] [Decorations] CAPPING events from decorations provider vscode.git 1086
2023-02-08 12:03:12.964 [warning] [Decorations] CAPPING events from decorations provider vscode.git 1087
2023-02-08 12:03:21.999 [warning] [Decorations] CAPPING events from decorations provider vscode.git 1088
2023-02-08 12:03:27.172 [warning] [Decorations] CAPPING events from decorations provider vscode.git 1088
2023-02-08 12:05:56.624 [warning] [Decorations] CAPPING events from decorations provider vscode.git 1089
2023-02-08 12:06:14.959 [warning] [Decorations] CAPPING events from decorations provider vscode.git 1090
2023-02-08 12:06:20.114 [warning] [Decorations] CAPPING events from decorations provider vscode.git 1090
2023-02-08 12:06:26.765 [warning] [Decorations] CAPPING events from decorations provider vscode.git 1091
2023-02-08 12:06:31.905 [warning] [Decorations] CAPPING events from decorations provider vscode.git 1090
2023-02-08 12:08:47.547 [warning] [Decorations] CAPPING events from decorations provider vscode.git 1090
2023-02-08 12:09:49.161 [warning] [Decorations] CAPPING events from decorations provider vscode.git 1088
2023-02-08 12:09:54.340 [warning] [Decorations] CAPPING events from decorations provider vscode.git 1088
2023-02-08 12:09:59.525 [warning] [Decorations] CAPPING events from decorations provider vscode.git 1088
2023-02-08 12:10:04.673 [warning] [Decorations] CAPPING events from decorations provider vscode.git 1088
2023-02-08 12:10:19.192 [warning] [Decorations] CAPPING events from decorations provider vscode.git 1089
2023-02-08 12:10:24.346 [warning] [Decorations] CAPPING events from decorations provider vscode.git 1089
2023-02-08 12:10:29.500 [warning] [Decorations] CAPPING events from decorations provider vscode.git 1089
2023-02-08 12:10:45.653 [warning] [Decorations] CAPPING events from decorations provider vscode.git 1090
2023-02-08 12:10:50.825 [warning] [Decorations] CAPPING events from decorations provider vscode.git 1090
2023-02-08 12:10:57.308 [warning] [Decorations] CAPPING events from decorations provider vscode.git 1090
2023-02-08 12:11:03.095 [warning] [Decorations] CAPPING events from decorations provider vscode.git 1090
2023-02-08 12:11:33.023 [warning] [Decorations] CAPPING events from decorations provider vscode.git 1090
2023-02-08 12:11:39.268 [warning] [Decorations] CAPPING events from decorations provider vscode.git 1090
2023-02-08 12:12:13.253 [warning] [Decorations] CAPPING events from decorations provider vscode.git 1091
2023-02-08 12:12:18.416 [warning] [Decorations] CAPPING events from decorations provider vscode.git 1097
2023-02-08 12:12:23.580 [warning] [Decorations] CAPPING events from decorations provider vscode.git 1097
2023-02-08 12:13:30.237 [warning] [Decorations] CAPPING events from decorations provider vscode.git 1097
2023-02-08 12:13:57.837 [warning] [Decorations] CAPPING events from decorations provider vscode.git 1098
2023-02-08 12:14:06.127 [warning] [Decorations] CAPPING events from decorations provider vscode.git 1098
2023-02-08 12:14:11.273 [warning] [Decorations] CAPPING events from decorations provider vscode.git 1098
2023-02-08 12:14:16.437 [warning] [Decorations] CAPPING events from decorations provider vscode.git 1098
2023-02-08 12:14:21.595 [warning] [Decorations] CAPPING events from decorations provider vscode.git 1098
2023-02-08 12:14:26.936 [warning] [Decorations] CAPPING events from decorations provider vscode.git 1098
2023-02-08 12:16:03.634 [warning] [Decorations] CAPPING events from decorations provider vscode.git 1099
2023-02-08 12:16:17.616 [warning] [Decorations] CAPPING events from decorations provider vscode.git 1100
2023-02-08 12:16:26.933 [warning] [Decorations] CAPPING events from decorations provider vscode.git 1100
2023-02-08 12:16:33.215 [warning] [Decorations] CAPPING events from decorations provider vscode.git 1101
2023-02-08 12:16:38.367 [warning] [Decorations] CAPPING events from decorations provider vscode.git 1101
2023-02-08 12:16:45.343 [warning] [Decorations] CAPPING events from decorations provider vscode.git 1101
2023-02-08 12:16:50.482 [warning] [Decorations] CAPPING events from decorations provider vscode.git 1101
2023-02-08 12:16:55.647 [warning] [Decorations] CAPPING events from decorations provider vscode.git 1101
2023-02-08 12:17:00.816 [warning] [Decorations] CAPPING events from decorations provider vscode.git 1101
2023-02-08 12:17:05.968 [warning] [Decorations] CAPPING events from decorations provider vscode.git 1101
2023-02-08 12:17:11.126 [warning] [Decorations] CAPPING events from decorations provider vscode.git 1101
2023-02-08 12:17:16.291 [warning] [Decorations] CAPPING events from decorations provider vscode.git 1101
2023-02-08 12:17:21.471 [warning] [Decorations] CAPPING events from decorations provider vscode.git 1102
2023-02-08 12:17:27.054 [warning] [Decorations] CAPPING events from decorations provider vscode.git 1102
2023-02-08 12:17:34.835 [warning] [Decorations] CAPPING events from decorations provider vscode.git 1103
2023-02-08 12:17:39.980 [warning] [Decorations] CAPPING events from decorations provider vscode.git 1103
2023-02-08 12:17:45.143 [warning] [Decorations] CAPPING events from decorations provider vscode.git 1103
2023-02-08 12:17:50.282 [warning] [Decorations] CAPPING events from decorations provider vscode.git 1103
2023-02-08 12:17:55.428 [warning] [Decorations] CAPPING events from decorations provider vscode.git 1103
2023-02-08 12:18:03.546 [warning] [Decorations] CAPPING events from decorations provider vscode.git 1103
2023-02-08 12:18:08.699 [warning] [Decorations] CAPPING events from decorations provider vscode.git 1103
2023-02-08 12:18:14.130 [warning] [Decorations] CAPPING events from decorations provider vscode.git 1103
2023-02-08 12:18:57.664 [warning] [Decorations] CAPPING events from decorations provider vscode.git 1103
2023-02-08 12:19:07.748 [warning] [Decorations] CAPPING events from decorations provider vscode.git 1104
2023-02-08 12:19:16.422 [warning] [Decorations] CAPPING events from decorations provider vscode.git 1104
2023-02-08 12:19:27.030 [warning] [Decorations] CAPPING events from decorations provider vscode.git 1104
2023-02-08 12:19:32.227 [warning] [Decorations] CAPPING events from decorations provider vscode.git 1104
2023-02-08 12:19:37.387 [warning] [Decorations] CAPPING events from decorations provider vscode.git 1105
2023-02-08 12:19:53.252 [warning] [Decorations] CAPPING events from decorations provider vscode.git 1106
2023-02-08 12:19:58.401 [warning] [Decorations] CAPPING events from decorations provider vscode.git 1106
2023-02-08 12:20:09.538 [warning] [Decorations] CAPPING events from decorations provider vscode.git 1107
2023-02-08 12:20:16.691 [warning] [Decorations] CAPPING events from decorations provider vscode.git 1107
2023-02-08 12:20:21.870 [warning] [Decorations] CAPPING events from decorations provider vscode.git 1107
2023-02-08 12:20:27.040 [warning] [Decorations] CAPPING events from decorations provider vscode.git 1107
2023-02-08 12:20:32.207 [warning] [Decorations] CAPPING events from decorations provider vscode.git 1107
2023-02-08 12:20:37.357 [warning] [Decorations] CAPPING events from decorations provider vscode.git 1107
2023-02-08 12:20:42.521 [warning] [Decorations] CAPPING events from decorations provider vscode.git 1107
2023-02-08 12:20:48.372 [warning] [Decorations] CAPPING events from decorations provider vscode.git 1107
2023-02-08 12:22:07.409 [warning] [Decorations] CAPPING events from decorations provider vscode.git 1107
2023-02-08 12:22:19.795 [warning] [Decorations] CAPPING events from decorations provider vscode.git 1107
2023-02-08 12:22:38.967 [warning] [Decorations] CAPPING events from decorations provider vscode.git 1108
2023-02-08 12:22:44.142 [warning] [Decorations] CAPPING events from decorations provider vscode.git 1108
2023-02-08 12:22:51.272 [warning] [Decorations] CAPPING events from decorations provider vscode.git 1108
2023-02-08 12:23:25.238 [warning] [Decorations] CAPPING events from decorations provider vscode.git 1108
2023-02-08 12:24:27.028 [warning] [Decorations] CAPPING events from decorations provider vscode.git 1108
2023-02-08 12:24:39.216 [warning] [Decorations] CAPPING events from decorations provider vscode.git 1109
2023-02-08 12:24:44.365 [warning] [Decorations] CAPPING events from decorations provider vscode.git 1109
2023-02-08 12:25:24.165 [warning] [Decorations] CAPPING events from decorations provider vscode.git 1110
2023-02-08 12:25:29.316 [warning] [Decorations] CAPPING events from decorations provider vscode.git 1110
2023-02-08 12:25:41.908 [warning] [Decorations] CAPPING events from decorations provider vscode.git 1111
2023-02-08 12:25:47.050 [warning] [Decorations] CAPPING events from decorations provider vscode.git 1111
2023-02-08 12:25:52.200 [warning] [Decorations] CAPPING events from decorations provider vscode.git 1111
2023-02-08 12:25:59.156 [warning] [Decorations] CAPPING events from decorations provider vscode.git 1112
2023-02-08 12:26:27.309 [warning] [Decorations] CAPPING events from decorations provider vscode.git 1112
2023-02-08 12:26:34.124 [warning] [Decorations] CAPPING events from decorations provider vscode.git 1114
2023-02-08 12:26:39.306 [warning] [Decorations] CAPPING events from decorations provider vscode.git 1114
2023-02-08 12:26:52.772 [warning] [Decorations] CAPPING events from decorations provider vscode.git 1115
2023-02-08 12:27:05.853 [warning] [Decorations] CAPPING events from decorations provider vscode.git 1116
2023-02-08 12:27:11.031 [warning] [Decorations] CAPPING events from decorations provider vscode.git 1116
2023-02-08 12:27:24.373 [warning] [Decorations] CAPPING events from decorations provider vscode.git 1117
2023-02-08 12:27:29.549 [warning] [Decorations] CAPPING events from decorations provider vscode.git 1117
2023-02-08 12:27:39.133 [warning] [Decorations] CAPPING events from decorations provider vscode.git 1123
2023-02-08 12:28:27.377 [warning] [Decorations] CAPPING events from decorations provider vscode.git 1123
2023-02-08 12:29:18.732 [warning] [Decorations] CAPPING events from decorations provider vscode.git 1123
2023-02-08 12:29:27.048 [warning] [Decorations] CAPPING events from decorations provider vscode.git 1123
2023-02-08 12:29:57.606 [warning] [Decorations] CAPPING events from decorations provider vscode.git 1124
2023-02-08 12:30:27.150 [warning] [Decorations] CAPPING events from decorations provider vscode.git 1124
2023-02-08 12:30:32.291 [warning] [Decorations] CAPPING events from decorations provider vscode.git 1125
2023-02-08 12:30:37.455 [warning] [Decorations] CAPPING events from decorations provider vscode.git 1127
2023-02-08 12:30:42.607 [warning] [Decorations] CAPPING events from decorations provider vscode.git 1127
2023-02-08 12:30:50.104 [warning] [Decorations] CAPPING events from decorations provider vscode.git 1128
2023-02-08 12:30:59.908 [warning] [Decorations] CAPPING events from decorations provider vscode.git 1128
2023-02-08 12:31:05.089 [warning] [Decorations] CAPPING events from decorations provider vscode.git 1128
2023-02-08 12:31:10.241 [warning] [Decorations] CAPPING events from decorations provider vscode.git 1128
2023-02-08 12:31:20.931 [warning] [Decorations] CAPPING events from decorations provider vscode.git 1129
2023-02-08 12:31:27.156 [warning] [Decorations] CAPPING events from decorations provider vscode.git 1129
2023-02-08 12:31:39.455 [warning] [Decorations] CAPPING events from decorations provider vscode.git 1130
2023-02-08 12:31:52.448 [warning] [Decorations] CAPPING events from decorations provider vscode.git 1131
2023-02-08 12:31:57.613 [warning] [Decorations] CAPPING events from decorations provider vscode.git 1131
2023-02-08 12:32:27.175 [warning] [Decorations] CAPPING events from decorations provider vscode.git 1131
2023-02-08 12:32:32.370 [warning] [Decorations] CAPPING events from decorations provider vscode.git 1132
2023-02-08 12:32:39.367 [warning] [Decorations] CAPPING events from decorations provider vscode.git 1132
2023-02-08 12:32:57.546 [warning] [Decorations] CAPPING events from decorations provider vscode.git 1125
2023-02-08 12:33:02.699 [warning] [Decorations] CAPPING events from decorations provider vscode.git 1125
2023-02-08 12:33:07.841 [warning] [Decorations] CAPPING events from decorations provider vscode.git 1125
2023-02-08 12:33:12.984 [warning] [Decorations] CAPPING events from decorations provider vscode.git 1125
2023-02-08 12:33:18.127 [warning] [Decorations] CAPPING events from decorations provider vscode.git 1125
2023-02-08 12:33:23.281 [warning] [Decorations] CAPPING events from decorations provider vscode.git 1125
2023-02-08 12:33:28.425 [warning] [Decorations] CAPPING events from decorations provider vscode.git 1125
2023-02-08 12:33:33.598 [warning] [Decorations] CAPPING events from decorations provider vscode.git 1125
2023-02-08 12:33:38.748 [warning] [Decorations] CAPPING events from decorations provider vscode.git 1125
2023-02-08 12:33:43.918 [warning] [Decorations] CAPPING events from decorations provider vscode.git 1125
2023-02-08 12:33:54.924 [warning] [Decorations] CAPPING events from decorations provider vscode.git 1126
2023-02-08 12:34:27.206 [warning] [Decorations] CAPPING events from decorations provider vscode.git 1126
2023-02-08 12:34:34.995 [warning] [Decorations] CAPPING events from decorations provider vscode.git 1127
2023-02-08 12:34:44.807 [warning] [Decorations] CAPPING events from decorations provider vscode.git 1127
2023-02-08 12:34:50.503 [warning] [Decorations] CAPPING events from decorations provider vscode.git 1128
2023-02-08 12:34:55.679 [warning] [Decorations] CAPPING events from decorations provider vscode.git 1128
2023-02-08 12:35:00.850 [warning] [Decorations] CAPPING events from decorations provider vscode.git 1128
2023-02-08 12:35:06.010 [warning] [Decorations] CAPPING events from decorations provider vscode.git 1128
2023-02-08 12:35:11.888 [warning] [Decorations] CAPPING events from decorations provider vscode.git 1129
2023-02-08 12:35:17.036 [warning] [Decorations] CAPPING events from decorations provider vscode.git 1129
2023-02-08 12:37:26.713 [warning] [Decorations] CAPPING events from decorations provider vscode.git 1129
2023-02-08 12:37:31.883 [warning] [Decorations] CAPPING events from decorations provider vscode.git 1129
2023-02-08 12:37:39.714 [warning] [Decorations] CAPPING events from decorations provider vscode.git 1129
2023-02-08 12:37:46.299 [warning] [Decorations] CAPPING events from decorations provider vscode.git 1125
2023-02-08 12:37:59.722 [warning] [Decorations] CAPPING events from decorations provider vscode.git 1126
2023-02-08 12:38:05.700 [warning] [Decorations] CAPPING events from decorations provider vscode.git 1126
2023-02-08 12:39:44.611 [warning] [Decorations] CAPPING events from decorations provider vscode.git 1126
2023-02-08 12:42:15.043 [warning] [Decorations] CAPPING events from decorations provider vscode.git 1126
2023-02-08 12:42:27.288 [warning] [Decorations] CAPPING events from decorations provider vscode.git 1126
2023-02-08 12:42:39.737 [warning] [Decorations] CAPPING events from decorations provider vscode.git 1126
2023-02-08 12:42:44.902 [warning] [Decorations] CAPPING events from decorations provider vscode.git 1127
2023-02-08 12:42:50.071 [warning] [Decorations] CAPPING events from decorations provider vscode.git 1127
2023-02-08 12:42:55.227 [warning] [Decorations] CAPPING events from decorations provider vscode.git 1127
2023-02-08 12:43:00.392 [warning] [Decorations] CAPPING events from decorations provider vscode.git 1127
2023-02-08 12:43:39.520 [warning] [Decorations] CAPPING events from decorations provider vscode.git 1127
2023-02-08 12:43:44.685 [warning] [Decorations] CAPPING events from decorations provider vscode.git 1127
2023-02-08 12:43:51.643 [warning] [Decorations] CAPPING events from decorations provider vscode.git 1127
2023-02-08 12:44:16.859 [warning] [Decorations] CAPPING events from decorations provider vscode.git 1128
2023-02-08 12:44:22.097 [warning] [Decorations] CAPPING events from decorations provider vscode.git 1128
2023-02-08 12:44:27.384 [warning] [Decorations] CAPPING events from decorations provider vscode.git 1128
2023-02-08 12:44:42.871 [warning] [Decorations] CAPPING events from decorations provider vscode.git 1130
2023-02-08 12:44:48.031 [warning] [Decorations] CAPPING events from decorations provider vscode.git 1130
2023-02-08 12:44:53.200 [warning] [Decorations] CAPPING events from decorations provider vscode.git 1130
2023-02-08 12:44:58.357 [warning] [Decorations] CAPPING events from decorations provider vscode.git 1130
2023-02-08 12:45:04.045 [warning] [Decorations] CAPPING events from decorations provider vscode.git 1131
2023-02-08 12:46:27.910 [warning] [Decorations] CAPPING events from decorations provider vscode.git 1131
2023-02-08 12:47:03.629 [warning] [Decorations] CAPPING events from decorations provider vscode.git 1132
2023-02-08 12:47:20.639 [warning] [Decorations] CAPPING events from decorations provider vscode.git 1132
2023-02-08 12:47:27.778 [warning] [Decorations] CAPPING events from decorations provider vscode.git 1133
2023-02-08 12:48:17.184 [warning] [Decorations] CAPPING events from decorations provider vscode.git 1134
2023-02-08 12:48:27.318 [warning] [Decorations] CAPPING events from decorations provider vscode.git 1134
2023-02-08 12:49:12.516 [warning] [Decorations] CAPPING events from decorations provider vscode.git 1135
2023-02-08 12:49:21.923 [warning] [Decorations] CAPPING events from decorations provider vscode.git 1135
2023-02-08 12:50:28.688 [warning] [Decorations] CAPPING events from decorations provider vscode.git 1135
2023-02-08 12:51:18.367 [warning] [Decorations] CAPPING events from decorations provider vscode.git 1136
2023-02-08 12:51:23.532 [warning] [Decorations] CAPPING events from decorations provider vscode.git 1136
2023-02-08 12:51:28.708 [warning] [Decorations] CAPPING events from decorations provider vscode.git 1136
2023-02-08 12:51:33.854 [warning] [Decorations] CAPPING events from decorations provider vscode.git 1136
2023-02-08 12:51:39.215 [warning] [Decorations] CAPPING events from decorations provider vscode.git 1136
2023-02-08 12:51:44.373 [warning] [Decorations] CAPPING events from decorations provider vscode.git 1136
2023-02-08 12:51:49.518 [warning] [Decorations] CAPPING events from decorations provider vscode.git 1136
2023-02-08 12:52:17.612 [warning] [Decorations] CAPPING events from decorations provider vscode.git 1137
2023-02-08 12:52:27.400 [warning] [Decorations] CAPPING events from decorations provider vscode.git 1137
2023-02-08 12:52:39.045 [warning] [Decorations] CAPPING events from decorations provider vscode.git 1138
2023-02-08 12:52:44.760 [warning] [Decorations] CAPPING events from decorations provider vscode.git 1138
2023-02-08 12:52:49.921 [warning] [Decorations] CAPPING events from decorations provider vscode.git 1138
2023-02-08 12:53:32.944 [warning] [Decorations] CAPPING events from decorations provider vscode.git 1138
2023-02-08 12:53:46.350 [warning] [Decorations] CAPPING events from decorations provider vscode.git 1139
2023-02-08 12:53:51.510 [warning] [Decorations] CAPPING events from decorations provider vscode.git 1139
2023-02-08 12:53:56.647 [warning] [Decorations] CAPPING events from decorations provider vscode.git 1139
2023-02-08 12:54:02.615 [warning] [Decorations] CAPPING events from decorations provider vscode.git 1139
2023-02-08 12:54:12.615 [warning] [Decorations] CAPPING events from decorations provider vscode.git 1139
2023-02-08 12:54:25.058 [warning] [Decorations] CAPPING events from decorations provider vscode.git 1138
2023-02-08 12:54:36.249 [warning] [Decorations] CAPPING events from decorations provider vscode.git 1138
2023-02-08 12:54:46.815 [warning] [Decorations] CAPPING events from decorations provider vscode.git 1139
2023-02-08 12:54:51.967 [warning] [Decorations] CAPPING events from decorations provider vscode.git 1139
2023-02-08 12:54:57.138 [warning] [Decorations] CAPPING events from decorations provider vscode.git 1139
2023-02-08 12:56:39.249 [warning] [Decorations] CAPPING events from decorations provider vscode.git 1139
2023-02-08 12:57:09.416 [warning] [Decorations] CAPPING events from decorations provider vscode.git 1140
2023-02-08 12:57:14.584 [warning] [Decorations] CAPPING events from decorations provider vscode.git 1140
2023-02-08 12:57:37.569 [warning] [Decorations] CAPPING events from decorations provider vscode.git 1140
2023-02-08 12:57:49.061 [warning] [Decorations] CAPPING events from decorations provider vscode.git 1141
2023-02-08 12:57:54.215 [warning] [Decorations] CAPPING events from decorations provider vscode.git 1141
2023-02-08 12:57:59.363 [warning] [Decorations] CAPPING events from decorations provider vscode.git 1141
2023-02-08 12:58:04.518 [warning] [Decorations] CAPPING events from decorations provider vscode.git 1141
2023-02-08 12:58:09.659 [warning] [Decorations] CAPPING events from decorations provider vscode.git 1141
2023-02-08 12:58:14.817 [warning] [Decorations] CAPPING events from decorations provider vscode.git 1141
2023-02-08 12:58:23.564 [warning] [Decorations] CAPPING events from decorations provider vscode.git 1141
2023-02-08 12:58:28.724 [warning] [Decorations] CAPPING events from decorations provider vscode.git 1142
2023-02-08 12:58:47.271 [warning] [Decorations] CAPPING events from decorations provider vscode.git 1142
2023-02-08 12:58:58.339 [warning] [Decorations] CAPPING events from decorations provider vscode.git 1143
2023-02-08 12:59:07.261 [warning] [Decorations] CAPPING events from decorations provider vscode.git 1144
2023-02-08 12:59:12.574 [warning] [Decorations] CAPPING events from decorations provider vscode.git 1144
2023-02-08 12:59:27.473 [warning] [Decorations] CAPPING events from decorations provider vscode.git 1144
2023-02-08 12:59:41.226 [warning] [Decorations] CAPPING events from decorations provider vscode.git 1145
2023-02-08 12:59:50.385 [warning] [Decorations] CAPPING events from decorations provider vscode.git 1145
2023-02-08 13:00:03.703 [warning] [Decorations] CAPPING events from decorations provider vscode.git 1145
2023-02-08 13:00:23.558 [warning] [Decorations] CAPPING events from decorations provider vscode.git 1146
2023-02-08 13:00:28.698 [warning] [Decorations] CAPPING events from decorations provider vscode.git 1146
2023-02-08 13:02:28.084 [warning] [Decorations] CAPPING events from decorations provider vscode.git 1146
2023-02-08 13:02:47.662 [warning] [Decorations] CAPPING events from decorations provider vscode.git 1146
2023-02-08 13:02:55.736 [warning] [Decorations] CAPPING events from decorations provider vscode.git 1147
2023-02-08 13:03:33.034 [warning] [Decorations] CAPPING events from decorations provider vscode.git 1147
2023-02-08 13:03:40.546 [warning] [Decorations] CAPPING events from decorations provider vscode.git 1148
2023-02-08 13:04:00.955 [warning] [Decorations] CAPPING events from decorations provider vscode.git 1148
2023-02-08 13:04:16.654 [info] Extension host terminating: received terminate message from renderer
2023-02-08 13:04:16.895 [info] Extension host with pid 20856 exiting with code 0
