2023-02-10 19:20:49.176 [info] Extension host with pid 19068 started
2023-02-10 19:20:49.176 [info] Skipping acquiring lock for d:\examples\coursera_test\react_examples\ecommerce\User\workspaceStorage\e4f9a451059ddbe5198683f6e0734d6e.
2023-02-10 19:20:49.258 [info] ExtensionService#_doActivateExtension vscode.emmet, startup: false, activationEvent: 'onLanguage'
2023-02-10 19:20:49.292 [info] ExtensionService#_doActivateExtension vscode.typescript-language-features, startup: false, activationEvent: 'onLanguage:javascript'
2023-02-10 19:20:49.343 [info] ExtensionService#_doActivateExtension vscode.github-authentication, startup: false, activationEvent: 'onAuthenticationRequest:github'
2023-02-10 19:20:49.416 [info] ExtensionService#_doActivateExtension vscode.git-base, startup: true, activationEvent: '*', root cause: vscode.git
2023-02-10 19:20:49.434 [info] ExtensionService#_doActivateExtension vscode.npm, startup: true, activationEvent: 'workspaceContains:package.json'
2023-02-10 19:20:49.716 [info] ExtensionService#_doActivateExtension vscode.git, startup: true, activationEvent: '*'
2023-02-10 19:20:49.822 [info] ExtensionService#_doActivateExtension vscode.github, startup: true, activationEvent: '*'
2023-02-10 19:20:49.944 [info] ExtensionService#_doActivateExtension vscode.microsoft-authentication, startup: false, activationEvent: 'onAuthenticationRequest:microsoft'
2023-02-10 19:20:55.011 [info] Eager extensions activated
2023-02-10 19:20:55.048 [info] ExtensionService#_doActivateExtension vscode.debug-auto-launch, startup: false, activationEvent: 'onStartupFinished'
2023-02-10 19:20:55.085 [info] ExtensionService#_doActivateExtension vscode.merge-conflict, startup: false, activationEvent: 'onStartupFinished'
2023-02-10 19:20:55.151 [info] ExtensionService#_doActivateExtension ms-vscode-remote.remote-wsl-recommender, startup: false, activationEvent: 'onStartupFinished'
2023-02-10 19:20:55.204 [info] ExtensionService#_doActivateExtension esbenp.prettier-vscode, startup: false, activationEvent: 'onStartupFinished'
2023-02-10 19:54:40.693 [info] ExtensionService#_doActivateExtension firefox-devtools.vscode-firefox-debug, startup: false, activationEvent: 'onDebug'
2023-02-10 19:54:40.876 [info] ExtensionService#_doActivateExtension vscode.debug-server-ready, startup: false, activationEvent: 'onDebugResolve'
2023-02-10 19:54:40.891 [info] ExtensionService#_doActivateExtension ms-vscode.js-debug, startup: false, activationEvent: 'onDebugResolve:chrome'
2023-02-10 21:24:57.914 [info] Extension host terminating: renderer closed the MessagePort
2023-02-10 21:24:58.035 [info] Extension host with pid 19068 exiting with code 0
