2023-01-10 18:21:31.309 [info] Extension host with pid 20188 started
2023-01-10 18:21:31.309 [info] Skipping acquiring lock for d:\examples\coursera_test\react_examples\ecommerce\User\workspaceStorage\e4f9a451059ddbe5198683f6e0734d6e.
2023-01-10 18:21:31.732 [info] ExtensionService#_doActivateExtension vscode.typescript-language-features, startup: false, activationEvent: 'onLanguage:javascript'
2023-01-10 18:21:31.733 [info] ExtensionService#_doActivateExtension vscode.microsoft-authentication, startup: false, activationEvent: 'onAuthenticationRequest:microsoft'
2023-01-10 18:21:31.733 [info] ExtensionService#_doActivateExtension vscode.git-base, startup: true, activationEvent: '*', root cause: vscode.git
2023-01-10 18:21:31.734 [info] ExtensionService#_doActivateExtension vscode.npm, startup: true, activationEvent: 'workspaceContains:package.json'
2023-01-10 18:21:32.523 [info] ExtensionService#_doActivateExtension vscode.git, startup: true, activationEvent: '*'
2023-01-10 18:21:32.523 [info] ExtensionService#_doActivateExtension vscode.github, startup: true, activationEvent: '*'
2023-01-10 18:21:32.884 [info] ExtensionService#_doActivateExtension vscode.github-authentication, startup: false, activationEvent: 'onAuthenticationRequest:github'
2023-01-10 18:21:33.624 [info] Eager extensions activated
2023-01-10 18:21:33.666 [info] ExtensionService#_doActivateExtension vscode.debug-auto-launch, startup: false, activationEvent: 'onStartupFinished'
2023-01-10 18:21:33.666 [info] ExtensionService#_doActivateExtension vscode.emmet, startup: false, activationEvent: 'onStartupFinished'
2023-01-10 18:21:33.667 [info] ExtensionService#_doActivateExtension vscode.merge-conflict, startup: false, activationEvent: 'onStartupFinished'
2023-01-10 18:21:33.668 [info] ExtensionService#_doActivateExtension ms-vscode-remote.remote-wsl-recommender, startup: false, activationEvent: 'onStartupFinished'
2023-01-10 18:21:34.410 [warning] [Decorations] CAPPING events from decorations provider vscode.git 288
2023-01-10 18:21:34.935 [warning] [Decorations] CAPPING events from decorations provider vscode.git 288
2023-01-10 18:32:10.035 [warning] [Decorations] CAPPING events from decorations provider vscode.git 289
2023-01-10 18:32:15.201 [warning] [Decorations] CAPPING events from decorations provider vscode.git 289
2023-01-10 18:32:20.334 [warning] [Decorations] CAPPING events from decorations provider vscode.git 289
2023-01-10 18:36:53.719 [warning] [Decorations] CAPPING events from decorations provider vscode.git 290
2023-01-10 18:36:58.901 [warning] [Decorations] CAPPING events from decorations provider vscode.git 290
2023-01-10 18:37:04.034 [warning] [Decorations] CAPPING events from decorations provider vscode.git 290
2023-01-10 18:37:09.175 [warning] [Decorations] CAPPING events from decorations provider vscode.git 290
2023-01-10 18:37:22.611 [warning] [Decorations] CAPPING events from decorations provider vscode.git 290
2023-01-10 18:37:31.328 [warning] [Decorations] CAPPING events from decorations provider vscode.git 290
2023-01-10 18:37:51.550 [warning] [Decorations] CAPPING events from decorations provider vscode.git 291
2023-01-10 18:37:56.696 [warning] [Decorations] CAPPING events from decorations provider vscode.git 291
2023-01-10 18:38:01.854 [warning] [Decorations] CAPPING events from decorations provider vscode.git 291
2023-01-10 18:38:06.999 [warning] [Decorations] CAPPING events from decorations provider vscode.git 291
2023-01-10 18:38:12.131 [warning] [Decorations] CAPPING events from decorations provider vscode.git 291
2023-01-10 18:38:31.430 [warning] [Decorations] CAPPING events from decorations provider vscode.git 291
2023-01-10 18:39:19.461 [warning] [Decorations] CAPPING events from decorations provider vscode.git 292
2023-01-10 18:39:24.593 [warning] [Decorations] CAPPING events from decorations provider vscode.git 292
2023-01-10 18:39:31.356 [warning] [Decorations] CAPPING events from decorations provider vscode.git 292
2023-01-10 18:39:36.484 [warning] [Decorations] CAPPING events from decorations provider vscode.git 292
2023-01-10 18:39:41.614 [warning] [Decorations] CAPPING events from decorations provider vscode.git 292
2023-01-10 18:39:46.756 [warning] [Decorations] CAPPING events from decorations provider vscode.git 292
2023-01-10 18:39:51.877 [warning] [Decorations] CAPPING events from decorations provider vscode.git 292
2023-01-10 18:39:57.015 [warning] [Decorations] CAPPING events from decorations provider vscode.git 293
2023-01-10 18:40:05.390 [warning] [Decorations] CAPPING events from decorations provider vscode.git 293
2023-01-10 18:41:01.476 [warning] [Decorations] CAPPING events from decorations provider vscode.git 294
2023-01-10 18:41:20.318 [warning] [Decorations] CAPPING events from decorations provider vscode.git 295
2023-01-10 18:41:31.403 [warning] [Decorations] CAPPING events from decorations provider vscode.git 295
2023-01-10 18:41:36.542 [warning] [Decorations] CAPPING events from decorations provider vscode.git 296
2023-01-10 18:41:41.667 [warning] [Decorations] CAPPING events from decorations provider vscode.git 296
2023-01-10 18:41:46.810 [warning] [Decorations] CAPPING events from decorations provider vscode.git 296
2023-01-10 18:41:51.959 [warning] [Decorations] CAPPING events from decorations provider vscode.git 296
2023-01-10 18:41:57.100 [warning] [Decorations] CAPPING events from decorations provider vscode.git 296
2023-01-10 18:42:02.235 [warning] [Decorations] CAPPING events from decorations provider vscode.git 297
2023-01-10 18:42:08.811 [warning] [Decorations] CAPPING events from decorations provider vscode.git 297
2023-01-10 18:42:15.608 [warning] [Decorations] CAPPING events from decorations provider vscode.git 298
2023-01-10 18:42:23.192 [warning] [Decorations] CAPPING events from decorations provider vscode.git 298
2023-01-10 18:42:29.674 [warning] [Decorations] CAPPING events from decorations provider vscode.git 298
2023-01-10 18:42:37.026 [warning] [Decorations] CAPPING events from decorations provider vscode.git 299
2023-01-10 18:42:42.152 [warning] [Decorations] CAPPING events from decorations provider vscode.git 299
2023-01-10 18:42:47.299 [warning] [Decorations] CAPPING events from decorations provider vscode.git 299
2023-01-10 18:42:52.425 [warning] [Decorations] CAPPING events from decorations provider vscode.git 299
2023-01-10 18:42:57.569 [warning] [Decorations] CAPPING events from decorations provider vscode.git 299
2023-01-10 18:43:02.689 [warning] [Decorations] CAPPING events from decorations provider vscode.git 299
2023-01-10 18:43:07.816 [warning] [Decorations] CAPPING events from decorations provider vscode.git 299
2023-01-10 18:43:15.990 [warning] [Decorations] CAPPING events from decorations provider vscode.git 299
2023-01-10 18:43:31.421 [warning] [Decorations] CAPPING events from decorations provider vscode.git 299
2023-01-10 18:44:31.411 [warning] [Decorations] CAPPING events from decorations provider vscode.git 299
2023-01-10 18:44:36.567 [warning] [Decorations] CAPPING events from decorations provider vscode.git 300
2023-01-10 18:45:04.302 [warning] [Decorations] CAPPING events from decorations provider vscode.git 300
2023-01-10 18:48:25.415 [warning] [Decorations] CAPPING events from decorations provider vscode.git 300
2023-01-10 18:48:34.141 [warning] [Decorations] CAPPING events from decorations provider vscode.git 300
2023-01-10 18:48:52.197 [warning] [Decorations] CAPPING events from decorations provider vscode.git 300
2023-01-10 18:48:57.346 [warning] [Decorations] CAPPING events from decorations provider vscode.git 300
2023-01-10 18:49:02.543 [warning] [Decorations] CAPPING events from decorations provider vscode.git 301
2023-01-10 18:49:07.677 [warning] [Decorations] CAPPING events from decorations provider vscode.git 301
2023-01-10 18:49:14.603 [warning] [Decorations] CAPPING events from decorations provider vscode.git 301
2023-01-10 18:49:32.031 [warning] [Decorations] CAPPING events from decorations provider vscode.git 301
2023-01-10 18:49:37.538 [warning] [Decorations] CAPPING events from decorations provider vscode.git 302
2023-01-10 18:49:51.542 [warning] [Decorations] CAPPING events from decorations provider vscode.git 302
2023-01-10 18:49:57.485 [warning] [Decorations] CAPPING events from decorations provider vscode.git 303
2023-01-10 18:50:02.633 [warning] [Decorations] CAPPING events from decorations provider vscode.git 303
2023-01-10 18:50:15.051 [warning] [Decorations] CAPPING events from decorations provider vscode.git 304
2023-01-10 18:50:20.175 [warning] [Decorations] CAPPING events from decorations provider vscode.git 304
2023-01-10 18:50:25.308 [warning] [Decorations] CAPPING events from decorations provider vscode.git 304
2023-01-10 18:50:32.114 [warning] [Decorations] CAPPING events from decorations provider vscode.git 304
2023-01-10 18:55:00.502 [warning] [Decorations] CAPPING events from decorations provider vscode.git 304
2023-01-10 18:55:43.410 [warning] [Decorations] CAPPING events from decorations provider vscode.git 305
2023-01-10 18:57:38.144 [warning] [Decorations] CAPPING events from decorations provider vscode.git 305
2023-01-10 18:57:54.206 [warning] [Decorations] CAPPING events from decorations provider vscode.git 305
2023-01-10 18:57:59.349 [warning] [Decorations] CAPPING events from decorations provider vscode.git 306
2023-01-10 18:58:04.499 [warning] [Decorations] CAPPING events from decorations provider vscode.git 306
2023-01-10 18:58:37.662 [warning] [Decorations] CAPPING events from decorations provider vscode.git 306
2023-01-10 18:58:42.808 [warning] [Decorations] CAPPING events from decorations provider vscode.git 306
2023-01-10 18:58:50.223 [warning] [Decorations] CAPPING events from decorations provider vscode.git 307
2023-01-10 18:58:55.371 [warning] [Decorations] CAPPING events from decorations provider vscode.git 307
2023-01-10 18:59:00.520 [warning] [Decorations] CAPPING events from decorations provider vscode.git 307
2023-01-10 19:01:51.186 [warning] [Decorations] CAPPING events from decorations provider vscode.git 307
2023-01-10 19:01:56.327 [warning] [Decorations] CAPPING events from decorations provider vscode.git 304
2023-01-10 19:02:39.881 [warning] [Decorations] CAPPING events from decorations provider vscode.git 304
2023-01-10 19:06:18.698 [warning] [Decorations] CAPPING events from decorations provider vscode.git 305
2023-01-10 19:06:34.027 [warning] [Decorations] CAPPING events from decorations provider vscode.git 306
2023-01-10 19:06:39.640 [warning] [Decorations] CAPPING events from decorations provider vscode.git 306
2023-01-10 19:07:54.721 [warning] [Decorations] CAPPING events from decorations provider vscode.git 306
2023-01-10 19:08:00.295 [warning] [Decorations] CAPPING events from decorations provider vscode.git 306
2023-01-10 19:08:07.634 [warning] [Decorations] CAPPING events from decorations provider vscode.git 306
2023-01-10 19:08:44.870 [warning] [Decorations] CAPPING events from decorations provider vscode.git 306
2023-01-10 19:08:57.367 [warning] [Decorations] CAPPING events from decorations provider vscode.git 307
2023-01-10 19:09:09.612 [warning] [Decorations] CAPPING events from decorations provider vscode.git 308
2023-01-10 19:09:34.774 [warning] [Decorations] CAPPING events from decorations provider vscode.git 308
2023-01-10 19:09:39.921 [warning] [Decorations] CAPPING events from decorations provider vscode.git 308
2023-01-10 19:11:58.696 [warning] [Decorations] CAPPING events from decorations provider vscode.git 308
2023-01-10 19:12:03.860 [warning] [Decorations] CAPPING events from decorations provider vscode.git 304
2023-01-10 19:14:41.909 [warning] [Decorations] CAPPING events from decorations provider vscode.git 305
2023-01-10 19:15:34.315 [warning] [Decorations] CAPPING events from decorations provider vscode.git 305
2023-01-10 19:15:39.484 [warning] [Decorations] CAPPING events from decorations provider vscode.git 306
2023-01-10 19:15:44.647 [warning] [Decorations] CAPPING events from decorations provider vscode.git 306
2023-01-10 19:15:49.798 [warning] [Decorations] CAPPING events from decorations provider vscode.git 306
2023-01-10 19:15:54.946 [warning] [Decorations] CAPPING events from decorations provider vscode.git 306
2023-01-10 19:16:00.104 [warning] [Decorations] CAPPING events from decorations provider vscode.git 306
2023-01-10 19:16:10.619 [warning] [Decorations] CAPPING events from decorations provider vscode.git 307
2023-01-10 19:16:29.952 [warning] [Decorations] CAPPING events from decorations provider vscode.git 307
2023-01-10 19:16:35.109 [warning] [Decorations] CAPPING events from decorations provider vscode.git 304
2023-01-10 19:16:53.693 [warning] [Decorations] CAPPING events from decorations provider vscode.git 305
2023-01-10 19:17:12.652 [warning] [Decorations] CAPPING events from decorations provider vscode.git 306
2023-01-10 19:17:17.793 [warning] [Decorations] CAPPING events from decorations provider vscode.git 306
2023-01-10 19:17:38.100 [warning] [Decorations] CAPPING events from decorations provider vscode.git 306
2023-01-10 19:17:43.410 [warning] [Decorations] CAPPING events from decorations provider vscode.git 306
2023-01-10 19:20:29.608 [warning] [Decorations] CAPPING events from decorations provider vscode.git 306
2023-01-10 19:20:43.377 [warning] [Decorations] CAPPING events from decorations provider vscode.git 306
2023-01-10 19:21:03.696 [warning] [Decorations] CAPPING events from decorations provider vscode.git 307
2023-01-10 19:21:44.854 [warning] [Decorations] CAPPING events from decorations provider vscode.git 307
2023-01-10 19:21:49.995 [warning] [Decorations] CAPPING events from decorations provider vscode.git 304
2023-01-10 19:22:10.749 [warning] [Decorations] CAPPING events from decorations provider vscode.git 305
2023-01-10 19:22:15.894 [warning] [Decorations] CAPPING events from decorations provider vscode.git 305
2023-01-10 19:22:41.293 [warning] [Decorations] CAPPING events from decorations provider vscode.git 305
2023-01-10 19:22:46.430 [warning] [Decorations] CAPPING events from decorations provider vscode.git 305
2023-01-10 19:23:02.011 [warning] [Decorations] CAPPING events from decorations provider vscode.git 306
2023-01-10 19:23:07.180 [warning] [Decorations] CAPPING events from decorations provider vscode.git 306
2023-01-10 19:23:12.325 [warning] [Decorations] CAPPING events from decorations provider vscode.git 306
2023-01-10 19:23:17.477 [warning] [Decorations] CAPPING events from decorations provider vscode.git 306
2023-01-10 19:23:43.396 [warning] [Decorations] CAPPING events from decorations provider vscode.git 306
2023-01-10 19:24:12.573 [warning] [Decorations] CAPPING events from decorations provider vscode.git 307
2023-01-10 19:24:28.347 [warning] [Decorations] CAPPING events from decorations provider vscode.git 308
2023-01-10 19:24:33.486 [warning] [Decorations] CAPPING events from decorations provider vscode.git 308
2023-01-10 19:24:40.601 [warning] [Decorations] CAPPING events from decorations provider vscode.git 308
2023-01-10 19:24:45.723 [warning] [Decorations] CAPPING events from decorations provider vscode.git 308
2023-01-10 19:24:50.861 [warning] [Decorations] CAPPING events from decorations provider vscode.git 308
2023-01-10 19:24:56.023 [warning] [Decorations] CAPPING events from decorations provider vscode.git 308
2023-01-10 19:25:01.199 [warning] [Decorations] CAPPING events from decorations provider vscode.git 308
2023-01-10 19:25:06.921 [warning] [Decorations] CAPPING events from decorations provider vscode.git 308
2023-01-10 19:25:43.991 [warning] [Decorations] CAPPING events from decorations provider vscode.git 308
2023-01-10 19:25:54.645 [warning] [Decorations] CAPPING events from decorations provider vscode.git 309
2023-01-10 19:26:19.290 [warning] [Decorations] CAPPING events from decorations provider vscode.git 310
2023-01-10 19:26:43.474 [warning] [Decorations] CAPPING events from decorations provider vscode.git 309
2023-01-10 20:13:51.586 [warning] [Decorations] CAPPING events from decorations provider vscode.git 309
2023-01-10 20:14:00.582 [warning] [Decorations] CAPPING events from decorations provider vscode.git 310
2023-01-10 20:14:44.165 [warning] [Decorations] CAPPING events from decorations provider vscode.git 310
2023-01-10 20:14:49.269 [warning] [Decorations] CAPPING events from decorations provider vscode.git 310
2023-01-10 20:19:01.134 [warning] [Decorations] CAPPING events from decorations provider vscode.git 310
2023-01-10 20:22:10.621 [warning] [Decorations] CAPPING events from decorations provider vscode.git 310
2023-01-10 20:22:15.733 [warning] [Decorations] CAPPING events from decorations provider vscode.git 310
2023-01-10 20:23:29.055 [warning] [Decorations] CAPPING events from decorations provider vscode.git 311
2023-01-10 20:23:34.196 [warning] [Decorations] CAPPING events from decorations provider vscode.git 312
2023-01-10 20:23:39.296 [warning] [Decorations] CAPPING events from decorations provider vscode.git 312
2023-01-10 20:23:44.397 [warning] [Decorations] CAPPING events from decorations provider vscode.git 312
2023-01-10 20:23:59.546 [warning] [Decorations] CAPPING events from decorations provider vscode.git 313
2023-01-10 20:24:04.662 [warning] [Decorations] CAPPING events from decorations provider vscode.git 313
2023-01-10 20:24:09.773 [warning] [Decorations] CAPPING events from decorations provider vscode.git 313
2023-01-10 20:24:14.878 [warning] [Decorations] CAPPING events from decorations provider vscode.git 313
2023-01-10 20:24:31.676 [warning] [Decorations] CAPPING events from decorations provider vscode.git 313
2023-01-10 20:24:46.761 [warning] [Decorations] CAPPING events from decorations provider vscode.git 314
2023-01-10 20:24:51.884 [warning] [Decorations] CAPPING events from decorations provider vscode.git 314
2023-01-10 20:24:56.992 [warning] [Decorations] CAPPING events from decorations provider vscode.git 314
2023-01-10 20:25:02.096 [warning] [Decorations] CAPPING events from decorations provider vscode.git 314
2023-01-10 20:25:07.195 [warning] [Decorations] CAPPING events from decorations provider vscode.git 314
2023-01-10 20:25:12.954 [warning] [Decorations] CAPPING events from decorations provider vscode.git 314
2023-01-10 20:25:19.103 [warning] [Decorations] CAPPING events from decorations provider vscode.git 314
2023-01-10 20:25:24.204 [warning] [Decorations] CAPPING events from decorations provider vscode.git 314
2023-01-10 20:25:29.788 [warning] [Decorations] CAPPING events from decorations provider vscode.git 314
2023-01-10 20:25:43.948 [warning] [Decorations] CAPPING events from decorations provider vscode.git 314
2023-01-10 20:26:13.549 [warning] [Decorations] CAPPING events from decorations provider vscode.git 315
2023-01-10 20:26:32.735 [warning] [Decorations] CAPPING events from decorations provider vscode.git 316
2023-01-10 20:26:39.889 [warning] [Decorations] CAPPING events from decorations provider vscode.git 316
2023-01-10 20:27:07.167 [warning] [Decorations] CAPPING events from decorations provider vscode.git 316
2023-01-10 20:28:05.931 [warning] [Decorations] CAPPING events from decorations provider vscode.git 317
2023-01-10 20:28:11.038 [warning] [Decorations] CAPPING events from decorations provider vscode.git 312
2023-01-10 20:28:18.033 [warning] [Decorations] CAPPING events from decorations provider vscode.git 313
2023-01-10 20:29:12.011 [warning] [Decorations] CAPPING events from decorations provider vscode.git 314
2023-01-10 20:29:17.843 [warning] [Decorations] CAPPING events from decorations provider vscode.git 314
2023-01-10 20:29:22.940 [warning] [Decorations] CAPPING events from decorations provider vscode.git 314
2023-01-10 20:29:39.233 [warning] [Decorations] CAPPING events from decorations provider vscode.git 315
2023-01-10 20:29:44.341 [warning] [Decorations] CAPPING events from decorations provider vscode.git 315
2023-01-10 20:29:49.446 [warning] [Decorations] CAPPING events from decorations provider vscode.git 315
2023-01-10 20:29:54.558 [warning] [Decorations] CAPPING events from decorations provider vscode.git 315
2023-01-10 20:29:59.662 [warning] [Decorations] CAPPING events from decorations provider vscode.git 315
2023-01-10 20:30:08.769 [warning] [Decorations] CAPPING events from decorations provider vscode.git 315
2023-01-10 20:30:13.870 [warning] [Decorations] CAPPING events from decorations provider vscode.git 315
2023-01-10 20:30:30.972 [warning] [Decorations] CAPPING events from decorations provider vscode.git 315
2023-01-10 20:31:11.847 [warning] [Decorations] CAPPING events from decorations provider vscode.git 316
2023-01-10 20:31:17.057 [warning] [Decorations] CAPPING events from decorations provider vscode.git 316
2023-01-10 20:31:22.194 [warning] [Decorations] CAPPING events from decorations provider vscode.git 316
2023-01-10 20:31:27.298 [warning] [Decorations] CAPPING events from decorations provider vscode.git 316
2023-01-10 20:32:03.198 [warning] [Decorations] CAPPING events from decorations provider vscode.git 317
2023-01-10 20:32:08.300 [warning] [Decorations] CAPPING events from decorations provider vscode.git 317
2023-01-10 20:32:46.256 [warning] [Decorations] CAPPING events from decorations provider vscode.git 318
2023-01-10 20:33:01.136 [warning] [Decorations] CAPPING events from decorations provider vscode.git 318
2023-01-10 21:22:10.850 [warning] [Decorations] CAPPING events from decorations provider vscode.git 312
2023-01-10 21:22:15.955 [warning] [Decorations] CAPPING events from decorations provider vscode.git 312
2023-01-10 22:00:12.040 [info] Extension host terminating: renderer closed the socket
2023-01-10 22:00:12.390 [info] Extension host with pid 20188 exiting with code 0
