2023-02-01 14:31:44.383 [info] Extension host with pid 7628 started
2023-02-01 14:31:44.384 [info] Skipping acquiring lock for d:\examples\coursera_test\react_examples\ecommerce\User\workspaceStorage\e4f9a451059ddbe5198683f6e0734d6e.
2023-02-01 14:31:44.577 [info] ExtensionService#_doActivateExtension vscode.typescript-language-features, startup: false, activationEvent: 'onLanguage:javascript'
2023-02-01 14:31:44.577 [info] ExtensionService#_doActivateExtension vscode.microsoft-authentication, startup: false, activationEvent: 'onAuthenticationRequest:microsoft'
2023-02-01 14:31:44.578 [info] ExtensionService#_doActivateExtension vscode.git-base, startup: true, activationEvent: '*', root cause: vscode.git
2023-02-01 14:31:44.693 [info] ExtensionService#_doActivateExtension vscode.npm, startup: true, activationEvent: 'workspaceContains:package.json'
2023-02-01 14:31:45.288 [info] ExtensionService#_doActivateExtension vscode.git, startup: true, activationEvent: '*'
2023-02-01 14:31:45.289 [info] ExtensionService#_doActivateExtension vscode.github, startup: true, activationEvent: '*'
2023-02-01 14:31:45.603 [info] ExtensionService#_doActivateExtension vscode.github-authentication, startup: false, activationEvent: 'onAuthenticationRequest:github'
2023-02-01 14:31:46.565 [info] Eager extensions activated
2023-02-01 14:31:46.602 [info] ExtensionService#_doActivateExtension vscode.debug-auto-launch, startup: false, activationEvent: 'onStartupFinished'
2023-02-01 14:31:46.602 [info] ExtensionService#_doActivateExtension vscode.emmet, startup: false, activationEvent: 'onStartupFinished'
2023-02-01 14:31:46.602 [info] ExtensionService#_doActivateExtension vscode.merge-conflict, startup: false, activationEvent: 'onStartupFinished'
2023-02-01 14:31:46.603 [info] ExtensionService#_doActivateExtension ms-vscode-remote.remote-wsl-recommender, startup: false, activationEvent: 'onStartupFinished'
2023-02-01 14:31:46.603 [info] ExtensionService#_doActivateExtension esbenp.prettier-vscode, startup: false, activationEvent: 'onStartupFinished'
2023-02-01 14:31:48.617 [warning] [Decorations] CAPPING events from decorations provider vscode.git 752
2023-02-01 14:31:49.046 [warning] [Decorations] CAPPING events from decorations provider vscode.git 752
2023-02-01 14:32:38.216 [warning] [Decorations] CAPPING events from decorations provider vscode.git 768
2023-02-01 14:32:43.424 [warning] [Decorations] CAPPING events from decorations provider vscode.git 768
2023-02-01 14:38:26.992 [warning] [Decorations] CAPPING events from decorations provider vscode.git 769
2023-02-01 14:38:32.531 [warning] [Decorations] CAPPING events from decorations provider vscode.git 770
2023-02-01 14:38:38.914 [warning] [Decorations] CAPPING events from decorations provider vscode.git 770
2023-02-01 14:39:04.150 [warning] [Decorations] CAPPING events from decorations provider vscode.git 770
2023-02-01 14:39:11.838 [warning] [Decorations] CAPPING events from decorations provider vscode.git 770
2023-02-01 14:39:17.601 [warning] [Decorations] CAPPING events from decorations provider vscode.git 771
2023-02-01 14:39:23.775 [warning] [Decorations] CAPPING events from decorations provider vscode.git 771
2023-02-01 14:39:35.868 [warning] [Decorations] CAPPING events from decorations provider vscode.git 771
2023-02-01 14:41:31.794 [warning] [Decorations] CAPPING events from decorations provider vscode.git 772
2023-02-01 14:43:47.925 [warning] [Decorations] CAPPING events from decorations provider vscode.git 772
2023-02-01 14:43:53.085 [warning] [Decorations] CAPPING events from decorations provider vscode.git 768
2023-02-01 14:44:34.457 [warning] [Decorations] CAPPING events from decorations provider vscode.git 768
2023-02-01 14:44:44.141 [warning] [Decorations] CAPPING events from decorations provider vscode.git 769
2023-02-01 14:44:54.822 [warning] [Decorations] CAPPING events from decorations provider vscode.git 770
2023-02-01 14:44:59.988 [warning] [Decorations] CAPPING events from decorations provider vscode.git 770
2023-02-01 14:45:05.135 [warning] [Decorations] CAPPING events from decorations provider vscode.git 770
2023-02-01 14:45:14.803 [warning] [Decorations] CAPPING events from decorations provider vscode.git 770
2023-02-01 14:45:21.219 [warning] [Decorations] CAPPING events from decorations provider vscode.git 771
2023-02-01 14:45:34.520 [warning] [Decorations] CAPPING events from decorations provider vscode.git 771
2023-02-01 14:45:43.434 [warning] [Decorations] CAPPING events from decorations provider vscode.git 772
2023-02-01 14:45:48.760 [warning] [Decorations] CAPPING events from decorations provider vscode.git 772
2023-02-01 14:45:53.946 [warning] [Decorations] CAPPING events from decorations provider vscode.git 772
2023-02-01 14:46:07.241 [warning] [Decorations] CAPPING events from decorations provider vscode.git 772
2023-02-01 14:46:12.432 [warning] [Decorations] CAPPING events from decorations provider vscode.git 772
2023-02-01 14:46:17.587 [warning] [Decorations] CAPPING events from decorations provider vscode.git 773
2023-02-01 14:46:30.935 [warning] [Decorations] CAPPING events from decorations provider vscode.git 773
2023-02-01 14:46:41.108 [warning] [Decorations] CAPPING events from decorations provider vscode.git 774
2023-02-01 14:46:49.071 [warning] [Decorations] CAPPING events from decorations provider vscode.git 774
2023-02-01 14:47:14.276 [warning] [Decorations] CAPPING events from decorations provider vscode.git 774
2023-02-01 14:47:43.490 [warning] [Decorations] CAPPING events from decorations provider vscode.git 774
2023-02-01 14:47:59.831 [warning] [Decorations] CAPPING events from decorations provider vscode.git 774
2023-02-01 14:48:04.988 [warning] [Decorations] CAPPING events from decorations provider vscode.git 775
2023-02-01 14:48:10.143 [warning] [Decorations] CAPPING events from decorations provider vscode.git 775
2023-02-01 14:48:15.300 [warning] [Decorations] CAPPING events from decorations provider vscode.git 775
2023-02-01 14:48:20.442 [warning] [Decorations] CAPPING events from decorations provider vscode.git 775
2023-02-01 14:48:28.813 [warning] [Decorations] CAPPING events from decorations provider vscode.git 776
2023-02-01 14:48:33.959 [warning] [Decorations] CAPPING events from decorations provider vscode.git 776
2023-02-01 14:48:43.887 [warning] [Decorations] CAPPING events from decorations provider vscode.git 771
2023-02-01 14:48:49.114 [warning] [Decorations] CAPPING events from decorations provider vscode.git 771
2023-02-01 14:49:38.349 [warning] [Decorations] CAPPING events from decorations provider vscode.git 772
2023-02-01 14:49:43.513 [warning] [Decorations] CAPPING events from decorations provider vscode.git 772
2023-02-01 14:50:03.384 [warning] [Decorations] CAPPING events from decorations provider vscode.git 772
2023-02-01 14:50:12.919 [warning] [Decorations] CAPPING events from decorations provider vscode.git 773
2023-02-01 14:50:18.158 [warning] [Decorations] CAPPING events from decorations provider vscode.git 773
2023-02-01 14:50:25.541 [warning] [Decorations] CAPPING events from decorations provider vscode.git 773
2023-02-01 14:50:32.824 [warning] [Decorations] CAPPING events from decorations provider vscode.git 773
2023-02-01 14:50:38.446 [warning] [Decorations] CAPPING events from decorations provider vscode.git 773
2023-02-01 14:50:43.605 [warning] [Decorations] CAPPING events from decorations provider vscode.git 773
2023-02-01 14:50:48.743 [warning] [Decorations] CAPPING events from decorations provider vscode.git 773
2023-02-01 14:50:56.555 [warning] [Decorations] CAPPING events from decorations provider vscode.git 774
2023-02-01 14:51:01.706 [warning] [Decorations] CAPPING events from decorations provider vscode.git 775
2023-02-01 14:51:06.852 [warning] [Decorations] CAPPING events from decorations provider vscode.git 775
2023-02-01 14:51:11.996 [warning] [Decorations] CAPPING events from decorations provider vscode.git 775
2023-02-01 14:51:17.147 [warning] [Decorations] CAPPING events from decorations provider vscode.git 775
2023-02-01 14:51:23.379 [warning] [Decorations] CAPPING events from decorations provider vscode.git 775
2023-02-01 14:51:33.254 [warning] [Decorations] CAPPING events from decorations provider vscode.git 775
2023-02-01 14:51:38.398 [warning] [Decorations] CAPPING events from decorations provider vscode.git 775
2023-02-01 14:51:43.571 [warning] [Decorations] CAPPING events from decorations provider vscode.git 775
2023-02-01 14:51:48.716 [warning] [Decorations] CAPPING events from decorations provider vscode.git 775
2023-02-01 14:51:53.876 [warning] [Decorations] CAPPING events from decorations provider vscode.git 775
2023-02-01 14:52:01.617 [warning] [Decorations] CAPPING events from decorations provider vscode.git 776
2023-02-01 14:52:06.762 [warning] [Decorations] CAPPING events from decorations provider vscode.git 776
2023-02-01 14:52:11.935 [warning] [Decorations] CAPPING events from decorations provider vscode.git 776
2023-02-01 14:52:20.177 [warning] [Decorations] CAPPING events from decorations provider vscode.git 776
2023-02-01 14:53:45.773 [warning] [Decorations] CAPPING events from decorations provider vscode.git 776
2023-02-01 14:53:50.927 [warning] [Decorations] CAPPING events from decorations provider vscode.git 776
2023-02-01 14:54:13.383 [warning] [Decorations] CAPPING events from decorations provider vscode.git 776
2023-02-01 14:58:18.157 [warning] [Decorations] CAPPING events from decorations provider vscode.git 777
2023-02-01 14:58:47.216 [warning] [Decorations] CAPPING events from decorations provider vscode.git 777
2023-02-01 14:58:52.369 [warning] [Decorations] CAPPING events from decorations provider vscode.git 778
2023-02-01 14:58:58.433 [warning] [Decorations] CAPPING events from decorations provider vscode.git 778
2023-02-01 14:59:03.587 [warning] [Decorations] CAPPING events from decorations provider vscode.git 778
2023-02-01 14:59:08.741 [warning] [Decorations] CAPPING events from decorations provider vscode.git 778
2023-02-01 14:59:13.929 [warning] [Decorations] CAPPING events from decorations provider vscode.git 778
2023-02-01 14:59:20.915 [warning] [Decorations] CAPPING events from decorations provider vscode.git 778
2023-02-01 14:59:59.060 [warning] [Decorations] CAPPING events from decorations provider vscode.git 778
2023-02-01 15:00:07.271 [warning] [Decorations] CAPPING events from decorations provider vscode.git 779
2023-02-01 15:01:07.776 [warning] [Decorations] CAPPING events from decorations provider vscode.git 779
2023-02-01 15:02:00.756 [warning] [Decorations] CAPPING events from decorations provider vscode.git 779
2023-02-01 15:03:18.454 [warning] [Decorations] CAPPING events from decorations provider vscode.git 779
2023-02-01 15:05:24.913 [warning] [Decorations] CAPPING events from decorations provider vscode.git 780
2023-02-01 15:05:49.244 [warning] [Decorations] CAPPING events from decorations provider vscode.git 781
2023-02-01 15:05:55.123 [warning] [Decorations] CAPPING events from decorations provider vscode.git 781
2023-02-01 15:06:03.914 [warning] [Decorations] CAPPING events from decorations provider vscode.git 781
2023-02-01 15:06:11.403 [warning] [Decorations] CAPPING events from decorations provider vscode.git 781
2023-02-01 15:06:16.556 [warning] [Decorations] CAPPING events from decorations provider vscode.git 781
2023-02-01 15:06:21.725 [warning] [Decorations] CAPPING events from decorations provider vscode.git 780
2023-02-01 15:06:26.873 [warning] [Decorations] CAPPING events from decorations provider vscode.git 780
2023-02-01 15:06:32.022 [warning] [Decorations] CAPPING events from decorations provider vscode.git 780
2023-02-01 15:06:37.374 [warning] [Decorations] CAPPING events from decorations provider vscode.git 780
2023-02-01 15:06:42.525 [warning] [Decorations] CAPPING events from decorations provider vscode.git 780
2023-02-01 15:06:47.714 [warning] [Decorations] CAPPING events from decorations provider vscode.git 780
2023-02-01 15:06:52.921 [warning] [Decorations] CAPPING events from decorations provider vscode.git 780
2023-02-01 15:06:58.673 [warning] [Decorations] CAPPING events from decorations provider vscode.git 780
2023-02-01 15:07:04.055 [warning] [Decorations] CAPPING events from decorations provider vscode.git 780
2023-02-01 15:07:09.271 [warning] [Decorations] CAPPING events from decorations provider vscode.git 780
2023-02-01 15:07:14.437 [warning] [Decorations] CAPPING events from decorations provider vscode.git 780
2023-02-01 15:07:20.838 [warning] [Decorations] CAPPING events from decorations provider vscode.git 780
2023-02-01 15:07:33.133 [warning] [Decorations] CAPPING events from decorations provider vscode.git 780
2023-02-01 15:07:38.517 [warning] [Decorations] CAPPING events from decorations provider vscode.git 781
2023-02-01 15:07:43.683 [warning] [Decorations] CAPPING events from decorations provider vscode.git 781
2023-02-01 15:08:26.625 [warning] [Decorations] CAPPING events from decorations provider vscode.git 781
2023-02-01 15:08:31.786 [warning] [Decorations] CAPPING events from decorations provider vscode.git 782
2023-02-01 15:09:14.489 [warning] [Decorations] CAPPING events from decorations provider vscode.git 782
2023-02-01 15:09:25.723 [warning] [Decorations] CAPPING events from decorations provider vscode.git 783
2023-02-01 15:09:37.781 [warning] [Decorations] CAPPING events from decorations provider vscode.git 784
2023-02-01 15:09:42.949 [warning] [Decorations] CAPPING events from decorations provider vscode.git 784
2023-02-01 15:10:16.765 [warning] [Decorations] CAPPING events from decorations provider vscode.git 784
2023-02-01 15:10:22.703 [warning] [Decorations] CAPPING events from decorations provider vscode.git 784
2023-02-01 15:10:44.534 [warning] [Decorations] CAPPING events from decorations provider vscode.git 784
2023-02-01 15:10:49.706 [warning] [Decorations] CAPPING events from decorations provider vscode.git 788
2023-02-01 15:10:58.606 [warning] [Decorations] CAPPING events from decorations provider vscode.git 789
2023-02-01 15:11:03.761 [warning] [Decorations] CAPPING events from decorations provider vscode.git 789
2023-02-01 15:11:09.224 [warning] [Decorations] CAPPING events from decorations provider vscode.git 789
2023-02-01 15:11:14.401 [warning] [Decorations] CAPPING events from decorations provider vscode.git 791
2023-02-01 15:11:19.565 [warning] [Decorations] CAPPING events from decorations provider vscode.git 791
2023-02-01 15:11:26.927 [warning] [Decorations] CAPPING events from decorations provider vscode.git 791
2023-02-01 15:11:55.604 [warning] [Decorations] CAPPING events from decorations provider vscode.git 792
2023-02-01 15:12:00.791 [warning] [Decorations] CAPPING events from decorations provider vscode.git 792
2023-02-01 15:12:05.941 [warning] [Decorations] CAPPING events from decorations provider vscode.git 793
2023-02-01 15:14:13.763 [warning] [Decorations] CAPPING events from decorations provider vscode.git 793
2023-02-01 15:15:20.696 [warning] [Decorations] CAPPING events from decorations provider vscode.git 794
2023-02-01 15:15:42.293 [warning] [Decorations] CAPPING events from decorations provider vscode.git 795
2023-02-01 15:15:47.429 [warning] [Decorations] CAPPING events from decorations provider vscode.git 795
2023-02-01 15:15:52.589 [warning] [Decorations] CAPPING events from decorations provider vscode.git 801
2023-02-01 15:16:21.203 [warning] [Decorations] CAPPING events from decorations provider vscode.git 801
2023-02-01 15:16:26.332 [warning] [Decorations] CAPPING events from decorations provider vscode.git 801
2023-02-01 15:16:33.562 [warning] [Decorations] CAPPING events from decorations provider vscode.git 802
2023-02-01 15:16:41.099 [warning] [Decorations] CAPPING events from decorations provider vscode.git 802
2023-02-01 15:16:46.229 [warning] [Decorations] CAPPING events from decorations provider vscode.git 801
2023-02-01 15:16:55.216 [warning] [Decorations] CAPPING events from decorations provider vscode.git 802
2023-02-01 15:17:00.346 [warning] [Decorations] CAPPING events from decorations provider vscode.git 802
2023-02-01 15:17:05.474 [warning] [Decorations] CAPPING events from decorations provider vscode.git 802
2023-02-01 15:17:10.621 [warning] [Decorations] CAPPING events from decorations provider vscode.git 802
2023-02-01 15:17:15.757 [warning] [Decorations] CAPPING events from decorations provider vscode.git 802
2023-02-01 15:17:26.003 [warning] [Decorations] CAPPING events from decorations provider vscode.git 802
2023-02-01 15:17:31.151 [warning] [Decorations] CAPPING events from decorations provider vscode.git 802
2023-02-01 15:17:36.286 [warning] [Decorations] CAPPING events from decorations provider vscode.git 803
2023-02-01 15:17:41.427 [warning] [Decorations] CAPPING events from decorations provider vscode.git 803
2023-02-01 15:17:46.564 [warning] [Decorations] CAPPING events from decorations provider vscode.git 803
2023-02-01 15:17:52.108 [warning] [Decorations] CAPPING events from decorations provider vscode.git 803
2023-02-01 15:17:57.228 [warning] [Decorations] CAPPING events from decorations provider vscode.git 803
2023-02-01 15:18:02.355 [warning] [Decorations] CAPPING events from decorations provider vscode.git 803
2023-02-01 15:18:34.598 [warning] [Decorations] CAPPING events from decorations provider vscode.git 803
2023-02-01 15:18:49.401 [warning] [Decorations] CAPPING events from decorations provider vscode.git 804
2023-02-01 15:18:55.119 [warning] [Decorations] CAPPING events from decorations provider vscode.git 804
2023-02-01 15:19:11.931 [warning] [Decorations] CAPPING events from decorations provider vscode.git 804
2023-02-01 15:19:17.052 [warning] [Decorations] CAPPING events from decorations provider vscode.git 804
2023-02-01 15:19:22.185 [warning] [Decorations] CAPPING events from decorations provider vscode.git 805
2023-02-01 15:19:27.302 [warning] [Decorations] CAPPING events from decorations provider vscode.git 805
2023-02-01 15:19:53.024 [warning] [Decorations] CAPPING events from decorations provider vscode.git 806
2023-02-01 15:19:58.151 [warning] [Decorations] CAPPING events from decorations provider vscode.git 806
2023-02-01 15:20:06.496 [warning] [Decorations] CAPPING events from decorations provider vscode.git 807
2023-02-01 15:20:20.429 [warning] [Decorations] CAPPING events from decorations provider vscode.git 808
2023-02-01 15:20:27.175 [warning] [Decorations] CAPPING events from decorations provider vscode.git 808
2023-02-01 15:20:32.314 [warning] [Decorations] CAPPING events from decorations provider vscode.git 808
2023-02-01 15:20:37.556 [warning] [Decorations] CAPPING events from decorations provider vscode.git 808
2023-02-01 15:20:47.036 [warning] [Decorations] CAPPING events from decorations provider vscode.git 809
2023-02-01 15:20:52.155 [warning] [Decorations] CAPPING events from decorations provider vscode.git 818
2023-02-01 15:20:57.281 [warning] [Decorations] CAPPING events from decorations provider vscode.git 818
2023-02-01 15:21:45.407 [warning] [Decorations] CAPPING events from decorations provider vscode.git 818
2023-02-01 15:22:04.624 [warning] [Decorations] CAPPING events from decorations provider vscode.git 819
2023-02-01 15:25:04.324 [warning] [Decorations] CAPPING events from decorations provider vscode.git 819
2023-02-01 15:25:09.450 [warning] [Decorations] CAPPING events from decorations provider vscode.git 819
2023-02-01 15:25:18.909 [warning] [Decorations] CAPPING events from decorations provider vscode.git 820
2023-02-01 15:25:28.203 [warning] [Decorations] CAPPING events from decorations provider vscode.git 821
2023-02-01 15:25:33.355 [warning] [Decorations] CAPPING events from decorations provider vscode.git 821
2023-02-01 15:25:45.451 [warning] [Decorations] CAPPING events from decorations provider vscode.git 821
2023-02-01 15:25:58.775 [warning] [Decorations] CAPPING events from decorations provider vscode.git 826
2023-02-01 15:26:11.703 [warning] [Decorations] CAPPING events from decorations provider vscode.git 827
2023-02-01 15:26:49.773 [warning] [Decorations] CAPPING events from decorations provider vscode.git 827
2023-02-01 15:27:51.566 [warning] [Decorations] CAPPING events from decorations provider vscode.git 827
2023-02-01 15:28:05.404 [warning] [Decorations] CAPPING events from decorations provider vscode.git 827
2023-02-01 15:29:11.476 [warning] [Decorations] CAPPING events from decorations provider vscode.git 828
2023-02-01 15:29:25.277 [warning] [Decorations] CAPPING events from decorations provider vscode.git 830
2023-02-01 15:29:30.388 [warning] [Decorations] CAPPING events from decorations provider vscode.git 830
2023-02-01 15:29:35.508 [warning] [Decorations] CAPPING events from decorations provider vscode.git 830
2023-02-01 15:29:40.618 [warning] [Decorations] CAPPING events from decorations provider vscode.git 830
2023-02-01 15:29:45.746 [warning] [Decorations] CAPPING events from decorations provider vscode.git 830
2023-02-01 15:29:50.878 [warning] [Decorations] CAPPING events from decorations provider vscode.git 830
2023-02-01 15:29:56.004 [warning] [Decorations] CAPPING events from decorations provider vscode.git 830
2023-02-01 15:30:27.963 [warning] [Decorations] CAPPING events from decorations provider vscode.git 830
2023-02-01 15:30:40.103 [warning] [Decorations] CAPPING events from decorations provider vscode.git 831
2023-02-01 15:31:07.633 [warning] [Decorations] CAPPING events from decorations provider vscode.git 834
2023-02-01 15:31:35.538 [warning] [Decorations] CAPPING events from decorations provider vscode.git 832
2023-02-01 15:31:50.568 [warning] [Decorations] CAPPING events from decorations provider vscode.git 833
2023-02-01 15:31:55.697 [warning] [Decorations] CAPPING events from decorations provider vscode.git 832
2023-02-01 15:32:11.669 [warning] [Decorations] CAPPING events from decorations provider vscode.git 833
2023-02-01 15:32:24.390 [warning] [Decorations] CAPPING events from decorations provider vscode.git 833
2023-02-01 15:32:29.527 [warning] [Decorations] CAPPING events from decorations provider vscode.git 832
2023-02-01 15:32:35.074 [warning] [Decorations] CAPPING events from decorations provider vscode.git 833
2023-02-01 15:32:48.104 [warning] [Decorations] CAPPING events from decorations provider vscode.git 833
2023-02-01 15:33:18.786 [warning] [Decorations] CAPPING events from decorations provider vscode.git 834
2023-02-01 15:33:29.299 [warning] [Decorations] CAPPING events from decorations provider vscode.git 835
2023-02-01 15:33:55.973 [warning] [Decorations] CAPPING events from decorations provider vscode.git 835
2023-02-01 15:34:49.853 [warning] [Decorations] CAPPING events from decorations provider vscode.git 835
2023-02-01 15:35:05.680 [warning] [Decorations] CAPPING events from decorations provider vscode.git 836
2023-02-01 15:35:19.406 [warning] [Decorations] CAPPING events from decorations provider vscode.git 837
2023-02-01 15:35:26.509 [warning] [Decorations] CAPPING events from decorations provider vscode.git 838
2023-02-01 15:35:50.936 [warning] [Decorations] CAPPING events from decorations provider vscode.git 838
2023-02-01 15:35:56.056 [warning] [Decorations] CAPPING events from decorations provider vscode.git 832
2023-02-01 15:36:01.189 [warning] [Decorations] CAPPING events from decorations provider vscode.git 833
2023-02-01 15:37:19.771 [warning] [Decorations] CAPPING events from decorations provider vscode.git 833
2023-02-01 15:37:37.084 [warning] [Decorations] CAPPING events from decorations provider vscode.git 832
2023-02-01 15:37:42.217 [warning] [Decorations] CAPPING events from decorations provider vscode.git 833
2023-02-01 15:37:55.143 [warning] [Decorations] CAPPING events from decorations provider vscode.git 834
2023-02-01 15:38:01.388 [warning] [Decorations] CAPPING events from decorations provider vscode.git 834
2023-02-01 15:38:21.487 [warning] [Decorations] CAPPING events from decorations provider vscode.git 834
2023-02-01 15:38:30.764 [warning] [Decorations] CAPPING events from decorations provider vscode.git 835
2023-02-01 15:38:43.170 [warning] [Decorations] CAPPING events from decorations provider vscode.git 835
2023-02-01 15:38:51.561 [warning] [Decorations] CAPPING events from decorations provider vscode.git 836
2023-02-01 15:38:58.829 [warning] [Decorations] CAPPING events from decorations provider vscode.git 836
2023-02-01 15:39:08.168 [warning] [Decorations] CAPPING events from decorations provider vscode.git 836
2023-02-01 15:39:37.065 [warning] [Decorations] CAPPING events from decorations provider vscode.git 836
2023-02-01 15:40:31.441 [warning] [Decorations] CAPPING events from decorations provider vscode.git 836
2023-02-01 15:41:08.157 [warning] [Decorations] CAPPING events from decorations provider vscode.git 836
2023-02-01 15:41:32.526 [warning] [Decorations] CAPPING events from decorations provider vscode.git 832
2023-02-01 15:41:43.796 [warning] [Decorations] CAPPING events from decorations provider vscode.git 832
2023-02-01 15:42:07.596 [warning] [Decorations] CAPPING events from decorations provider vscode.git 833
2023-02-01 15:42:15.597 [warning] [Decorations] CAPPING events from decorations provider vscode.git 833
2023-02-01 15:43:27.381 [warning] [Decorations] CAPPING events from decorations provider vscode.git 834
2023-02-01 15:43:36.634 [warning] [Decorations] CAPPING events from decorations provider vscode.git 835
2023-02-01 15:44:30.947 [warning] [Decorations] CAPPING events from decorations provider vscode.git 835
2023-02-01 15:44:46.906 [warning] [Decorations] CAPPING events from decorations provider vscode.git 835
2023-02-01 15:44:52.041 [warning] [Decorations] CAPPING events from decorations provider vscode.git 836
2023-02-01 15:45:42.701 [warning] [Decorations] CAPPING events from decorations provider vscode.git 836
2023-02-01 15:45:49.975 [warning] [Decorations] CAPPING events from decorations provider vscode.git 836
2023-02-01 15:46:01.584 [warning] [Decorations] CAPPING events from decorations provider vscode.git 832
2023-02-01 15:47:36.146 [warning] [Decorations] CAPPING events from decorations provider vscode.git 833
2023-02-01 15:47:41.269 [warning] [Decorations] CAPPING events from decorations provider vscode.git 833
2023-02-01 15:48:38.109 [warning] [Decorations] CAPPING events from decorations provider vscode.git 833
2023-02-01 15:48:43.233 [warning] [Decorations] CAPPING events from decorations provider vscode.git 833
2023-02-01 15:50:38.126 [warning] [Decorations] CAPPING events from decorations provider vscode.git 833
2023-02-01 15:50:49.967 [warning] [Decorations] CAPPING events from decorations provider vscode.git 833
2023-02-01 15:51:38.191 [warning] [Decorations] CAPPING events from decorations provider vscode.git 831
2023-02-01 15:51:48.199 [warning] [Decorations] CAPPING events from decorations provider vscode.git 832
2023-02-01 15:51:53.311 [warning] [Decorations] CAPPING events from decorations provider vscode.git 832
2023-02-01 15:51:58.427 [warning] [Decorations] CAPPING events from decorations provider vscode.git 832
2023-02-01 15:52:03.577 [warning] [Decorations] CAPPING events from decorations provider vscode.git 832
2023-02-01 15:52:08.705 [warning] [Decorations] CAPPING events from decorations provider vscode.git 832
2023-02-01 15:52:15.290 [warning] [Decorations] CAPPING events from decorations provider vscode.git 832
2023-02-01 15:52:20.408 [warning] [Decorations] CAPPING events from decorations provider vscode.git 832
2023-02-01 15:52:37.925 [warning] [Decorations] CAPPING events from decorations provider vscode.git 832
2023-02-01 15:55:50.421 [warning] [Decorations] CAPPING events from decorations provider vscode.git 832
2023-02-01 16:03:19.658 [warning] [Decorations] CAPPING events from decorations provider vscode.git 833
2023-02-01 16:03:24.795 [warning] [Decorations] CAPPING events from decorations provider vscode.git 833
2023-02-01 16:03:29.938 [warning] [Decorations] CAPPING events from decorations provider vscode.git 833
2023-02-01 16:03:35.064 [warning] [Decorations] CAPPING events from decorations provider vscode.git 833
2023-02-01 16:03:40.185 [warning] [Decorations] CAPPING events from decorations provider vscode.git 833
2023-02-01 16:03:45.315 [warning] [Decorations] CAPPING events from decorations provider vscode.git 833
2023-02-01 16:03:50.440 [warning] [Decorations] CAPPING events from decorations provider vscode.git 833
2023-02-01 16:03:55.560 [warning] [Decorations] CAPPING events from decorations provider vscode.git 833
2023-02-01 16:04:00.679 [warning] [Decorations] CAPPING events from decorations provider vscode.git 833
2023-02-01 16:04:05.791 [warning] [Decorations] CAPPING events from decorations provider vscode.git 833
2023-02-01 16:04:10.902 [warning] [Decorations] CAPPING events from decorations provider vscode.git 833
2023-02-01 16:04:16.017 [warning] [Decorations] CAPPING events from decorations provider vscode.git 833
2023-02-01 16:04:21.146 [warning] [Decorations] CAPPING events from decorations provider vscode.git 833
2023-02-01 16:04:26.269 [warning] [Decorations] CAPPING events from decorations provider vscode.git 833
2023-02-01 16:04:31.387 [warning] [Decorations] CAPPING events from decorations provider vscode.git 833
2023-02-01 16:04:36.530 [warning] [Decorations] CAPPING events from decorations provider vscode.git 833
2023-02-01 16:04:41.685 [warning] [Decorations] CAPPING events from decorations provider vscode.git 833
2023-02-01 16:04:46.810 [warning] [Decorations] CAPPING events from decorations provider vscode.git 833
2023-02-01 16:04:51.936 [warning] [Decorations] CAPPING events from decorations provider vscode.git 833
2023-02-01 16:04:57.063 [warning] [Decorations] CAPPING events from decorations provider vscode.git 833
2023-02-01 16:05:02.184 [warning] [Decorations] CAPPING events from decorations provider vscode.git 833
2023-02-01 16:05:38.360 [warning] [Decorations] CAPPING events from decorations provider vscode.git 833
2023-02-01 16:05:43.903 [warning] [Decorations] CAPPING events from decorations provider vscode.git 834
2023-02-01 16:05:57.271 [warning] [Decorations] CAPPING events from decorations provider vscode.git 834
2023-02-01 16:06:02.720 [warning] [Decorations] CAPPING events from decorations provider vscode.git 835
2023-02-01 16:06:32.465 [warning] [Decorations] CAPPING events from decorations provider vscode.git 835
2023-02-01 16:08:17.858 [warning] [Decorations] CAPPING events from decorations provider vscode.git 836
2023-02-01 16:08:22.990 [warning] [Decorations] CAPPING events from decorations provider vscode.git 836
2023-02-01 16:08:28.156 [warning] [Decorations] CAPPING events from decorations provider vscode.git 836
2023-02-01 16:08:33.280 [warning] [Decorations] CAPPING events from decorations provider vscode.git 836
2023-02-01 16:08:38.414 [warning] [Decorations] CAPPING events from decorations provider vscode.git 836
2023-02-01 16:08:51.299 [warning] [Decorations] CAPPING events from decorations provider vscode.git 837
2023-02-01 16:09:38.410 [warning] [Decorations] CAPPING events from decorations provider vscode.git 837
2023-02-01 16:10:38.355 [warning] [Decorations] CAPPING events from decorations provider vscode.git 838
2023-02-01 16:10:43.476 [warning] [Decorations] CAPPING events from decorations provider vscode.git 838
2023-02-01 16:10:48.611 [warning] [Decorations] CAPPING events from decorations provider vscode.git 838
2023-02-01 16:10:53.751 [warning] [Decorations] CAPPING events from decorations provider vscode.git 838
2023-02-01 16:11:38.340 [warning] [Decorations] CAPPING events from decorations provider vscode.git 838
2023-02-01 16:13:21.307 [warning] [Decorations] CAPPING events from decorations provider vscode.git 838
2023-02-01 16:22:11.265 [warning] [Decorations] CAPPING events from decorations provider vscode.git 839
2023-02-01 16:22:38.148 [warning] [Decorations] CAPPING events from decorations provider vscode.git 839
2023-02-01 16:23:25.373 [warning] [Decorations] CAPPING events from decorations provider vscode.git 840
2023-02-01 16:23:35.066 [warning] [Decorations] CAPPING events from decorations provider vscode.git 840
2023-02-01 16:23:40.186 [warning] [Decorations] CAPPING events from decorations provider vscode.git 840
2023-02-01 16:23:45.323 [warning] [Decorations] CAPPING events from decorations provider vscode.git 840
2023-02-01 16:23:50.453 [warning] [Decorations] CAPPING events from decorations provider vscode.git 840
2023-02-01 16:24:38.438 [warning] [Decorations] CAPPING events from decorations provider vscode.git 840
2023-02-01 16:24:43.558 [warning] [Decorations] CAPPING events from decorations provider vscode.git 841
2023-02-01 16:24:48.747 [warning] [Decorations] CAPPING events from decorations provider vscode.git 841
2023-02-01 16:24:53.865 [warning] [Decorations] CAPPING events from decorations provider vscode.git 841
2023-02-01 16:24:59.058 [warning] [Decorations] CAPPING events from decorations provider vscode.git 841
2023-02-01 16:25:04.185 [warning] [Decorations] CAPPING events from decorations provider vscode.git 841
2023-02-01 16:25:38.196 [warning] [Decorations] CAPPING events from decorations provider vscode.git 841
2023-02-01 18:58:19.607 [warning] [Decorations] CAPPING events from decorations provider vscode.git 843
2023-02-01 19:00:38.346 [warning] [Decorations] CAPPING events from decorations provider vscode.git 843
2023-02-01 19:01:16.420 [warning] [Decorations] CAPPING events from decorations provider vscode.git 844
2023-02-01 19:01:50.308 [warning] [Decorations] CAPPING events from decorations provider vscode.git 845
2023-02-01 19:01:55.457 [warning] [Decorations] CAPPING events from decorations provider vscode.git 845
2023-02-01 19:02:00.606 [warning] [Decorations] CAPPING events from decorations provider vscode.git 845
2023-02-01 19:02:05.741 [warning] [Decorations] CAPPING events from decorations provider vscode.git 845
2023-02-01 19:02:16.174 [warning] [Decorations] CAPPING events from decorations provider vscode.git 846
2023-02-01 19:02:21.321 [warning] [Decorations] CAPPING events from decorations provider vscode.git 846
2023-02-01 19:02:26.465 [warning] [Decorations] CAPPING events from decorations provider vscode.git 846
2023-02-01 19:02:31.626 [warning] [Decorations] CAPPING events from decorations provider vscode.git 846
2023-02-01 19:02:36.755 [warning] [Decorations] CAPPING events from decorations provider vscode.git 846
2023-02-01 19:02:41.890 [warning] [Decorations] CAPPING events from decorations provider vscode.git 846
2023-02-01 19:02:48.351 [warning] [Decorations] CAPPING events from decorations provider vscode.git 847
2023-02-01 19:02:53.509 [warning] [Decorations] CAPPING events from decorations provider vscode.git 847
2023-02-01 19:03:45.517 [warning] [Decorations] CAPPING events from decorations provider vscode.git 847
2023-02-01 19:04:16.518 [warning] [Decorations] CAPPING events from decorations provider vscode.git 847
2023-02-01 19:04:50.187 [warning] [Decorations] CAPPING events from decorations provider vscode.git 847
2023-02-01 19:05:05.169 [warning] [Decorations] CAPPING events from decorations provider vscode.git 848
2023-02-01 19:05:10.312 [warning] [Decorations] CAPPING events from decorations provider vscode.git 848
2023-02-01 19:05:16.055 [warning] [Decorations] CAPPING events from decorations provider vscode.git 848
2023-02-01 19:05:38.631 [warning] [Decorations] CAPPING events from decorations provider vscode.git 849
2023-02-01 19:05:43.763 [warning] [Decorations] CAPPING events from decorations provider vscode.git 849
2023-02-01 19:05:49.436 [warning] [Decorations] CAPPING events from decorations provider vscode.git 849
2023-02-01 19:05:54.563 [warning] [Decorations] CAPPING events from decorations provider vscode.git 849
2023-02-01 19:06:16.541 [warning] [Decorations] CAPPING events from decorations provider vscode.git 854
2023-02-01 19:06:21.699 [warning] [Decorations] CAPPING events from decorations provider vscode.git 854
2023-02-01 19:07:16.079 [warning] [Decorations] CAPPING events from decorations provider vscode.git 854
2023-02-01 19:07:39.405 [warning] [Decorations] CAPPING events from decorations provider vscode.git 855
2023-02-01 19:07:44.552 [warning] [Decorations] CAPPING events from decorations provider vscode.git 855
2023-02-01 19:07:49.700 [warning] [Decorations] CAPPING events from decorations provider vscode.git 855
2023-02-01 19:07:54.836 [warning] [Decorations] CAPPING events from decorations provider vscode.git 855
2023-02-01 19:07:59.976 [warning] [Decorations] CAPPING events from decorations provider vscode.git 855
2023-02-01 19:08:13.925 [warning] [Decorations] CAPPING events from decorations provider vscode.git 855
2023-02-01 19:08:19.090 [warning] [Decorations] CAPPING events from decorations provider vscode.git 856
2023-02-01 19:08:24.224 [warning] [Decorations] CAPPING events from decorations provider vscode.git 856
2023-02-01 19:09:01.070 [warning] [Decorations] CAPPING events from decorations provider vscode.git 857
2023-02-01 19:09:06.235 [warning] [Decorations] CAPPING events from decorations provider vscode.git 857
2023-02-01 19:09:11.391 [warning] [Decorations] CAPPING events from decorations provider vscode.git 857
2023-02-01 19:09:16.542 [warning] [Decorations] CAPPING events from decorations provider vscode.git 857
2023-02-01 19:09:29.647 [warning] [Decorations] CAPPING events from decorations provider vscode.git 858
2023-02-01 19:09:36.061 [warning] [Decorations] CAPPING events from decorations provider vscode.git 858
2023-02-01 19:09:44.864 [warning] [Decorations] CAPPING events from decorations provider vscode.git 859
2023-02-01 19:09:50.024 [warning] [Decorations] CAPPING events from decorations provider vscode.git 859
2023-02-01 19:10:05.147 [warning] [Decorations] CAPPING events from decorations provider vscode.git 859
2023-02-01 19:10:16.081 [warning] [Decorations] CAPPING events from decorations provider vscode.git 860
2023-02-01 19:10:21.216 [warning] [Decorations] CAPPING events from decorations provider vscode.git 860
2023-02-01 19:10:26.377 [warning] [Decorations] CAPPING events from decorations provider vscode.git 860
2023-02-01 19:10:31.507 [warning] [Decorations] CAPPING events from decorations provider vscode.git 860
2023-02-01 19:10:57.776 [warning] [Decorations] CAPPING events from decorations provider vscode.git 861
2023-02-01 19:11:02.949 [warning] [Decorations] CAPPING events from decorations provider vscode.git 861
2023-02-01 19:11:08.093 [warning] [Decorations] CAPPING events from decorations provider vscode.git 861
2023-02-01 19:11:16.558 [warning] [Decorations] CAPPING events from decorations provider vscode.git 861
2023-02-01 19:11:21.692 [warning] [Decorations] CAPPING events from decorations provider vscode.git 862
2023-02-01 19:12:35.686 [warning] [Decorations] CAPPING events from decorations provider vscode.git 862
2023-02-01 19:13:59.564 [warning] [Decorations] CAPPING events from decorations provider vscode.git 863
2023-02-01 19:14:09.913 [warning] [Decorations] CAPPING events from decorations provider vscode.git 864
2023-02-01 19:14:16.284 [warning] [Decorations] CAPPING events from decorations provider vscode.git 864
2023-02-01 19:14:21.427 [warning] [Decorations] CAPPING events from decorations provider vscode.git 865
2023-02-01 19:14:27.385 [warning] [Decorations] CAPPING events from decorations provider vscode.git 865
2023-02-01 19:14:32.532 [warning] [Decorations] CAPPING events from decorations provider vscode.git 865
2023-02-01 19:14:37.674 [warning] [Decorations] CAPPING events from decorations provider vscode.git 865
2023-02-01 19:14:42.823 [warning] [Decorations] CAPPING events from decorations provider vscode.git 865
2023-02-01 19:14:47.956 [warning] [Decorations] CAPPING events from decorations provider vscode.git 865
2023-02-01 19:14:57.926 [warning] [Decorations] CAPPING events from decorations provider vscode.git 866
2023-02-01 19:15:03.074 [warning] [Decorations] CAPPING events from decorations provider vscode.git 866
2023-02-01 19:15:08.237 [warning] [Decorations] CAPPING events from decorations provider vscode.git 867
2023-02-01 19:15:13.384 [warning] [Decorations] CAPPING events from decorations provider vscode.git 868
2023-02-01 19:15:18.567 [warning] [Decorations] CAPPING events from decorations provider vscode.git 868
2023-02-01 19:15:26.250 [warning] [Decorations] CAPPING events from decorations provider vscode.git 869
2023-02-01 19:15:31.403 [warning] [Decorations] CAPPING events from decorations provider vscode.git 869
2023-02-01 19:15:36.587 [warning] [Decorations] CAPPING events from decorations provider vscode.git 869
2023-02-01 19:15:41.733 [warning] [Decorations] CAPPING events from decorations provider vscode.git 869
2023-02-01 19:15:46.900 [warning] [Decorations] CAPPING events from decorations provider vscode.git 869
2023-02-01 19:15:53.079 [warning] [Decorations] CAPPING events from decorations provider vscode.git 869
2023-02-01 19:16:12.841 [warning] [Decorations] CAPPING events from decorations provider vscode.git 869
2023-02-01 19:16:21.392 [warning] [Decorations] CAPPING events from decorations provider vscode.git 869
2023-02-01 19:16:26.546 [warning] [Decorations] CAPPING events from decorations provider vscode.git 869
2023-02-01 19:16:39.833 [warning] [Decorations] CAPPING events from decorations provider vscode.git 870
2023-02-01 19:16:45.032 [warning] [Decorations] CAPPING events from decorations provider vscode.git 870
2023-02-01 19:16:50.522 [warning] [Decorations] CAPPING events from decorations provider vscode.git 870
2023-02-01 19:17:04.946 [warning] [Decorations] CAPPING events from decorations provider vscode.git 871
2023-02-01 19:17:29.954 [warning] [Decorations] CAPPING events from decorations provider vscode.git 872
2023-02-01 19:17:35.135 [warning] [Decorations] CAPPING events from decorations provider vscode.git 872
2023-02-01 19:17:40.303 [warning] [Decorations] CAPPING events from decorations provider vscode.git 873
2023-02-01 19:17:45.458 [warning] [Decorations] CAPPING events from decorations provider vscode.git 873
2023-02-01 19:17:50.600 [warning] [Decorations] CAPPING events from decorations provider vscode.git 873
2023-02-01 19:17:55.759 [warning] [Decorations] CAPPING events from decorations provider vscode.git 873
2023-02-01 19:18:00.909 [warning] [Decorations] CAPPING events from decorations provider vscode.git 873
2023-02-01 19:18:09.006 [warning] [Decorations] CAPPING events from decorations provider vscode.git 874
2023-02-01 19:18:14.157 [warning] [Decorations] CAPPING events from decorations provider vscode.git 874
2023-02-01 19:18:19.305 [warning] [Decorations] CAPPING events from decorations provider vscode.git 874
2023-02-01 19:18:26.333 [warning] [Decorations] CAPPING events from decorations provider vscode.git 874
2023-02-01 19:19:05.002 [warning] [Decorations] CAPPING events from decorations provider vscode.git 875
2023-02-01 19:19:10.166 [warning] [Decorations] CAPPING events from decorations provider vscode.git 875
2023-02-01 19:19:15.362 [warning] [Decorations] CAPPING events from decorations provider vscode.git 875
2023-02-01 19:19:20.516 [warning] [Decorations] CAPPING events from decorations provider vscode.git 875
2023-02-01 19:19:25.658 [warning] [Decorations] CAPPING events from decorations provider vscode.git 875
2023-02-01 19:19:30.835 [warning] [Decorations] CAPPING events from decorations provider vscode.git 875
2023-02-01 19:19:48.795 [warning] [Decorations] CAPPING events from decorations provider vscode.git 875
2023-02-01 19:22:09.618 [warning] [Decorations] CAPPING events from decorations provider vscode.git 876
2023-02-01 19:22:14.754 [warning] [Decorations] CAPPING events from decorations provider vscode.git 876
2023-02-01 19:22:19.905 [warning] [Decorations] CAPPING events from decorations provider vscode.git 876
2023-02-01 19:22:25.102 [warning] [Decorations] CAPPING events from decorations provider vscode.git 876
2023-02-01 19:22:32.044 [warning] [Decorations] CAPPING events from decorations provider vscode.git 876
2023-02-01 19:22:48.692 [warning] [Decorations] CAPPING events from decorations provider vscode.git 877
2023-02-01 19:22:57.112 [warning] [Decorations] CAPPING events from decorations provider vscode.git 877
2023-02-01 19:23:23.664 [warning] [Decorations] CAPPING events from decorations provider vscode.git 877
2023-02-01 19:24:00.738 [warning] [Decorations] CAPPING events from decorations provider vscode.git 877
2023-02-01 19:24:05.902 [warning] [Decorations] CAPPING events from decorations provider vscode.git 877
2023-02-01 19:24:11.106 [warning] [Decorations] CAPPING events from decorations provider vscode.git 878
2023-02-01 19:24:16.890 [warning] [Decorations] CAPPING events from decorations provider vscode.git 878
2023-02-01 21:54:28.221 [warning] [Decorations] CAPPING events from decorations provider vscode.git 878
2023-02-01 21:54:33.381 [warning] [Decorations] CAPPING events from decorations provider vscode.git 878
2023-02-01 21:54:34.974 [info] Extension host terminating: received terminate message from renderer
2023-02-01 21:54:35.316 [info] Extension host with pid 7628 exiting with code 0
