["INFO" - 6:15:30 PM] Extension Name: esbenp.prettier-vscode.
["INFO" - 6:15:30 PM] Extension Version: 9.10.4.
["INFO" - 6:22:25 PM] Formatting file:///d%3A/examples/coursera_test/react_examples/ecommerce/.vscode/launch.json
["INFO" - 6:22:26 PM] Using ignore file (if present) at d:\examples\coursera_test\react_examples\ecommerce\.prettierignore
["INFO" - 6:22:26 PM] File Info:
{
  "ignored": false,
  "inferredParser": "json"
}
["INFO" - 6:22:26 PM] No local configuration (i.e. .prettierrc or .editorconfig) detected, falling back to VS Code configuration
["INFO" - 6:22:26 PM] Prettier Options:
{
  "arrowParens": "always",
  "bracketSpacing": true,
  "endOfLine": "lf",
  "htmlWhitespaceSensitivity": "css",
  "insertPragma": false,
  "singleAttributePerLine": false,
  "bracketSameLine": false,
  "jsxBracketSameLine": false,
  "jsxSingleQuote": false,
  "printWidth": 80,
  "proseWrap": "preserve",
  "quoteProps": "as-needed",
  "requirePragma": false,
  "semi": true,
  "singleQuote": false,
  "tabWidth": 2,
  "trailingComma": "es5",
  "useTabs": false,
  "vueIndentScriptAndStyle": false,
  "filepath": "d:\\examples\\coursera_test\\react_examples\\ecommerce\\.vscode\\launch.json",
  "parser": "json"
}
["INFO" - 6:22:26 PM] Formatting completed in 392ms.
