2023-01-27 18:55:09.533 [info] [perf] Render performance baseline is 90ms
2023-01-27 19:16:32.666 [error] <semantic> TypeScript Server Error (4.9.4)
Debug Failure. Did not expect JsxClosingFragment to have an Identifier in its trivia
Error: Debug Failure. Did not expect JsxClosingFragment to have an Identifier in its trivia
    at addSyntheticNodes (c:\Users\chhav\AppData\Local\Programs\Microsoft VS Code\resources\app\extensions\node_modules\typescript\lib\tsserver.js:167907:30)
    at createChildren (c:\Users\chhav\AppData\Local\Programs\Microsoft VS Code\resources\app\extensions\node_modules\typescript\lib\tsserver.js:167896:9)
    at NodeObject.getChildren (c:\Users\chhav\AppData\Local\Programs\Microsoft VS Code\resources\app\extensions\node_modules\typescript\lib\tsserver.js:167838:56)
    at NodeObject.getLastToken (c:\Users\chhav\AppData\Local\Programs\Microsoft VS Code\resources\app\extensions\node_modules\typescript\lib\tsserver.js:167853:33)
    at NodeObject.getLastToken (c:\Users\chhav\AppData\Local\Programs\Microsoft VS Code\resources\app\extensions\node_modules\typescript\lib\tsserver.js:167858:80)
    at NodeObject.getLastToken (c:\Users\chhav\AppData\Local\Programs\Microsoft VS Code\resources\app\extensions\node_modules\typescript\lib\tsserver.js:167858:80)
    at NodeObject.getLastToken (c:\Users\chhav\AppData\Local\Programs\Microsoft VS Code\resources\app\extensions\node_modules\typescript\lib\tsserver.js:167858:80)
    at NodeObject.getLastToken (c:\Users\chhav\AppData\Local\Programs\Microsoft VS Code\resources\app\extensions\node_modules\typescript\lib\tsserver.js:167858:80)
    at NodeObject.getLastToken (c:\Users\chhav\AppData\Local\Programs\Microsoft VS Code\resources\app\extensions\node_modules\typescript\lib\tsserver.js:167858:80)
    at NodeObject.getLastToken (c:\Users\chhav\AppData\Local\Programs\Microsoft VS Code\resources\app\extensions\node_modules\typescript\lib\tsserver.js:167858:80)
    at NodeObject.getLastToken (c:\Users\chhav\AppData\Local\Programs\Microsoft VS Code\resources\app\extensions\node_modules\typescript\lib\tsserver.js:167858:80)
    at NodeObject.getLastToken (c:\Users\chhav\AppData\Local\Programs\Microsoft VS Code\resources\app\extensions\node_modules\typescript\lib\tsserver.js:167858:80)
    at NodeObject.getLastToken (c:\Users\chhav\AppData\Local\Programs\Microsoft VS Code\resources\app\extensions\node_modules\typescript\lib\tsserver.js:167858:80)
    at NodeObject.getLastToken (c:\Users\chhav\AppData\Local\Programs\Microsoft VS Code\resources\app\extensions\node_modules\typescript\lib\tsserver.js:167858:80)
    at visit (c:\Users\chhav\AppData\Local\Programs\Microsoft VS Code\resources\app\extensions\node_modules\typescript\lib\tsserver.js:132100:38)
    at visitNodes (c:\Users\chhav\AppData\Local\Programs\Microsoft VS Code\resources\app\extensions\node_modules\typescript\lib\tsserver.js:31224:30)
    at forEachChildInSourceFile (c:\Users\chhav\AppData\Local\Programs\Microsoft VS Code\resources\app\extensions\node_modules\typescript\lib\tsserver.js:31583:20)
    at Object.forEachChild (c:\Users\chhav\AppData\Local\Programs\Microsoft VS Code\resources\app\extensions\node_modules\typescript\lib\tsserver.js:31998:47)
    at Object.probablyUsesSemicolons (c:\Users\chhav\AppData\Local\Programs\Microsoft VS Code\resources\app\extensions\node_modules\typescript\lib\tsserver.js:132098:12)
    at getCompletionEntriesFromSymbols (c:\Users\chhav\AppData\Local\Programs\Microsoft VS Code\resources\app\extensions\node_modules\typescript\lib\tsserver.js:136079:36)
    at completionInfoFromData (c:\Users\chhav\AppData\Local\Programs\Microsoft VS Code\resources\app\extensions\node_modules\typescript\lib\tsserver.js:135405:31)
    at Object.getCompletionsAtPosition (c:\Users\chhav\AppData\Local\Programs\Microsoft VS Code\resources\app\extensions\node_modules\typescript\lib\tsserver.js:135265:36)
    at Object.getCompletionsAtPosition (c:\Users\chhav\AppData\Local\Programs\Microsoft VS Code\resources\app\extensions\node_modules\typescript\lib\tsserver.js:169141:35)
    at Session.getCompletions (c:\Users\chhav\AppData\Local\Programs\Microsoft VS Code\resources\app\extensions\node_modules\typescript\lib\tsserver.js:181290:64)
    at Session.handlers.ts.Map.ts.getEntries._a.<computed> (c:\Users\chhav\AppData\Local\Programs\Microsoft VS Code\resources\app\extensions\node_modules\typescript\lib\tsserver.js:179963:61)
    at c:\Users\chhav\AppData\Local\Programs\Microsoft VS Code\resources\app\extensions\node_modules\typescript\lib\tsserver.js:182024:96
    at Session.executeWithRequestId (c:\Users\chhav\AppData\Local\Programs\Microsoft VS Code\resources\app\extensions\node_modules\typescript\lib\tsserver.js:182015:28)
    at Session.executeCommand (c:\Users\chhav\AppData\Local\Programs\Microsoft VS Code\resources\app\extensions\node_modules\typescript\lib\tsserver.js:182024:41)
    at Session.onMessage (c:\Users\chhav\AppData\Local\Programs\Microsoft VS Code\resources\app\extensions\node_modules\typescript\lib\tsserver.js:182052:35)
    at process.<anonymous> (c:\Users\chhav\AppData\Local\Programs\Microsoft VS Code\resources\app\extensions\node_modules\typescript\lib\tsserver.js:186208:31)
    at process.emit (node:events:526:28)
    at emit (node:internal/child_process:938:14)
    at process.processTicksAndRejections (node:internal/process/task_queues:84:21): Error: <semantic> TypeScript Server Error (4.9.4)
Debug Failure. Did not expect JsxClosingFragment to have an Identifier in its trivia
Error: Debug Failure. Did not expect JsxClosingFragment to have an Identifier in its trivia
    at addSyntheticNodes (c:\Users\chhav\AppData\Local\Programs\Microsoft VS Code\resources\app\extensions\node_modules\typescript\lib\tsserver.js:167907:30)
    at createChildren (c:\Users\chhav\AppData\Local\Programs\Microsoft VS Code\resources\app\extensions\node_modules\typescript\lib\tsserver.js:167896:9)
    at NodeObject.getChildren (c:\Users\chhav\AppData\Local\Programs\Microsoft VS Code\resources\app\extensions\node_modules\typescript\lib\tsserver.js:167838:56)
    at NodeObject.getLastToken (c:\Users\chhav\AppData\Local\Programs\Microsoft VS Code\resources\app\extensions\node_modules\typescript\lib\tsserver.js:167853:33)
    at NodeObject.getLastToken (c:\Users\chhav\AppData\Local\Programs\Microsoft VS Code\resources\app\extensions\node_modules\typescript\lib\tsserver.js:167858:80)
    at NodeObject.getLastToken (c:\Users\chhav\AppData\Local\Programs\Microsoft VS Code\resources\app\extensions\node_modules\typescript\lib\tsserver.js:167858:80)
    at NodeObject.getLastToken (c:\Users\chhav\AppData\Local\Programs\Microsoft VS Code\resources\app\extensions\node_modules\typescript\lib\tsserver.js:167858:80)
    at NodeObject.getLastToken (c:\Users\chhav\AppData\Local\Programs\Microsoft VS Code\resources\app\extensions\node_modules\typescript\lib\tsserver.js:167858:80)
    at NodeObject.getLastToken (c:\Users\chhav\AppData\Local\Programs\Microsoft VS Code\resources\app\extensions\node_modules\typescript\lib\tsserver.js:167858:80)
    at NodeObject.getLastToken (c:\Users\chhav\AppData\Local\Programs\Microsoft VS Code\resources\app\extensions\node_modules\typescript\lib\tsserver.js:167858:80)
    at NodeObject.getLastToken (c:\Users\chhav\AppData\Local\Programs\Microsoft VS Code\resources\app\extensions\node_modules\typescript\lib\tsserver.js:167858:80)
    at NodeObject.getLastToken (c:\Users\chhav\AppData\Local\Programs\Microsoft VS Code\resources\app\extensions\node_modules\typescript\lib\tsserver.js:167858:80)
    at NodeObject.getLastToken (c:\Users\chhav\AppData\Local\Programs\Microsoft VS Code\resources\app\extensions\node_modules\typescript\lib\tsserver.js:167858:80)
    at NodeObject.getLastToken (c:\Users\chhav\AppData\Local\Programs\Microsoft VS Code\resources\app\extensions\node_modules\typescript\lib\tsserver.js:167858:80)
    at visit (c:\Users\chhav\AppData\Local\Programs\Microsoft VS Code\resources\app\extensions\node_modules\typescript\lib\tsserver.js:132100:38)
    at visitNodes (c:\Users\chhav\AppData\Local\Programs\Microsoft VS Code\resources\app\extensions\node_modules\typescript\lib\tsserver.js:31224:30)
    at forEachChildInSourceFile (c:\Users\chhav\AppData\Local\Programs\Microsoft VS Code\resources\app\extensions\node_modules\typescript\lib\tsserver.js:31583:20)
    at Object.forEachChild (c:\Users\chhav\AppData\Local\Programs\Microsoft VS Code\resources\app\extensions\node_modules\typescript\lib\tsserver.js:31998:47)
    at Object.probablyUsesSemicolons (c:\Users\chhav\AppData\Local\Programs\Microsoft VS Code\resources\app\extensions\node_modules\typescript\lib\tsserver.js:132098:12)
    at getCompletionEntriesFromSymbols (c:\Users\chhav\AppData\Local\Programs\Microsoft VS Code\resources\app\extensions\node_modules\typescript\lib\tsserver.js:136079:36)
    at completionInfoFromData (c:\Users\chhav\AppData\Local\Programs\Microsoft VS Code\resources\app\extensions\node_modules\typescript\lib\tsserver.js:135405:31)
    at Object.getCompletionsAtPosition (c:\Users\chhav\AppData\Local\Programs\Microsoft VS Code\resources\app\extensions\node_modules\typescript\lib\tsserver.js:135265:36)
    at Object.getCompletionsAtPosition (c:\Users\chhav\AppData\Local\Programs\Microsoft VS Code\resources\app\extensions\node_modules\typescript\lib\tsserver.js:169141:35)
    at Session.getCompletions (c:\Users\chhav\AppData\Local\Programs\Microsoft VS Code\resources\app\extensions\node_modules\typescript\lib\tsserver.js:181290:64)
    at Session.handlers.ts.Map.ts.getEntries._a.<computed> (c:\Users\chhav\AppData\Local\Programs\Microsoft VS Code\resources\app\extensions\node_modules\typescript\lib\tsserver.js:179963:61)
    at c:\Users\chhav\AppData\Local\Programs\Microsoft VS Code\resources\app\extensions\node_modules\typescript\lib\tsserver.js:182024:96
    at Session.executeWithRequestId (c:\Users\chhav\AppData\Local\Programs\Microsoft VS Code\resources\app\extensions\node_modules\typescript\lib\tsserver.js:182015:28)
    at Session.executeCommand (c:\Users\chhav\AppData\Local\Programs\Microsoft VS Code\resources\app\extensions\node_modules\typescript\lib\tsserver.js:182024:41)
    at Session.onMessage (c:\Users\chhav\AppData\Local\Programs\Microsoft VS Code\resources\app\extensions\node_modules\typescript\lib\tsserver.js:182052:35)
    at process.<anonymous> (c:\Users\chhav\AppData\Local\Programs\Microsoft VS Code\resources\app\extensions\node_modules\typescript\lib\tsserver.js:186208:31)
    at process.emit (node:events:526:28)
    at emit (node:internal/child_process:938:14)
    at process.processTicksAndRejections (node:internal/process/task_queues:84:21)
	at n.create (c:\Users\chhav\AppData\Local\Programs\Microsoft VS Code\resources\app\extensions\typescript-language-features\dist\extension.js:2:1499744)
	at d.w (c:\Users\chhav\AppData\Local\Programs\Microsoft VS Code\resources\app\extensions\typescript-language-features\dist\extension.js:2:1495016)
	at d.u (c:\Users\chhav\AppData\Local\Programs\Microsoft VS Code\resources\app\extensions\typescript-language-features\dist\extension.js:2:1494095)
	at ChildProcess.<anonymous> (c:\Users\chhav\AppData\Local\Programs\Microsoft VS Code\resources\app\extensions\typescript-language-features\dist\extension.js:2:1493723)
	at ChildProcess.emit (node:events:526:28)
	at emit (node:internal/child_process:938:14)
	at process.processTicksAndRejections (node:internal/process/task_queues:84:21)
