2023-01-26 13:18:26.300 [info] Extension host with pid 27476 started
2023-01-26 13:18:26.301 [info] Skipping acquiring lock for d:\examples\coursera_test\react_examples\ecommerce\User\workspaceStorage\e4f9a451059ddbe5198683f6e0734d6e.
2023-01-26 13:18:26.385 [info] ExtensionService#_doActivateExtension vscode.typescript-language-features, startup: false, activationEvent: 'onLanguage:javascript'
2023-01-26 13:18:26.386 [info] ExtensionService#_doActivateExtension vscode.microsoft-authentication, startup: false, activationEvent: 'onAuthenticationRequest:microsoft'
2023-01-26 13:18:26.386 [info] ExtensionService#_doActivateExtension vscode.git-base, startup: true, activationEvent: '*', root cause: vscode.git
2023-01-26 13:18:26.977 [info] ExtensionService#_doActivateExtension vscode.npm, startup: true, activationEvent: 'workspaceContains:package.json'
2023-01-26 13:18:27.434 [info] ExtensionService#_doActivateExtension vscode.git, startup: true, activationEvent: '*'
2023-01-26 13:18:27.434 [info] ExtensionService#_doActivateExtension vscode.github, startup: true, activationEvent: '*'
2023-01-26 13:18:27.650 [info] ExtensionService#_doActivateExtension vscode.github-authentication, startup: false, activationEvent: 'onAuthenticationRequest:github'
2023-01-26 13:18:28.861 [info] Eager extensions activated
2023-01-26 13:18:28.867 [info] ExtensionService#_doActivateExtension vscode.debug-auto-launch, startup: false, activationEvent: 'onStartupFinished'
2023-01-26 13:18:28.867 [info] ExtensionService#_doActivateExtension vscode.emmet, startup: false, activationEvent: 'onStartupFinished'
2023-01-26 13:18:28.868 [info] ExtensionService#_doActivateExtension vscode.merge-conflict, startup: false, activationEvent: 'onStartupFinished'
2023-01-26 13:18:28.868 [info] ExtensionService#_doActivateExtension ms-vscode-remote.remote-wsl-recommender, startup: false, activationEvent: 'onStartupFinished'
2023-01-26 13:18:28.868 [info] ExtensionService#_doActivateExtension esbenp.prettier-vscode, startup: false, activationEvent: 'onStartupFinished'
2023-01-26 13:18:30.239 [warning] [Decorations] CAPPING events from decorations provider vscode.git 483
2023-01-26 13:18:30.596 [warning] [Decorations] CAPPING events from decorations provider vscode.git 483
2023-01-26 13:18:35.108 [warning] [Decorations] CAPPING events from decorations provider vscode.git 483
2023-01-26 13:18:40.263 [warning] [Decorations] CAPPING events from decorations provider vscode.git 483
2023-01-26 13:18:47.170 [warning] [Decorations] CAPPING events from decorations provider vscode.git 483
2023-01-26 13:19:05.574 [warning] [Decorations] CAPPING events from decorations provider vscode.git 483
2023-01-26 13:19:10.725 [warning] [Decorations] CAPPING events from decorations provider vscode.git 483
2023-01-26 13:19:26.574 [warning] [Decorations] CAPPING events from decorations provider vscode.git 483
2023-01-26 13:19:31.715 [warning] [Decorations] CAPPING events from decorations provider vscode.git 484
2023-01-26 13:19:36.855 [warning] [Decorations] CAPPING events from decorations provider vscode.git 484
2023-01-26 13:19:42.000 [warning] [Decorations] CAPPING events from decorations provider vscode.git 485
2023-01-26 13:21:05.645 [warning] [Decorations] CAPPING events from decorations provider vscode.git 487
2023-01-26 13:21:10.786 [warning] [Decorations] CAPPING events from decorations provider vscode.git 488
2023-01-26 13:21:33.329 [warning] [Decorations] CAPPING events from decorations provider vscode.git 488
2023-01-26 13:21:38.496 [warning] [Decorations] CAPPING events from decorations provider vscode.git 489
2023-01-26 13:21:48.524 [warning] [Decorations] CAPPING events from decorations provider vscode.git 489
2023-01-26 13:22:05.158 [warning] [Decorations] CAPPING events from decorations provider vscode.git 489
2023-01-26 13:22:23.597 [warning] [Decorations] CAPPING events from decorations provider vscode.git 490
2023-01-26 13:22:28.796 [warning] [Decorations] CAPPING events from decorations provider vscode.git 492
2023-01-26 13:22:34.787 [warning] [Decorations] CAPPING events from decorations provider vscode.git 493
2023-01-26 13:22:43.720 [warning] [Decorations] CAPPING events from decorations provider vscode.git 493
2023-01-26 13:22:56.866 [warning] [Decorations] CAPPING events from decorations provider vscode.git 494
2023-01-26 13:23:01.999 [warning] [Decorations] CAPPING events from decorations provider vscode.git 494
2023-01-26 13:23:12.305 [warning] [Decorations] CAPPING events from decorations provider vscode.git 494
2023-01-26 13:23:22.057 [warning] [Decorations] CAPPING events from decorations provider vscode.git 494
2023-01-26 13:23:27.213 [warning] [Decorations] CAPPING events from decorations provider vscode.git 494
2023-01-26 13:23:39.511 [warning] [Decorations] CAPPING events from decorations provider vscode.git 495
2023-01-26 13:24:51.418 [warning] [Decorations] CAPPING events from decorations provider vscode.git 496
2023-01-26 13:24:56.578 [warning] [Decorations] CAPPING events from decorations provider vscode.git 484
2023-01-26 13:25:01.727 [warning] [Decorations] CAPPING events from decorations provider vscode.git 485
2023-01-26 13:25:07.350 [warning] [Decorations] CAPPING events from decorations provider vscode.git 486
2023-01-26 13:25:12.502 [warning] [Decorations] CAPPING events from decorations provider vscode.git 486
2023-01-26 13:25:18.511 [warning] [Decorations] CAPPING events from decorations provider vscode.git 486
2023-01-26 13:25:24.242 [warning] [Decorations] CAPPING events from decorations provider vscode.git 486
2023-01-26 13:25:29.400 [warning] [Decorations] CAPPING events from decorations provider vscode.git 486
2023-01-26 13:25:49.315 [warning] [Decorations] CAPPING events from decorations provider vscode.git 487
2023-01-26 13:26:26.528 [warning] [Decorations] CAPPING events from decorations provider vscode.git 487
2023-01-26 13:29:29.911 [warning] [Decorations] CAPPING events from decorations provider vscode.git 487
2023-01-26 13:30:33.764 [warning] [Decorations] CAPPING events from decorations provider vscode.git 486
2023-01-26 13:30:38.917 [warning] [Decorations] CAPPING events from decorations provider vscode.git 486
2023-01-26 13:30:44.079 [warning] [Decorations] CAPPING events from decorations provider vscode.git 486
2023-01-26 13:30:49.206 [warning] [Decorations] CAPPING events from decorations provider vscode.git 486
2023-01-26 13:30:54.347 [warning] [Decorations] CAPPING events from decorations provider vscode.git 486
2023-01-26 13:31:27.010 [warning] [Decorations] CAPPING events from decorations provider vscode.git 486
2023-01-26 13:31:54.101 [warning] [Decorations] CAPPING events from decorations provider vscode.git 487
2023-01-26 13:31:59.238 [warning] [Decorations] CAPPING events from decorations provider vscode.git 487
2023-01-26 13:32:05.663 [warning] [Decorations] CAPPING events from decorations provider vscode.git 487
2023-01-26 13:32:11.778 [warning] [Decorations] CAPPING events from decorations provider vscode.git 487
2023-01-26 13:32:16.923 [warning] [Decorations] CAPPING events from decorations provider vscode.git 487
2023-01-26 13:32:22.069 [warning] [Decorations] CAPPING events from decorations provider vscode.git 487
2023-01-26 13:32:27.210 [warning] [Decorations] CAPPING events from decorations provider vscode.git 487
2023-01-26 13:32:32.348 [warning] [Decorations] CAPPING events from decorations provider vscode.git 487
2023-01-26 13:32:37.497 [warning] [Decorations] CAPPING events from decorations provider vscode.git 487
2023-01-26 13:32:52.615 [warning] [Decorations] CAPPING events from decorations provider vscode.git 487
2023-01-26 13:35:18.569 [warning] [Decorations] CAPPING events from decorations provider vscode.git 486
2023-01-26 13:35:26.637 [warning] [Decorations] CAPPING events from decorations provider vscode.git 484
2023-01-26 13:35:31.778 [warning] [Decorations] CAPPING events from decorations provider vscode.git 485
2023-01-26 13:35:36.929 [warning] [Decorations] CAPPING events from decorations provider vscode.git 485
2023-01-26 13:35:42.068 [warning] [Decorations] CAPPING events from decorations provider vscode.git 485
2023-01-26 13:36:26.610 [warning] [Decorations] CAPPING events from decorations provider vscode.git 485
2023-01-26 13:51:38.048 [warning] [Decorations] CAPPING events from decorations provider vscode.git 485
2023-01-26 13:51:43.200 [warning] [Decorations] CAPPING events from decorations provider vscode.git 484
2023-01-26 13:52:06.541 [warning] [Decorations] CAPPING events from decorations provider vscode.git 485
2023-01-26 13:52:20.789 [warning] [Decorations] CAPPING events from decorations provider vscode.git 486
2023-01-26 13:52:49.630 [warning] [Decorations] CAPPING events from decorations provider vscode.git 487
2023-01-26 13:52:54.795 [warning] [Decorations] CAPPING events from decorations provider vscode.git 487
2023-01-26 13:52:59.951 [warning] [Decorations] CAPPING events from decorations provider vscode.git 488
2023-01-26 13:53:13.819 [warning] [Decorations] CAPPING events from decorations provider vscode.git 488
2023-01-26 13:53:26.963 [warning] [Decorations] CAPPING events from decorations provider vscode.git 489
2023-01-26 13:53:32.110 [warning] [Decorations] CAPPING events from decorations provider vscode.git 489
2023-01-26 13:53:37.894 [warning] [Decorations] CAPPING events from decorations provider vscode.git 489
2023-01-26 13:53:48.900 [warning] [Decorations] CAPPING events from decorations provider vscode.git 489
2023-01-26 13:53:55.989 [warning] [Decorations] CAPPING events from decorations provider vscode.git 490
2023-01-26 13:54:09.461 [warning] [Decorations] CAPPING events from decorations provider vscode.git 490
2023-01-26 13:54:34.779 [warning] [Decorations] CAPPING events from decorations provider vscode.git 491
2023-01-26 13:54:39.964 [warning] [Decorations] CAPPING events from decorations provider vscode.git 491
2023-01-26 13:54:45.123 [warning] [Decorations] CAPPING events from decorations provider vscode.git 491
2023-01-26 13:54:50.261 [warning] [Decorations] CAPPING events from decorations provider vscode.git 491
2023-01-26 13:54:55.406 [warning] [Decorations] CAPPING events from decorations provider vscode.git 491
2023-01-26 13:55:00.548 [warning] [Decorations] CAPPING events from decorations provider vscode.git 491
2023-01-26 13:55:20.464 [warning] [Decorations] CAPPING events from decorations provider vscode.git 491
2023-01-26 13:55:25.607 [warning] [Decorations] CAPPING events from decorations provider vscode.git 491
2023-01-26 13:59:29.067 [warning] [Decorations] CAPPING events from decorations provider vscode.git 492
2023-01-26 14:00:08.871 [warning] [Decorations] CAPPING events from decorations provider vscode.git 484
2023-01-26 14:02:58.602 [warning] [Decorations] CAPPING events from decorations provider vscode.git 484
2023-01-26 14:03:04.707 [warning] [Decorations] CAPPING events from decorations provider vscode.git 484
2023-01-26 14:03:13.363 [warning] [Decorations] CAPPING events from decorations provider vscode.git 484
2023-01-26 14:04:00.365 [warning] [Decorations] CAPPING events from decorations provider vscode.git 484
2023-01-26 14:05:04.441 [warning] [Decorations] CAPPING events from decorations provider vscode.git 485
2023-01-26 14:05:10.076 [warning] [Decorations] CAPPING events from decorations provider vscode.git 485
2023-01-26 14:05:27.421 [warning] [Decorations] CAPPING events from decorations provider vscode.git 486
2023-01-26 14:05:33.505 [warning] [Decorations] CAPPING events from decorations provider vscode.git 486
2023-01-26 14:05:40.052 [warning] [Decorations] CAPPING events from decorations provider vscode.git 486
2023-01-26 14:05:53.275 [warning] [Decorations] CAPPING events from decorations provider vscode.git 487
2023-01-26 14:05:58.415 [warning] [Decorations] CAPPING events from decorations provider vscode.git 487
2023-01-26 14:06:03.569 [warning] [Decorations] CAPPING events from decorations provider vscode.git 487
2023-01-26 14:06:31.452 [warning] [Decorations] CAPPING events from decorations provider vscode.git 488
2023-01-26 14:06:38.586 [warning] [Decorations] CAPPING events from decorations provider vscode.git 489
2023-01-26 14:06:47.104 [warning] [Decorations] CAPPING events from decorations provider vscode.git 489
2023-01-26 14:06:52.272 [warning] [Decorations] CAPPING events from decorations provider vscode.git 489
2023-01-26 14:07:00.098 [warning] [Decorations] CAPPING events from decorations provider vscode.git 490
2023-01-26 14:07:05.244 [warning] [Decorations] CAPPING events from decorations provider vscode.git 490
2023-01-26 14:07:13.303 [warning] [Decorations] CAPPING events from decorations provider vscode.git 490
2023-01-26 14:07:18.486 [warning] [Decorations] CAPPING events from decorations provider vscode.git 490
2023-01-26 14:07:23.627 [warning] [Decorations] CAPPING events from decorations provider vscode.git 490
2023-01-26 14:07:44.343 [warning] [Decorations] CAPPING events from decorations provider vscode.git 491
2023-01-26 14:07:49.497 [warning] [Decorations] CAPPING events from decorations provider vscode.git 491
2023-01-26 14:08:00.123 [warning] [Decorations] CAPPING events from decorations provider vscode.git 491
2023-01-26 14:08:31.423 [warning] [Decorations] CAPPING events from decorations provider vscode.git 492
2023-01-26 14:09:00.385 [warning] [Decorations] CAPPING events from decorations provider vscode.git 492
2023-01-26 14:09:19.418 [warning] [Decorations] CAPPING events from decorations provider vscode.git 493
2023-01-26 14:09:24.578 [warning] [Decorations] CAPPING events from decorations provider vscode.git 493
2023-01-26 14:09:34.061 [warning] [Decorations] CAPPING events from decorations provider vscode.git 493
2023-01-26 14:10:47.894 [warning] [Decorations] CAPPING events from decorations provider vscode.git 494
2023-01-26 14:10:53.041 [warning] [Decorations] CAPPING events from decorations provider vscode.git 484
2023-01-26 14:12:14.950 [warning] [Decorations] CAPPING events from decorations provider vscode.git 485
2023-01-26 14:12:20.098 [warning] [Decorations] CAPPING events from decorations provider vscode.git 485
2023-01-26 14:12:25.241 [warning] [Decorations] CAPPING events from decorations provider vscode.git 485
2023-01-26 14:12:38.703 [warning] [Decorations] CAPPING events from decorations provider vscode.git 486
2023-01-26 14:12:49.342 [warning] [Decorations] CAPPING events from decorations provider vscode.git 486
2023-01-26 14:12:54.499 [warning] [Decorations] CAPPING events from decorations provider vscode.git 486
2023-01-26 14:12:59.664 [warning] [Decorations] CAPPING events from decorations provider vscode.git 487
2023-01-26 14:13:04.812 [warning] [Decorations] CAPPING events from decorations provider vscode.git 487
2023-01-26 14:13:09.969 [warning] [Decorations] CAPPING events from decorations provider vscode.git 488
2023-01-26 14:13:15.104 [warning] [Decorations] CAPPING events from decorations provider vscode.git 488
2023-01-26 14:13:20.230 [warning] [Decorations] CAPPING events from decorations provider vscode.git 489
2023-01-26 14:13:25.363 [warning] [Decorations] CAPPING events from decorations provider vscode.git 489
2023-01-26 14:13:30.513 [warning] [Decorations] CAPPING events from decorations provider vscode.git 489
2023-01-26 14:13:35.648 [warning] [Decorations] CAPPING events from decorations provider vscode.git 489
2023-01-26 14:13:54.994 [warning] [Decorations] CAPPING events from decorations provider vscode.git 489
2023-01-26 14:14:00.174 [warning] [Decorations] CAPPING events from decorations provider vscode.git 490
2023-01-26 14:14:05.326 [warning] [Decorations] CAPPING events from decorations provider vscode.git 490
2023-01-26 14:14:19.545 [warning] [Decorations] CAPPING events from decorations provider vscode.git 491
2023-01-26 14:14:24.695 [warning] [Decorations] CAPPING events from decorations provider vscode.git 491
2023-01-26 14:14:29.848 [warning] [Decorations] CAPPING events from decorations provider vscode.git 491
2023-01-26 14:14:34.979 [warning] [Decorations] CAPPING events from decorations provider vscode.git 491
2023-01-26 14:14:40.116 [warning] [Decorations] CAPPING events from decorations provider vscode.git 491
2023-01-26 14:14:45.258 [warning] [Decorations] CAPPING events from decorations provider vscode.git 491
2023-01-26 14:14:50.409 [warning] [Decorations] CAPPING events from decorations provider vscode.git 491
2023-01-26 14:14:55.558 [warning] [Decorations] CAPPING events from decorations provider vscode.git 491
2023-01-26 14:15:01.307 [warning] [Decorations] CAPPING events from decorations provider vscode.git 492
2023-01-26 14:15:09.650 [warning] [Decorations] CAPPING events from decorations provider vscode.git 492
2023-01-26 14:15:14.786 [warning] [Decorations] CAPPING events from decorations provider vscode.git 484
2023-01-26 14:15:19.920 [warning] [Decorations] CAPPING events from decorations provider vscode.git 485
2023-01-26 14:15:25.056 [warning] [Decorations] CAPPING events from decorations provider vscode.git 485
2023-01-26 14:15:31.682 [warning] [Decorations] CAPPING events from decorations provider vscode.git 486
2023-01-26 14:15:40.855 [warning] [Decorations] CAPPING events from decorations provider vscode.git 486
2023-01-26 14:15:53.732 [warning] [Decorations] CAPPING events from decorations provider vscode.git 486
2023-01-26 14:16:07.111 [warning] [Decorations] CAPPING events from decorations provider vscode.git 486
2023-01-26 14:16:25.549 [warning] [Decorations] CAPPING events from decorations provider vscode.git 486
2023-01-26 14:16:30.718 [warning] [Decorations] CAPPING events from decorations provider vscode.git 486
2023-01-26 14:16:37.095 [warning] [Decorations] CAPPING events from decorations provider vscode.git 487
2023-01-26 14:16:42.246 [warning] [Decorations] CAPPING events from decorations provider vscode.git 487
2023-01-26 14:17:00.449 [warning] [Decorations] CAPPING events from decorations provider vscode.git 487
2023-01-26 14:17:05.589 [warning] [Decorations] CAPPING events from decorations provider vscode.git 488
2023-01-26 14:17:10.748 [warning] [Decorations] CAPPING events from decorations provider vscode.git 488
2023-01-26 14:17:18.185 [warning] [Decorations] CAPPING events from decorations provider vscode.git 488
2023-01-26 14:17:24.760 [warning] [Decorations] CAPPING events from decorations provider vscode.git 488
2023-01-26 14:18:00.222 [warning] [Decorations] CAPPING events from decorations provider vscode.git 488
2023-01-26 14:19:00.235 [warning] [Decorations] CAPPING events from decorations provider vscode.git 489
2023-01-26 14:19:05.385 [warning] [Decorations] CAPPING events from decorations provider vscode.git 489
2023-01-26 14:19:10.531 [warning] [Decorations] CAPPING events from decorations provider vscode.git 489
2023-01-26 14:19:15.679 [warning] [Decorations] CAPPING events from decorations provider vscode.git 489
2023-01-26 14:19:36.204 [warning] [Decorations] CAPPING events from decorations provider vscode.git 490
2023-01-26 14:19:41.354 [warning] [Decorations] CAPPING events from decorations provider vscode.git 490
2023-01-26 14:19:46.491 [warning] [Decorations] CAPPING events from decorations provider vscode.git 490
2023-01-26 14:19:51.646 [warning] [Decorations] CAPPING events from decorations provider vscode.git 490
2023-01-26 14:19:56.796 [warning] [Decorations] CAPPING events from decorations provider vscode.git 490
2023-01-26 14:20:01.959 [warning] [Decorations] CAPPING events from decorations provider vscode.git 490
2023-01-26 14:20:07.103 [warning] [Decorations] CAPPING events from decorations provider vscode.git 490
2023-01-26 14:20:12.258 [warning] [Decorations] CAPPING events from decorations provider vscode.git 484
2023-01-26 14:20:17.392 [warning] [Decorations] CAPPING events from decorations provider vscode.git 484
2023-01-26 14:21:00.505 [warning] [Decorations] CAPPING events from decorations provider vscode.git 484
2023-01-26 14:25:05.248 [warning] [Decorations] CAPPING events from decorations provider vscode.git 484
2023-01-26 14:33:52.878 [warning] [Decorations] CAPPING events from decorations provider vscode.git 485
2023-01-26 14:34:00.673 [warning] [Decorations] CAPPING events from decorations provider vscode.git 485
2023-01-26 14:34:05.823 [warning] [Decorations] CAPPING events from decorations provider vscode.git 485
2023-01-26 14:34:10.961 [warning] [Decorations] CAPPING events from decorations provider vscode.git 485
2023-01-26 14:34:16.100 [warning] [Decorations] CAPPING events from decorations provider vscode.git 485
2023-01-26 14:34:57.113 [warning] [Decorations] CAPPING events from decorations provider vscode.git 485
2023-01-26 14:35:06.940 [warning] [Decorations] CAPPING events from decorations provider vscode.git 486
2023-01-26 14:35:12.101 [warning] [Decorations] CAPPING events from decorations provider vscode.git 486
2023-01-26 14:35:17.249 [warning] [Decorations] CAPPING events from decorations provider vscode.git 486
2023-01-26 14:35:22.396 [warning] [Decorations] CAPPING events from decorations provider vscode.git 486
2023-01-26 14:35:27.546 [warning] [Decorations] CAPPING events from decorations provider vscode.git 486
2023-01-26 14:35:32.702 [warning] [Decorations] CAPPING events from decorations provider vscode.git 486
2023-01-26 14:35:37.841 [warning] [Decorations] CAPPING events from decorations provider vscode.git 486
2023-01-26 14:35:42.983 [warning] [Decorations] CAPPING events from decorations provider vscode.git 486
2023-01-26 14:35:55.078 [warning] [Decorations] CAPPING events from decorations provider vscode.git 487
2023-01-26 14:36:00.329 [warning] [Decorations] CAPPING events from decorations provider vscode.git 487
2023-01-26 14:36:05.486 [warning] [Decorations] CAPPING events from decorations provider vscode.git 487
2023-01-26 14:36:10.614 [warning] [Decorations] CAPPING events from decorations provider vscode.git 487
2023-01-26 14:36:15.786 [warning] [Decorations] CAPPING events from decorations provider vscode.git 487
2023-01-26 14:36:24.585 [warning] [Decorations] CAPPING events from decorations provider vscode.git 488
2023-01-26 14:36:29.733 [warning] [Decorations] CAPPING events from decorations provider vscode.git 489
2023-01-26 14:36:34.881 [warning] [Decorations] CAPPING events from decorations provider vscode.git 489
2023-01-26 14:36:40.033 [warning] [Decorations] CAPPING events from decorations provider vscode.git 489
2023-01-26 14:36:45.180 [warning] [Decorations] CAPPING events from decorations provider vscode.git 489
2023-01-26 14:36:50.333 [warning] [Decorations] CAPPING events from decorations provider vscode.git 489
2023-01-26 14:36:55.485 [warning] [Decorations] CAPPING events from decorations provider vscode.git 489
2023-01-26 14:37:00.628 [warning] [Decorations] CAPPING events from decorations provider vscode.git 489
2023-01-26 14:37:05.784 [warning] [Decorations] CAPPING events from decorations provider vscode.git 489
2023-01-26 14:37:10.916 [warning] [Decorations] CAPPING events from decorations provider vscode.git 489
2023-01-26 14:37:16.066 [warning] [Decorations] CAPPING events from decorations provider vscode.git 489
2023-01-26 14:37:21.210 [warning] [Decorations] CAPPING events from decorations provider vscode.git 489
2023-01-26 14:37:26.478 [warning] [Decorations] CAPPING events from decorations provider vscode.git 489
2023-01-26 14:37:31.641 [warning] [Decorations] CAPPING events from decorations provider vscode.git 489
2023-01-26 14:38:00.369 [warning] [Decorations] CAPPING events from decorations provider vscode.git 489
2023-01-26 14:38:44.728 [warning] [Decorations] CAPPING events from decorations provider vscode.git 490
2023-01-26 14:38:49.893 [warning] [Decorations] CAPPING events from decorations provider vscode.git 490
2023-01-26 14:38:55.034 [warning] [Decorations] CAPPING events from decorations provider vscode.git 495
2023-01-26 14:39:00.178 [warning] [Decorations] CAPPING events from decorations provider vscode.git 495
2023-01-26 14:39:05.333 [warning] [Decorations] CAPPING events from decorations provider vscode.git 495
2023-01-26 14:39:10.482 [warning] [Decorations] CAPPING events from decorations provider vscode.git 495
2023-01-26 14:39:16.070 [warning] [Decorations] CAPPING events from decorations provider vscode.git 495
2023-01-26 14:39:23.433 [warning] [Decorations] CAPPING events from decorations provider vscode.git 495
2023-01-26 14:39:35.599 [warning] [Decorations] CAPPING events from decorations provider vscode.git 496
2023-01-26 14:39:40.775 [warning] [Decorations] CAPPING events from decorations provider vscode.git 496
2023-01-26 14:39:45.917 [warning] [Decorations] CAPPING events from decorations provider vscode.git 496
2023-01-26 14:40:00.353 [warning] [Decorations] CAPPING events from decorations provider vscode.git 496
2023-01-26 14:40:36.643 [warning] [Decorations] CAPPING events from decorations provider vscode.git 497
2023-01-26 14:40:41.782 [warning] [Decorations] CAPPING events from decorations provider vscode.git 497
2023-01-26 14:40:46.925 [warning] [Decorations] CAPPING events from decorations provider vscode.git 497
2023-01-26 14:40:52.081 [warning] [Decorations] CAPPING events from decorations provider vscode.git 497
2023-01-26 14:41:00.362 [warning] [Decorations] CAPPING events from decorations provider vscode.git 497
2023-01-26 14:41:05.535 [warning] [Decorations] CAPPING events from decorations provider vscode.git 498
2023-01-26 14:42:00.645 [warning] [Decorations] CAPPING events from decorations provider vscode.git 498
2023-01-26 14:44:06.855 [warning] [Decorations] CAPPING events from decorations provider vscode.git 498
2023-01-26 14:44:12.029 [warning] [Decorations] CAPPING events from decorations provider vscode.git 498
2023-01-26 14:44:17.174 [warning] [Decorations] CAPPING events from decorations provider vscode.git 499
2023-01-26 14:44:23.960 [warning] [Decorations] CAPPING events from decorations provider vscode.git 499
2023-01-26 14:44:35.986 [warning] [Decorations] CAPPING events from decorations provider vscode.git 500
2023-01-26 14:44:41.128 [warning] [Decorations] CAPPING events from decorations provider vscode.git 500
2023-01-26 14:44:46.280 [warning] [Decorations] CAPPING events from decorations provider vscode.git 500
2023-01-26 14:45:00.426 [warning] [Decorations] CAPPING events from decorations provider vscode.git 500
2023-01-26 14:46:26.017 [warning] [Decorations] CAPPING events from decorations provider vscode.git 501
2023-01-26 14:46:32.413 [warning] [Decorations] CAPPING events from decorations provider vscode.git 501
2023-01-26 14:46:37.555 [warning] [Decorations] CAPPING events from decorations provider vscode.git 501
2023-01-26 14:46:44.649 [warning] [Decorations] CAPPING events from decorations provider vscode.git 501
2023-01-26 14:46:49.788 [warning] [Decorations] CAPPING events from decorations provider vscode.git 501
2023-01-26 14:46:54.929 [warning] [Decorations] CAPPING events from decorations provider vscode.git 501
2023-01-26 14:47:35.167 [warning] [Decorations] CAPPING events from decorations provider vscode.git 501
2023-01-26 14:47:46.778 [warning] [Decorations] CAPPING events from decorations provider vscode.git 502
2023-01-26 14:48:04.740 [warning] [Decorations] CAPPING events from decorations provider vscode.git 502
2023-01-26 14:48:09.869 [warning] [Decorations] CAPPING events from decorations provider vscode.git 503
2023-01-26 14:49:29.912 [warning] [Decorations] CAPPING events from decorations provider vscode.git 503
2023-01-26 14:49:35.072 [warning] [Decorations] CAPPING events from decorations provider vscode.git 500
2023-01-26 14:49:40.237 [warning] [Decorations] CAPPING events from decorations provider vscode.git 501
2023-01-26 14:49:45.378 [warning] [Decorations] CAPPING events from decorations provider vscode.git 501
2023-01-26 14:49:50.516 [warning] [Decorations] CAPPING events from decorations provider vscode.git 501
2023-01-26 14:50:00.485 [warning] [Decorations] CAPPING events from decorations provider vscode.git 501
2023-01-26 14:50:05.631 [warning] [Decorations] CAPPING events from decorations provider vscode.git 501
2023-01-26 14:51:54.744 [warning] [Decorations] CAPPING events from decorations provider vscode.git 502
2023-01-26 14:51:59.891 [warning] [Decorations] CAPPING events from decorations provider vscode.git 502
2023-01-26 14:52:05.033 [warning] [Decorations] CAPPING events from decorations provider vscode.git 502
2023-01-26 14:52:10.178 [warning] [Decorations] CAPPING events from decorations provider vscode.git 503
2023-01-26 14:52:15.322 [warning] [Decorations] CAPPING events from decorations provider vscode.git 503
2023-01-26 14:52:20.478 [warning] [Decorations] CAPPING events from decorations provider vscode.git 503
2023-01-26 14:52:28.394 [warning] [Decorations] CAPPING events from decorations provider vscode.git 503
2023-01-26 14:52:42.603 [warning] [Decorations] CAPPING events from decorations provider vscode.git 503
2023-01-26 14:53:00.503 [warning] [Decorations] CAPPING events from decorations provider vscode.git 503
2023-01-26 14:53:05.647 [warning] [Decorations] CAPPING events from decorations provider vscode.git 504
2023-01-26 14:53:11.236 [warning] [Decorations] CAPPING events from decorations provider vscode.git 504
2023-01-26 14:53:23.196 [warning] [Decorations] CAPPING events from decorations provider vscode.git 505
2023-01-26 14:53:30.335 [warning] [Decorations] CAPPING events from decorations provider vscode.git 505
2023-01-26 14:53:35.475 [warning] [Decorations] CAPPING events from decorations provider vscode.git 505
2023-01-26 14:53:40.617 [warning] [Decorations] CAPPING events from decorations provider vscode.git 505
2023-01-26 14:53:45.761 [warning] [Decorations] CAPPING events from decorations provider vscode.git 505
2023-01-26 14:53:50.898 [warning] [Decorations] CAPPING events from decorations provider vscode.git 505
2023-01-26 14:54:02.371 [warning] [Decorations] CAPPING events from decorations provider vscode.git 505
2023-01-26 14:54:19.188 [warning] [Decorations] CAPPING events from decorations provider vscode.git 505
2023-01-26 14:54:24.330 [warning] [Decorations] CAPPING events from decorations provider vscode.git 504
2023-01-26 14:55:11.972 [warning] [Decorations] CAPPING events from decorations provider vscode.git 505
2023-01-26 14:55:24.721 [warning] [Decorations] CAPPING events from decorations provider vscode.git 506
2023-01-26 14:55:29.865 [warning] [Decorations] CAPPING events from decorations provider vscode.git 506
2023-01-26 14:57:04.892 [warning] [Decorations] CAPPING events from decorations provider vscode.git 506
2023-01-26 14:57:17.821 [warning] [Decorations] CAPPING events from decorations provider vscode.git 506
2023-01-26 14:57:22.980 [warning] [Decorations] CAPPING events from decorations provider vscode.git 506
2023-01-26 14:57:28.137 [warning] [Decorations] CAPPING events from decorations provider vscode.git 506
2023-01-26 14:57:33.279 [warning] [Decorations] CAPPING events from decorations provider vscode.git 506
2023-01-26 14:58:13.353 [warning] [Decorations] CAPPING events from decorations provider vscode.git 506
2023-01-26 14:59:13.303 [warning] [Decorations] CAPPING events from decorations provider vscode.git 507
2023-01-26 14:59:24.786 [warning] [Decorations] CAPPING events from decorations provider vscode.git 507
2023-01-26 14:59:29.939 [warning] [Decorations] CAPPING events from decorations provider vscode.git 505
2023-01-26 14:59:35.078 [warning] [Decorations] CAPPING events from decorations provider vscode.git 505
2023-01-26 14:59:41.969 [warning] [Decorations] CAPPING events from decorations provider vscode.git 505
2023-01-26 15:00:05.848 [warning] [Decorations] CAPPING events from decorations provider vscode.git 506
2023-01-26 15:00:11.006 [warning] [Decorations] CAPPING events from decorations provider vscode.git 506
2023-01-26 15:00:26.165 [warning] [Decorations] CAPPING events from decorations provider vscode.git 505
2023-01-26 15:00:31.316 [warning] [Decorations] CAPPING events from decorations provider vscode.git 505
2023-01-26 15:00:41.782 [warning] [Decorations] CAPPING events from decorations provider vscode.git 506
2023-01-26 15:01:13.746 [warning] [Decorations] CAPPING events from decorations provider vscode.git 506
2023-01-26 15:01:18.891 [warning] [Decorations] CAPPING events from decorations provider vscode.git 507
2023-01-26 15:01:24.033 [warning] [Decorations] CAPPING events from decorations provider vscode.git 507
2023-01-26 15:01:29.838 [warning] [Decorations] CAPPING events from decorations provider vscode.git 507
2023-01-26 15:01:34.975 [warning] [Decorations] CAPPING events from decorations provider vscode.git 507
2023-01-26 15:01:40.112 [warning] [Decorations] CAPPING events from decorations provider vscode.git 507
2023-01-26 15:01:45.266 [warning] [Decorations] CAPPING events from decorations provider vscode.git 507
2023-01-26 15:03:29.029 [warning] [Decorations] CAPPING events from decorations provider vscode.git 507
2023-01-26 15:03:50.879 [warning] [Decorations] CAPPING events from decorations provider vscode.git 507
2023-01-26 15:03:58.941 [warning] [Decorations] CAPPING events from decorations provider vscode.git 507
2023-01-26 15:04:04.086 [warning] [Decorations] CAPPING events from decorations provider vscode.git 507
2023-01-26 15:04:09.423 [warning] [Decorations] CAPPING events from decorations provider vscode.git 507
2023-01-26 15:04:14.561 [warning] [Decorations] CAPPING events from decorations provider vscode.git 507
2023-01-26 15:04:19.700 [warning] [Decorations] CAPPING events from decorations provider vscode.git 507
2023-01-26 15:05:17.028 [warning] [Decorations] CAPPING events from decorations provider vscode.git 505
2023-01-26 15:05:22.201 [warning] [Decorations] CAPPING events from decorations provider vscode.git 505
2023-01-26 15:05:27.355 [warning] [Decorations] CAPPING events from decorations provider vscode.git 505
2023-01-26 15:05:43.520 [warning] [Decorations] CAPPING events from decorations provider vscode.git 506
2023-01-26 15:05:48.666 [warning] [Decorations] CAPPING events from decorations provider vscode.git 506
2023-01-26 15:05:53.801 [warning] [Decorations] CAPPING events from decorations provider vscode.git 506
2023-01-26 15:05:58.949 [warning] [Decorations] CAPPING events from decorations provider vscode.git 506
2023-01-26 15:06:04.088 [warning] [Decorations] CAPPING events from decorations provider vscode.git 506
2023-01-26 15:06:09.243 [warning] [Decorations] CAPPING events from decorations provider vscode.git 506
2023-01-26 15:06:14.388 [warning] [Decorations] CAPPING events from decorations provider vscode.git 506
2023-01-26 15:06:25.357 [warning] [Decorations] CAPPING events from decorations provider vscode.git 507
2023-01-26 15:06:30.749 [warning] [Decorations] CAPPING events from decorations provider vscode.git 507
2023-01-26 15:06:35.884 [warning] [Decorations] CAPPING events from decorations provider vscode.git 507
2023-01-26 15:07:28.777 [warning] [Decorations] CAPPING events from decorations provider vscode.git 507
2023-01-26 15:07:33.928 [warning] [Decorations] CAPPING events from decorations provider vscode.git 507
2023-01-26 15:07:39.055 [warning] [Decorations] CAPPING events from decorations provider vscode.git 508
2023-01-26 15:07:44.243 [warning] [Decorations] CAPPING events from decorations provider vscode.git 508
2023-01-26 15:07:49.394 [warning] [Decorations] CAPPING events from decorations provider vscode.git 508
2023-01-26 15:07:55.477 [warning] [Decorations] CAPPING events from decorations provider vscode.git 508
2023-01-26 15:08:00.842 [warning] [Decorations] CAPPING events from decorations provider vscode.git 509
2023-01-26 15:08:05.996 [warning] [Decorations] CAPPING events from decorations provider vscode.git 509
2023-01-26 15:08:13.276 [warning] [Decorations] CAPPING events from decorations provider vscode.git 509
2023-01-26 15:08:30.213 [warning] [Decorations] CAPPING events from decorations provider vscode.git 510
2023-01-26 15:09:21.000 [warning] [Decorations] CAPPING events from decorations provider vscode.git 510
2023-01-26 15:09:26.149 [warning] [Decorations] CAPPING events from decorations provider vscode.git 504
2023-01-26 15:09:39.029 [warning] [Decorations] CAPPING events from decorations provider vscode.git 505
2023-01-26 15:10:14.362 [warning] [Decorations] CAPPING events from decorations provider vscode.git 505
2023-01-26 15:10:30.975 [warning] [Decorations] CAPPING events from decorations provider vscode.git 506
2023-01-26 15:10:36.123 [warning] [Decorations] CAPPING events from decorations provider vscode.git 506
2023-01-26 15:10:41.286 [warning] [Decorations] CAPPING events from decorations provider vscode.git 506
2023-01-26 15:11:21.991 [warning] [Decorations] CAPPING events from decorations provider vscode.git 506
2023-01-26 15:12:14.762 [warning] [Decorations] CAPPING events from decorations provider vscode.git 507
2023-01-26 15:13:13.850 [warning] [Decorations] CAPPING events from decorations provider vscode.git 507
2023-01-26 17:34:50.634 [warning] [Decorations] CAPPING events from decorations provider vscode.git 507
2023-01-26 17:34:55.806 [warning] [Decorations] CAPPING events from decorations provider vscode.git 504
2023-01-26 19:03:09.896 [info] Extension host terminating: parent process 23044 does not exist anymore: kill ESRCH (code: ESRCH) (errno: -4040)
2023-01-26 19:03:10.199 [info] Extension host with pid 27476 exiting with code 0
