2023-01-24 19:12:22.343 [info] Extension host with pid 26008 started
2023-01-24 19:12:22.343 [info] Skipping acquiring lock for d:\examples\coursera_test\react_examples\ecommerce\User\workspaceStorage\e4f9a451059ddbe5198683f6e0734d6e.
2023-01-24 19:12:22.407 [info] ExtensionService#_doActivateExtension vscode.typescript-language-features, startup: false, activationEvent: 'onLanguage:javascript'
2023-01-24 19:12:22.408 [info] ExtensionService#_doActivateExtension vscode.microsoft-authentication, startup: false, activationEvent: 'onAuthenticationRequest:microsoft'
2023-01-24 19:12:22.408 [info] ExtensionService#_doActivateExtension vscode.git-base, startup: true, activationEvent: '*', root cause: vscode.git
2023-01-24 19:12:22.551 [info] ExtensionService#_doActivateExtension vscode.npm, startup: true, activationEvent: 'workspaceContains:package.json'
2023-01-24 19:12:23.149 [info] ExtensionService#_doActivateExtension vscode.git, startup: true, activationEvent: '*'
2023-01-24 19:12:23.149 [info] ExtensionService#_doActivateExtension vscode.github, startup: true, activationEvent: '*'
2023-01-24 19:12:23.340 [info] ExtensionService#_doActivateExtension vscode.github-authentication, startup: false, activationEvent: 'onAuthenticationRequest:github'
2023-01-24 19:12:29.275 [info] Eager extensions activated
2023-01-24 19:12:29.322 [info] ExtensionService#_doActivateExtension vscode.debug-auto-launch, startup: false, activationEvent: 'onStartupFinished'
2023-01-24 19:12:29.322 [info] ExtensionService#_doActivateExtension vscode.emmet, startup: false, activationEvent: 'onStartupFinished'
2023-01-24 19:12:29.323 [info] ExtensionService#_doActivateExtension vscode.merge-conflict, startup: false, activationEvent: 'onStartupFinished'
2023-01-24 19:12:29.323 [info] ExtensionService#_doActivateExtension ms-vscode-remote.remote-wsl-recommender, startup: false, activationEvent: 'onStartupFinished'
2023-01-24 19:12:29.324 [info] ExtensionService#_doActivateExtension esbenp.prettier-vscode, startup: false, activationEvent: 'onStartupFinished'
2023-01-24 19:12:31.112 [warning] [Decorations] CAPPING events from decorations provider vscode.git 445
2023-01-24 19:12:31.543 [warning] [Decorations] CAPPING events from decorations provider vscode.git 445
2023-01-24 19:12:33.472 [warning] [Decorations] CAPPING events from decorations provider vscode.git 445
2023-01-24 19:12:44.420 [warning] [Decorations] CAPPING events from decorations provider vscode.git 445
2023-01-24 19:12:50.206 [warning] [Decorations] CAPPING events from decorations provider vscode.git 445
2023-01-24 19:13:01.036 [warning] [Decorations] CAPPING events from decorations provider vscode.git 445
2023-01-24 19:13:35.441 [warning] [Decorations] CAPPING events from decorations provider vscode.git 445
2023-01-24 19:15:59.757 [warning] [Decorations] CAPPING events from decorations provider vscode.git 446
2023-01-24 19:16:04.907 [warning] [Decorations] CAPPING events from decorations provider vscode.git 448
2023-01-24 19:16:10.056 [warning] [Decorations] CAPPING events from decorations provider vscode.git 448
2023-01-24 19:25:23.024 [warning] [Decorations] CAPPING events from decorations provider vscode.git 448
2023-01-24 19:25:28.185 [warning] [Decorations] CAPPING events from decorations provider vscode.git 445
2023-01-24 19:25:37.962 [warning] [Decorations] CAPPING events from decorations provider vscode.git 446
2023-01-24 19:25:43.122 [warning] [Decorations] CAPPING events from decorations provider vscode.git 446
2023-01-24 19:25:48.294 [warning] [Decorations] CAPPING events from decorations provider vscode.git 446
2023-01-24 19:25:57.919 [warning] [Decorations] CAPPING events from decorations provider vscode.git 447
2023-01-24 19:26:03.060 [warning] [Decorations] CAPPING events from decorations provider vscode.git 447
2023-01-24 19:26:08.212 [warning] [Decorations] CAPPING events from decorations provider vscode.git 445
2023-01-24 19:26:13.544 [warning] [Decorations] CAPPING events from decorations provider vscode.git 445
2023-01-24 19:26:18.730 [warning] [Decorations] CAPPING events from decorations provider vscode.git 445
2023-01-24 19:26:23.896 [warning] [Decorations] CAPPING events from decorations provider vscode.git 445
2023-01-24 19:26:29.062 [warning] [Decorations] CAPPING events from decorations provider vscode.git 445
2023-01-24 19:26:55.689 [warning] [Decorations] CAPPING events from decorations provider vscode.git 445
2023-01-24 19:27:01.608 [warning] [Decorations] CAPPING events from decorations provider vscode.git 446
2023-01-24 19:27:06.769 [warning] [Decorations] CAPPING events from decorations provider vscode.git 446
2023-01-24 19:27:11.955 [warning] [Decorations] CAPPING events from decorations provider vscode.git 447
2023-01-24 19:27:17.122 [warning] [Decorations] CAPPING events from decorations provider vscode.git 448
2023-01-24 19:27:24.824 [warning] [Decorations] CAPPING events from decorations provider vscode.git 448
2023-01-24 19:27:34.084 [warning] [Decorations] CAPPING events from decorations provider vscode.git 449
2023-01-24 19:27:39.258 [warning] [Decorations] CAPPING events from decorations provider vscode.git 449
2023-01-24 19:27:44.421 [warning] [Decorations] CAPPING events from decorations provider vscode.git 449
2023-01-24 19:27:50.201 [warning] [Decorations] CAPPING events from decorations provider vscode.git 449
2023-01-24 19:28:07.669 [warning] [Decorations] CAPPING events from decorations provider vscode.git 450
2023-01-24 19:28:12.866 [warning] [Decorations] CAPPING events from decorations provider vscode.git 450
2023-01-24 19:28:22.080 [warning] [Decorations] CAPPING events from decorations provider vscode.git 450
2023-01-24 19:28:27.236 [warning] [Decorations] CAPPING events from decorations provider vscode.git 451
2023-01-24 19:28:32.385 [warning] [Decorations] CAPPING events from decorations provider vscode.git 451
2023-01-24 19:28:37.536 [warning] [Decorations] CAPPING events from decorations provider vscode.git 451
2023-01-24 19:28:42.688 [warning] [Decorations] CAPPING events from decorations provider vscode.git 451
2023-01-24 19:28:51.107 [warning] [Decorations] CAPPING events from decorations provider vscode.git 452
2023-01-24 19:29:03.547 [warning] [Decorations] CAPPING events from decorations provider vscode.git 453
2023-01-24 19:29:14.081 [warning] [Decorations] CAPPING events from decorations provider vscode.git 453
2023-01-24 19:29:22.094 [warning] [Decorations] CAPPING events from decorations provider vscode.git 453
2023-01-24 19:29:27.247 [warning] [Decorations] CAPPING events from decorations provider vscode.git 454
2023-01-24 19:29:32.410 [warning] [Decorations] CAPPING events from decorations provider vscode.git 454
2023-01-24 19:29:37.611 [warning] [Decorations] CAPPING events from decorations provider vscode.git 454
2023-01-24 19:29:42.777 [warning] [Decorations] CAPPING events from decorations provider vscode.git 454
2023-01-24 19:32:15.744 [warning] [Decorations] CAPPING events from decorations provider vscode.git 454
2023-01-24 19:32:20.898 [warning] [Decorations] CAPPING events from decorations provider vscode.git 445
2023-01-24 19:32:43.082 [warning] [Decorations] CAPPING events from decorations provider vscode.git 446
2023-01-24 19:32:48.277 [warning] [Decorations] CAPPING events from decorations provider vscode.git 446
2023-01-24 19:32:55.205 [warning] [Decorations] CAPPING events from decorations provider vscode.git 446
2023-01-24 19:33:01.355 [warning] [Decorations] CAPPING events from decorations provider vscode.git 446
2023-01-24 19:33:06.514 [warning] [Decorations] CAPPING events from decorations provider vscode.git 446
2023-01-24 19:33:12.141 [warning] [Decorations] CAPPING events from decorations provider vscode.git 446
2023-01-24 19:34:57.407 [warning] [Decorations] CAPPING events from decorations provider vscode.git 446
2023-01-24 19:35:07.904 [warning] [Decorations] CAPPING events from decorations provider vscode.git 447
2023-01-24 19:35:14.009 [warning] [Decorations] CAPPING events from decorations provider vscode.git 447
2023-01-24 19:35:27.452 [warning] [Decorations] CAPPING events from decorations provider vscode.git 447
2023-01-24 19:35:39.701 [warning] [Decorations] CAPPING events from decorations provider vscode.git 448
2023-01-24 19:35:44.870 [warning] [Decorations] CAPPING events from decorations provider vscode.git 448
2023-01-24 19:36:09.415 [warning] [Decorations] CAPPING events from decorations provider vscode.git 449
2023-01-24 19:36:14.568 [warning] [Decorations] CAPPING events from decorations provider vscode.git 446
2023-01-24 19:36:19.838 [warning] [Decorations] CAPPING events from decorations provider vscode.git 446
2023-01-24 19:36:24.998 [warning] [Decorations] CAPPING events from decorations provider vscode.git 446
2023-01-24 19:36:39.113 [warning] [Decorations] CAPPING events from decorations provider vscode.git 447
2023-01-24 19:36:49.984 [warning] [Decorations] CAPPING events from decorations provider vscode.git 448
2023-01-24 19:36:55.134 [warning] [Decorations] CAPPING events from decorations provider vscode.git 448
2023-01-24 19:37:00.315 [warning] [Decorations] CAPPING events from decorations provider vscode.git 448
2023-01-24 19:37:05.496 [warning] [Decorations] CAPPING events from decorations provider vscode.git 448
2023-01-24 19:37:15.614 [warning] [Decorations] CAPPING events from decorations provider vscode.git 448
2023-01-24 19:37:22.161 [warning] [Decorations] CAPPING events from decorations provider vscode.git 448
2023-01-24 19:37:27.311 [warning] [Decorations] CAPPING events from decorations provider vscode.git 449
2023-01-24 19:37:33.887 [warning] [Decorations] CAPPING events from decorations provider vscode.git 449
2023-01-24 19:37:39.030 [warning] [Decorations] CAPPING events from decorations provider vscode.git 449
2023-01-24 19:38:21.240 [warning] [Decorations] CAPPING events from decorations provider vscode.git 450
2023-01-24 19:38:26.393 [warning] [Decorations] CAPPING events from decorations provider vscode.git 450
2023-01-24 19:38:35.177 [warning] [Decorations] CAPPING events from decorations provider vscode.git 451
2023-01-24 19:39:05.234 [warning] [Decorations] CAPPING events from decorations provider vscode.git 452
2023-01-24 19:39:10.380 [warning] [Decorations] CAPPING events from decorations provider vscode.git 452
2023-01-24 19:39:21.234 [warning] [Decorations] CAPPING events from decorations provider vscode.git 453
2023-01-24 19:42:43.534 [warning] [Decorations] CAPPING events from decorations provider vscode.git 453
2023-01-24 19:42:48.684 [warning] [Decorations] CAPPING events from decorations provider vscode.git 445
2023-01-24 19:43:11.974 [warning] [Decorations] CAPPING events from decorations provider vscode.git 446
2023-01-24 19:43:17.128 [warning] [Decorations] CAPPING events from decorations provider vscode.git 446
2023-01-24 19:43:22.288 [warning] [Decorations] CAPPING events from decorations provider vscode.git 447
2023-01-24 19:43:27.553 [warning] [Decorations] CAPPING events from decorations provider vscode.git 447
2023-01-24 19:43:32.719 [warning] [Decorations] CAPPING events from decorations provider vscode.git 447
2023-01-24 19:43:37.885 [warning] [Decorations] CAPPING events from decorations provider vscode.git 447
2023-01-24 19:43:43.016 [warning] [Decorations] CAPPING events from decorations provider vscode.git 447
2023-01-24 19:43:48.158 [warning] [Decorations] CAPPING events from decorations provider vscode.git 449
2023-01-24 19:43:53.324 [warning] [Decorations] CAPPING events from decorations provider vscode.git 449
2023-01-24 19:43:58.470 [warning] [Decorations] CAPPING events from decorations provider vscode.git 449
2023-01-24 19:44:11.066 [warning] [Decorations] CAPPING events from decorations provider vscode.git 450
2023-01-24 19:44:16.277 [warning] [Decorations] CAPPING events from decorations provider vscode.git 450
2023-01-24 19:44:21.432 [warning] [Decorations] CAPPING events from decorations provider vscode.git 450
2023-01-24 19:44:26.661 [warning] [Decorations] CAPPING events from decorations provider vscode.git 450
2023-01-24 19:44:35.372 [warning] [Decorations] CAPPING events from decorations provider vscode.git 450
2023-01-24 19:44:40.520 [warning] [Decorations] CAPPING events from decorations provider vscode.git 450
2023-01-24 19:44:48.345 [warning] [Decorations] CAPPING events from decorations provider vscode.git 451
2023-01-24 19:44:53.501 [warning] [Decorations] CAPPING events from decorations provider vscode.git 452
2023-01-24 19:45:00.857 [warning] [Decorations] CAPPING events from decorations provider vscode.git 453
2023-01-24 19:45:06.003 [warning] [Decorations] CAPPING events from decorations provider vscode.git 453
2023-01-24 19:45:38.889 [warning] [Decorations] CAPPING events from decorations provider vscode.git 454
2023-01-24 19:57:33.556 [warning] [Decorations] CAPPING events from decorations provider vscode.git 455
2023-01-24 19:57:38.723 [warning] [Decorations] CAPPING events from decorations provider vscode.git 446
2023-01-24 19:57:44.608 [warning] [Decorations] CAPPING events from decorations provider vscode.git 446
2023-01-24 19:58:13.877 [warning] [Decorations] CAPPING events from decorations provider vscode.git 446
2023-01-24 19:58:19.018 [warning] [Decorations] CAPPING events from decorations provider vscode.git 446
2023-01-24 19:58:24.271 [warning] [Decorations] CAPPING events from decorations provider vscode.git 446
2023-01-24 19:58:29.404 [warning] [Decorations] CAPPING events from decorations provider vscode.git 446
2023-01-24 19:58:34.535 [warning] [Decorations] CAPPING events from decorations provider vscode.git 446
2023-01-24 19:58:39.682 [warning] [Decorations] CAPPING events from decorations provider vscode.git 446
2023-01-24 19:58:44.810 [warning] [Decorations] CAPPING events from decorations provider vscode.git 446
2023-01-24 19:58:49.957 [warning] [Decorations] CAPPING events from decorations provider vscode.git 446
2023-01-24 19:58:55.104 [warning] [Decorations] CAPPING events from decorations provider vscode.git 446
2023-01-24 19:59:40.821 [warning] [Decorations] CAPPING events from decorations provider vscode.git 446
2023-01-24 19:59:52.300 [warning] [Decorations] CAPPING events from decorations provider vscode.git 447
2023-01-24 19:59:57.464 [warning] [Decorations] CAPPING events from decorations provider vscode.git 447
2023-01-24 20:00:25.734 [warning] [Decorations] CAPPING events from decorations provider vscode.git 447
2023-01-24 20:00:32.059 [warning] [Decorations] CAPPING events from decorations provider vscode.git 448
2023-01-24 20:00:37.613 [warning] [Decorations] CAPPING events from decorations provider vscode.git 448
2023-01-24 20:00:42.774 [warning] [Decorations] CAPPING events from decorations provider vscode.git 448
2023-01-24 20:00:47.914 [warning] [Decorations] CAPPING events from decorations provider vscode.git 448
2023-01-24 20:00:53.053 [warning] [Decorations] CAPPING events from decorations provider vscode.git 448
2023-01-24 20:01:34.427 [warning] [Decorations] CAPPING events from decorations provider vscode.git 448
2023-01-24 20:03:13.497 [warning] [Decorations] CAPPING events from decorations provider vscode.git 448
2023-01-24 20:13:02.479 [warning] [Decorations] CAPPING events from decorations provider vscode.git 445
2023-01-24 20:13:07.615 [warning] [Decorations] CAPPING events from decorations provider vscode.git 445
2023-01-24 20:13:49.948 [warning] [Decorations] CAPPING events from decorations provider vscode.git 446
2023-01-24 20:13:56.723 [warning] [Decorations] CAPPING events from decorations provider vscode.git 446
2023-01-24 20:14:06.229 [warning] [Decorations] CAPPING events from decorations provider vscode.git 446
2023-01-24 20:18:06.280 [warning] [Decorations] CAPPING events from decorations provider vscode.git 446
2023-01-24 20:18:49.975 [warning] [Decorations] CAPPING events from decorations provider vscode.git 446
2023-01-24 20:18:55.121 [warning] [Decorations] CAPPING events from decorations provider vscode.git 445
2023-01-24 20:19:00.263 [warning] [Decorations] CAPPING events from decorations provider vscode.git 446
2023-01-24 20:19:07.967 [warning] [Decorations] CAPPING events from decorations provider vscode.git 446
2023-01-24 20:19:13.117 [warning] [Decorations] CAPPING events from decorations provider vscode.git 446
2023-01-24 20:19:18.407 [warning] [Decorations] CAPPING events from decorations provider vscode.git 446
2023-01-24 20:19:26.556 [warning] [Decorations] CAPPING events from decorations provider vscode.git 446
2023-01-24 20:19:31.701 [warning] [Decorations] CAPPING events from decorations provider vscode.git 446
2023-01-24 20:22:02.374 [warning] [Decorations] CAPPING events from decorations provider vscode.git 446
2023-01-24 20:22:07.534 [warning] [Decorations] CAPPING events from decorations provider vscode.git 446
2023-01-24 20:22:12.667 [warning] [Decorations] CAPPING events from decorations provider vscode.git 447
2023-01-24 20:22:17.821 [warning] [Decorations] CAPPING events from decorations provider vscode.git 447
2023-01-24 20:22:22.958 [warning] [Decorations] CAPPING events from decorations provider vscode.git 447
2023-01-24 20:22:28.416 [warning] [Decorations] CAPPING events from decorations provider vscode.git 448
2023-01-24 20:22:33.573 [warning] [Decorations] CAPPING events from decorations provider vscode.git 448
2023-01-24 20:22:38.730 [warning] [Decorations] CAPPING events from decorations provider vscode.git 448
2023-01-24 20:23:03.477 [warning] [Decorations] CAPPING events from decorations provider vscode.git 448
2023-01-24 20:23:17.444 [warning] [Decorations] CAPPING events from decorations provider vscode.git 449
2023-01-24 20:23:22.615 [warning] [Decorations] CAPPING events from decorations provider vscode.git 449
2023-01-24 20:23:27.772 [warning] [Decorations] CAPPING events from decorations provider vscode.git 449
2023-01-24 20:24:07.052 [warning] [Decorations] CAPPING events from decorations provider vscode.git 449
2023-01-24 20:25:35.197 [warning] [Decorations] CAPPING events from decorations provider vscode.git 445
2023-01-24 20:25:46.379 [warning] [Decorations] CAPPING events from decorations provider vscode.git 446
2023-01-24 20:28:00.361 [warning] [Decorations] CAPPING events from decorations provider vscode.git 446
2023-01-24 20:28:27.587 [warning] [Decorations] CAPPING events from decorations provider vscode.git 446
2023-01-24 20:30:07.375 [warning] [Decorations] CAPPING events from decorations provider vscode.git 446
2023-01-24 20:30:12.563 [warning] [Decorations] CAPPING events from decorations provider vscode.git 445
2023-01-24 20:30:53.704 [warning] [Decorations] CAPPING events from decorations provider vscode.git 446
2023-01-24 20:30:58.870 [warning] [Decorations] CAPPING events from decorations provider vscode.git 446
2023-01-24 20:31:04.175 [warning] [Decorations] CAPPING events from decorations provider vscode.git 446
2023-01-24 20:31:09.329 [warning] [Decorations] CAPPING events from decorations provider vscode.git 446
2023-01-24 20:31:14.490 [warning] [Decorations] CAPPING events from decorations provider vscode.git 446
2023-01-24 20:31:23.767 [warning] [Decorations] CAPPING events from decorations provider vscode.git 447
2023-01-24 20:32:21.499 [warning] [Decorations] CAPPING events from decorations provider vscode.git 447
2023-01-24 20:32:26.640 [warning] [Decorations] CAPPING events from decorations provider vscode.git 447
2023-01-24 20:32:36.827 [warning] [Decorations] CAPPING events from decorations provider vscode.git 447
2023-01-24 20:33:56.835 [warning] [Decorations] CAPPING events from decorations provider vscode.git 447
2023-01-24 20:34:10.518 [warning] [Decorations] CAPPING events from decorations provider vscode.git 445
2023-01-24 20:34:16.806 [warning] [Decorations] CAPPING events from decorations provider vscode.git 446
2023-01-24 20:34:21.951 [warning] [Decorations] CAPPING events from decorations provider vscode.git 446
2023-01-24 20:34:29.458 [warning] [Decorations] CAPPING events from decorations provider vscode.git 446
2023-01-24 20:34:39.490 [warning] [Decorations] CAPPING events from decorations provider vscode.git 447
2023-01-24 20:34:44.639 [warning] [Decorations] CAPPING events from decorations provider vscode.git 447
2023-01-24 20:34:49.796 [warning] [Decorations] CAPPING events from decorations provider vscode.git 447
2023-01-24 20:34:54.929 [warning] [Decorations] CAPPING events from decorations provider vscode.git 447
2023-01-24 20:35:53.878 [warning] [Decorations] CAPPING events from decorations provider vscode.git 447
2023-01-24 20:35:59.036 [warning] [Decorations] CAPPING events from decorations provider vscode.git 447
2023-01-24 20:36:32.965 [warning] [Decorations] CAPPING events from decorations provider vscode.git 447
2023-01-24 20:37:36.640 [warning] [Decorations] CAPPING events from decorations provider vscode.git 447
2023-01-24 20:46:13.190 [warning] [Decorations] CAPPING events from decorations provider vscode.git 448
2023-01-24 20:47:23.932 [warning] [Decorations] CAPPING events from decorations provider vscode.git 446
2023-01-24 20:47:53.276 [warning] [Decorations] CAPPING events from decorations provider vscode.git 446
2023-01-24 20:47:58.413 [warning] [Decorations] CAPPING events from decorations provider vscode.git 446
2023-01-24 20:48:03.560 [warning] [Decorations] CAPPING events from decorations provider vscode.git 446
2023-01-24 20:48:08.810 [warning] [Decorations] CAPPING events from decorations provider vscode.git 446
2023-01-24 20:48:14.059 [warning] [Decorations] CAPPING events from decorations provider vscode.git 446
2023-01-24 20:48:19.206 [warning] [Decorations] CAPPING events from decorations provider vscode.git 447
2023-01-24 20:48:24.643 [warning] [Decorations] CAPPING events from decorations provider vscode.git 447
2023-01-24 20:48:29.791 [warning] [Decorations] CAPPING events from decorations provider vscode.git 447
2023-01-24 20:48:34.948 [warning] [Decorations] CAPPING events from decorations provider vscode.git 447
2023-01-24 20:48:41.216 [warning] [Decorations] CAPPING events from decorations provider vscode.git 447
2023-01-24 20:48:52.919 [warning] [Decorations] CAPPING events from decorations provider vscode.git 448
2023-01-24 20:48:58.098 [warning] [Decorations] CAPPING events from decorations provider vscode.git 448
2023-01-24 20:49:07.995 [warning] [Decorations] CAPPING events from decorations provider vscode.git 449
2023-01-24 20:54:58.387 [warning] [Decorations] CAPPING events from decorations provider vscode.git 449
2023-01-24 20:55:34.072 [warning] [Decorations] CAPPING events from decorations provider vscode.git 445
2023-01-24 20:55:41.798 [warning] [Decorations] CAPPING events from decorations provider vscode.git 446
2023-01-24 20:55:54.297 [warning] [Decorations] CAPPING events from decorations provider vscode.git 447
2023-01-24 20:56:00.719 [warning] [Decorations] CAPPING events from decorations provider vscode.git 447
2023-01-24 20:56:05.863 [warning] [Decorations] CAPPING events from decorations provider vscode.git 447
2023-01-24 20:56:27.626 [warning] [Decorations] CAPPING events from decorations provider vscode.git 447
2023-01-24 20:57:54.731 [warning] [Decorations] CAPPING events from decorations provider vscode.git 447
2023-01-24 20:58:03.465 [warning] [Decorations] CAPPING events from decorations provider vscode.git 446
2023-01-24 21:00:08.055 [warning] [Decorations] CAPPING events from decorations provider vscode.git 446
2023-01-24 21:00:14.218 [warning] [Decorations] CAPPING events from decorations provider vscode.git 446
2023-01-24 21:00:22.793 [warning] [Decorations] CAPPING events from decorations provider vscode.git 447
2023-01-24 21:00:27.944 [warning] [Decorations] CAPPING events from decorations provider vscode.git 447
2023-01-24 22:24:24.960 [info] Extension host terminating: renderer closed the socket
2023-01-24 22:24:25.816 [info] Extension host with pid 26008 exiting with code 0
