[2022-11-10 14:23:17.795] [exthost] [info] Extension host with pid 12044 started
[2022-11-10 14:23:18.019] [exthost] [info] ExtensionService#_doActivateExtension vscode.microsoft-authentication, startup: false, activationEvent: 'onAuthenticationRequest:microsoft'
[2022-11-10 14:23:18.021] [exthost] [info] ExtensionService#_doActivateExtension vscode.debug-auto-launch, startup: true, activationEvent: '*'
[2022-11-10 14:23:18.021] [exthost] [info] ExtensionService#_doActivateExtension vscode.git-base, startup: true, activationEvent: '*', root cause: vscode.git
[2022-11-10 14:23:18.022] [exthost] [info] ExtensionService#_doActivateExtension vscode.ipynb, startup: true, activationEvent: '*'
[2022-11-10 14:23:18.224] [exthost] [info] ExtensionService#_doActivateExtension vscode.git, startup: true, activationEvent: '*'
[2022-11-10 14:23:18.238] [exthost] [info] ExtensionService#_doActivateExtension vscode.github, startup: true, activationEvent: '*'
[2022-11-10 14:23:18.487] [exthost] [info] ExtensionService#_doActivateExtension vscode.github-authentication, startup: false, activationEvent: 'onAuthenticationRequest:github'
[2022-11-10 14:23:18.647] [exthost] [info] Eager extensions activated
[2022-11-10 14:23:18.662] [exthost] [info] ExtensionService#_doActivateExtension vscode.emmet, startup: false, activationEvent: 'onStartupFinished'
[2022-11-10 14:23:18.663] [exthost] [info] ExtensionService#_doActivateExtension vscode.merge-conflict, startup: false, activationEvent: 'onStartupFinished'
[2022-11-10 14:23:18.663] [exthost] [info] ExtensionService#_doActivateExtension ms-vscode-remote.remote-wsl-recommender, startup: false, activationEvent: 'onStartupFinished'
[2022-11-10 14:23:22.556] [exthost] [info] ExtensionService#_doActivateExtension vscode.configuration-editing, startup: false, activationEvent: 'onLanguage:jsonc'
[2022-11-10 14:23:22.557] [exthost] [info] ExtensionService#_doActivateExtension vscode.json-language-features, startup: false, activationEvent: 'onLanguage:jsonc'
[2022-11-10 14:23:22.557] [exthost] [info] ExtensionService#_doActivateExtension vscode.typescript-language-features, startup: false, activationEvent: 'onLanguage:jsonc'
[2022-11-10 14:24:01.438] [exthost] [info] Extension host terminating: received terminate message from renderer
[2022-11-10 14:24:01.458] [exthost] [info] Extension host with pid 12044 exiting with code 0
[2022-11-10 14:24:03.748] [exthost] [info] Extension host with pid 19312 started
[2022-11-10 14:24:03.748] [exthost] [info] Skipping acquiring lock for d:\examples\coursera_test\react_examples\ecommerce\User\workspaceStorage\e4f9a451059ddbe5198683f6e0734d6e.
[2022-11-10 14:24:03.945] [exthost] [info] ExtensionService#_doActivateExtension vscode.microsoft-authentication, startup: false, activationEvent: 'onAuthenticationRequest:microsoft'
[2022-11-10 14:24:03.946] [exthost] [info] ExtensionService#_doActivateExtension vscode.debug-auto-launch, startup: true, activationEvent: '*'
[2022-11-10 14:24:03.946] [exthost] [info] ExtensionService#_doActivateExtension vscode.git-base, startup: true, activationEvent: '*'
[2022-11-10 14:24:03.946] [exthost] [info] ExtensionService#_doActivateExtension vscode.ipynb, startup: true, activationEvent: '*'
[2022-11-10 14:24:03.946] [exthost] [info] ExtensionService#_doActivateExtension vscode.npm, startup: true, activationEvent: 'workspaceContains:package.json'
[2022-11-10 14:24:04.031] [exthost] [info] ExtensionService#_doActivateExtension vscode.github, startup: true, activationEvent: '*'
[2022-11-10 14:24:04.049] [exthost] [info] ExtensionService#_doActivateExtension vscode.github-authentication, startup: false, activationEvent: 'onAuthenticationRequest:github'
[2022-11-10 14:24:04.269] [exthost] [info] Eager extensions activated
[2022-11-10 14:24:04.273] [exthost] [info] ExtensionService#_doActivateExtension vscode.emmet, startup: false, activationEvent: 'onStartupFinished'
[2022-11-10 14:24:04.273] [exthost] [info] ExtensionService#_doActivateExtension vscode.merge-conflict, startup: false, activationEvent: 'onStartupFinished'
[2022-11-10 14:24:04.273] [exthost] [info] ExtensionService#_doActivateExtension ms-vscode-remote.remote-wsl-recommender, startup: false, activationEvent: 'onStartupFinished'
[2022-11-10 14:24:06.218] [exthost] [info] ExtensionService#_doActivateExtension vscode.git, startup: false, activationEvent: 'api', root cause: vscode.github
[2022-11-10 14:25:52.197] [exthost] [info] ExtensionService#_doActivateExtension vscode.typescript-language-features, startup: false, activationEvent: 'onLanguage:javascript'
[2022-11-10 15:03:51.710] [exthost] [warning] [Decorations] CAPPING events from decorations provider vscode.git 251
[2022-11-10 15:05:01.448] [exthost] [warning] [Decorations] CAPPING events from decorations provider vscode.git 251
[2022-11-10 15:06:48.114] [exthost] [warning] [Decorations] CAPPING events from decorations provider vscode.git 251
[2022-11-10 15:06:53.339] [exthost] [warning] [Decorations] CAPPING events from decorations provider vscode.git 251
[2022-11-10 15:06:58.534] [exthost] [warning] [Decorations] CAPPING events from decorations provider vscode.git 251
[2022-11-10 15:07:03.900] [exthost] [warning] [Decorations] CAPPING events from decorations provider vscode.git 251
[2022-11-10 15:07:11.366] [exthost] [warning] [Decorations] CAPPING events from decorations provider vscode.git 251
[2022-11-10 15:07:18.943] [exthost] [warning] [Decorations] CAPPING events from decorations provider vscode.git 252
[2022-11-10 15:07:49.420] [exthost] [warning] [Decorations] CAPPING events from decorations provider vscode.git 251
[2022-11-10 15:07:58.753] [exthost] [warning] [Decorations] CAPPING events from decorations provider vscode.git 252
[2022-11-10 15:08:03.985] [exthost] [warning] [Decorations] CAPPING events from decorations provider vscode.git 252
[2022-11-10 15:08:09.214] [exthost] [warning] [Decorations] CAPPING events from decorations provider vscode.git 253
[2022-11-10 15:08:14.418] [exthost] [warning] [Decorations] CAPPING events from decorations provider vscode.git 253
[2022-11-10 15:08:24.130] [exthost] [warning] [Decorations] CAPPING events from decorations provider vscode.git 253
[2022-11-10 15:09:40.191] [exthost] [warning] [Decorations] CAPPING events from decorations provider vscode.git 254
[2022-11-10 15:10:05.225] [exthost] [warning] [Decorations] CAPPING events from decorations provider vscode.git 254
[2022-11-10 15:10:11.857] [exthost] [warning] [Decorations] CAPPING events from decorations provider vscode.git 255
[2022-11-10 15:10:17.080] [exthost] [warning] [Decorations] CAPPING events from decorations provider vscode.git 254
[2022-11-10 15:10:22.290] [exthost] [warning] [Decorations] CAPPING events from decorations provider vscode.git 255
[2022-11-10 15:10:27.491] [exthost] [warning] [Decorations] CAPPING events from decorations provider vscode.git 255
[2022-11-10 15:10:34.382] [exthost] [warning] [Decorations] CAPPING events from decorations provider vscode.git 255
[2022-11-10 15:10:40.311] [exthost] [warning] [Decorations] CAPPING events from decorations provider vscode.git 256
[2022-11-10 15:11:32.251] [exthost] [warning] [Decorations] CAPPING events from decorations provider vscode.git 256
[2022-11-10 15:11:37.473] [exthost] [warning] [Decorations] CAPPING events from decorations provider vscode.git 256
[2022-11-10 15:11:57.295] [exthost] [warning] [Decorations] CAPPING events from decorations provider vscode.git 257
[2022-11-10 15:12:02.509] [exthost] [warning] [Decorations] CAPPING events from decorations provider vscode.git 256
[2022-11-10 15:12:12.531] [exthost] [warning] [Decorations] CAPPING events from decorations provider vscode.git 257
[2022-11-10 15:12:29.164] [exthost] [warning] [Decorations] CAPPING events from decorations provider vscode.git 257
[2022-11-10 15:12:34.376] [exthost] [warning] [Decorations] CAPPING events from decorations provider vscode.git 257
[2022-11-10 15:12:39.591] [exthost] [warning] [Decorations] CAPPING events from decorations provider vscode.git 258
[2022-11-10 15:12:42.833] [exthost] [info] ExtensionService#_doActivateExtension vscode.configuration-editing, startup: false, activationEvent: 'onLanguage:jsonc'
[2022-11-10 15:12:42.833] [exthost] [info] ExtensionService#_doActivateExtension vscode.json-language-features, startup: false, activationEvent: 'onLanguage:jsonc'
[2022-11-10 15:12:44.794] [exthost] [warning] [Decorations] CAPPING events from decorations provider vscode.git 260
[2022-11-10 15:12:56.996] [exthost] [warning] [Decorations] CAPPING events from decorations provider vscode.git 261
[2022-11-10 15:13:11.720] [exthost] [warning] [Decorations] CAPPING events from decorations provider vscode.git 261
[2022-11-10 15:13:21.425] [exthost] [warning] [Decorations] CAPPING events from decorations provider vscode.git 261
[2022-11-10 15:13:35.204] [exthost] [warning] [Decorations] CAPPING events from decorations provider vscode.git 261
[2022-11-10 15:14:02.270] [exthost] [warning] [Decorations] CAPPING events from decorations provider vscode.git 261
[2022-11-10 15:14:09.467] [exthost] [warning] [Decorations] CAPPING events from decorations provider vscode.git 262
[2022-11-10 15:14:14.679] [exthost] [warning] [Decorations] CAPPING events from decorations provider vscode.git 262
[2022-11-10 15:14:20.341] [exthost] [warning] [Decorations] CAPPING events from decorations provider vscode.git 262
[2022-11-10 15:14:25.558] [exthost] [warning] [Decorations] CAPPING events from decorations provider vscode.git 262
[2022-11-10 15:14:31.543] [exthost] [warning] [Decorations] CAPPING events from decorations provider vscode.git 262
[2022-11-10 15:14:36.751] [exthost] [warning] [Decorations] CAPPING events from decorations provider vscode.git 262
[2022-11-10 15:14:41.966] [exthost] [warning] [Decorations] CAPPING events from decorations provider vscode.git 262
[2022-11-10 15:17:02.255] [exthost] [warning] [Decorations] CAPPING events from decorations provider vscode.git 262
[2022-11-10 15:17:45.475] [exthost] [warning] [Decorations] CAPPING events from decorations provider vscode.git 262
[2022-11-10 15:17:50.691] [exthost] [warning] [Decorations] CAPPING events from decorations provider vscode.git 262
[2022-11-10 15:17:56.060] [exthost] [warning] [Decorations] CAPPING events from decorations provider vscode.git 263
[2022-11-10 15:18:06.284] [exthost] [warning] [Decorations] CAPPING events from decorations provider vscode.git 263
[2022-11-10 15:18:12.974] [exthost] [warning] [Decorations] CAPPING events from decorations provider vscode.git 264
[2022-11-10 15:18:18.182] [exthost] [warning] [Decorations] CAPPING events from decorations provider vscode.git 264
[2022-11-10 15:18:23.396] [exthost] [warning] [Decorations] CAPPING events from decorations provider vscode.git 264
[2022-11-10 15:18:28.603] [exthost] [warning] [Decorations] CAPPING events from decorations provider vscode.git 264
[2022-11-10 15:18:33.815] [exthost] [warning] [Decorations] CAPPING events from decorations provider vscode.git 264
[2022-11-10 15:18:39.434] [exthost] [warning] [Decorations] CAPPING events from decorations provider vscode.git 264
[2022-11-10 15:18:44.642] [exthost] [warning] [Decorations] CAPPING events from decorations provider vscode.git 264
[2022-11-10 15:18:50.287] [exthost] [warning] [Decorations] CAPPING events from decorations provider vscode.git 264
[2022-11-10 15:18:55.488] [exthost] [warning] [Decorations] CAPPING events from decorations provider vscode.git 264
[2022-11-10 15:19:00.691] [exthost] [warning] [Decorations] CAPPING events from decorations provider vscode.git 264
[2022-11-10 15:19:05.892] [exthost] [warning] [Decorations] CAPPING events from decorations provider vscode.git 264
[2022-11-10 15:19:47.782] [exthost] [warning] [Decorations] CAPPING events from decorations provider vscode.git 264
[2022-11-10 15:19:52.998] [exthost] [warning] [Decorations] CAPPING events from decorations provider vscode.git 264
[2022-11-10 15:21:44.782] [exthost] [warning] [Decorations] CAPPING events from decorations provider vscode.git 265
[2022-11-10 15:21:50.305] [exthost] [warning] [Decorations] CAPPING events from decorations provider vscode.git 266
[2022-11-10 15:22:04.698] [exthost] [warning] [Decorations] CAPPING events from decorations provider vscode.git 267
[2022-11-10 15:22:09.967] [exthost] [warning] [Decorations] CAPPING events from decorations provider vscode.git 267
[2022-11-10 15:22:25.373] [exthost] [warning] [Decorations] CAPPING events from decorations provider vscode.git 268
[2022-11-10 15:22:30.616] [exthost] [warning] [Decorations] CAPPING events from decorations provider vscode.git 268
[2022-11-10 15:22:42.544] [exthost] [warning] [Decorations] CAPPING events from decorations provider vscode.git 269
[2022-11-10 15:22:47.826] [exthost] [warning] [Decorations] CAPPING events from decorations provider vscode.git 269
[2022-11-10 15:22:53.101] [exthost] [warning] [Decorations] CAPPING events from decorations provider vscode.git 269
[2022-11-10 15:22:58.354] [exthost] [warning] [Decorations] CAPPING events from decorations provider vscode.git 269
[2022-11-10 15:23:03.584] [exthost] [warning] [Decorations] CAPPING events from decorations provider vscode.git 269
[2022-11-10 15:23:51.738] [exthost] [warning] [Decorations] CAPPING events from decorations provider vscode.git 269
[2022-11-10 15:23:56.998] [exthost] [warning] [Decorations] CAPPING events from decorations provider vscode.git 269
[2022-11-10 15:24:12.855] [exthost] [warning] [Decorations] CAPPING events from decorations provider vscode.git 270
[2022-11-10 15:24:18.100] [exthost] [warning] [Decorations] CAPPING events from decorations provider vscode.git 270
[2022-11-10 15:24:41.841] [exthost] [warning] [Decorations] CAPPING events from decorations provider vscode.git 270
[2022-11-10 15:24:47.085] [exthost] [warning] [Decorations] CAPPING events from decorations provider vscode.git 271
[2022-11-10 15:24:55.665] [exthost] [warning] [Decorations] CAPPING events from decorations provider vscode.git 271
[2022-11-10 15:25:00.991] [exthost] [warning] [Decorations] CAPPING events from decorations provider vscode.git 271
[2022-11-10 15:25:08.962] [exthost] [warning] [Decorations] CAPPING events from decorations provider vscode.git 271
[2022-11-10 15:25:14.228] [exthost] [warning] [Decorations] CAPPING events from decorations provider vscode.git 271
[2022-11-10 15:25:22.669] [exthost] [warning] [Decorations] CAPPING events from decorations provider vscode.git 272
[2022-11-10 15:25:32.252] [exthost] [warning] [Decorations] CAPPING events from decorations provider vscode.git 272
[2022-11-10 15:25:37.497] [exthost] [warning] [Decorations] CAPPING events from decorations provider vscode.git 272
[2022-11-10 15:25:51.877] [exthost] [warning] [Decorations] CAPPING events from decorations provider vscode.git 273
[2022-11-10 15:25:57.086] [exthost] [warning] [Decorations] CAPPING events from decorations provider vscode.git 273
[2022-11-10 15:26:06.751] [exthost] [warning] [Decorations] CAPPING events from decorations provider vscode.git 273
[2022-11-10 15:26:11.975] [exthost] [warning] [Decorations] CAPPING events from decorations provider vscode.git 274
[2022-11-10 15:26:55.218] [exthost] [warning] [Decorations] CAPPING events from decorations provider vscode.git 274
[2022-11-10 15:27:06.119] [exthost] [warning] [Decorations] CAPPING events from decorations provider vscode.git 275
[2022-11-10 15:27:11.334] [exthost] [warning] [Decorations] CAPPING events from decorations provider vscode.git 275
[2022-11-10 15:27:16.551] [exthost] [warning] [Decorations] CAPPING events from decorations provider vscode.git 275
[2022-11-10 15:35:56.836] [exthost] [warning] [Decorations] CAPPING events from decorations provider vscode.git 275
[2022-11-10 15:37:20.084] [exthost] [warning] [Decorations] CAPPING events from decorations provider vscode.git 275
[2022-11-10 15:37:33.616] [exthost] [warning] [Decorations] CAPPING events from decorations provider vscode.git 276
[2022-11-10 15:37:40.586] [exthost] [warning] [Decorations] CAPPING events from decorations provider vscode.git 276
[2022-11-10 15:38:04.914] [exthost] [warning] [Decorations] CAPPING events from decorations provider vscode.git 276
[2022-11-10 15:38:29.254] [exthost] [warning] [Decorations] CAPPING events from decorations provider vscode.git 277
[2022-11-10 15:38:41.971] [exthost] [warning] [Decorations] CAPPING events from decorations provider vscode.git 277
[2022-11-10 15:41:41.990] [exthost] [warning] [Decorations] CAPPING events from decorations provider vscode.git 278
[2022-11-10 15:41:47.221] [exthost] [warning] [Decorations] CAPPING events from decorations provider vscode.git 278
[2022-11-10 15:41:52.438] [exthost] [warning] [Decorations] CAPPING events from decorations provider vscode.git 278
[2022-11-10 15:42:07.082] [exthost] [warning] [Decorations] CAPPING events from decorations provider vscode.git 278
[2022-11-10 15:42:40.698] [exthost] [warning] [Decorations] CAPPING events from decorations provider vscode.git 278
[2022-11-10 15:42:46.335] [exthost] [warning] [Decorations] CAPPING events from decorations provider vscode.git 278
[2022-11-10 15:42:58.263] [exthost] [warning] [Decorations] CAPPING events from decorations provider vscode.git 279
[2022-11-10 15:43:03.659] [exthost] [warning] [Decorations] CAPPING events from decorations provider vscode.git 279
[2022-11-10 15:43:12.269] [exthost] [warning] [Decorations] CAPPING events from decorations provider vscode.git 279
[2022-11-10 15:43:20.382] [exthost] [warning] [Decorations] CAPPING events from decorations provider vscode.git 279
[2022-11-10 15:43:31.114] [exthost] [warning] [Decorations] CAPPING events from decorations provider vscode.git 279
[2022-11-10 15:43:38.060] [exthost] [warning] [Decorations] CAPPING events from decorations provider vscode.git 280
[2022-11-10 15:43:43.426] [exthost] [warning] [Decorations] CAPPING events from decorations provider vscode.git 280
[2022-11-10 15:43:48.824] [exthost] [warning] [Decorations] CAPPING events from decorations provider vscode.git 280
[2022-11-10 15:43:54.197] [exthost] [warning] [Decorations] CAPPING events from decorations provider vscode.git 280
[2022-11-10 15:43:59.495] [exthost] [warning] [Decorations] CAPPING events from decorations provider vscode.git 281
[2022-11-10 15:44:04.919] [exthost] [warning] [Decorations] CAPPING events from decorations provider vscode.git 281
[2022-11-10 15:44:11.237] [exthost] [warning] [Decorations] CAPPING events from decorations provider vscode.git 281
[2022-11-10 15:44:27.706] [exthost] [warning] [Decorations] CAPPING events from decorations provider vscode.git 281
[2022-11-10 15:44:38.836] [exthost] [warning] [Decorations] CAPPING events from decorations provider vscode.git 282
[2022-11-10 15:44:44.248] [exthost] [warning] [Decorations] CAPPING events from decorations provider vscode.git 282
[2022-11-10 15:44:50.048] [exthost] [warning] [Decorations] CAPPING events from decorations provider vscode.git 283
[2022-11-10 15:44:55.351] [exthost] [warning] [Decorations] CAPPING events from decorations provider vscode.git 283
[2022-11-10 15:46:03.290] [exthost] [warning] [Decorations] CAPPING events from decorations provider vscode.git 283
[2022-11-10 15:46:08.620] [exthost] [warning] [Decorations] CAPPING events from decorations provider vscode.git 283
[2022-11-10 15:46:15.813] [exthost] [warning] [Decorations] CAPPING events from decorations provider vscode.git 284
[2022-11-10 15:46:21.185] [exthost] [warning] [Decorations] CAPPING events from decorations provider vscode.git 284
[2022-11-10 15:46:27.936] [exthost] [warning] [Decorations] CAPPING events from decorations provider vscode.git 284
[2022-11-10 15:46:36.126] [exthost] [warning] [Decorations] CAPPING events from decorations provider vscode.git 285
[2022-11-10 15:46:41.457] [exthost] [warning] [Decorations] CAPPING events from decorations provider vscode.git 285
[2022-11-10 15:46:46.843] [exthost] [warning] [Decorations] CAPPING events from decorations provider vscode.git 285
[2022-11-10 15:46:56.356] [exthost] [warning] [Decorations] CAPPING events from decorations provider vscode.git 285
[2022-11-10 15:47:38.648] [exthost] [warning] [Decorations] CAPPING events from decorations provider vscode.git 285
[2022-11-10 15:47:44.128] [exthost] [warning] [Decorations] CAPPING events from decorations provider vscode.git 285
[2022-11-10 15:47:50.679] [exthost] [warning] [Decorations] CAPPING events from decorations provider vscode.git 286
[2022-11-10 15:47:56.072] [exthost] [warning] [Decorations] CAPPING events from decorations provider vscode.git 286
[2022-11-10 15:48:22.024] [exthost] [warning] [Decorations] CAPPING events from decorations provider vscode.git 286
[2022-11-10 15:49:58.024] [exthost] [warning] [Decorations] CAPPING events from decorations provider vscode.git 287
[2022-11-10 15:50:03.384] [exthost] [warning] [Decorations] CAPPING events from decorations provider vscode.git 287
[2022-11-10 15:50:36.526] [exthost] [warning] [Decorations] CAPPING events from decorations provider vscode.git 288
[2022-11-10 15:50:51.932] [exthost] [warning] [Decorations] CAPPING events from decorations provider vscode.git 288
[2022-11-10 15:50:59.918] [exthost] [warning] [Decorations] CAPPING events from decorations provider vscode.git 289
[2022-11-10 15:51:05.555] [exthost] [warning] [Decorations] CAPPING events from decorations provider vscode.git 289
[2022-11-10 15:51:13.111] [exthost] [warning] [Decorations] CAPPING events from decorations provider vscode.git 289
[2022-11-10 15:51:20.717] [exthost] [warning] [Decorations] CAPPING events from decorations provider vscode.git 290
[2022-11-10 15:51:35.269] [exthost] [warning] [Decorations] CAPPING events from decorations provider vscode.git 290
[2022-11-10 15:51:43.052] [exthost] [warning] [Decorations] CAPPING events from decorations provider vscode.git 291
[2022-11-10 15:51:51.920] [exthost] [warning] [Decorations] CAPPING events from decorations provider vscode.git 291
[2022-11-10 15:51:57.319] [exthost] [warning] [Decorations] CAPPING events from decorations provider vscode.git 291
[2022-11-10 15:52:05.409] [exthost] [warning] [Decorations] CAPPING events from decorations provider vscode.git 291
[2022-11-10 15:52:10.776] [exthost] [warning] [Decorations] CAPPING events from decorations provider vscode.git 291
[2022-11-10 15:52:17.109] [exthost] [warning] [Decorations] CAPPING events from decorations provider vscode.git 291
[2022-11-10 15:52:22.493] [exthost] [warning] [Decorations] CAPPING events from decorations provider vscode.git 291
[2022-11-10 15:53:28.154] [exthost] [warning] [Decorations] CAPPING events from decorations provider vscode.git 291
[2022-11-10 15:53:33.638] [exthost] [warning] [Decorations] CAPPING events from decorations provider vscode.git 291
[2022-11-10 15:53:43.427] [exthost] [warning] [Decorations] CAPPING events from decorations provider vscode.git 292
[2022-11-10 15:53:51.929] [exthost] [warning] [Decorations] CAPPING events from decorations provider vscode.git 293
[2022-11-10 15:54:03.740] [exthost] [warning] [Decorations] CAPPING events from decorations provider vscode.git 293
[2022-11-10 15:56:01.970] [exthost] [warning] [Decorations] CAPPING events from decorations provider vscode.git 293
[2022-11-10 15:56:09.174] [exthost] [warning] [Decorations] CAPPING events from decorations provider vscode.git 294
[2022-11-10 15:56:14.483] [exthost] [warning] [Decorations] CAPPING events from decorations provider vscode.git 294
[2022-11-10 15:56:19.737] [exthost] [warning] [Decorations] CAPPING events from decorations provider vscode.git 294
[2022-11-10 15:56:26.803] [exthost] [warning] [Decorations] CAPPING events from decorations provider vscode.git 294
[2022-11-10 15:56:34.526] [exthost] [warning] [Decorations] CAPPING events from decorations provider vscode.git 294
[2022-11-10 15:56:39.737] [exthost] [warning] [Decorations] CAPPING events from decorations provider vscode.git 294
[2022-11-10 15:57:02.729] [exthost] [warning] [Decorations] CAPPING events from decorations provider vscode.git 294
[2022-11-10 15:57:13.367] [exthost] [warning] [Decorations] CAPPING events from decorations provider vscode.git 295
[2022-11-10 15:57:45.707] [exthost] [warning] [Decorations] CAPPING events from decorations provider vscode.git 296
[2022-11-10 16:00:51.711] [exthost] [warning] [Decorations] CAPPING events from decorations provider vscode.git 296
[2022-11-10 16:00:56.924] [exthost] [warning] [Decorations] CAPPING events from decorations provider vscode.git 296
[2022-11-10 16:01:03.222] [exthost] [warning] [Decorations] CAPPING events from decorations provider vscode.git 296
[2022-11-10 16:01:21.777] [exthost] [warning] [Decorations] CAPPING events from decorations provider vscode.git 297
[2022-11-10 16:01:46.342] [exthost] [warning] [Decorations] CAPPING events from decorations provider vscode.git 298
[2022-11-10 16:02:23.598] [exthost] [warning] [Decorations] CAPPING events from decorations provider vscode.git 298
[2022-11-10 16:02:30.649] [exthost] [warning] [Decorations] CAPPING events from decorations provider vscode.git 299
[2022-11-10 16:03:45.912] [exthost] [warning] [Decorations] CAPPING events from decorations provider vscode.git 299
[2022-11-10 16:03:53.501] [exthost] [warning] [Decorations] CAPPING events from decorations provider vscode.git 300
[2022-11-10 16:04:29.012] [exthost] [warning] [Decorations] CAPPING events from decorations provider vscode.git 301
[2022-11-10 16:04:34.218] [exthost] [warning] [Decorations] CAPPING events from decorations provider vscode.git 301
[2022-11-10 16:04:39.432] [exthost] [warning] [Decorations] CAPPING events from decorations provider vscode.git 301
[2022-11-10 16:04:44.636] [exthost] [warning] [Decorations] CAPPING events from decorations provider vscode.git 301
[2022-11-10 16:04:59.880] [exthost] [warning] [Decorations] CAPPING events from decorations provider vscode.git 301
[2022-11-10 16:05:07.483] [exthost] [warning] [Decorations] CAPPING events from decorations provider vscode.git 302
[2022-11-10 16:05:13.162] [exthost] [warning] [Decorations] CAPPING events from decorations provider vscode.git 302
[2022-11-10 16:05:32.274] [exthost] [warning] [Decorations] CAPPING events from decorations provider vscode.git 302
[2022-11-10 16:05:51.562] [exthost] [warning] [Decorations] CAPPING events from decorations provider vscode.git 303
[2022-11-10 16:05:56.766] [exthost] [warning] [Decorations] CAPPING events from decorations provider vscode.git 303
[2022-11-10 16:06:01.993] [exthost] [warning] [Decorations] CAPPING events from decorations provider vscode.git 303
[2022-11-10 16:06:07.226] [exthost] [warning] [Decorations] CAPPING events from decorations provider vscode.git 303
[2022-11-10 16:06:12.426] [exthost] [warning] [Decorations] CAPPING events from decorations provider vscode.git 303
[2022-11-10 16:06:20.482] [exthost] [warning] [Decorations] CAPPING events from decorations provider vscode.git 303
[2022-11-10 16:06:46.477] [exthost] [warning] [Decorations] CAPPING events from decorations provider vscode.git 304
[2022-11-10 16:06:53.039] [exthost] [warning] [Decorations] CAPPING events from decorations provider vscode.git 304
[2022-11-10 16:07:16.192] [exthost] [warning] [Decorations] CAPPING events from decorations provider vscode.git 305
[2022-11-10 16:07:21.399] [exthost] [warning] [Decorations] CAPPING events from decorations provider vscode.git 305
[2022-11-10 16:07:53.285] [exthost] [warning] [Decorations] CAPPING events from decorations provider vscode.git 305
[2022-11-10 16:08:13.180] [exthost] [warning] [Decorations] CAPPING events from decorations provider vscode.git 306
[2022-11-10 16:08:18.390] [exthost] [warning] [Decorations] CAPPING events from decorations provider vscode.git 306
[2022-11-10 16:08:41.330] [exthost] [warning] [Decorations] CAPPING events from decorations provider vscode.git 306
[2022-11-10 16:08:48.701] [exthost] [error] [vscode.typescript-language-features] provider FAILED
[2022-11-10 16:08:48.701] [exthost] [error] Error: <semantic> TypeScript Server Error (4.8.4)
Debug Failure. Did not expect JsxClosingFragment to have an Identifier in its trivia
Error: Debug Failure. Did not expect JsxClosingFragment to have an Identifier in its trivia
    at addSyntheticNodes (c:\Users\chhav\AppData\Local\Programs\Microsoft VS Code\resources\app\extensions\node_modules\typescript\lib\tsserver.js:166078:30)
    at createChildren (c:\Users\chhav\AppData\Local\Programs\Microsoft VS Code\resources\app\extensions\node_modules\typescript\lib\tsserver.js:166067:9)
    at NodeObject.getChildren (c:\Users\chhav\AppData\Local\Programs\Microsoft VS Code\resources\app\extensions\node_modules\typescript\lib\tsserver.js:166009:56)
    at findRightmostToken (c:\Users\chhav\AppData\Local\Programs\Microsoft VS Code\resources\app\extensions\node_modules\typescript\lib\tsserver.js:129194:26)
    at find (c:\Users\chhav\AppData\Local\Programs\Microsoft VS Code\resources\app\extensions\node_modules\typescript\lib\tsserver.js:129183:33)
    at findPrecedingToken (c:\Users\chhav\AppData\Local\Programs\Microsoft VS Code\resources\app\extensions\node_modules\typescript\lib\tsserver.js:129132:22)
    at nodeContainsPosition (c:\Users\chhav\AppData\Local\Programs\Microsoft VS Code\resources\app\extensions\node_modules\typescript\lib\tsserver.js:129071:37)
    at c:\Users\chhav\AppData\Local\Programs\Microsoft VS Code\resources\app\extensions\node_modules\typescript\lib\tsserver.js:129025:21
    at Object.binarySearchKey (c:\Users\chhav\AppData\Local\Programs\Microsoft VS Code\resources\app\extensions\node_modules\typescript\lib\tsserver.js:1210:21)
    at _loop_1 (c:\Users\chhav\AppData\Local\Programs\Microsoft VS Code\resources\app\extensions\node_modules\typescript\lib\tsserver.js:128994:24)
    at getTokenAtPositionWorker (c:\Users\chhav\AppData\Local\Programs\Microsoft VS Code\resources\app\extensions\node_modules\typescript\lib\tsserver.js:129050:27)
    at getTouchingToken (c:\Users\chhav\AppData\Local\Programs\Microsoft VS Code\resources\app\extensions\node_modules\typescript\lib\tsserver.js:128979:16)
    at Object.getTouchingPropertyName (c:\Users\chhav\AppData\Local\Programs\Microsoft VS Code\resources\app\extensions\node_modules\typescript\lib\tsserver.js:128971:16)
    at Object.getQuickInfoAtPosition (c:\Users\chhav\AppData\Local\Programs\Microsoft VS Code\resources\app\extensions\node_modules\typescript\lib\tsserver.js:167325:27)
    at Session.getQuickInfoWorker (c:\Users\chhav\AppData\Local\Programs\Microsoft VS Code\resources\app\extensions\node_modules\typescript\lib\tsserver.js:179338:62)
    at Session.handlers.ts.Map.ts.getEntries._a.<computed> (c:\Users\chhav\AppData\Local\Programs\Microsoft VS Code\resources\app\extensions\node_modules\typescript\lib\tsserver.js:178060:61)
    at c:\Users\chhav\AppData\Local\Programs\Microsoft VS Code\resources\app\extensions\node_modules\typescript\lib\tsserver.js:180174:96
    at Session.executeWithRequestId (c:\Users\chhav\AppData\Local\Programs\Microsoft VS Code\resources\app\extensions\node_modules\typescript\lib\tsserver.js:180165:28)
    at Session.executeCommand (c:\Users\chhav\AppData\Local\Programs\Microsoft VS Code\resources\app\extensions\node_modules\typescript\lib\tsserver.js:180174:41)
    at Session.onMessage (c:\Users\chhav\AppData\Local\Programs\Microsoft VS Code\resources\app\extensions\node_modules\typescript\lib\tsserver.js:180202:35)
    at process.<anonymous> (c:\Users\chhav\AppData\Local\Programs\Microsoft VS Code\resources\app\extensions\node_modules\typescript\lib\tsserver.js:184368:31)
    at process.emit (node:events:526:28)
    at emit (node:internal/child_process:938:14)
    at process.processTicksAndRejections (node:internal/process/task_queues:84:21)
	at r.create (c:\Users\chhav\AppData\Local\Programs\Microsoft VS Code\resources\app\extensions\typescript-language-features\dist\extension.js:1:562108)
	at d.dispatchResponse (c:\Users\chhav\AppData\Local\Programs\Microsoft VS Code\resources\app\extensions\typescript-language-features\dist\extension.js:1:556161)
	at d.dispatchMessage (c:\Users\chhav\AppData\Local\Programs\Microsoft VS Code\resources\app\extensions\typescript-language-features\dist\extension.js:1:555029)
	at ChildProcess.<anonymous> (c:\Users\chhav\AppData\Local\Programs\Microsoft VS Code\resources\app\extensions\typescript-language-features\dist\extension.js:1:554514)
	at ChildProcess.emit (node:events:526:28)
	at emit (node:internal/child_process:938:14)
	at process.processTicksAndRejections (node:internal/process/task_queues:84:21)
[2022-11-10 16:08:48.901] [exthost] [error] [vscode.typescript-language-features] provider FAILED
[2022-11-10 16:08:48.901] [exthost] [error] Error: <semantic> TypeScript Server Error (4.8.4)
Debug Failure. Did not expect JsxClosingFragment to have an Identifier in its trivia
Error: Debug Failure. Did not expect JsxClosingFragment to have an Identifier in its trivia
    at addSyntheticNodes (c:\Users\chhav\AppData\Local\Programs\Microsoft VS Code\resources\app\extensions\node_modules\typescript\lib\tsserver.js:166078:30)
    at createChildren (c:\Users\chhav\AppData\Local\Programs\Microsoft VS Code\resources\app\extensions\node_modules\typescript\lib\tsserver.js:166067:9)
    at NodeObject.getChildren (c:\Users\chhav\AppData\Local\Programs\Microsoft VS Code\resources\app\extensions\node_modules\typescript\lib\tsserver.js:166009:56)
    at _loop_1 (c:\Users\chhav\AppData\Local\Programs\Microsoft VS Code\resources\app\extensions\node_modules\typescript\lib\tsserver.js:128993:36)
    at getTokenAtPositionWorker (c:\Users\chhav\AppData\Local\Programs\Microsoft VS Code\resources\app\extensions\node_modules\typescript\lib\tsserver.js:129050:27)
    at getTouchingToken (c:\Users\chhav\AppData\Local\Programs\Microsoft VS Code\resources\app\extensions\node_modules\typescript\lib\tsserver.js:128979:16)
    at Object.getTouchingPropertyName (c:\Users\chhav\AppData\Local\Programs\Microsoft VS Code\resources\app\extensions\node_modules\typescript\lib\tsserver.js:128971:16)
    at Object.getQuickInfoAtPosition (c:\Users\chhav\AppData\Local\Programs\Microsoft VS Code\resources\app\extensions\node_modules\typescript\lib\tsserver.js:167325:27)
    at Session.getQuickInfoWorker (c:\Users\chhav\AppData\Local\Programs\Microsoft VS Code\resources\app\extensions\node_modules\typescript\lib\tsserver.js:179338:62)
    at Session.handlers.ts.Map.ts.getEntries._a.<computed> (c:\Users\chhav\AppData\Local\Programs\Microsoft VS Code\resources\app\extensions\node_modules\typescript\lib\tsserver.js:178060:61)
    at c:\Users\chhav\AppData\Local\Programs\Microsoft VS Code\resources\app\extensions\node_modules\typescript\lib\tsserver.js:180174:96
    at Session.executeWithRequestId (c:\Users\chhav\AppData\Local\Programs\Microsoft VS Code\resources\app\extensions\node_modules\typescript\lib\tsserver.js:180165:28)
    at Session.executeCommand (c:\Users\chhav\AppData\Local\Programs\Microsoft VS Code\resources\app\extensions\node_modules\typescript\lib\tsserver.js:180174:41)
    at Session.onMessage (c:\Users\chhav\AppData\Local\Programs\Microsoft VS Code\resources\app\extensions\node_modules\typescript\lib\tsserver.js:180202:35)
    at process.<anonymous> (c:\Users\chhav\AppData\Local\Programs\Microsoft VS Code\resources\app\extensions\node_modules\typescript\lib\tsserver.js:184368:31)
    at process.emit (node:events:526:28)
    at emit (node:internal/child_process:938:14)
    at process.processTicksAndRejections (node:internal/process/task_queues:84:21)
	at r.create (c:\Users\chhav\AppData\Local\Programs\Microsoft VS Code\resources\app\extensions\typescript-language-features\dist\extension.js:1:562108)
	at d.dispatchResponse (c:\Users\chhav\AppData\Local\Programs\Microsoft VS Code\resources\app\extensions\typescript-language-features\dist\extension.js:1:556161)
	at d.dispatchMessage (c:\Users\chhav\AppData\Local\Programs\Microsoft VS Code\resources\app\extensions\typescript-language-features\dist\extension.js:1:555029)
	at ChildProcess.<anonymous> (c:\Users\chhav\AppData\Local\Programs\Microsoft VS Code\resources\app\extensions\typescript-language-features\dist\extension.js:1:554514)
	at ChildProcess.emit (node:events:526:28)
	at emit (node:internal/child_process:938:14)
	at process.processTicksAndRejections (node:internal/process/task_queues:84:21)
[2022-11-10 16:08:49.248] [exthost] [error] [vscode.typescript-language-features] provider FAILED
[2022-11-10 16:08:49.248] [exthost] [error] Error: <semantic> TypeScript Server Error (4.8.4)
Debug Failure. Did not expect JsxClosingFragment to have an Identifier in its trivia
Error: Debug Failure. Did not expect JsxClosingFragment to have an Identifier in its trivia
    at addSyntheticNodes (c:\Users\chhav\AppData\Local\Programs\Microsoft VS Code\resources\app\extensions\node_modules\typescript\lib\tsserver.js:166078:30)
    at createChildren (c:\Users\chhav\AppData\Local\Programs\Microsoft VS Code\resources\app\extensions\node_modules\typescript\lib\tsserver.js:166067:9)
    at NodeObject.getChildren (c:\Users\chhav\AppData\Local\Programs\Microsoft VS Code\resources\app\extensions\node_modules\typescript\lib\tsserver.js:166009:56)
    at _loop_1 (c:\Users\chhav\AppData\Local\Programs\Microsoft VS Code\resources\app\extensions\node_modules\typescript\lib\tsserver.js:128993:36)
    at getTokenAtPositionWorker (c:\Users\chhav\AppData\Local\Programs\Microsoft VS Code\resources\app\extensions\node_modules\typescript\lib\tsserver.js:129050:27)
    at getTouchingToken (c:\Users\chhav\AppData\Local\Programs\Microsoft VS Code\resources\app\extensions\node_modules\typescript\lib\tsserver.js:128979:16)
    at Object.getTouchingPropertyName (c:\Users\chhav\AppData\Local\Programs\Microsoft VS Code\resources\app\extensions\node_modules\typescript\lib\tsserver.js:128971:16)
    at Object.getDocumentHighlights (c:\Users\chhav\AppData\Local\Programs\Microsoft VS Code\resources\app\extensions\node_modules\typescript\lib\tsserver.js:137220:27)
    at Object.getDocumentHighlights (c:\Users\chhav\AppData\Local\Programs\Microsoft VS Code\resources\app\extensions\node_modules\typescript\lib\tsserver.js:167415:42)
    at Session.getDocumentHighlights (c:\Users\chhav\AppData\Local\Programs\Microsoft VS Code\resources\app\extensions\node_modules\typescript\lib\tsserver.js:179073:71)
    at Session.handlers.ts.Map.ts.getEntries._a.<computed> (c:\Users\chhav\AppData\Local\Programs\Microsoft VS Code\resources\app\extensions\node_modules\typescript\lib\tsserver.js:178221:61)
    at c:\Users\chhav\AppData\Local\Programs\Microsoft VS Code\resources\app\extensions\node_modules\typescript\lib\tsserver.js:180174:96
    at Session.executeWithRequestId (c:\Users\chhav\AppData\Local\Programs\Microsoft VS Code\resources\app\extensions\node_modules\typescript\lib\tsserver.js:180165:28)
    at Session.executeCommand (c:\Users\chhav\AppData\Local\Programs\Microsoft VS Code\resources\app\extensions\node_modules\typescript\lib\tsserver.js:180174:41)
    at Session.onMessage (c:\Users\chhav\AppData\Local\Programs\Microsoft VS Code\resources\app\extensions\node_modules\typescript\lib\tsserver.js:180202:35)
    at process.<anonymous> (c:\Users\chhav\AppData\Local\Programs\Microsoft VS Code\resources\app\extensions\node_modules\typescript\lib\tsserver.js:184368:31)
    at process.emit (node:events:526:28)
    at emit (node:internal/child_process:938:14)
    at process.processTicksAndRejections (node:internal/process/task_queues:84:21)
	at r.create (c:\Users\chhav\AppData\Local\Programs\Microsoft VS Code\resources\app\extensions\typescript-language-features\dist\extension.js:1:562108)
	at d.dispatchResponse (c:\Users\chhav\AppData\Local\Programs\Microsoft VS Code\resources\app\extensions\typescript-language-features\dist\extension.js:1:556161)
	at d.dispatchMessage (c:\Users\chhav\AppData\Local\Programs\Microsoft VS Code\resources\app\extensions\typescript-language-features\dist\extension.js:1:555029)
	at ChildProcess.<anonymous> (c:\Users\chhav\AppData\Local\Programs\Microsoft VS Code\resources\app\extensions\typescript-language-features\dist\extension.js:1:554514)
	at ChildProcess.emit (node:events:526:28)
	at emit (node:internal/child_process:938:14)
	at process.processTicksAndRejections (node:internal/process/task_queues:84:21)
[2022-11-10 16:08:49.495] [exthost] [error] [vscode.typescript-language-features] provider FAILED
[2022-11-10 16:08:49.496] [exthost] [error] Error: <semantic> TypeScript Server Error (4.8.4)
Debug Failure. Did not expect JsxClosingFragment to have an Identifier in its trivia
Error: Debug Failure. Did not expect JsxClosingFragment to have an Identifier in its trivia
    at addSyntheticNodes (c:\Users\chhav\AppData\Local\Programs\Microsoft VS Code\resources\app\extensions\node_modules\typescript\lib\tsserver.js:166078:30)
    at createChildren (c:\Users\chhav\AppData\Local\Programs\Microsoft VS Code\resources\app\extensions\node_modules\typescript\lib\tsserver.js:166067:9)
    at NodeObject.getChildren (c:\Users\chhav\AppData\Local\Programs\Microsoft VS Code\resources\app\extensions\node_modules\typescript\lib\tsserver.js:166009:56)
    at _loop_1 (c:\Users\chhav\AppData\Local\Programs\Microsoft VS Code\resources\app\extensions\node_modules\typescript\lib\tsserver.js:128993:36)
    at getTokenAtPositionWorker (c:\Users\chhav\AppData\Local\Programs\Microsoft VS Code\resources\app\extensions\node_modules\typescript\lib\tsserver.js:129050:27)
    at Object.getTokenAtPosition (c:\Users\chhav\AppData\Local\Programs\Microsoft VS Code\resources\app\extensions\node_modules\typescript\lib\tsserver.js:128984:16)
    at getInfo (c:\Users\chhav\AppData\Local\Programs\Microsoft VS Code\resources\app\extensions\node_modules\typescript\lib\tsserver.js:161127:28)
    at Object.getRefactorActionsToConvertBetweenNamedAndDefaultExports [as getAvailableActions] (c:\Users\chhav\AppData\Local\Programs\Microsoft VS Code\resources\app\extensions\node_modules\typescript\lib\tsserver.js:161097:28)
    at c:\Users\chhav\AppData\Local\Programs\Microsoft VS Code\resources\app\extensions\node_modules\typescript\lib\tsserver.js:152050:30
    at getIterator (c:\Users\chhav\AppData\Local\Programs\Microsoft VS Code\resources\app\extensions\node_modules\typescript\lib\tsserver.js:579:23)
    at Object.flatMapIterator (c:\Users\chhav\AppData\Local\Programs\Microsoft VS Code\resources\app\extensions\node_modules\typescript\lib\tsserver.js:562:27)
    at Object.getApplicableRefactors (c:\Users\chhav\AppData\Local\Programs\Microsoft VS Code\resources\app\extensions\node_modules\typescript\lib\tsserver.js:152046:36)
    at Object.getApplicableRefactors (c:\Users\chhav\AppData\Local\Programs\Microsoft VS Code\resources\app\extensions\node_modules\typescript\lib\tsserver.js:168092:32)
    at Session.getApplicableRefactors (c:\Users\chhav\AppData\Local\Programs\Microsoft VS Code\resources\app\extensions\node_modules\typescript\lib\tsserver.js:179786:53)
    at Session.handlers.ts.Map.ts.getEntries._a.<computed> (c:\Users\chhav\AppData\Local\Programs\Microsoft VS Code\resources\app\extensions\node_modules\typescript\lib\tsserver.js:178259:61)
    at c:\Users\chhav\AppData\Local\Programs\Microsoft VS Code\resources\app\extensions\node_modules\typescript\lib\tsserver.js:180174:96
    at Session.executeWithRequestId (c:\Users\chhav\AppData\Local\Programs\Microsoft VS Code\resources\app\extensions\node_modules\typescript\lib\tsserver.js:180165:28)
    at Session.executeCommand (c:\Users\chhav\AppData\Local\Programs\Microsoft VS Code\resources\app\extensions\node_modules\typescript\lib\tsserver.js:180174:41)
    at Session.onMessage (c:\Users\chhav\AppData\Local\Programs\Microsoft VS Code\resources\app\extensions\node_modules\typescript\lib\tsserver.js:180202:35)
    at process.<anonymous> (c:\Users\chhav\AppData\Local\Programs\Microsoft VS Code\resources\app\extensions\node_modules\typescript\lib\tsserver.js:184368:31)
    at process.emit (node:events:526:28)
    at emit (node:internal/child_process:938:14)
    at process.processTicksAndRejections (node:internal/process/task_queues:84:21)
	at r.create (c:\Users\chhav\AppData\Local\Programs\Microsoft VS Code\resources\app\extensions\typescript-language-features\dist\extension.js:1:562108)
	at d.dispatchResponse (c:\Users\chhav\AppData\Local\Programs\Microsoft VS Code\resources\app\extensions\typescript-language-features\dist\extension.js:1:556161)
	at d.dispatchMessage (c:\Users\chhav\AppData\Local\Programs\Microsoft VS Code\resources\app\extensions\typescript-language-features\dist\extension.js:1:555029)
	at ChildProcess.<anonymous> (c:\Users\chhav\AppData\Local\Programs\Microsoft VS Code\resources\app\extensions\typescript-language-features\dist\extension.js:1:554514)
	at ChildProcess.emit (node:events:526:28)
	at emit (node:internal/child_process:938:14)
	at process.processTicksAndRejections (node:internal/process/task_queues:84:21)
[2022-11-10 16:08:49.858] [exthost] [warning] [Decorations] CAPPING events from decorations provider vscode.git 307
[2022-11-10 16:08:50.065] [exthost] [error] [vscode.typescript-language-features] provider FAILED
[2022-11-10 16:08:50.065] [exthost] [error] Error: <semantic> TypeScript Server Error (4.8.4)
Debug Failure. Did not expect JsxClosingFragment to have an Identifier in its trivia
Error: Debug Failure. Did not expect JsxClosingFragment to have an Identifier in its trivia
    at addSyntheticNodes (c:\Users\chhav\AppData\Local\Programs\Microsoft VS Code\resources\app\extensions\node_modules\typescript\lib\tsserver.js:166078:30)
    at createChildren (c:\Users\chhav\AppData\Local\Programs\Microsoft VS Code\resources\app\extensions\node_modules\typescript\lib\tsserver.js:166067:9)
    at NodeObject.getChildren (c:\Users\chhav\AppData\Local\Programs\Microsoft VS Code\resources\app\extensions\node_modules\typescript\lib\tsserver.js:166009:56)
    at _loop_1 (c:\Users\chhav\AppData\Local\Programs\Microsoft VS Code\resources\app\extensions\node_modules\typescript\lib\tsserver.js:128993:36)
    at getTokenAtPositionWorker (c:\Users\chhav\AppData\Local\Programs\Microsoft VS Code\resources\app\extensions\node_modules\typescript\lib\tsserver.js:129050:27)
    at getTouchingToken (c:\Users\chhav\AppData\Local\Programs\Microsoft VS Code\resources\app\extensions\node_modules\typescript\lib\tsserver.js:128979:16)
    at Object.getTouchingPropertyName (c:\Users\chhav\AppData\Local\Programs\Microsoft VS Code\resources\app\extensions\node_modules\typescript\lib\tsserver.js:128971:16)
    at Object.getQuickInfoAtPosition (c:\Users\chhav\AppData\Local\Programs\Microsoft VS Code\resources\app\extensions\node_modules\typescript\lib\tsserver.js:167325:27)
    at Session.getQuickInfoWorker (c:\Users\chhav\AppData\Local\Programs\Microsoft VS Code\resources\app\extensions\node_modules\typescript\lib\tsserver.js:179338:62)
    at Session.handlers.ts.Map.ts.getEntries._a.<computed> (c:\Users\chhav\AppData\Local\Programs\Microsoft VS Code\resources\app\extensions\node_modules\typescript\lib\tsserver.js:178060:61)
    at c:\Users\chhav\AppData\Local\Programs\Microsoft VS Code\resources\app\extensions\node_modules\typescript\lib\tsserver.js:180174:96
    at Session.executeWithRequestId (c:\Users\chhav\AppData\Local\Programs\Microsoft VS Code\resources\app\extensions\node_modules\typescript\lib\tsserver.js:180165:28)
    at Session.executeCommand (c:\Users\chhav\AppData\Local\Programs\Microsoft VS Code\resources\app\extensions\node_modules\typescript\lib\tsserver.js:180174:41)
    at Session.onMessage (c:\Users\chhav\AppData\Local\Programs\Microsoft VS Code\resources\app\extensions\node_modules\typescript\lib\tsserver.js:180202:35)
    at process.<anonymous> (c:\Users\chhav\AppData\Local\Programs\Microsoft VS Code\resources\app\extensions\node_modules\typescript\lib\tsserver.js:184368:31)
    at process.emit (node:events:526:28)
    at emit (node:internal/child_process:938:14)
    at process.processTicksAndRejections (node:internal/process/task_queues:84:21)
	at r.create (c:\Users\chhav\AppData\Local\Programs\Microsoft VS Code\resources\app\extensions\typescript-language-features\dist\extension.js:1:562108)
	at d.dispatchResponse (c:\Users\chhav\AppData\Local\Programs\Microsoft VS Code\resources\app\extensions\typescript-language-features\dist\extension.js:1:556161)
	at d.dispatchMessage (c:\Users\chhav\AppData\Local\Programs\Microsoft VS Code\resources\app\extensions\typescript-language-features\dist\extension.js:1:555029)
	at ChildProcess.<anonymous> (c:\Users\chhav\AppData\Local\Programs\Microsoft VS Code\resources\app\extensions\typescript-language-features\dist\extension.js:1:554514)
	at ChildProcess.emit (node:events:526:28)
	at emit (node:internal/child_process:938:14)
	at process.processTicksAndRejections (node:internal/process/task_queues:84:21)
[2022-11-10 16:08:50.933] [exthost] [error] [vscode.typescript-language-features] provider FAILED
[2022-11-10 16:08:50.933] [exthost] [error] Error: <semantic> TypeScript Server Error (4.8.4)
Debug Failure. Did not expect JsxClosingFragment to have an Identifier in its trivia
Error: Debug Failure. Did not expect JsxClosingFragment to have an Identifier in its trivia
    at addSyntheticNodes (c:\Users\chhav\AppData\Local\Programs\Microsoft VS Code\resources\app\extensions\node_modules\typescript\lib\tsserver.js:166078:30)
    at createChildren (c:\Users\chhav\AppData\Local\Programs\Microsoft VS Code\resources\app\extensions\node_modules\typescript\lib\tsserver.js:166067:9)
    at NodeObject.getChildren (c:\Users\chhav\AppData\Local\Programs\Microsoft VS Code\resources\app\extensions\node_modules\typescript\lib\tsserver.js:166009:56)
    at findRightmostToken (c:\Users\chhav\AppData\Local\Programs\Microsoft VS Code\resources\app\extensions\node_modules\typescript\lib\tsserver.js:129194:26)
    at findRightmostToken (c:\Users\chhav\AppData\Local\Programs\Microsoft VS Code\resources\app\extensions\node_modules\typescript\lib\tsserver.js:129199:29)
    at find (c:\Users\chhav\AppData\Local\Programs\Microsoft VS Code\resources\app\extensions\node_modules\typescript\lib\tsserver.js:129169:47)
    at find (c:\Users\chhav\AppData\Local\Programs\Microsoft VS Code\resources\app\extensions\node_modules\typescript\lib\tsserver.js:129173:32)
    at find (c:\Users\chhav\AppData\Local\Programs\Microsoft VS Code\resources\app\extensions\node_modules\typescript\lib\tsserver.js:129173:32)
    at find (c:\Users\chhav\AppData\Local\Programs\Microsoft VS Code\resources\app\extensions\node_modules\typescript\lib\tsserver.js:129173:32)
    at find (c:\Users\chhav\AppData\Local\Programs\Microsoft VS Code\resources\app\extensions\node_modules\typescript\lib\tsserver.js:129173:32)
    at find (c:\Users\chhav\AppData\Local\Programs\Microsoft VS Code\resources\app\extensions\node_modules\typescript\lib\tsserver.js:129173:32)
    at find (c:\Users\chhav\AppData\Local\Programs\Microsoft VS Code\resources\app\extensions\node_modules\typescript\lib\tsserver.js:129173:32)
    at find (c:\Users\chhav\AppData\Local\Programs\Microsoft VS Code\resources\app\extensions\node_modules\typescript\lib\tsserver.js:129173:32)
    at find (c:\Users\chhav\AppData\Local\Programs\Microsoft VS Code\resources\app\extensions\node_modules\typescript\lib\tsserver.js:129173:32)
    at find (c:\Users\chhav\AppData\Local\Programs\Microsoft VS Code\resources\app\extensions\node_modules\typescript\lib\tsserver.js:129173:32)
    at find (c:\Users\chhav\AppData\Local\Programs\Microsoft VS Code\resources\app\extensions\node_modules\typescript\lib\tsserver.js:129173:32)
    at findPrecedingToken (c:\Users\chhav\AppData\Local\Programs\Microsoft VS Code\resources\app\extensions\node_modules\typescript\lib\tsserver.js:129132:22)
    at Object.findTokenOnLeftOfPosition (c:\Users\chhav\AppData\Local\Programs\Microsoft VS Code\resources\app\extensions\node_modules\typescript\lib\tsserver.js:129110:16)
    at getInfo (c:\Users\chhav\AppData\Local\Programs\Microsoft VS Code\resources\app\extensions\node_modules\typescript\lib\tsserver.js:161618:35)
    at Object.getRefactorActionsToConvertToOptionalChain [as getAvailableActions] (c:\Users\chhav\AppData\Local\Programs\Microsoft VS Code\resources\app\extensions\node_modules\typescript\lib\tsserver.js:161572:28)
    at c:\Users\chhav\AppData\Local\Programs\Microsoft VS Code\resources\app\extensions\node_modules\typescript\lib\tsserver.js:152050:30
    at getIterator (c:\Users\chhav\AppData\Local\Programs\Microsoft VS Code\resources\app\extensions\node_modules\typescript\lib\tsserver.js:579:23)
    at Object.next (c:\Users\chhav\AppData\Local\Programs\Microsoft VS Code\resources\app\extensions\node_modules\typescript\lib\tsserver.js:574:35)
    at Object.arrayFrom (c:\Users\chhav\AppData\Local\Programs\Microsoft VS Code\resources\app\extensions\node_modules\typescript\lib\tsserver.js:1326:88)
    at Object.getApplicableRefactors (c:\Users\chhav\AppData\Local\Programs\Microsoft VS Code\resources\app\extensions\node_modules\typescript\lib\tsserver.js:152046:23)
    at Object.getApplicableRefactors (c:\Users\chhav\AppData\Local\Programs\Microsoft VS Code\resources\app\extensions\node_modules\typescript\lib\tsserver.js:168092:32)
    at Session.getApplicableRefactors (c:\Users\chhav\AppData\Local\Programs\Microsoft VS Code\resources\app\extensions\node_modules\typescript\lib\tsserver.js:179786:53)
    at Session.handlers.ts.Map.ts.getEntries._a.<computed> (c:\Users\chhav\AppData\Local\Programs\Microsoft VS Code\resources\app\extensions\node_modules\typescript\lib\tsserver.js:178259:61)
    at c:\Users\chhav\AppData\Local\Programs\Microsoft VS Code\resources\app\extensions\node_modules\typescript\lib\tsserver.js:180174:96
    at Session.executeWithRequestId (c:\Users\chhav\AppData\Local\Programs\Microsoft VS Code\resources\app\extensions\node_modules\typescript\lib\tsserver.js:180165:28)
    at Session.executeCommand (c:\Users\chhav\AppData\Local\Programs\Microsoft VS Code\resources\app\extensions\node_modules\typescript\lib\tsserver.js:180174:41)
    at Session.onMessage (c:\Users\chhav\AppData\Local\Programs\Microsoft VS Code\resources\app\extensions\node_modules\typescript\lib\tsserver.js:180202:35)
    at process.<anonymous> (c:\Users\chhav\AppData\Local\Programs\Microsoft VS Code\resources\app\extensions\node_modules\typescript\lib\tsserver.js:184368:31)
    at process.emit (node:events:526:28)
    at emit (node:internal/child_process:938:14)
    at process.processTicksAndRejections (node:internal/process/task_queues:84:21)
	at r.create (c:\Users\chhav\AppData\Local\Programs\Microsoft VS Code\resources\app\extensions\typescript-language-features\dist\extension.js:1:562108)
	at d.dispatchResponse (c:\Users\chhav\AppData\Local\Programs\Microsoft VS Code\resources\app\extensions\typescript-language-features\dist\extension.js:1:556161)
	at d.dispatchMessage (c:\Users\chhav\AppData\Local\Programs\Microsoft VS Code\resources\app\extensions\typescript-language-features\dist\extension.js:1:555029)
	at ChildProcess.<anonymous> (c:\Users\chhav\AppData\Local\Programs\Microsoft VS Code\resources\app\extensions\typescript-language-features\dist\extension.js:1:554514)
	at ChildProcess.emit (node:events:526:28)
	at emit (node:internal/child_process:938:14)
	at process.processTicksAndRejections (node:internal/process/task_queues:84:21)
[2022-11-10 16:08:51.552] [exthost] [error] [vscode.typescript-language-features] provider FAILED
[2022-11-10 16:08:51.552] [exthost] [error] Error: <semantic> TypeScript Server Error (4.8.4)
Debug Failure. Did not expect JsxClosingFragment to have an Identifier in its trivia
Error: Debug Failure. Did not expect JsxClosingFragment to have an Identifier in its trivia
    at addSyntheticNodes (c:\Users\chhav\AppData\Local\Programs\Microsoft VS Code\resources\app\extensions\node_modules\typescript\lib\tsserver.js:166078:30)
    at createChildren (c:\Users\chhav\AppData\Local\Programs\Microsoft VS Code\resources\app\extensions\node_modules\typescript\lib\tsserver.js:166067:9)
    at NodeObject.getChildren (c:\Users\chhav\AppData\Local\Programs\Microsoft VS Code\resources\app\extensions\node_modules\typescript\lib\tsserver.js:166009:56)
    at findRightmostToken (c:\Users\chhav\AppData\Local\Programs\Microsoft VS Code\resources\app\extensions\node_modules\typescript\lib\tsserver.js:129194:26)
    at findRightmostToken (c:\Users\chhav\AppData\Local\Programs\Microsoft VS Code\resources\app\extensions\node_modules\typescript\lib\tsserver.js:129199:29)
    at find (c:\Users\chhav\AppData\Local\Programs\Microsoft VS Code\resources\app\extensions\node_modules\typescript\lib\tsserver.js:129169:47)
    at find (c:\Users\chhav\AppData\Local\Programs\Microsoft VS Code\resources\app\extensions\node_modules\typescript\lib\tsserver.js:129173:32)
    at find (c:\Users\chhav\AppData\Local\Programs\Microsoft VS Code\resources\app\extensions\node_modules\typescript\lib\tsserver.js:129173:32)
    at find (c:\Users\chhav\AppData\Local\Programs\Microsoft VS Code\resources\app\extensions\node_modules\typescript\lib\tsserver.js:129173:32)
    at find (c:\Users\chhav\AppData\Local\Programs\Microsoft VS Code\resources\app\extensions\node_modules\typescript\lib\tsserver.js:129173:32)
    at find (c:\Users\chhav\AppData\Local\Programs\Microsoft VS Code\resources\app\extensions\node_modules\typescript\lib\tsserver.js:129173:32)
    at find (c:\Users\chhav\AppData\Local\Programs\Microsoft VS Code\resources\app\extensions\node_modules\typescript\lib\tsserver.js:129173:32)
    at find (c:\Users\chhav\AppData\Local\Programs\Microsoft VS Code\resources\app\extensions\node_modules\typescript\lib\tsserver.js:129173:32)
    at find (c:\Users\chhav\AppData\Local\Programs\Microsoft VS Code\resources\app\extensions\node_modules\typescript\lib\tsserver.js:129173:32)
    at find (c:\Users\chhav\AppData\Local\Programs\Microsoft VS Code\resources\app\extensions\node_modules\typescript\lib\tsserver.js:129173:32)
    at find (c:\Users\chhav\AppData\Local\Programs\Microsoft VS Code\resources\app\extensions\node_modules\typescript\lib\tsserver.js:129173:32)
    at findPrecedingToken (c:\Users\chhav\AppData\Local\Programs\Microsoft VS Code\resources\app\extensions\node_modules\typescript\lib\tsserver.js:129132:22)
    at Object.findTokenOnLeftOfPosition (c:\Users\chhav\AppData\Local\Programs\Microsoft VS Code\resources\app\extensions\node_modules\typescript\lib\tsserver.js:129110:16)
    at getInfo (c:\Users\chhav\AppData\Local\Programs\Microsoft VS Code\resources\app\extensions\node_modules\typescript\lib\tsserver.js:161618:35)
    at Object.getRefactorActionsToConvertToOptionalChain [as getAvailableActions] (c:\Users\chhav\AppData\Local\Programs\Microsoft VS Code\resources\app\extensions\node_modules\typescript\lib\tsserver.js:161572:28)
    at c:\Users\chhav\AppData\Local\Programs\Microsoft VS Code\resources\app\extensions\node_modules\typescript\lib\tsserver.js:152050:30
    at getIterator (c:\Users\chhav\AppData\Local\Programs\Microsoft VS Code\resources\app\extensions\node_modules\typescript\lib\tsserver.js:579:23)
    at Object.next (c:\Users\chhav\AppData\Local\Programs\Microsoft VS Code\resources\app\extensions\node_modules\typescript\lib\tsserver.js:574:35)
    at Object.arrayFrom (c:\Users\chhav\AppData\Local\Programs\Microsoft VS Code\resources\app\extensions\node_modules\typescript\lib\tsserver.js:1326:88)
    at Object.getApplicableRefactors (c:\Users\chhav\AppData\Local\Programs\Microsoft VS Code\resources\app\extensions\node_modules\typescript\lib\tsserver.js:152046:23)
    at Object.getApplicableRefactors (c:\Users\chhav\AppData\Local\Programs\Microsoft VS Code\resources\app\extensions\node_modules\typescript\lib\tsserver.js:168092:32)
    at Session.getApplicableRefactors (c:\Users\chhav\AppData\Local\Programs\Microsoft VS Code\resources\app\extensions\node_modules\typescript\lib\tsserver.js:179786:53)
    at Session.handlers.ts.Map.ts.getEntries._a.<computed> (c:\Users\chhav\AppData\Local\Programs\Microsoft VS Code\resources\app\extensions\node_modules\typescript\lib\tsserver.js:178259:61)
    at c:\Users\chhav\AppData\Local\Programs\Microsoft VS Code\resources\app\extensions\node_modules\typescript\lib\tsserver.js:180174:96
    at Session.executeWithRequestId (c:\Users\chhav\AppData\Local\Programs\Microsoft VS Code\resources\app\extensions\node_modules\typescript\lib\tsserver.js:180165:28)
    at Session.executeCommand (c:\Users\chhav\AppData\Local\Programs\Microsoft VS Code\resources\app\extensions\node_modules\typescript\lib\tsserver.js:180174:41)
    at Session.onMessage (c:\Users\chhav\AppData\Local\Programs\Microsoft VS Code\resources\app\extensions\node_modules\typescript\lib\tsserver.js:180202:35)
    at process.<anonymous> (c:\Users\chhav\AppData\Local\Programs\Microsoft VS Code\resources\app\extensions\node_modules\typescript\lib\tsserver.js:184368:31)
    at process.emit (node:events:526:28)
    at emit (node:internal/child_process:938:14)
    at process.processTicksAndRejections (node:internal/process/task_queues:84:21)
	at r.create (c:\Users\chhav\AppData\Local\Programs\Microsoft VS Code\resources\app\extensions\typescript-language-features\dist\extension.js:1:562108)
	at d.dispatchResponse (c:\Users\chhav\AppData\Local\Programs\Microsoft VS Code\resources\app\extensions\typescript-language-features\dist\extension.js:1:556161)
	at d.dispatchMessage (c:\Users\chhav\AppData\Local\Programs\Microsoft VS Code\resources\app\extensions\typescript-language-features\dist\extension.js:1:555029)
	at ChildProcess.<anonymous> (c:\Users\chhav\AppData\Local\Programs\Microsoft VS Code\resources\app\extensions\typescript-language-features\dist\extension.js:1:554514)
	at ChildProcess.emit (node:events:526:28)
	at emit (node:internal/child_process:938:14)
	at process.processTicksAndRejections (node:internal/process/task_queues:84:21)
[2022-11-10 16:08:55.066] [exthost] [warning] [Decorations] CAPPING events from decorations provider vscode.git 307
[2022-11-10 16:09:00.287] [exthost] [warning] [Decorations] CAPPING events from decorations provider vscode.git 307
[2022-11-10 16:09:53.287] [exthost] [warning] [Decorations] CAPPING events from decorations provider vscode.git 307
[2022-11-10 16:10:38.663] [exthost] [warning] [Decorations] CAPPING events from decorations provider vscode.git 308
[2022-11-10 16:10:43.877] [exthost] [warning] [Decorations] CAPPING events from decorations provider vscode.git 308
[2022-11-10 16:10:49.081] [exthost] [warning] [Decorations] CAPPING events from decorations provider vscode.git 308
[2022-11-10 16:10:54.279] [exthost] [warning] [Decorations] CAPPING events from decorations provider vscode.git 308
[2022-11-10 16:10:59.485] [exthost] [warning] [Decorations] CAPPING events from decorations provider vscode.git 308
[2022-11-10 16:11:04.689] [exthost] [warning] [Decorations] CAPPING events from decorations provider vscode.git 308
[2022-11-10 16:11:25.520] [exthost] [warning] [Decorations] CAPPING events from decorations provider vscode.git 308
[2022-11-10 16:11:40.328] [exthost] [warning] [Decorations] CAPPING events from decorations provider vscode.git 309
[2022-11-10 16:11:45.537] [exthost] [warning] [Decorations] CAPPING events from decorations provider vscode.git 309
[2022-11-10 16:11:50.741] [exthost] [warning] [Decorations] CAPPING events from decorations provider vscode.git 309
[2022-11-10 16:11:55.962] [exthost] [warning] [Decorations] CAPPING events from decorations provider vscode.git 309
[2022-11-10 16:12:11.544] [exthost] [warning] [Decorations] CAPPING events from decorations provider vscode.git 310
[2022-11-10 16:12:16.749] [exthost] [warning] [Decorations] CAPPING events from decorations provider vscode.git 310
[2022-11-10 16:12:21.958] [exthost] [warning] [Decorations] CAPPING events from decorations provider vscode.git 310
[2022-11-10 16:12:38.400] [exthost] [warning] [Decorations] CAPPING events from decorations provider vscode.git 310
[2022-11-10 16:13:11.731] [exthost] [warning] [Decorations] CAPPING events from decorations provider vscode.git 310
[2022-11-10 16:13:22.529] [exthost] [warning] [Decorations] CAPPING events from decorations provider vscode.git 311
[2022-11-10 16:13:49.083] [exthost] [warning] [Decorations] CAPPING events from decorations provider vscode.git 311
[2022-11-10 16:13:54.294] [exthost] [warning] [Decorations] CAPPING events from decorations provider vscode.git 311
[2022-11-10 16:13:59.556] [exthost] [warning] [Decorations] CAPPING events from decorations provider vscode.git 312
[2022-11-10 16:14:46.161] [exthost] [warning] [Decorations] CAPPING events from decorations provider vscode.git 312
[2022-11-10 16:14:52.752] [exthost] [warning] [Decorations] CAPPING events from decorations provider vscode.git 312
[2022-11-10 16:18:54.423] [exthost] [warning] [Decorations] CAPPING events from decorations provider vscode.git 312
[2022-11-10 16:19:06.886] [exthost] [warning] [Decorations] CAPPING events from decorations provider vscode.git 313
[2022-11-10 16:19:44.372] [exthost] [warning] [Decorations] CAPPING events from decorations provider vscode.git 313
[2022-11-10 16:19:55.442] [exthost] [warning] [Decorations] CAPPING events from decorations provider vscode.git 313
[2022-11-10 16:20:26.213] [exthost] [warning] [Decorations] CAPPING events from decorations provider vscode.git 314
[2022-11-10 16:22:48.225] [exthost] [warning] [Decorations] CAPPING events from decorations provider vscode.git 315
[2022-11-10 16:22:56.611] [exthost] [warning] [Decorations] CAPPING events from decorations provider vscode.git 315
[2022-11-10 16:25:14.976] [exthost] [warning] [Decorations] CAPPING events from decorations provider vscode.git 315
[2022-11-10 16:25:20.187] [exthost] [warning] [Decorations] CAPPING events from decorations provider vscode.git 315
[2022-11-10 16:25:25.413] [exthost] [warning] [Decorations] CAPPING events from decorations provider vscode.git 316
[2022-11-10 16:25:30.624] [exthost] [warning] [Decorations] CAPPING events from decorations provider vscode.git 316
[2022-11-10 16:25:35.839] [exthost] [warning] [Decorations] CAPPING events from decorations provider vscode.git 316
[2022-11-10 16:26:11.426] [exthost] [warning] [Decorations] CAPPING events from decorations provider vscode.git 316
[2022-11-10 16:26:16.960] [exthost] [warning] [Decorations] CAPPING events from decorations provider vscode.git 317
[2022-11-10 16:26:22.827] [exthost] [warning] [Decorations] CAPPING events from decorations provider vscode.git 317
[2022-11-10 16:26:31.657] [exthost] [warning] [Decorations] CAPPING events from decorations provider vscode.git 317
[2022-11-10 16:26:41.335] [exthost] [warning] [Decorations] CAPPING events from decorations provider vscode.git 318
[2022-11-10 16:27:17.704] [exthost] [warning] [Decorations] CAPPING events from decorations provider vscode.git 318
[2022-11-10 16:27:27.904] [exthost] [warning] [Decorations] CAPPING events from decorations provider vscode.git 319
[2022-11-10 16:27:33.125] [exthost] [warning] [Decorations] CAPPING events from decorations provider vscode.git 319
[2022-11-10 16:27:40.583] [exthost] [warning] [Decorations] CAPPING events from decorations provider vscode.git 319
[2022-11-10 16:27:45.802] [exthost] [warning] [Decorations] CAPPING events from decorations provider vscode.git 319
[2022-11-10 16:27:51.011] [exthost] [warning] [Decorations] CAPPING events from decorations provider vscode.git 320
[2022-11-10 16:27:56.226] [exthost] [warning] [Decorations] CAPPING events from decorations provider vscode.git 320
[2022-11-10 16:28:09.891] [exthost] [warning] [Decorations] CAPPING events from decorations provider vscode.git 321
[2022-11-10 16:28:15.092] [exthost] [warning] [Decorations] CAPPING events from decorations provider vscode.git 321
[2022-11-10 16:28:20.291] [exthost] [warning] [Decorations] CAPPING events from decorations provider vscode.git 321
[2022-11-10 16:28:25.508] [exthost] [warning] [Decorations] CAPPING events from decorations provider vscode.git 321
[2022-11-10 16:28:31.696] [exthost] [warning] [Decorations] CAPPING events from decorations provider vscode.git 321
[2022-11-10 16:32:20.137] [exthost] [warning] [Decorations] CAPPING events from decorations provider vscode.git 321
[2022-11-10 16:32:23.354] [exthost] [info] Extension host terminating: received terminate message from renderer
[2022-11-10 16:32:23.538] [exthost] [info] Extension host with pid 19312 exiting with code 0
