2023-01-27 18:55:09.727 [info] Log level: Info
2023-01-27 18:55:09.727 [info] Validating found git in: "C:\Program Files\Git\cmd\git.exe"
2023-01-27 18:55:10.503 [info] Using git "2.35.1.windows.2" from "C:\Program Files\Git\cmd\git.exe"
2023-01-27 18:55:11.308 [info] > git rev-parse --show-toplevel [794ms]
2023-01-27 18:55:11.575 [info] > git rev-parse --git-dir --git-common-dir [250ms]
2023-01-27 18:55:11.580 [info] Open repository: d:\examples\coursera_test\react_examples
2023-01-27 18:55:11.812 [info] > git config --get commit.template [170ms]
2023-01-27 18:55:11.817 [info] > git rev-parse --show-toplevel [217ms]
2023-01-27 18:55:11.899 [info] > git rev-parse --show-toplevel [73ms]
2023-01-27 18:55:12.146 [info] > git for-each-ref --format=%(refname)%00%(upstream:short)%00%(objectname)%00%(upstream:track)%00%(upstream:remotename)%00%(upstream:remoteref) refs/heads/main refs/remotes/main [484ms]
2023-01-27 18:55:12.211 [info] > git rev-parse --show-toplevel [100ms]
2023-01-27 18:55:12.277 [info] > git for-each-ref --sort -committerdate --format %(refname) %(objectname) %(*objectname) [107ms]
2023-01-27 18:55:12.281 [info] > git check-ignore -v -z --stdin [89ms]
2023-01-27 18:55:12.320 [info] > git rev-parse --show-toplevel [102ms]
2023-01-27 18:55:12.390 [info] > git rev-parse --show-toplevel [62ms]
2023-01-27 18:55:12.463 [info] > git rev-parse --show-toplevel [66ms]
2023-01-27 18:55:12.611 [info] > git rev-parse --show-toplevel [139ms]
2023-01-27 18:55:12.677 [info] > git rev-parse --show-toplevel [59ms]
2023-01-27 18:55:12.746 [info] > git rev-parse --show-toplevel [61ms]
2023-01-27 18:55:12.811 [info] > git rev-parse --show-toplevel [59ms]
2023-01-27 18:55:12.881 [info] > git rev-parse --show-toplevel [63ms]
2023-01-27 18:55:12.962 [info] > git rev-parse --show-toplevel [71ms]
2023-01-27 18:55:12.995 [info] > git status -z -uall [833ms]
2023-01-27 18:55:13.046 [info] > git rev-parse --show-toplevel [77ms]
2023-01-27 18:55:13.269 [info] > git config --get commit.template [235ms]
2023-01-27 18:55:13.272 [info] > git rev-parse --show-toplevel [216ms]
2023-01-27 18:55:13.282 [info] > git for-each-ref --format=%(refname)%00%(upstream:short)%00%(objectname)%00%(upstream:track)%00%(upstream:remotename)%00%(upstream:remoteref) refs/heads/main refs/remotes/main [237ms]
2023-01-27 18:55:13.367 [info] > git rev-parse --show-toplevel [86ms]
2023-01-27 18:55:13.378 [info] > git for-each-ref --sort -committerdate --format %(refname) %(objectname) %(*objectname) [73ms]
2023-01-27 18:55:13.415 [info] > git status -z -uall [122ms]
2023-01-27 18:55:13.455 [info] > git rev-parse --show-toplevel [80ms]
2023-01-27 18:55:13.739 [info] > git rev-parse --show-toplevel [276ms]
2023-01-27 18:55:13.823 [info] > git rev-parse --show-toplevel [78ms]
2023-01-27 18:55:13.898 [info] > git rev-parse --show-toplevel [69ms]
2023-01-27 18:55:13.971 [info] > git rev-parse --show-toplevel [66ms]
2023-01-27 18:55:14.050 [info] > git rev-parse --show-toplevel [72ms]
2023-01-27 18:55:14.140 [info] > git show --textconv :ecommerce/src/Components/Routes/UserLogin.js [81ms]
2023-01-27 18:55:14.146 [info] > git ls-files --stage -- D:\examples\coursera_test\react_examples\ecommerce\src\Components\Routes\UserLogin.js [79ms]
2023-01-27 19:00:20.129 [info] > git ls-files --stage -- D:\examples\coursera_test\react_examples\ecommerce\src\Components\Routes\UserLogin.js [129ms]
2023-01-27 19:00:20.134 [info] > git config --get commit.template [187ms]
2023-01-27 19:00:20.155 [info] > git for-each-ref --format=%(refname)%00%(upstream:short)%00%(objectname)%00%(upstream:track)%00%(upstream:remotename)%00%(upstream:remoteref) refs/heads/main refs/remotes/main [195ms]
2023-01-27 19:00:20.205 [info] > git show --textconv :ecommerce/src/Components/Routes/UserLogin.js [56ms]
2023-01-27 19:00:20.215 [info] > git for-each-ref --sort -committerdate --format %(refname) %(objectname) %(*objectname) [40ms]
2023-01-27 19:00:20.509 [info] > git status -z -uall [342ms]
2023-01-27 19:01:33.532 [info] > git config --get commit.template [78ms]
2023-01-27 19:01:33.544 [info] > git for-each-ref --format=%(refname)%00%(upstream:short)%00%(objectname)%00%(upstream:track)%00%(upstream:remotename)%00%(upstream:remoteref) refs/heads/main refs/remotes/main [81ms]
2023-01-27 19:01:33.612 [info] > git for-each-ref --sort -committerdate --format %(refname) %(objectname) %(*objectname) [49ms]
2023-01-27 19:01:33.986 [info] > git status -z -uall [435ms]
2023-01-27 19:01:48.304 [info] > git config --get commit.template [123ms]
2023-01-27 19:01:48.308 [info] > git for-each-ref --format=%(refname)%00%(upstream:short)%00%(objectname)%00%(upstream:track)%00%(upstream:remotename)%00%(upstream:remoteref) refs/heads/main refs/remotes/main [117ms]
2023-01-27 19:01:48.373 [info] > git for-each-ref --sort -committerdate --format %(refname) %(objectname) %(*objectname) [42ms]
2023-01-27 19:01:48.384 [info] > git status -z -uall [63ms]
2023-01-27 19:01:52.404 [info] > git ls-files --stage -- D:\examples\coursera_test\react_examples\ecommerce\src\Components\HomePage\MainMenu.js [45ms]
2023-01-27 19:01:52.425 [info] > git show --textconv :ecommerce/src/Components/HomePage/MainMenu.js [76ms]
2023-01-27 19:01:52.462 [info] > git cat-file -s 15d2b4bf154c32e3ccc1caf6d557517247b8e4e2 [45ms]
2023-01-27 19:05:58.344 [info] > git config --get commit.template [61ms]
2023-01-27 19:05:58.349 [info] > git for-each-ref --format=%(refname)%00%(upstream:short)%00%(objectname)%00%(upstream:track)%00%(upstream:remotename)%00%(upstream:remoteref) refs/heads/main refs/remotes/main [53ms]
2023-01-27 19:05:58.419 [info] > git for-each-ref --sort -committerdate --format %(refname) %(objectname) %(*objectname) [45ms]
2023-01-27 19:05:58.427 [info] > git status -z -uall [66ms]
2023-01-27 19:06:03.523 [info] > git config --get commit.template [46ms]
2023-01-27 19:06:03.531 [info] > git for-each-ref --format=%(refname)%00%(upstream:short)%00%(objectname)%00%(upstream:track)%00%(upstream:remotename)%00%(upstream:remoteref) refs/heads/main refs/remotes/main [47ms]
2023-01-27 19:06:03.587 [info] > git for-each-ref --sort -committerdate --format %(refname) %(objectname) %(*objectname) [44ms]
2023-01-27 19:06:03.606 [info] > git status -z -uall [69ms]
2023-01-27 19:08:00.425 [info] > git for-each-ref --format=%(refname)%00%(upstream:short)%00%(objectname)%00%(upstream:track)%00%(upstream:remotename)%00%(upstream:remoteref) refs/heads/main refs/remotes/main [99ms]
2023-01-27 19:08:00.426 [info] > git config --get commit.template [90ms]
2023-01-27 19:08:00.517 [info] > git for-each-ref --sort -committerdate --format %(refname) %(objectname) %(*objectname) [68ms]
2023-01-27 19:08:00.538 [info] > git status -z -uall [101ms]
2023-01-27 19:09:18.635 [info] > git config --get commit.template [65ms]
2023-01-27 19:09:18.639 [info] > git for-each-ref --format=%(refname)%00%(upstream:short)%00%(objectname)%00%(upstream:track)%00%(upstream:remotename)%00%(upstream:remoteref) refs/heads/main refs/remotes/main [60ms]
2023-01-27 19:09:18.705 [info] > git for-each-ref --sort -committerdate --format %(refname) %(objectname) %(*objectname) [46ms]
2023-01-27 19:09:18.987 [info] > git status -z -uall [340ms]
2023-01-27 19:09:24.777 [info] > git config --get commit.template [57ms]
2023-01-27 19:09:24.789 [info] > git for-each-ref --format=%(refname)%00%(upstream:short)%00%(objectname)%00%(upstream:track)%00%(upstream:remotename)%00%(upstream:remoteref) refs/heads/main refs/remotes/main [63ms]
2023-01-27 19:09:24.856 [info] > git for-each-ref --sort -committerdate --format %(refname) %(objectname) %(*objectname) [52ms]
2023-01-27 19:09:24.873 [info] > git status -z -uall [78ms]
2023-01-27 19:09:29.960 [info] > git config --get commit.template [57ms]
2023-01-27 19:09:29.972 [info] > git for-each-ref --format=%(refname)%00%(upstream:short)%00%(objectname)%00%(upstream:track)%00%(upstream:remotename)%00%(upstream:remoteref) refs/heads/main refs/remotes/main [60ms]
2023-01-27 19:09:30.043 [info] > git for-each-ref --sort -committerdate --format %(refname) %(objectname) %(*objectname) [56ms]
2023-01-27 19:09:30.055 [info] > git status -z -uall [76ms]
2023-01-27 19:10:27.491 [info] > git config --get commit.template [53ms]
2023-01-27 19:10:27.495 [info] > git for-each-ref --format=%(refname)%00%(upstream:short)%00%(objectname)%00%(upstream:track)%00%(upstream:remotename)%00%(upstream:remoteref) refs/heads/main refs/remotes/main [48ms]
2023-01-27 19:10:27.565 [info] > git for-each-ref --sort -committerdate --format %(refname) %(objectname) %(*objectname) [45ms]
2023-01-27 19:10:27.573 [info] > git status -z -uall [65ms]
2023-01-27 19:10:42.521 [info] > git config --get commit.template [45ms]
2023-01-27 19:10:42.529 [info] > git for-each-ref --format=%(refname)%00%(upstream:short)%00%(objectname)%00%(upstream:track)%00%(upstream:remotename)%00%(upstream:remoteref) refs/heads/main refs/remotes/main [45ms]
2023-01-27 19:10:42.577 [info] > git for-each-ref --sort -committerdate --format %(refname) %(objectname) %(*objectname) [39ms]
2023-01-27 19:10:42.592 [info] > git status -z -uall [59ms]
2023-01-27 19:10:47.679 [info] > git config --get commit.template [55ms]
2023-01-27 19:10:47.689 [info] > git for-each-ref --format=%(refname)%00%(upstream:short)%00%(objectname)%00%(upstream:track)%00%(upstream:remotename)%00%(upstream:remoteref) refs/heads/main refs/remotes/main [54ms]
2023-01-27 19:10:47.762 [info] > git for-each-ref --sort -committerdate --format %(refname) %(objectname) %(*objectname) [56ms]
2023-01-27 19:10:47.787 [info] > git status -z -uall [87ms]
2023-01-27 19:11:49.845 [info] > git for-each-ref --format=%(refname)%00%(upstream:short)%00%(objectname)%00%(upstream:track)%00%(upstream:remotename)%00%(upstream:remoteref) refs/heads/main refs/remotes/main [160ms]
2023-01-27 19:11:49.861 [info] > git config --get commit.template [187ms]
2023-01-27 19:11:49.966 [info] > git for-each-ref --sort -committerdate --format %(refname) %(objectname) %(*objectname) [83ms]
2023-01-27 19:11:49.995 [info] > git status -z -uall [125ms]
2023-01-27 19:13:02.617 [info] > git config --get commit.template [52ms]
2023-01-27 19:13:02.630 [info] > git for-each-ref --format=%(refname)%00%(upstream:short)%00%(objectname)%00%(upstream:track)%00%(upstream:remotename)%00%(upstream:remoteref) refs/heads/main refs/remotes/main [54ms]
2023-01-27 19:13:02.699 [info] > git for-each-ref --sort -committerdate --format %(refname) %(objectname) %(*objectname) [47ms]
2023-01-27 19:13:02.707 [info] > git status -z -uall [64ms]
2023-01-27 19:13:07.622 [info] > git ls-files --stage -- D:\examples\coursera_test\react_examples\ecommerce\src\Components\Navigation.js [46ms]
2023-01-27 19:13:07.673 [info] > git cat-file -s 60155c7fd01b9644e27c63f5589d3184e553e57e [45ms]
2023-01-27 19:13:07.675 [info] > git show --textconv :ecommerce/src/Components/Navigation.js [108ms]
2023-01-27 19:13:53.961 [info] > git config --get commit.template [48ms]
2023-01-27 19:13:53.971 [info] > git for-each-ref --format=%(refname)%00%(upstream:short)%00%(objectname)%00%(upstream:track)%00%(upstream:remotename)%00%(upstream:remoteref) refs/heads/main refs/remotes/main [46ms]
2023-01-27 19:13:54.044 [info] > git for-each-ref --sort -committerdate --format %(refname) %(objectname) %(*objectname) [52ms]
2023-01-27 19:13:54.061 [info] > git status -z -uall [80ms]
2023-01-27 19:14:23.252 [info] > git ls-files --stage -- D:\examples\coursera_test\react_examples\ecommerce\src\Components\Routes\Cart.js [73ms]
2023-01-27 19:14:23.606 [info] > git cat-file -s 37839e2c4a0b38832c57edbab29c900c5cb63095 [347ms]
2023-01-27 19:14:23.610 [info] > git show --textconv :ecommerce/src/Components/Routes/Cart.js [441ms]
2023-01-27 19:15:32.998 [info] > git config --get commit.template [58ms]
2023-01-27 19:15:33.008 [info] > git for-each-ref --format=%(refname)%00%(upstream:short)%00%(objectname)%00%(upstream:track)%00%(upstream:remotename)%00%(upstream:remoteref) refs/heads/main refs/remotes/main [59ms]
2023-01-27 19:15:33.084 [info] > git for-each-ref --sort -committerdate --format %(refname) %(objectname) %(*objectname) [55ms]
2023-01-27 19:15:33.097 [info] > git status -z -uall [79ms]
2023-01-27 19:15:42.099 [info] > git config --get commit.template [84ms]
2023-01-27 19:15:42.100 [info] > git for-each-ref --format=%(refname)%00%(upstream:short)%00%(objectname)%00%(upstream:track)%00%(upstream:remotename)%00%(upstream:remoteref) refs/heads/main refs/remotes/main [72ms]
2023-01-27 19:15:42.176 [info] > git for-each-ref --sort -committerdate --format %(refname) %(objectname) %(*objectname) [61ms]
2023-01-27 19:15:42.196 [info] > git status -z -uall [88ms]
2023-01-27 19:16:04.115 [info] > git config --get commit.template [54ms]
2023-01-27 19:16:04.128 [info] > git for-each-ref --format=%(refname)%00%(upstream:short)%00%(objectname)%00%(upstream:track)%00%(upstream:remotename)%00%(upstream:remoteref) refs/heads/main refs/remotes/main [58ms]
2023-01-27 19:16:04.190 [info] > git for-each-ref --sort -committerdate --format %(refname) %(objectname) %(*objectname) [50ms]
2023-01-27 19:16:04.208 [info] > git status -z -uall [73ms]
2023-01-27 19:16:09.293 [info] > git config --get commit.template [57ms]
2023-01-27 19:16:09.299 [info] > git for-each-ref --format=%(refname)%00%(upstream:short)%00%(objectname)%00%(upstream:track)%00%(upstream:remotename)%00%(upstream:remoteref) refs/heads/main refs/remotes/main [56ms]
2023-01-27 19:16:09.368 [info] > git for-each-ref --sort -committerdate --format %(refname) %(objectname) %(*objectname) [56ms]
2023-01-27 19:16:09.494 [info] > git status -z -uall [189ms]
2023-01-27 19:16:14.591 [info] > git config --get commit.template [64ms]
2023-01-27 19:16:14.592 [info] > git for-each-ref --format=%(refname)%00%(upstream:short)%00%(objectname)%00%(upstream:track)%00%(upstream:remotename)%00%(upstream:remoteref) refs/heads/main refs/remotes/main [58ms]
2023-01-27 19:16:14.653 [info] > git for-each-ref --sort -committerdate --format %(refname) %(objectname) %(*objectname) [50ms]
2023-01-27 19:16:14.668 [info] > git status -z -uall [69ms]
2023-01-27 19:16:19.754 [info] > git config --get commit.template [57ms]
2023-01-27 19:16:19.760 [info] > git for-each-ref --format=%(refname)%00%(upstream:short)%00%(objectname)%00%(upstream:track)%00%(upstream:remotename)%00%(upstream:remoteref) refs/heads/main refs/remotes/main [55ms]
2023-01-27 19:16:19.840 [info] > git for-each-ref --sort -committerdate --format %(refname) %(objectname) %(*objectname) [66ms]
2023-01-27 19:16:19.856 [info] > git status -z -uall [88ms]
2023-01-27 19:16:24.945 [info] > git config --get commit.template [55ms]
2023-01-27 19:16:24.958 [info] > git for-each-ref --format=%(refname)%00%(upstream:short)%00%(objectname)%00%(upstream:track)%00%(upstream:remotename)%00%(upstream:remoteref) refs/heads/main refs/remotes/main [58ms]
2023-01-27 19:16:25.019 [info] > git for-each-ref --sort -committerdate --format %(refname) %(objectname) %(*objectname) [47ms]
2023-01-27 19:16:25.035 [info] > git status -z -uall [70ms]
2023-01-27 19:16:30.120 [info] > git config --get commit.template [55ms]
2023-01-27 19:16:30.124 [info] > git for-each-ref --format=%(refname)%00%(upstream:short)%00%(objectname)%00%(upstream:track)%00%(upstream:remotename)%00%(upstream:remoteref) refs/heads/main refs/remotes/main [51ms]
2023-01-27 19:16:30.189 [info] > git for-each-ref --sort -committerdate --format %(refname) %(objectname) %(*objectname) [52ms]
2023-01-27 19:16:30.206 [info] > git status -z -uall [75ms]
2023-01-27 19:16:35.274 [info] > git config --get commit.template [50ms]
2023-01-27 19:16:35.286 [info] > git for-each-ref --format=%(refname)%00%(upstream:short)%00%(objectname)%00%(upstream:track)%00%(upstream:remotename)%00%(upstream:remoteref) refs/heads/main refs/remotes/main [55ms]
2023-01-27 19:16:35.352 [info] > git for-each-ref --sort -committerdate --format %(refname) %(objectname) %(*objectname) [52ms]
2023-01-27 19:16:35.366 [info] > git status -z -uall [73ms]
2023-01-27 19:16:40.441 [info] > git config --get commit.template [55ms]
2023-01-27 19:16:40.453 [info] > git for-each-ref --format=%(refname)%00%(upstream:short)%00%(objectname)%00%(upstream:track)%00%(upstream:remotename)%00%(upstream:remoteref) refs/heads/main refs/remotes/main [57ms]
2023-01-27 19:16:40.514 [info] > git for-each-ref --sort -committerdate --format %(refname) %(objectname) %(*objectname) [47ms]
2023-01-27 19:16:40.529 [info] > git status -z -uall [69ms]
2023-01-27 19:16:45.617 [info] > git config --get commit.template [66ms]
2023-01-27 19:16:45.621 [info] > git for-each-ref --format=%(refname)%00%(upstream:short)%00%(objectname)%00%(upstream:track)%00%(upstream:remotename)%00%(upstream:remoteref) refs/heads/main refs/remotes/main [56ms]
2023-01-27 19:16:45.680 [info] > git for-each-ref --sort -committerdate --format %(refname) %(objectname) %(*objectname) [47ms]
2023-01-27 19:16:45.696 [info] > git status -z -uall [68ms]
2023-01-27 19:16:52.917 [info] > git config --get commit.template [75ms]
2023-01-27 19:16:52.929 [info] > git for-each-ref --format=%(refname)%00%(upstream:short)%00%(objectname)%00%(upstream:track)%00%(upstream:remotename)%00%(upstream:remoteref) refs/heads/main refs/remotes/main [76ms]
2023-01-27 19:16:53.005 [info] > git for-each-ref --sort -committerdate --format %(refname) %(objectname) %(*objectname) [62ms]
2023-01-27 19:16:53.029 [info] > git status -z -uall [93ms]
2023-01-27 19:17:00.785 [info] > git config --get commit.template [58ms]
2023-01-27 19:17:00.796 [info] > git for-each-ref --format=%(refname)%00%(upstream:short)%00%(objectname)%00%(upstream:track)%00%(upstream:remotename)%00%(upstream:remoteref) refs/heads/main refs/remotes/main [60ms]
2023-01-27 19:17:00.860 [info] > git for-each-ref --sort -committerdate --format %(refname) %(objectname) %(*objectname) [51ms]
2023-01-27 19:17:00.878 [info] > git status -z -uall [75ms]
2023-01-27 19:17:05.954 [info] > git config --get commit.template [51ms]
2023-01-27 19:17:05.967 [info] > git for-each-ref --format=%(refname)%00%(upstream:short)%00%(objectname)%00%(upstream:track)%00%(upstream:remotename)%00%(upstream:remoteref) refs/heads/main refs/remotes/main [55ms]
2023-01-27 19:17:06.027 [info] > git for-each-ref --sort -committerdate --format %(refname) %(objectname) %(*objectname) [48ms]
2023-01-27 19:17:06.039 [info] > git status -z -uall [67ms]
2023-01-27 19:17:11.122 [info] > git config --get commit.template [53ms]
2023-01-27 19:17:11.129 [info] > git for-each-ref --format=%(refname)%00%(upstream:short)%00%(objectname)%00%(upstream:track)%00%(upstream:remotename)%00%(upstream:remoteref) refs/heads/main refs/remotes/main [52ms]
2023-01-27 19:17:11.188 [info] > git for-each-ref --sort -committerdate --format %(refname) %(objectname) %(*objectname) [47ms]
2023-01-27 19:17:11.205 [info] > git status -z -uall [71ms]
2023-01-27 19:17:49.013 [info] > git config --get commit.template [68ms]
2023-01-27 19:17:49.019 [info] > git for-each-ref --format=%(refname)%00%(upstream:short)%00%(objectname)%00%(upstream:track)%00%(upstream:remotename)%00%(upstream:remoteref) refs/heads/main refs/remotes/main [64ms]
2023-01-27 19:17:49.106 [info] > git for-each-ref --sort -committerdate --format %(refname) %(objectname) %(*objectname) [66ms]
2023-01-27 19:17:49.132 [info] > git status -z -uall [102ms]
2023-01-27 19:18:00.681 [info] > git for-each-ref --format=%(refname)%00%(upstream:short)%00%(objectname)%00%(upstream:track)%00%(upstream:remotename)%00%(upstream:remoteref) refs/heads/main refs/remotes/main [52ms]
2023-01-27 19:18:00.683 [info] > git config --get commit.template [48ms]
2023-01-27 19:18:00.744 [info] > git for-each-ref --sort -committerdate --format %(refname) %(objectname) %(*objectname) [48ms]
2023-01-27 19:18:00.759 [info] > git status -z -uall [71ms]
2023-01-27 19:18:57.871 [info] > git config --get commit.template [49ms]
2023-01-27 19:18:57.884 [info] > git for-each-ref --format=%(refname)%00%(upstream:short)%00%(objectname)%00%(upstream:track)%00%(upstream:remotename)%00%(upstream:remoteref) refs/heads/main refs/remotes/main [49ms]
2023-01-27 19:18:57.955 [info] > git for-each-ref --sort -committerdate --format %(refname) %(objectname) %(*objectname) [50ms]
2023-01-27 19:18:57.962 [info] > git status -z -uall [67ms]
2023-01-27 19:19:04.246 [info] > git config --get commit.template [50ms]
2023-01-27 19:19:04.256 [info] > git for-each-ref --format=%(refname)%00%(upstream:short)%00%(objectname)%00%(upstream:track)%00%(upstream:remotename)%00%(upstream:remoteref) refs/heads/main refs/remotes/main [50ms]
2023-01-27 19:19:04.317 [info] > git for-each-ref --sort -committerdate --format %(refname) %(objectname) %(*objectname) [49ms]
2023-01-27 19:19:04.330 [info] > git status -z -uall [69ms]
2023-01-27 19:19:37.819 [info] > git config --get commit.template [92ms]
2023-01-27 19:19:37.823 [info] > git for-each-ref --format=%(refname)%00%(upstream:short)%00%(objectname)%00%(upstream:track)%00%(upstream:remotename)%00%(upstream:remoteref) refs/heads/main refs/remotes/main [85ms]
2023-01-27 19:19:37.891 [info] > git for-each-ref --sort -committerdate --format %(refname) %(objectname) %(*objectname) [54ms]
2023-01-27 19:19:37.920 [info] > git status -z -uall [90ms]
2023-01-27 19:19:43.002 [info] > git config --get commit.template [46ms]
2023-01-27 19:19:43.013 [info] > git for-each-ref --format=%(refname)%00%(upstream:short)%00%(objectname)%00%(upstream:track)%00%(upstream:remotename)%00%(upstream:remoteref) refs/heads/main refs/remotes/main [51ms]
2023-01-27 19:19:43.079 [info] > git for-each-ref --sort -committerdate --format %(refname) %(objectname) %(*objectname) [53ms]
2023-01-27 19:19:43.094 [info] > git status -z -uall [73ms]
2023-01-27 19:19:48.173 [info] > git config --get commit.template [54ms]
2023-01-27 19:19:48.180 [info] > git for-each-ref --format=%(refname)%00%(upstream:short)%00%(objectname)%00%(upstream:track)%00%(upstream:remotename)%00%(upstream:remoteref) refs/heads/main refs/remotes/main [51ms]
2023-01-27 19:19:48.240 [info] > git for-each-ref --sort -committerdate --format %(refname) %(objectname) %(*objectname) [49ms]
2023-01-27 19:19:48.254 [info] > git status -z -uall [69ms]
2023-01-27 19:20:04.305 [info] > git config --get commit.template [49ms]
2023-01-27 19:20:04.310 [info] > git for-each-ref --format=%(refname)%00%(upstream:short)%00%(objectname)%00%(upstream:track)%00%(upstream:remotename)%00%(upstream:remoteref) refs/heads/main refs/remotes/main [48ms]
2023-01-27 19:20:04.362 [info] > git for-each-ref --sort -committerdate --format %(refname) %(objectname) %(*objectname) [41ms]
2023-01-27 19:20:04.381 [info] > git status -z -uall [66ms]
2023-01-27 19:20:14.607 [info] > git config --get commit.template [51ms]
2023-01-27 19:20:14.621 [info] > git for-each-ref --format=%(refname)%00%(upstream:short)%00%(objectname)%00%(upstream:track)%00%(upstream:remotename)%00%(upstream:remoteref) refs/heads/main refs/remotes/main [52ms]
2023-01-27 19:20:14.683 [info] > git for-each-ref --sort -committerdate --format %(refname) %(objectname) %(*objectname) [50ms]
2023-01-27 19:20:14.697 [info] > git status -z -uall [70ms]
2023-01-27 19:20:19.768 [info] > git config --get commit.template [48ms]
2023-01-27 19:20:19.777 [info] > git for-each-ref --format=%(refname)%00%(upstream:short)%00%(objectname)%00%(upstream:track)%00%(upstream:remotename)%00%(upstream:remoteref) refs/heads/main refs/remotes/main [52ms]
2023-01-27 19:20:19.832 [info] > git for-each-ref --sort -committerdate --format %(refname) %(objectname) %(*objectname) [42ms]
2023-01-27 19:20:19.843 [info] > git status -z -uall [58ms]
2023-01-27 19:20:24.901 [info] > git config --get commit.template [46ms]
2023-01-27 19:20:24.909 [info] > git for-each-ref --format=%(refname)%00%(upstream:short)%00%(objectname)%00%(upstream:track)%00%(upstream:remotename)%00%(upstream:remoteref) refs/heads/main refs/remotes/main [47ms]
2023-01-27 19:20:24.954 [info] > git for-each-ref --sort -committerdate --format %(refname) %(objectname) %(*objectname) [35ms]
2023-01-27 19:20:24.975 [info] > git status -z -uall [61ms]
2023-01-27 19:20:30.053 [info] > git config --get commit.template [46ms]
2023-01-27 19:20:30.062 [info] > git for-each-ref --format=%(refname)%00%(upstream:short)%00%(objectname)%00%(upstream:track)%00%(upstream:remotename)%00%(upstream:remoteref) refs/heads/main refs/remotes/main [46ms]
2023-01-27 19:20:30.126 [info] > git for-each-ref --sort -committerdate --format %(refname) %(objectname) %(*objectname) [54ms]
2023-01-27 19:20:30.139 [info] > git status -z -uall [72ms]
2023-01-27 19:20:35.212 [info] > git config --get commit.template [44ms]
2023-01-27 19:20:35.219 [info] > git for-each-ref --format=%(refname)%00%(upstream:short)%00%(objectname)%00%(upstream:track)%00%(upstream:remotename)%00%(upstream:remoteref) refs/heads/main refs/remotes/main [44ms]
2023-01-27 19:20:35.279 [info] > git for-each-ref --sort -committerdate --format %(refname) %(objectname) %(*objectname) [48ms]
2023-01-27 19:20:35.289 [info] > git status -z -uall [64ms]
2023-01-27 19:20:40.360 [info] > git config --get commit.template [42ms]
2023-01-27 19:20:40.371 [info] > git for-each-ref --format=%(refname)%00%(upstream:short)%00%(objectname)%00%(upstream:track)%00%(upstream:remotename)%00%(upstream:remoteref) refs/heads/main refs/remotes/main [45ms]
2023-01-27 19:20:40.426 [info] > git for-each-ref --sort -committerdate --format %(refname) %(objectname) %(*objectname) [41ms]
2023-01-27 19:20:40.439 [info] > git status -z -uall [59ms]
2023-01-27 19:20:45.515 [info] > git config --get commit.template [56ms]
2023-01-27 19:20:45.523 [info] > git for-each-ref --format=%(refname)%00%(upstream:short)%00%(objectname)%00%(upstream:track)%00%(upstream:remotename)%00%(upstream:remoteref) refs/heads/main refs/remotes/main [56ms]
2023-01-27 19:20:45.575 [info] > git for-each-ref --sort -committerdate --format %(refname) %(objectname) %(*objectname) [41ms]
2023-01-27 19:20:45.587 [info] > git status -z -uall [59ms]
2023-01-27 19:21:04.174 [info] > git config --get commit.template [53ms]
2023-01-27 19:21:04.180 [info] > git for-each-ref --format=%(refname)%00%(upstream:short)%00%(objectname)%00%(upstream:track)%00%(upstream:remotename)%00%(upstream:remoteref) refs/heads/main refs/remotes/main [49ms]
2023-01-27 19:21:04.243 [info] > git for-each-ref --sort -committerdate --format %(refname) %(objectname) %(*objectname) [51ms]
2023-01-27 19:21:04.258 [info] > git status -z -uall [73ms]
2023-01-27 19:22:35.107 [info] > git config --get commit.template [71ms]
2023-01-27 19:22:35.110 [info] > git for-each-ref --format=%(refname)%00%(upstream:short)%00%(objectname)%00%(upstream:track)%00%(upstream:remotename)%00%(upstream:remoteref) refs/heads/main refs/remotes/main [67ms]
2023-01-27 19:22:35.172 [info] > git for-each-ref --sort -committerdate --format %(refname) %(objectname) %(*objectname) [50ms]
2023-01-27 19:22:35.409 [info] > git status -z -uall [294ms]
2023-01-27 19:22:41.078 [info] > git config --get commit.template [80ms]
2023-01-27 19:22:41.088 [info] > git for-each-ref --format=%(refname)%00%(upstream:short)%00%(objectname)%00%(upstream:track)%00%(upstream:remotename)%00%(upstream:remoteref) refs/heads/main refs/remotes/main [78ms]
2023-01-27 19:22:41.165 [info] > git for-each-ref --sort -committerdate --format %(refname) %(objectname) %(*objectname) [62ms]
2023-01-27 19:22:41.188 [info] > git status -z -uall [93ms]
2023-01-27 19:22:51.032 [info] > git config --get commit.template [56ms]
2023-01-27 19:22:51.040 [info] > git for-each-ref --format=%(refname)%00%(upstream:short)%00%(objectname)%00%(upstream:track)%00%(upstream:remotename)%00%(upstream:remoteref) refs/heads/main refs/remotes/main [54ms]
2023-01-27 19:22:51.112 [info] > git for-each-ref --sort -committerdate --format %(refname) %(objectname) %(*objectname) [59ms]
2023-01-27 19:22:51.127 [info] > git status -z -uall [80ms]
2023-01-27 19:22:56.218 [info] > git config --get commit.template [68ms]
2023-01-27 19:22:56.229 [info] > git for-each-ref --format=%(refname)%00%(upstream:short)%00%(objectname)%00%(upstream:track)%00%(upstream:remotename)%00%(upstream:remoteref) refs/heads/main refs/remotes/main [74ms]
2023-01-27 19:22:56.295 [info] > git for-each-ref --sort -committerdate --format %(refname) %(objectname) %(*objectname) [53ms]
2023-01-27 19:22:56.312 [info] > git status -z -uall [75ms]
2023-01-27 19:23:01.376 [info] > git config --get commit.template [47ms]
2023-01-27 19:23:01.384 [info] > git for-each-ref --format=%(refname)%00%(upstream:short)%00%(objectname)%00%(upstream:track)%00%(upstream:remotename)%00%(upstream:remoteref) refs/heads/main refs/remotes/main [47ms]
2023-01-27 19:23:01.441 [info] > git for-each-ref --sort -committerdate --format %(refname) %(objectname) %(*objectname) [44ms]
2023-01-27 19:23:01.453 [info] > git status -z -uall [61ms]
2023-01-27 19:24:18.447 [info] > git config --get commit.template [50ms]
2023-01-27 19:24:18.451 [info] > git for-each-ref --format=%(refname)%00%(upstream:short)%00%(objectname)%00%(upstream:track)%00%(upstream:remotename)%00%(upstream:remoteref) refs/heads/main refs/remotes/main [47ms]
2023-01-27 19:24:18.512 [info] > git for-each-ref --sort -committerdate --format %(refname) %(objectname) %(*objectname) [42ms]
2023-01-27 19:24:18.525 [info] > git status -z -uall [63ms]
2023-01-27 19:24:23.621 [info] > git config --get commit.template [53ms]
2023-01-27 19:24:23.637 [info] > git for-each-ref --format=%(refname)%00%(upstream:short)%00%(objectname)%00%(upstream:track)%00%(upstream:remotename)%00%(upstream:remoteref) refs/heads/main refs/remotes/main [61ms]
2023-01-27 19:24:23.727 [info] > git for-each-ref --sort -committerdate --format %(refname) %(objectname) %(*objectname) [73ms]
2023-01-27 19:24:23.754 [info] > git status -z -uall [108ms]
2023-01-27 19:24:31.349 [info] > git config --get commit.template [60ms]
2023-01-27 19:24:31.360 [info] > git for-each-ref --format=%(refname)%00%(upstream:short)%00%(objectname)%00%(upstream:track)%00%(upstream:remotename)%00%(upstream:remoteref) refs/heads/main refs/remotes/main [59ms]
2023-01-27 19:24:31.431 [info] > git for-each-ref --sort -committerdate --format %(refname) %(objectname) %(*objectname) [58ms]
2023-01-27 19:24:31.451 [info] > git status -z -uall [83ms]
2023-01-27 19:24:36.769 [info] > git config --get commit.template [55ms]
2023-01-27 19:24:36.778 [info] > git for-each-ref --format=%(refname)%00%(upstream:short)%00%(objectname)%00%(upstream:track)%00%(upstream:remotename)%00%(upstream:remoteref) refs/heads/main refs/remotes/main [54ms]
2023-01-27 19:24:36.843 [info] > git for-each-ref --sort -committerdate --format %(refname) %(objectname) %(*objectname) [51ms]
2023-01-27 19:24:36.856 [info] > git status -z -uall [70ms]
2023-01-27 19:24:41.946 [info] > git config --get commit.template [53ms]
2023-01-27 19:24:41.957 [info] > git for-each-ref --format=%(refname)%00%(upstream:short)%00%(objectname)%00%(upstream:track)%00%(upstream:remotename)%00%(upstream:remoteref) refs/heads/main refs/remotes/main [54ms]
2023-01-27 19:24:42.024 [info] > git for-each-ref --sort -committerdate --format %(refname) %(objectname) %(*objectname) [56ms]
2023-01-27 19:24:42.037 [info] > git status -z -uall [74ms]
2023-01-27 19:24:50.085 [info] > git config --get commit.template [55ms]
2023-01-27 19:24:50.096 [info] > git for-each-ref --format=%(refname)%00%(upstream:short)%00%(objectname)%00%(upstream:track)%00%(upstream:remotename)%00%(upstream:remoteref) refs/heads/main refs/remotes/main [54ms]
2023-01-27 19:24:50.158 [info] > git for-each-ref --sort -committerdate --format %(refname) %(objectname) %(*objectname) [50ms]
2023-01-27 19:24:50.180 [info] > git status -z -uall [77ms]
2023-01-27 19:25:04.299 [info] > git config --get commit.template [52ms]
2023-01-27 19:25:04.307 [info] > git for-each-ref --format=%(refname)%00%(upstream:short)%00%(objectname)%00%(upstream:track)%00%(upstream:remotename)%00%(upstream:remoteref) refs/heads/main refs/remotes/main [52ms]
2023-01-27 19:25:04.364 [info] > git for-each-ref --sort -committerdate --format %(refname) %(objectname) %(*objectname) [44ms]
2023-01-27 19:25:04.381 [info] > git status -z -uall [66ms]
2023-01-27 19:25:10.805 [info] > git config --get commit.template [74ms]
2023-01-27 19:25:10.821 [info] > git for-each-ref --format=%(refname)%00%(upstream:short)%00%(objectname)%00%(upstream:track)%00%(upstream:remotename)%00%(upstream:remoteref) refs/heads/main refs/remotes/main [82ms]
2023-01-27 19:25:10.922 [info] > git for-each-ref --sort -committerdate --format %(refname) %(objectname) %(*objectname) [83ms]
2023-01-27 19:25:10.948 [info] > git status -z -uall [118ms]
2023-01-27 19:25:16.043 [info] > git config --get commit.template [59ms]
2023-01-27 19:25:16.055 [info] > git for-each-ref --format=%(refname)%00%(upstream:short)%00%(objectname)%00%(upstream:track)%00%(upstream:remotename)%00%(upstream:remoteref) refs/heads/main refs/remotes/main [61ms]
2023-01-27 19:25:16.122 [info] > git for-each-ref --sort -committerdate --format %(refname) %(objectname) %(*objectname) [55ms]
2023-01-27 19:25:16.136 [info] > git status -z -uall [74ms]
2023-01-27 19:25:35.278 [info] > git config --get commit.template [56ms]
2023-01-27 19:25:35.289 [info] > git for-each-ref --format=%(refname)%00%(upstream:short)%00%(objectname)%00%(upstream:track)%00%(upstream:remotename)%00%(upstream:remoteref) refs/heads/main refs/remotes/main [58ms]
2023-01-27 19:25:35.359 [info] > git for-each-ref --sort -committerdate --format %(refname) %(objectname) %(*objectname) [56ms]
2023-01-27 19:25:35.374 [info] > git status -z -uall [78ms]
2023-01-27 19:25:40.458 [info] > git config --get commit.template [47ms]
2023-01-27 19:25:40.466 [info] > git for-each-ref --format=%(refname)%00%(upstream:short)%00%(objectname)%00%(upstream:track)%00%(upstream:remotename)%00%(upstream:remoteref) refs/heads/main refs/remotes/main [51ms]
2023-01-27 19:25:40.530 [info] > git for-each-ref --sort -committerdate --format %(refname) %(objectname) %(*objectname) [51ms]
2023-01-27 19:25:40.545 [info] > git status -z -uall [72ms]
2023-01-27 19:25:45.771 [info] > git for-each-ref --format=%(refname)%00%(upstream:short)%00%(objectname)%00%(upstream:track)%00%(upstream:remotename)%00%(upstream:remoteref) refs/heads/main refs/remotes/main [186ms]
2023-01-27 19:25:45.778 [info] > git config --get commit.template [206ms]
2023-01-27 19:25:45.843 [info] > git for-each-ref --sort -committerdate --format %(refname) %(objectname) %(*objectname) [53ms]
2023-01-27 19:25:45.874 [info] > git status -z -uall [91ms]
2023-01-27 19:25:50.961 [info] > git config --get commit.template [56ms]
2023-01-27 19:25:50.972 [info] > git for-each-ref --format=%(refname)%00%(upstream:short)%00%(objectname)%00%(upstream:track)%00%(upstream:remotename)%00%(upstream:remoteref) refs/heads/main refs/remotes/main [56ms]
2023-01-27 19:25:51.036 [info] > git for-each-ref --sort -committerdate --format %(refname) %(objectname) %(*objectname) [52ms]
2023-01-27 19:25:51.049 [info] > git status -z -uall [71ms]
2023-01-27 19:25:56.110 [info] > git config --get commit.template [46ms]
2023-01-27 19:25:56.118 [info] > git for-each-ref --format=%(refname)%00%(upstream:short)%00%(objectname)%00%(upstream:track)%00%(upstream:remotename)%00%(upstream:remoteref) refs/heads/main refs/remotes/main [47ms]
2023-01-27 19:25:56.186 [info] > git for-each-ref --sort -committerdate --format %(refname) %(objectname) %(*objectname) [55ms]
2023-01-27 19:25:56.204 [info] > git status -z -uall [81ms]
2023-01-27 19:26:01.288 [info] > git config --get commit.template [58ms]
2023-01-27 19:26:01.293 [info] > git for-each-ref --format=%(refname)%00%(upstream:short)%00%(objectname)%00%(upstream:track)%00%(upstream:remotename)%00%(upstream:remoteref) refs/heads/main refs/remotes/main [52ms]
2023-01-27 19:26:01.359 [info] > git for-each-ref --sort -committerdate --format %(refname) %(objectname) %(*objectname) [53ms]
2023-01-27 19:26:01.375 [info] > git status -z -uall [74ms]
2023-01-27 19:26:06.449 [info] > git config --get commit.template [49ms]
2023-01-27 19:26:06.460 [info] > git for-each-ref --format=%(refname)%00%(upstream:short)%00%(objectname)%00%(upstream:track)%00%(upstream:remotename)%00%(upstream:remoteref) refs/heads/main refs/remotes/main [55ms]
2023-01-27 19:26:06.518 [info] > git for-each-ref --sort -committerdate --format %(refname) %(objectname) %(*objectname) [47ms]
2023-01-27 19:26:06.531 [info] > git status -z -uall [65ms]
2023-01-27 19:26:33.222 [info] > git config --get commit.template [45ms]
2023-01-27 19:26:33.230 [info] > git for-each-ref --format=%(refname)%00%(upstream:short)%00%(objectname)%00%(upstream:track)%00%(upstream:remotename)%00%(upstream:remoteref) refs/heads/main refs/remotes/main [46ms]
2023-01-27 19:26:33.278 [info] > git for-each-ref --sort -committerdate --format %(refname) %(objectname) %(*objectname) [39ms]
2023-01-27 19:26:33.298 [info] > git status -z -uall [63ms]
2023-01-27 19:26:39.592 [info] > git config --get commit.template [54ms]
2023-01-27 19:26:39.608 [info] > git for-each-ref --format=%(refname)%00%(upstream:short)%00%(objectname)%00%(upstream:track)%00%(upstream:remotename)%00%(upstream:remoteref) refs/heads/main refs/remotes/main [63ms]
2023-01-27 19:26:39.671 [info] > git for-each-ref --sort -committerdate --format %(refname) %(objectname) %(*objectname) [50ms]
2023-01-27 19:26:39.689 [info] > git status -z -uall [74ms]
2023-01-27 19:26:44.776 [info] > git config --get commit.template [55ms]
2023-01-27 19:26:44.785 [info] > git for-each-ref --format=%(refname)%00%(upstream:short)%00%(objectname)%00%(upstream:track)%00%(upstream:remotename)%00%(upstream:remoteref) refs/heads/main refs/remotes/main [53ms]
2023-01-27 19:26:44.845 [info] > git for-each-ref --sort -committerdate --format %(refname) %(objectname) %(*objectname) [48ms]
2023-01-27 19:26:44.866 [info] > git status -z -uall [75ms]
2023-01-27 19:27:02.703 [info] > git config --get commit.template [51ms]
2023-01-27 19:27:02.717 [info] > git for-each-ref --format=%(refname)%00%(upstream:short)%00%(objectname)%00%(upstream:track)%00%(upstream:remotename)%00%(upstream:remoteref) refs/heads/main refs/remotes/main [53ms]
2023-01-27 19:27:02.779 [info] > git for-each-ref --sort -committerdate --format %(refname) %(objectname) %(*objectname) [43ms]
2023-01-27 19:27:02.793 [info] > git status -z -uall [67ms]
2023-01-27 19:27:07.878 [info] > git config --get commit.template [49ms]
2023-01-27 19:27:07.886 [info] > git for-each-ref --format=%(refname)%00%(upstream:short)%00%(objectname)%00%(upstream:track)%00%(upstream:remotename)%00%(upstream:remoteref) refs/heads/main refs/remotes/main [51ms]
2023-01-27 19:27:07.938 [info] > git for-each-ref --sort -committerdate --format %(refname) %(objectname) %(*objectname) [41ms]
2023-01-27 19:27:07.951 [info] > git status -z -uall [58ms]
2023-01-27 19:27:13.053 [info] > git config --get commit.template [76ms]
2023-01-27 19:27:13.066 [info] > git for-each-ref --format=%(refname)%00%(upstream:short)%00%(objectname)%00%(upstream:track)%00%(upstream:remotename)%00%(upstream:remoteref) refs/heads/main refs/remotes/main [79ms]
2023-01-27 19:27:13.156 [info] > git for-each-ref --sort -committerdate --format %(refname) %(objectname) %(*objectname) [76ms]
2023-01-27 19:27:13.177 [info] > git status -z -uall [103ms]
2023-01-27 19:27:18.256 [info] > git config --get commit.template [51ms]
2023-01-27 19:27:18.266 [info] > git for-each-ref --format=%(refname)%00%(upstream:short)%00%(objectname)%00%(upstream:track)%00%(upstream:remotename)%00%(upstream:remoteref) refs/heads/main refs/remotes/main [55ms]
2023-01-27 19:27:18.324 [info] > git for-each-ref --sort -committerdate --format %(refname) %(objectname) %(*objectname) [46ms]
2023-01-27 19:27:18.341 [info] > git status -z -uall [69ms]
2023-01-27 19:28:06.881 [info] > git config --get commit.template [48ms]
2023-01-27 19:28:06.889 [info] > git for-each-ref --format=%(refname)%00%(upstream:short)%00%(objectname)%00%(upstream:track)%00%(upstream:remotename)%00%(upstream:remoteref) refs/heads/main refs/remotes/main [48ms]
2023-01-27 19:28:06.959 [info] > git for-each-ref --sort -committerdate --format %(refname) %(objectname) %(*objectname) [52ms]
2023-01-27 19:28:06.981 [info] > git status -z -uall [83ms]
2023-01-27 19:28:18.822 [info] > git config --get commit.template [81ms]
2023-01-27 19:28:18.838 [info] > git for-each-ref --format=%(refname)%00%(upstream:short)%00%(objectname)%00%(upstream:track)%00%(upstream:remotename)%00%(upstream:remoteref) refs/heads/main refs/remotes/main [86ms]
2023-01-27 19:28:18.936 [info] > git for-each-ref --sort -committerdate --format %(refname) %(objectname) %(*objectname) [79ms]
2023-01-27 19:28:18.960 [info] > git status -z -uall [112ms]
2023-01-27 19:28:24.035 [info] > git config --get commit.template [50ms]
2023-01-27 19:28:24.041 [info] > git for-each-ref --format=%(refname)%00%(upstream:short)%00%(objectname)%00%(upstream:track)%00%(upstream:remotename)%00%(upstream:remoteref) refs/heads/main refs/remotes/main [49ms]
2023-01-27 19:28:24.095 [info] > git for-each-ref --sort -committerdate --format %(refname) %(objectname) %(*objectname) [44ms]
2023-01-27 19:28:24.111 [info] > git status -z -uall [65ms]
2023-01-27 19:28:29.195 [info] > git config --get commit.template [53ms]
2023-01-27 19:28:29.204 [info] > git for-each-ref --format=%(refname)%00%(upstream:short)%00%(objectname)%00%(upstream:track)%00%(upstream:remotename)%00%(upstream:remoteref) refs/heads/main refs/remotes/main [54ms]
2023-01-27 19:28:29.262 [info] > git for-each-ref --sort -committerdate --format %(refname) %(objectname) %(*objectname) [45ms]
2023-01-27 19:28:29.277 [info] > git status -z -uall [66ms]
2023-01-27 19:28:36.410 [info] > git config --get commit.template [51ms]
2023-01-27 19:28:36.422 [info] > git for-each-ref --format=%(refname)%00%(upstream:short)%00%(objectname)%00%(upstream:track)%00%(upstream:remotename)%00%(upstream:remoteref) refs/heads/main refs/remotes/main [55ms]
2023-01-27 19:28:36.482 [info] > git for-each-ref --sort -committerdate --format %(refname) %(objectname) %(*objectname) [47ms]
2023-01-27 19:28:36.498 [info] > git status -z -uall [67ms]
2023-01-27 19:28:44.688 [info] > git config --get commit.template [52ms]
2023-01-27 19:28:44.701 [info] > git for-each-ref --format=%(refname)%00%(upstream:short)%00%(objectname)%00%(upstream:track)%00%(upstream:remotename)%00%(upstream:remoteref) refs/heads/main refs/remotes/main [55ms]
2023-01-27 19:28:44.763 [info] > git for-each-ref --sort -committerdate --format %(refname) %(objectname) %(*objectname) [49ms]
2023-01-27 19:28:44.789 [info] > git status -z -uall [82ms]
2023-01-27 19:29:33.230 [info] > git config --get commit.template [76ms]
2023-01-27 19:29:33.242 [info] > git for-each-ref --format=%(refname)%00%(upstream:short)%00%(objectname)%00%(upstream:track)%00%(upstream:remotename)%00%(upstream:remoteref) refs/heads/main refs/remotes/main [61ms]
2023-01-27 19:29:33.315 [info] > git for-each-ref --sort -committerdate --format %(refname) %(objectname) %(*objectname) [53ms]
2023-01-27 19:29:33.327 [info] > git status -z -uall [74ms]
2023-01-27 19:30:00.636 [info] > git config --get commit.template [46ms]
2023-01-27 19:30:00.648 [info] > git for-each-ref --format=%(refname)%00%(upstream:short)%00%(objectname)%00%(upstream:track)%00%(upstream:remotename)%00%(upstream:remoteref) refs/heads/main refs/remotes/main [49ms]
2023-01-27 19:30:00.749 [info] > git for-each-ref --sort -committerdate --format %(refname) %(objectname) %(*objectname) [53ms]
2023-01-27 19:30:00.761 [info] > git status -z -uall [101ms]
2023-01-27 19:50:59.988 [info] > git config --get commit.template [70ms]
2023-01-27 19:50:59.992 [info] > git for-each-ref --format=%(refname)%00%(upstream:short)%00%(objectname)%00%(upstream:track)%00%(upstream:remotename)%00%(upstream:remoteref) refs/heads/main refs/remotes/main [65ms]
2023-01-27 19:51:00.103 [info] > git for-each-ref --sort -committerdate --format %(refname) %(objectname) %(*objectname) [83ms]
2023-01-27 19:51:00.124 [info] > git status -z -uall [118ms]
2023-01-27 19:51:05.244 [info] > git for-each-ref --format=%(refname)%00%(upstream:short)%00%(objectname)%00%(upstream:track)%00%(upstream:remotename)%00%(upstream:remoteref) refs/heads/main refs/remotes/main [62ms]
2023-01-27 19:51:05.359 [info] > git config --get commit.template [187ms]
2023-01-27 19:51:05.435 [info] > git for-each-ref --sort -committerdate --format %(refname) %(objectname) %(*objectname) [60ms]
2023-01-27 19:51:05.465 [info] > git status -z -uall [97ms]
2023-01-27 19:51:26.030 [info] > git config --get commit.template [50ms]
2023-01-27 19:51:26.040 [info] > git for-each-ref --format=%(refname)%00%(upstream:short)%00%(objectname)%00%(upstream:track)%00%(upstream:remotename)%00%(upstream:remoteref) refs/heads/main refs/remotes/main [52ms]
2023-01-27 19:51:26.106 [info] > git for-each-ref --sort -committerdate --format %(refname) %(objectname) %(*objectname) [52ms]
2023-01-27 19:51:26.122 [info] > git status -z -uall [74ms]
2023-01-27 19:55:45.290 [info] > git config --get commit.template [52ms]
2023-01-27 19:55:45.436 [info] > git for-each-ref --format=%(refname)%00%(upstream:short)%00%(objectname)%00%(upstream:track)%00%(upstream:remotename)%00%(upstream:remoteref) refs/heads/main refs/remotes/main [190ms]
2023-01-27 19:55:45.511 [info] > git for-each-ref --sort -committerdate --format %(refname) %(objectname) %(*objectname) [55ms]
2023-01-27 19:55:45.593 [info] > git status -z -uall [146ms]
2023-01-27 19:55:46.830 [info] > git ls-files --stage -- D:\examples\coursera_test\react_examples\ecommerce\src\Components\Routes\UserLogin.js [60ms]
2023-01-27 19:55:46.832 [info] > git ls-files --stage -- D:\examples\coursera_test\react_examples\ecommerce\src\Components\HomePage\MainMenu.js [52ms]
2023-01-27 19:55:46.844 [info] > git ls-files --stage -- D:\examples\coursera_test\react_examples\ecommerce\src\Components\Navigation.js [55ms]
2023-01-27 19:55:46.850 [info] > git ls-files --stage -- D:\examples\coursera_test\react_examples\ecommerce\src\Components\Routes\Cart.js [53ms]
2023-01-27 19:55:46.883 [info] > git cat-file -s 15d2b4bf154c32e3ccc1caf6d557517247b8e4e2 [45ms]
2023-01-27 19:55:46.898 [info] > git show --textconv :ecommerce/src/Components/Routes/UserLogin.js [55ms]
2023-01-27 19:55:46.943 [info] > git show --textconv :ecommerce/src/Components/HomePage/MainMenu.js [45ms]
2023-01-27 19:55:47.002 [info] > git cat-file -s 60155c7fd01b9644e27c63f5589d3184e553e57e [151ms]
2023-01-27 19:55:47.020 [info] > git cat-file -s 37839e2c4a0b38832c57edbab29c900c5cb63095 [165ms]
2023-01-27 19:55:47.100 [info] > git show --textconv :ecommerce/src/Components/Navigation.js [81ms]
2023-01-27 19:55:47.110 [info] > git show --textconv :ecommerce/src/Components/Routes/Cart.js [73ms]
2023-01-27 19:55:50.672 [info] > git config --get commit.template [54ms]
2023-01-27 19:55:50.685 [info] > git for-each-ref --format=%(refname)%00%(upstream:short)%00%(objectname)%00%(upstream:track)%00%(upstream:remotename)%00%(upstream:remoteref) refs/heads/main refs/remotes/main [56ms]
2023-01-27 19:55:50.742 [info] > git for-each-ref --sort -committerdate --format %(refname) %(objectname) %(*objectname) [46ms]
2023-01-27 19:55:50.754 [info] > git status -z -uall [64ms]
2023-01-27 19:56:28.745 [info] > git config --get commit.template [88ms]
2023-01-27 19:56:28.758 [info] > git for-each-ref --format=%(refname)%00%(upstream:short)%00%(objectname)%00%(upstream:track)%00%(upstream:remotename)%00%(upstream:remoteref) refs/heads/main refs/remotes/main [89ms]
2023-01-27 19:56:28.853 [info] > git for-each-ref --sort -committerdate --format %(refname) %(objectname) %(*objectname) [78ms]
2023-01-27 19:56:28.874 [info] > git status -z -uall [107ms]
2023-01-27 19:56:47.726 [info] > git config --get commit.template [157ms]
2023-01-27 19:56:47.768 [info] > git for-each-ref --format=%(refname)%00%(upstream:short)%00%(objectname)%00%(upstream:track)%00%(upstream:remotename)%00%(upstream:remoteref) refs/heads/main refs/remotes/main [187ms]
2023-01-27 19:56:47.861 [info] > git for-each-ref --sort -committerdate --format %(refname) %(objectname) %(*objectname) [71ms]
2023-01-27 19:56:47.887 [info] > git status -z -uall [109ms]
2023-01-27 19:57:22.660 [info] > git ls-files --stage -- D:\examples\coursera_test\react_examples\ecommerce\src\actions\index.js [59ms]
2023-01-27 19:57:22.671 [info] > git show --textconv :ecommerce/src/actions/index.js [82ms]
2023-01-27 19:57:22.715 [info] > git cat-file -s 1334b619c6b9e8e183e48351ff514248a02c87a5 [49ms]
2023-01-27 19:57:27.203 [info] > git ls-files --stage -- D:\examples\coursera_test\react_examples\ecommerce\src\apis\fakeStore.js [41ms]
2023-01-27 19:57:27.349 [info] > git cat-file -s 8dcb95d33a529f9de5422465b2c143191d19c8e7 [139ms]
2023-01-27 19:57:27.352 [info] > git show --textconv :ecommerce/src/apis/fakeStore.js [195ms]
2023-01-27 19:57:34.459 [info] > git ls-files --stage -- D:\examples\coursera_test\react_examples\ecommerce\src\App.js [44ms]
2023-01-27 19:57:34.470 [info] > git show --textconv :ecommerce/src/App.js [62ms]
2023-01-27 19:57:34.516 [info] > git cat-file -s 0d77ccbaa3a3c4cf3819ad1f5f70d3ee1c84aa80 [51ms]
2023-01-27 19:57:34.823 [info] > git check-ignore -v -z --stdin [60ms]
2023-01-27 19:57:55.386 [info] > git config --get commit.template [67ms]
2023-01-27 19:57:55.397 [info] > git for-each-ref --format=%(refname)%00%(upstream:short)%00%(objectname)%00%(upstream:track)%00%(upstream:remotename)%00%(upstream:remoteref) refs/heads/main refs/remotes/main [65ms]
2023-01-27 19:57:55.487 [info] > git for-each-ref --sort -committerdate --format %(refname) %(objectname) %(*objectname) [70ms]
2023-01-27 19:57:55.503 [info] > git status -z -uall [96ms]
2023-01-27 19:58:01.580 [info] > git config --get commit.template [43ms]
2023-01-27 19:58:01.591 [info] > git for-each-ref --format=%(refname)%00%(upstream:short)%00%(objectname)%00%(upstream:track)%00%(upstream:remotename)%00%(upstream:remoteref) refs/heads/main refs/remotes/main [46ms]
2023-01-27 19:58:01.647 [info] > git for-each-ref --sort -committerdate --format %(refname) %(objectname) %(*objectname) [46ms]
2023-01-27 19:58:01.659 [info] > git status -z -uall [63ms]
2023-01-27 20:43:56.514 [info] > git ls-files --stage -- D:\examples\coursera_test\react_examples\ecommerce\src\reducers\userDetailsReducer.js [62ms]
2023-01-27 20:43:56.541 [info] > git show --textconv :ecommerce/src/reducers/userDetailsReducer.js [98ms]
2023-01-27 20:43:56.807 [info] > git check-ignore -v -z --stdin [53ms]
2023-01-27 20:43:56.816 [info] > git config --get commit.template [55ms]
2023-01-27 20:43:56.822 [info] > git for-each-ref --format=%(refname)%00%(upstream:short)%00%(objectname)%00%(upstream:track)%00%(upstream:remotename)%00%(upstream:remoteref) refs/heads/main refs/remotes/main [55ms]
2023-01-27 20:43:56.887 [info] > git for-each-ref --sort -committerdate --format %(refname) %(objectname) %(*objectname) [53ms]
2023-01-27 20:43:56.918 [info] > git status -z -uall [89ms]
2023-01-27 20:44:01.992 [info] > git config --get commit.template [48ms]
2023-01-27 20:44:02.002 [info] > git for-each-ref --format=%(refname)%00%(upstream:short)%00%(objectname)%00%(upstream:track)%00%(upstream:remotename)%00%(upstream:remoteref) refs/heads/main refs/remotes/main [51ms]
2023-01-27 20:44:02.063 [info] > git for-each-ref --sort -committerdate --format %(refname) %(objectname) %(*objectname) [48ms]
2023-01-27 20:44:02.078 [info] > git status -z -uall [70ms]
2023-01-27 20:44:07.155 [info] > git config --get commit.template [53ms]
2023-01-27 20:44:07.167 [info] > git for-each-ref --format=%(refname)%00%(upstream:short)%00%(objectname)%00%(upstream:track)%00%(upstream:remotename)%00%(upstream:remoteref) refs/heads/main refs/remotes/main [55ms]
2023-01-27 20:44:07.236 [info] > git for-each-ref --sort -committerdate --format %(refname) %(objectname) %(*objectname) [54ms]
2023-01-27 20:44:07.250 [info] > git status -z -uall [77ms]
2023-01-27 20:44:16.134 [info] > git config --get commit.template [58ms]
2023-01-27 20:44:16.139 [info] > git for-each-ref --format=%(refname)%00%(upstream:short)%00%(objectname)%00%(upstream:track)%00%(upstream:remotename)%00%(upstream:remoteref) refs/heads/main refs/remotes/main [49ms]
2023-01-27 20:44:16.204 [info] > git for-each-ref --sort -committerdate --format %(refname) %(objectname) %(*objectname) [53ms]
2023-01-27 20:44:16.223 [info] > git status -z -uall [78ms]
2023-01-27 20:44:21.320 [info] > git config --get commit.template [54ms]
2023-01-27 20:44:21.329 [info] > git for-each-ref --format=%(refname)%00%(upstream:short)%00%(objectname)%00%(upstream:track)%00%(upstream:remotename)%00%(upstream:remoteref) refs/heads/main refs/remotes/main [53ms]
2023-01-27 20:44:21.392 [info] > git for-each-ref --sort -committerdate --format %(refname) %(objectname) %(*objectname) [51ms]
2023-01-27 20:44:21.404 [info] > git status -z -uall [69ms]
2023-01-27 20:44:26.478 [info] > git config --get commit.template [47ms]
2023-01-27 20:44:26.487 [info] > git for-each-ref --format=%(refname)%00%(upstream:short)%00%(objectname)%00%(upstream:track)%00%(upstream:remotename)%00%(upstream:remoteref) refs/heads/main refs/remotes/main [50ms]
2023-01-27 20:44:26.546 [info] > git for-each-ref --sort -committerdate --format %(refname) %(objectname) %(*objectname) [46ms]
2023-01-27 20:44:26.558 [info] > git status -z -uall [65ms]
2023-01-27 20:44:29.289 [info] > git ls-files --stage -- D:\examples\coursera_test\react_examples\ecommerce\src\reducers\singleCategoryReducer.js [40ms]
2023-01-27 20:44:29.420 [info] > git cat-file -s e6741a14e33baff736e8c4b0bb194724a9d03c50 [125ms]
2023-01-27 20:44:29.424 [info] > git show --textconv :ecommerce/src/reducers/singleCategoryReducer.js [180ms]
2023-01-27 20:44:31.684 [info] > git config --get commit.template [93ms]
2023-01-27 20:44:31.698 [info] > git for-each-ref --format=%(refname)%00%(upstream:short)%00%(objectname)%00%(upstream:track)%00%(upstream:remotename)%00%(upstream:remoteref) refs/heads/main refs/remotes/main [93ms]
2023-01-27 20:44:31.784 [info] > git for-each-ref --sort -committerdate --format %(refname) %(objectname) %(*objectname) [69ms]
2023-01-27 20:44:31.813 [info] > git status -z -uall [106ms]
2023-01-27 20:44:40.491 [info] > git config --get commit.template [62ms]
2023-01-27 20:44:40.502 [info] > git for-each-ref --format=%(refname)%00%(upstream:short)%00%(objectname)%00%(upstream:track)%00%(upstream:remotename)%00%(upstream:remoteref) refs/heads/main refs/remotes/main [62ms]
2023-01-27 20:44:40.569 [info] > git for-each-ref --sort -committerdate --format %(refname) %(objectname) %(*objectname) [54ms]
2023-01-27 20:44:40.591 [info] > git status -z -uall [82ms]
2023-01-27 20:44:45.678 [info] > git config --get commit.template [54ms]
2023-01-27 20:44:45.688 [info] > git for-each-ref --format=%(refname)%00%(upstream:short)%00%(objectname)%00%(upstream:track)%00%(upstream:remotename)%00%(upstream:remoteref) refs/heads/main refs/remotes/main [53ms]
2023-01-27 20:44:45.752 [info] > git for-each-ref --sort -committerdate --format %(refname) %(objectname) %(*objectname) [51ms]
2023-01-27 20:44:45.769 [info] > git status -z -uall [75ms]
2023-01-27 20:44:50.840 [info] > git config --get commit.template [51ms]
2023-01-27 20:44:50.848 [info] > git for-each-ref --format=%(refname)%00%(upstream:short)%00%(objectname)%00%(upstream:track)%00%(upstream:remotename)%00%(upstream:remoteref) refs/heads/main refs/remotes/main [53ms]
2023-01-27 20:44:50.909 [info] > git for-each-ref --sort -committerdate --format %(refname) %(objectname) %(*objectname) [49ms]
2023-01-27 20:44:50.920 [info] > git status -z -uall [67ms]
2023-01-27 20:44:56.000 [info] > git config --get commit.template [57ms]
2023-01-27 20:44:56.013 [info] > git for-each-ref --format=%(refname)%00%(upstream:short)%00%(objectname)%00%(upstream:track)%00%(upstream:remotename)%00%(upstream:remoteref) refs/heads/main refs/remotes/main [59ms]
2023-01-27 20:44:56.081 [info] > git for-each-ref --sort -committerdate --format %(refname) %(objectname) %(*objectname) [54ms]
2023-01-27 20:44:56.096 [info] > git status -z -uall [76ms]
2023-01-27 20:45:01.221 [info] > git config --get commit.template [88ms]
2023-01-27 20:45:01.234 [info] > git for-each-ref --format=%(refname)%00%(upstream:short)%00%(objectname)%00%(upstream:track)%00%(upstream:remotename)%00%(upstream:remoteref) refs/heads/main refs/remotes/main [90ms]
2023-01-27 20:45:01.307 [info] > git for-each-ref --sort -committerdate --format %(refname) %(objectname) %(*objectname) [56ms]
2023-01-27 20:45:01.332 [info] > git status -z -uall [90ms]
2023-01-27 20:45:06.427 [info] > git config --get commit.template [65ms]
2023-01-27 20:45:06.444 [info] > git for-each-ref --format=%(refname)%00%(upstream:short)%00%(objectname)%00%(upstream:track)%00%(upstream:remotename)%00%(upstream:remoteref) refs/heads/main refs/remotes/main [75ms]
2023-01-27 20:45:06.514 [info] > git for-each-ref --sort -committerdate --format %(refname) %(objectname) %(*objectname) [56ms]
2023-01-27 20:45:06.544 [info] > git status -z -uall [93ms]
2023-01-27 20:45:11.637 [info] > git config --get commit.template [58ms]
2023-01-27 20:45:11.646 [info] > git for-each-ref --format=%(refname)%00%(upstream:short)%00%(objectname)%00%(upstream:track)%00%(upstream:remotename)%00%(upstream:remoteref) refs/heads/main refs/remotes/main [56ms]
2023-01-27 20:45:11.718 [info] > git for-each-ref --sort -committerdate --format %(refname) %(objectname) %(*objectname) [59ms]
2023-01-27 20:45:11.740 [info] > git status -z -uall [88ms]
2023-01-27 20:45:19.466 [info] > git config --get commit.template [58ms]
2023-01-27 20:45:19.476 [info] > git for-each-ref --format=%(refname)%00%(upstream:short)%00%(objectname)%00%(upstream:track)%00%(upstream:remotename)%00%(upstream:remoteref) refs/heads/main refs/remotes/main [59ms]
2023-01-27 20:45:19.548 [info] > git for-each-ref --sort -committerdate --format %(refname) %(objectname) %(*objectname) [58ms]
2023-01-27 20:45:19.576 [info] > git status -z -uall [94ms]
2023-01-27 20:45:30.759 [info] > git config --get commit.template [46ms]
2023-01-27 20:45:30.767 [info] > git for-each-ref --format=%(refname)%00%(upstream:short)%00%(objectname)%00%(upstream:track)%00%(upstream:remotename)%00%(upstream:remoteref) refs/heads/main refs/remotes/main [48ms]
2023-01-27 20:45:30.816 [info] > git for-each-ref --sort -committerdate --format %(refname) %(objectname) %(*objectname) [39ms]
2023-01-27 20:45:30.833 [info] > git status -z -uall [60ms]
2023-01-27 20:45:38.891 [info] > git config --get commit.template [49ms]
2023-01-27 20:45:38.900 [info] > git for-each-ref --format=%(refname)%00%(upstream:short)%00%(objectname)%00%(upstream:track)%00%(upstream:remotename)%00%(upstream:remoteref) refs/heads/main refs/remotes/main [51ms]
2023-01-27 20:45:38.968 [info] > git for-each-ref --sort -committerdate --format %(refname) %(objectname) %(*objectname) [56ms]
2023-01-27 20:45:38.982 [info] > git status -z -uall [75ms]
2023-01-27 20:45:44.084 [info] > git config --get commit.template [75ms]
2023-01-27 20:45:44.099 [info] > git for-each-ref --format=%(refname)%00%(upstream:short)%00%(objectname)%00%(upstream:track)%00%(upstream:remotename)%00%(upstream:remoteref) refs/heads/main refs/remotes/main [80ms]
2023-01-27 20:45:44.198 [info] > git for-each-ref --sort -committerdate --format %(refname) %(objectname) %(*objectname) [80ms]
2023-01-27 20:45:44.221 [info] > git status -z -uall [112ms]
2023-01-27 20:46:02.410 [info] > git config --get commit.template [49ms]
2023-01-27 20:46:02.420 [info] > git for-each-ref --format=%(refname)%00%(upstream:short)%00%(objectname)%00%(upstream:track)%00%(upstream:remotename)%00%(upstream:remoteref) refs/heads/main refs/remotes/main [51ms]
2023-01-27 20:46:02.483 [info] > git for-each-ref --sort -committerdate --format %(refname) %(objectname) %(*objectname) [51ms]
2023-01-27 20:46:02.498 [info] > git status -z -uall [72ms]
2023-01-27 20:46:08.902 [info] > git ls-files --stage -- D:\examples\coursera_test\react_examples\ecommerce\src\reducers\index.js [51ms]
2023-01-27 20:46:08.951 [info] > git show --textconv :ecommerce/src/reducers/index.js [106ms]
2023-01-27 20:46:08.957 [info] > git cat-file -s a624006fb26a83c4a5a31d73b0794c15b2d33280 [48ms]
2023-01-27 20:46:15.729 [info] > git config --get commit.template [45ms]
2023-01-27 20:46:15.738 [info] > git for-each-ref --format=%(refname)%00%(upstream:short)%00%(objectname)%00%(upstream:track)%00%(upstream:remotename)%00%(upstream:remoteref) refs/heads/main refs/remotes/main [48ms]
2023-01-27 20:46:15.789 [info] > git for-each-ref --sort -committerdate --format %(refname) %(objectname) %(*objectname) [41ms]
2023-01-27 20:46:15.807 [info] > git status -z -uall [63ms]
2023-01-27 20:46:20.925 [info] > git config --get commit.template [93ms]
2023-01-27 20:46:20.943 [info] > git for-each-ref --format=%(refname)%00%(upstream:short)%00%(objectname)%00%(upstream:track)%00%(upstream:remotename)%00%(upstream:remoteref) refs/heads/main refs/remotes/main [105ms]
2023-01-27 20:46:21.011 [info] > git for-each-ref --sort -committerdate --format %(refname) %(objectname) %(*objectname) [53ms]
2023-01-27 20:46:21.028 [info] > git status -z -uall [78ms]
2023-01-27 20:46:26.119 [info] > git config --get commit.template [65ms]
2023-01-27 20:46:26.127 [info] > git for-each-ref --format=%(refname)%00%(upstream:short)%00%(objectname)%00%(upstream:track)%00%(upstream:remotename)%00%(upstream:remoteref) refs/heads/main refs/remotes/main [63ms]
2023-01-27 20:46:26.208 [info] > git for-each-ref --sort -committerdate --format %(refname) %(objectname) %(*objectname) [66ms]
2023-01-27 20:46:26.231 [info] > git status -z -uall [97ms]
2023-01-27 20:46:31.324 [info] > git config --get commit.template [58ms]
2023-01-27 20:46:31.332 [info] > git for-each-ref --format=%(refname)%00%(upstream:short)%00%(objectname)%00%(upstream:track)%00%(upstream:remotename)%00%(upstream:remoteref) refs/heads/main refs/remotes/main [55ms]
2023-01-27 20:46:31.400 [info] > git for-each-ref --sort -committerdate --format %(refname) %(objectname) %(*objectname) [55ms]
2023-01-27 20:46:31.416 [info] > git status -z -uall [77ms]
2023-01-27 20:46:36.511 [info] > git config --get commit.template [59ms]
2023-01-27 20:46:36.517 [info] > git for-each-ref --format=%(refname)%00%(upstream:short)%00%(objectname)%00%(upstream:track)%00%(upstream:remotename)%00%(upstream:remoteref) refs/heads/main refs/remotes/main [57ms]
2023-01-27 20:46:36.583 [info] > git for-each-ref --sort -committerdate --format %(refname) %(objectname) %(*objectname) [54ms]
2023-01-27 20:46:36.610 [info] > git status -z -uall [87ms]
2023-01-27 20:46:41.699 [info] > git config --get commit.template [63ms]
2023-01-27 20:46:41.706 [info] > git for-each-ref --format=%(refname)%00%(upstream:short)%00%(objectname)%00%(upstream:track)%00%(upstream:remotename)%00%(upstream:remoteref) refs/heads/main refs/remotes/main [62ms]
2023-01-27 20:46:41.777 [info] > git for-each-ref --sort -committerdate --format %(refname) %(objectname) %(*objectname) [54ms]
2023-01-27 20:46:41.792 [info] > git status -z -uall [77ms]
2023-01-27 20:46:46.868 [info] > git config --get commit.template [52ms]
2023-01-27 20:46:46.877 [info] > git for-each-ref --format=%(refname)%00%(upstream:short)%00%(objectname)%00%(upstream:track)%00%(upstream:remotename)%00%(upstream:remoteref) refs/heads/main refs/remotes/main [52ms]
2023-01-27 20:46:46.934 [info] > git for-each-ref --sort -committerdate --format %(refname) %(objectname) %(*objectname) [45ms]
2023-01-27 20:46:46.946 [info] > git status -z -uall [63ms]
2023-01-27 20:47:02.332 [info] > git config --get commit.template [43ms]
2023-01-27 20:47:02.345 [info] > git for-each-ref --format=%(refname)%00%(upstream:short)%00%(objectname)%00%(upstream:track)%00%(upstream:remotename)%00%(upstream:remoteref) refs/heads/main refs/remotes/main [51ms]
2023-01-27 20:47:02.404 [info] > git for-each-ref --sort -committerdate --format %(refname) %(objectname) %(*objectname) [47ms]
2023-01-27 20:47:02.416 [info] > git status -z -uall [65ms]
2023-01-27 20:47:44.040 [info] > git config --get commit.template [61ms]
2023-01-27 20:47:44.053 [info] > git for-each-ref --format=%(refname)%00%(upstream:short)%00%(objectname)%00%(upstream:track)%00%(upstream:remotename)%00%(upstream:remoteref) refs/heads/main refs/remotes/main [65ms]
2023-01-27 20:47:44.118 [info] > git for-each-ref --sort -committerdate --format %(refname) %(objectname) %(*objectname) [51ms]
2023-01-27 20:47:44.139 [info] > git status -z -uall [80ms]
2023-01-27 20:47:49.213 [info] > git config --get commit.template [49ms]
2023-01-27 20:47:49.222 [info] > git for-each-ref --format=%(refname)%00%(upstream:short)%00%(objectname)%00%(upstream:track)%00%(upstream:remotename)%00%(upstream:remoteref) refs/heads/main refs/remotes/main [49ms]
2023-01-27 20:47:49.284 [info] > git for-each-ref --sort -committerdate --format %(refname) %(objectname) %(*objectname) [49ms]
2023-01-27 20:47:49.299 [info] > git status -z -uall [70ms]
2023-01-27 20:47:54.382 [info] > git config --get commit.template [55ms]
2023-01-27 20:47:54.392 [info] > git for-each-ref --format=%(refname)%00%(upstream:short)%00%(objectname)%00%(upstream:track)%00%(upstream:remotename)%00%(upstream:remoteref) refs/heads/main refs/remotes/main [53ms]
2023-01-27 20:47:54.450 [info] > git for-each-ref --sort -committerdate --format %(refname) %(objectname) %(*objectname) [45ms]
2023-01-27 20:47:54.472 [info] > git status -z -uall [72ms]
2023-01-27 20:47:59.555 [info] > git config --get commit.template [46ms]
2023-01-27 20:47:59.560 [info] > git for-each-ref --format=%(refname)%00%(upstream:short)%00%(objectname)%00%(upstream:track)%00%(upstream:remotename)%00%(upstream:remoteref) refs/heads/main refs/remotes/main [46ms]
2023-01-27 20:47:59.617 [info] > git for-each-ref --sort -committerdate --format %(refname) %(objectname) %(*objectname) [43ms]
2023-01-27 20:47:59.636 [info] > git status -z -uall [67ms]
2023-01-27 20:48:04.709 [info] > git config --get commit.template [52ms]
2023-01-27 20:48:04.720 [info] > git for-each-ref --format=%(refname)%00%(upstream:short)%00%(objectname)%00%(upstream:track)%00%(upstream:remotename)%00%(upstream:remoteref) refs/heads/main refs/remotes/main [55ms]
2023-01-27 20:48:04.779 [info] > git for-each-ref --sort -committerdate --format %(refname) %(objectname) %(*objectname) [46ms]
2023-01-27 20:48:04.796 [info] > git status -z -uall [71ms]
2023-01-27 20:48:29.844 [info] > git config --get commit.template [60ms]
2023-01-27 20:48:29.854 [info] > git for-each-ref --format=%(refname)%00%(upstream:short)%00%(objectname)%00%(upstream:track)%00%(upstream:remotename)%00%(upstream:remoteref) refs/heads/main refs/remotes/main [60ms]
2023-01-27 20:48:29.928 [info] > git for-each-ref --sort -committerdate --format %(refname) %(objectname) %(*objectname) [60ms]
2023-01-27 20:48:29.950 [info] > git status -z -uall [90ms]
2023-01-27 20:48:35.044 [info] > git for-each-ref --format=%(refname)%00%(upstream:short)%00%(objectname)%00%(upstream:track)%00%(upstream:remotename)%00%(upstream:remoteref) refs/heads/main refs/remotes/main [62ms]
2023-01-27 20:48:35.050 [info] > git config --get commit.template [78ms]
2023-01-27 20:48:35.121 [info] > git for-each-ref --sort -committerdate --format %(refname) %(objectname) %(*objectname) [63ms]
2023-01-27 20:48:35.150 [info] > git status -z -uall [95ms]
2023-01-27 20:48:40.274 [info] > git config --get commit.template [93ms]
2023-01-27 20:48:40.293 [info] > git for-each-ref --format=%(refname)%00%(upstream:short)%00%(objectname)%00%(upstream:track)%00%(upstream:remotename)%00%(upstream:remoteref) refs/heads/main refs/remotes/main [105ms]
2023-01-27 20:48:40.419 [info] > git for-each-ref --sort -committerdate --format %(refname) %(objectname) %(*objectname) [109ms]
2023-01-27 20:48:40.761 [info] > git status -z -uall [461ms]
2023-01-27 20:48:45.857 [info] > git config --get commit.template [60ms]
2023-01-27 20:48:45.869 [info] > git for-each-ref --format=%(refname)%00%(upstream:short)%00%(objectname)%00%(upstream:track)%00%(upstream:remotename)%00%(upstream:remoteref) refs/heads/main refs/remotes/main [64ms]
2023-01-27 20:48:45.935 [info] > git for-each-ref --sort -committerdate --format %(refname) %(objectname) %(*objectname) [54ms]
2023-01-27 20:48:45.955 [info] > git status -z -uall [80ms]
2023-01-27 20:50:14.400 [info] > git config --get commit.template [65ms]
2023-01-27 20:50:14.406 [info] > git for-each-ref --format=%(refname)%00%(upstream:short)%00%(objectname)%00%(upstream:track)%00%(upstream:remotename)%00%(upstream:remoteref) refs/heads/main refs/remotes/main [60ms]
2023-01-27 20:50:14.475 [info] > git for-each-ref --sort -committerdate --format %(refname) %(objectname) %(*objectname) [46ms]
2023-01-27 20:50:14.641 [info] > git status -z -uall [223ms]
2023-01-27 20:50:19.731 [info] > git config --get commit.template [55ms]
2023-01-27 20:50:19.739 [info] > git for-each-ref --format=%(refname)%00%(upstream:short)%00%(objectname)%00%(upstream:track)%00%(upstream:remotename)%00%(upstream:remoteref) refs/heads/main refs/remotes/main [55ms]
2023-01-27 20:50:19.804 [info] > git for-each-ref --sort -committerdate --format %(refname) %(objectname) %(*objectname) [51ms]
2023-01-27 20:50:19.827 [info] > git status -z -uall [80ms]
2023-01-27 20:50:35.106 [info] > git config --get commit.template [39ms]
2023-01-27 20:50:35.116 [info] > git for-each-ref --format=%(refname)%00%(upstream:short)%00%(objectname)%00%(upstream:track)%00%(upstream:remotename)%00%(upstream:remoteref) refs/heads/main refs/remotes/main [43ms]
2023-01-27 20:50:35.161 [info] > git for-each-ref --sort -committerdate --format %(refname) %(objectname) %(*objectname) [36ms]
2023-01-27 20:50:35.178 [info] > git status -z -uall [57ms]
2023-01-27 20:51:30.384 [info] > git config --get commit.template [48ms]
2023-01-27 20:51:30.384 [info] > git for-each-ref --format=%(refname)%00%(upstream:short)%00%(objectname)%00%(upstream:track)%00%(upstream:remotename)%00%(upstream:remoteref) refs/heads/main refs/remotes/main [58ms]
2023-01-27 20:51:30.450 [info] > git for-each-ref --sort -committerdate --format %(refname) %(objectname) %(*objectname) [43ms]
2023-01-27 20:51:30.469 [info] > git status -z -uall [72ms]
2023-01-27 20:52:33.716 [info] > git config --get commit.template [62ms]
2023-01-27 20:52:33.728 [info] > git for-each-ref --format=%(refname)%00%(upstream:short)%00%(objectname)%00%(upstream:track)%00%(upstream:remotename)%00%(upstream:remoteref) refs/heads/main refs/remotes/main [64ms]
2023-01-27 20:52:33.782 [info] > git for-each-ref --sort -committerdate --format %(refname) %(objectname) %(*objectname) [42ms]
2023-01-27 20:52:33.794 [info] > git status -z -uall [59ms]
2023-01-27 20:53:02.491 [info] > git config --get commit.template [55ms]
2023-01-27 20:53:02.502 [info] > git for-each-ref --format=%(refname)%00%(upstream:short)%00%(objectname)%00%(upstream:track)%00%(upstream:remotename)%00%(upstream:remoteref) refs/heads/main refs/remotes/main [56ms]
2023-01-27 20:53:02.562 [info] > git for-each-ref --sort -committerdate --format %(refname) %(objectname) %(*objectname) [48ms]
2023-01-27 20:53:02.581 [info] > git status -z -uall [72ms]
2023-01-27 20:53:07.644 [info] > git config --get commit.template [42ms]
2023-01-27 20:53:07.655 [info] > git for-each-ref --format=%(refname)%00%(upstream:short)%00%(objectname)%00%(upstream:track)%00%(upstream:remotename)%00%(upstream:remoteref) refs/heads/main refs/remotes/main [48ms]
2023-01-27 20:53:07.714 [info] > git for-each-ref --sort -committerdate --format %(refname) %(objectname) %(*objectname) [48ms]
2023-01-27 20:53:07.728 [info] > git status -z -uall [68ms]
2023-01-27 20:53:12.797 [info] > git config --get commit.template [52ms]
2023-01-27 20:53:12.810 [info] > git for-each-ref --format=%(refname)%00%(upstream:short)%00%(objectname)%00%(upstream:track)%00%(upstream:remotename)%00%(upstream:remoteref) refs/heads/main refs/remotes/main [55ms]
2023-01-27 20:53:12.875 [info] > git for-each-ref --sort -committerdate --format %(refname) %(objectname) %(*objectname) [51ms]
2023-01-27 20:53:12.883 [info] > git status -z -uall [65ms]
2023-01-27 20:53:17.968 [info] > git config --get commit.template [59ms]
2023-01-27 20:53:17.977 [info] > git for-each-ref --format=%(refname)%00%(upstream:short)%00%(objectname)%00%(upstream:track)%00%(upstream:remotename)%00%(upstream:remoteref) refs/heads/main refs/remotes/main [60ms]
2023-01-27 20:53:18.042 [info] > git for-each-ref --sort -committerdate --format %(refname) %(objectname) %(*objectname) [51ms]
2023-01-27 20:53:18.061 [info] > git status -z -uall [77ms]
2023-01-27 20:53:23.945 [info] > git config --get commit.template [90ms]
2023-01-27 20:53:23.961 [info] > git for-each-ref --format=%(refname)%00%(upstream:short)%00%(objectname)%00%(upstream:track)%00%(upstream:remotename)%00%(upstream:remoteref) refs/heads/main refs/remotes/main [74ms]
2023-01-27 20:53:24.031 [info] > git for-each-ref --sort -committerdate --format %(refname) %(objectname) %(*objectname) [57ms]
2023-01-27 20:53:24.048 [info] > git status -z -uall [81ms]
2023-01-27 20:53:32.849 [info] > git config --get commit.template [56ms]
2023-01-27 20:53:32.868 [info] > git for-each-ref --format=%(refname)%00%(upstream:short)%00%(objectname)%00%(upstream:track)%00%(upstream:remotename)%00%(upstream:remoteref) refs/heads/main refs/remotes/main [61ms]
2023-01-27 20:53:32.942 [info] > git for-each-ref --sort -committerdate --format %(refname) %(objectname) %(*objectname) [52ms]
2023-01-27 20:53:32.958 [info] > git status -z -uall [80ms]
2023-01-27 20:53:43.814 [info] > git config --get commit.template [48ms]
2023-01-27 20:53:43.825 [info] > git for-each-ref --format=%(refname)%00%(upstream:short)%00%(objectname)%00%(upstream:track)%00%(upstream:remotename)%00%(upstream:remoteref) refs/heads/main refs/remotes/main [50ms]
2023-01-27 20:53:43.888 [info] > git for-each-ref --sort -committerdate --format %(refname) %(objectname) %(*objectname) [50ms]
2023-01-27 20:53:43.904 [info] > git status -z -uall [71ms]
2023-01-27 20:53:49.006 [info] > git config --get commit.template [83ms]
2023-01-27 20:53:49.018 [info] > git for-each-ref --format=%(refname)%00%(upstream:short)%00%(objectname)%00%(upstream:track)%00%(upstream:remotename)%00%(upstream:remoteref) refs/heads/main refs/remotes/main [84ms]
2023-01-27 20:53:49.097 [info] > git for-each-ref --sort -committerdate --format %(refname) %(objectname) %(*objectname) [62ms]
2023-01-27 20:53:49.120 [info] > git status -z -uall [95ms]
2023-01-27 20:54:02.708 [info] > git config --get commit.template [45ms]
2023-01-27 20:54:02.719 [info] > git for-each-ref --format=%(refname)%00%(upstream:short)%00%(objectname)%00%(upstream:track)%00%(upstream:remotename)%00%(upstream:remoteref) refs/heads/main refs/remotes/main [48ms]
2023-01-27 20:54:02.789 [info] > git for-each-ref --sort -committerdate --format %(refname) %(objectname) %(*objectname) [58ms]
2023-01-27 20:54:02.814 [info] > git status -z -uall [89ms]
2023-01-27 20:55:44.689 [info] > git config --get commit.template [54ms]
2023-01-27 20:55:44.699 [info] > git for-each-ref --format=%(refname)%00%(upstream:short)%00%(objectname)%00%(upstream:track)%00%(upstream:remotename)%00%(upstream:remoteref) refs/heads/main refs/remotes/main [54ms]
2023-01-27 20:55:44.771 [info] > git for-each-ref --sort -committerdate --format %(refname) %(objectname) %(*objectname) [51ms]
2023-01-27 20:55:44.793 [info] > git status -z -uall [85ms]
2023-01-27 20:56:00.788 [info] > git config --get commit.template [56ms]
2023-01-27 20:56:00.906 [info] > git for-each-ref --format=%(refname)%00%(upstream:short)%00%(objectname)%00%(upstream:track)%00%(upstream:remotename)%00%(upstream:remoteref) refs/heads/main refs/remotes/main [165ms]
2023-01-27 20:56:01.001 [info] > git for-each-ref --sort -committerdate --format %(refname) %(objectname) %(*objectname) [70ms]
2023-01-27 20:56:01.030 [info] > git status -z -uall [110ms]
2023-01-27 20:56:02.319 [info] > git ls-files --stage -- D:\examples\coursera_test\react_examples\ecommerce\src\Components\Routes\UserLogin.js [78ms]
2023-01-27 20:56:02.322 [info] > git ls-files --stage -- D:\examples\coursera_test\react_examples\ecommerce\src\Components\HomePage\MainMenu.js [66ms]
2023-01-27 20:56:02.339 [info] > git ls-files --stage -- D:\examples\coursera_test\react_examples\ecommerce\src\Components\Navigation.js [70ms]
2023-01-27 20:56:02.351 [info] > git ls-files --stage -- D:\examples\coursera_test\react_examples\ecommerce\src\Components\Routes\Cart.js [70ms]
2023-01-27 20:56:02.364 [info] > git ls-files --stage -- D:\examples\coursera_test\react_examples\ecommerce\src\actions\index.js [70ms]
2023-01-27 20:56:02.375 [info] > git ls-files --stage -- D:\examples\coursera_test\react_examples\ecommerce\src\apis\fakeStore.js [73ms]
2023-01-27 20:56:02.383 [info] > git ls-files --stage -- D:\examples\coursera_test\react_examples\ecommerce\src\reducers\userDetailsReducer.js [73ms]
2023-01-27 20:56:02.399 [info] > git ls-files --stage -- D:\examples\coursera_test\react_examples\ecommerce\src\reducers\index.js [81ms]
2023-01-27 20:56:02.425 [info] > git show --textconv :ecommerce/src/Components/Routes/UserLogin.js [86ms]
2023-01-27 20:56:02.433 [info] > git cat-file -s 15d2b4bf154c32e3ccc1caf6d557517247b8e4e2 [102ms]
2023-01-27 20:56:02.435 [info] > git cat-file -s 1334b619c6b9e8e183e48351ff514248a02c87a5 [63ms]
2023-01-27 20:56:02.456 [info] > git cat-file -s 8dcb95d33a529f9de5422465b2c143191d19c8e7 [74ms]
2023-01-27 20:56:02.462 [info] > git cat-file -s a624006fb26a83c4a5a31d73b0794c15b2d33280 [51ms]
2023-01-27 20:56:02.473 [info] > git show --textconv :ecommerce/src/reducers/userDetailsReducer.js [75ms]
2023-01-27 20:56:02.483 [info] > git cat-file -s 60155c7fd01b9644e27c63f5589d3184e553e57e [136ms]
2023-01-27 20:56:02.484 [info] > git cat-file -s 37839e2c4a0b38832c57edbab29c900c5cb63095 [122ms]
2023-01-27 20:56:02.511 [info] > git show --textconv :ecommerce/src/Components/HomePage/MainMenu.js [64ms]
2023-01-27 20:56:02.518 [info] > git show --textconv :ecommerce/src/actions/index.js [63ms]
2023-01-27 20:56:02.536 [info] > git show --textconv :ecommerce/src/apis/fakeStore.js [64ms]
2023-01-27 20:56:02.547 [info] > git show --textconv :ecommerce/src/reducers/index.js [64ms]
2023-01-27 20:56:02.554 [info] > git show --textconv :ecommerce/src/Components/Navigation.js [60ms]
2023-01-27 20:56:02.565 [info] > git show --textconv :ecommerce/src/Components/Routes/Cart.js [61ms]
2023-01-27 20:56:06.138 [info] > git config --get commit.template [55ms]
2023-01-27 20:56:06.150 [info] > git for-each-ref --format=%(refname)%00%(upstream:short)%00%(objectname)%00%(upstream:track)%00%(upstream:remotename)%00%(upstream:remoteref) refs/heads/main refs/remotes/main [58ms]
2023-01-27 20:56:06.218 [info] > git for-each-ref --sort -committerdate --format %(refname) %(objectname) %(*objectname) [55ms]
2023-01-27 20:56:06.231 [info] > git status -z -uall [75ms]
2023-01-27 20:56:32.318 [info] > git config --get commit.template [50ms]
2023-01-27 20:56:32.330 [info] > git for-each-ref --format=%(refname)%00%(upstream:short)%00%(objectname)%00%(upstream:track)%00%(upstream:remotename)%00%(upstream:remoteref) refs/heads/main refs/remotes/main [52ms]
2023-01-27 20:56:32.399 [info] > git for-each-ref --sort -committerdate --format %(refname) %(objectname) %(*objectname) [49ms]
2023-01-27 20:56:32.418 [info] > git status -z -uall [78ms]
2023-01-27 20:56:44.631 [info] > git config --get commit.template [43ms]
2023-01-27 20:56:44.641 [info] > git for-each-ref --format=%(refname)%00%(upstream:short)%00%(objectname)%00%(upstream:track)%00%(upstream:remotename)%00%(upstream:remoteref) refs/heads/main refs/remotes/main [45ms]
2023-01-27 20:56:44.700 [info] > git for-each-ref --sort -committerdate --format %(refname) %(objectname) %(*objectname) [49ms]
2023-01-27 20:56:44.715 [info] > git status -z -uall [68ms]
2023-01-27 20:56:49.804 [info] > git config --get commit.template [54ms]
2023-01-27 20:56:49.832 [info] > git for-each-ref --format=%(refname)%00%(upstream:short)%00%(objectname)%00%(upstream:track)%00%(upstream:remotename)%00%(upstream:remoteref) refs/heads/main refs/remotes/main [70ms]
2023-01-27 20:56:49.904 [info] > git for-each-ref --sort -committerdate --format %(refname) %(objectname) %(*objectname) [52ms]
2023-01-27 20:56:49.919 [info] > git status -z -uall [77ms]
2023-01-27 20:58:11.519 [info] > git config --get commit.template [53ms]
2023-01-27 20:58:11.529 [info] > git for-each-ref --format=%(refname)%00%(upstream:short)%00%(objectname)%00%(upstream:track)%00%(upstream:remotename)%00%(upstream:remoteref) refs/heads/main refs/remotes/main [53ms]
2023-01-27 20:58:11.603 [info] > git for-each-ref --sort -committerdate --format %(refname) %(objectname) %(*objectname) [53ms]
2023-01-27 20:58:11.612 [info] > git status -z -uall [72ms]
2023-01-27 20:59:28.732 [info] > git config --get commit.template [47ms]
2023-01-27 20:59:28.745 [info] > git for-each-ref --format=%(refname)%00%(upstream:short)%00%(objectname)%00%(upstream:track)%00%(upstream:remotename)%00%(upstream:remoteref) refs/heads/main refs/remotes/main [49ms]
2023-01-27 20:59:28.810 [info] > git for-each-ref --sort -committerdate --format %(refname) %(objectname) %(*objectname) [44ms]
2023-01-27 20:59:28.827 [info] > git status -z -uall [71ms]
2023-01-27 20:59:57.589 [info] > git config --get commit.template [49ms]
2023-01-27 20:59:57.603 [info] > git for-each-ref --format=%(refname)%00%(upstream:short)%00%(objectname)%00%(upstream:track)%00%(upstream:remotename)%00%(upstream:remoteref) refs/heads/main refs/remotes/main [51ms]
2023-01-27 20:59:57.682 [info] > git for-each-ref --sort -committerdate --format %(refname) %(objectname) %(*objectname) [60ms]
2023-01-27 20:59:57.694 [info] > git status -z -uall [81ms]
2023-01-27 21:00:14.741 [info] > git config --get commit.template [64ms]
2023-01-27 21:00:14.749 [info] > git for-each-ref --format=%(refname)%00%(upstream:short)%00%(objectname)%00%(upstream:track)%00%(upstream:remotename)%00%(upstream:remoteref) refs/heads/main refs/remotes/main [63ms]
2023-01-27 21:00:14.812 [info] > git for-each-ref --sort -committerdate --format %(refname) %(objectname) %(*objectname) [50ms]
2023-01-27 21:00:14.830 [info] > git status -z -uall [73ms]
2023-01-27 21:00:43.975 [info] > git config --get commit.template [57ms]
2023-01-27 21:00:43.984 [info] > git for-each-ref --format=%(refname)%00%(upstream:short)%00%(objectname)%00%(upstream:track)%00%(upstream:remotename)%00%(upstream:remoteref) refs/heads/main refs/remotes/main [57ms]
2023-01-27 21:00:44.033 [info] > git for-each-ref --sort -committerdate --format %(refname) %(objectname) %(*objectname) [39ms]
2023-01-27 21:00:44.049 [info] > git status -z -uall [59ms]
2023-01-27 21:00:49.689 [info] > git config --get commit.template [46ms]
2023-01-27 21:00:49.703 [info] > git for-each-ref --format=%(refname)%00%(upstream:short)%00%(objectname)%00%(upstream:track)%00%(upstream:remotename)%00%(upstream:remoteref) refs/heads/main refs/remotes/main [53ms]
2023-01-27 21:00:49.762 [info] > git for-each-ref --sort -committerdate --format %(refname) %(objectname) %(*objectname) [47ms]
2023-01-27 21:00:49.780 [info] > git status -z -uall [71ms]
2023-01-27 21:00:54.855 [info] > git config --get commit.template [50ms]
2023-01-27 21:00:54.869 [info] > git for-each-ref --format=%(refname)%00%(upstream:short)%00%(objectname)%00%(upstream:track)%00%(upstream:remotename)%00%(upstream:remoteref) refs/heads/main refs/remotes/main [55ms]
2023-01-27 21:00:54.928 [info] > git for-each-ref --sort -committerdate --format %(refname) %(objectname) %(*objectname) [46ms]
2023-01-27 21:00:54.941 [info] > git status -z -uall [65ms]
2023-01-27 21:01:16.470 [info] > git config --get commit.template [57ms]
2023-01-27 21:01:16.480 [info] > git for-each-ref --format=%(refname)%00%(upstream:short)%00%(objectname)%00%(upstream:track)%00%(upstream:remotename)%00%(upstream:remoteref) refs/heads/main refs/remotes/main [57ms]
2023-01-27 21:01:16.537 [info] > git for-each-ref --sort -committerdate --format %(refname) %(objectname) %(*objectname) [46ms]
2023-01-27 21:01:16.550 [info] > git status -z -uall [65ms]
2023-01-27 21:03:19.697 [info] > git config --get commit.template [54ms]
2023-01-27 21:03:19.707 [info] > git for-each-ref --format=%(refname)%00%(upstream:short)%00%(objectname)%00%(upstream:track)%00%(upstream:remotename)%00%(upstream:remoteref) refs/heads/main refs/remotes/main [56ms]
2023-01-27 21:03:19.759 [info] > git for-each-ref --sort -committerdate --format %(refname) %(objectname) %(*objectname) [41ms]
2023-01-27 21:03:19.776 [info] > git status -z -uall [64ms]
2023-01-27 21:03:24.854 [info] > git config --get commit.template [51ms]
2023-01-27 21:03:24.860 [info] > git for-each-ref --format=%(refname)%00%(upstream:short)%00%(objectname)%00%(upstream:track)%00%(upstream:remotename)%00%(upstream:remoteref) refs/heads/main refs/remotes/main [46ms]
2023-01-27 21:03:24.916 [info] > git for-each-ref --sort -committerdate --format %(refname) %(objectname) %(*objectname) [45ms]
2023-01-27 21:03:24.929 [info] > git status -z -uall [65ms]
2023-01-27 21:04:17.824 [info] > git config --get commit.template [53ms]
2023-01-27 21:04:17.826 [info] > git for-each-ref --format=%(refname)%00%(upstream:short)%00%(objectname)%00%(upstream:track)%00%(upstream:remotename)%00%(upstream:remoteref) refs/heads/main refs/remotes/main [44ms]
2023-01-27 21:04:17.872 [info] > git for-each-ref --sort -committerdate --format %(refname) %(objectname) %(*objectname) [35ms]
2023-01-27 21:04:17.882 [info] > git status -z -uall [51ms]
2023-01-27 21:05:16.651 [info] > git config --get commit.template [54ms]
2023-01-27 21:05:16.660 [info] > git for-each-ref --format=%(refname)%00%(upstream:short)%00%(objectname)%00%(upstream:track)%00%(upstream:remotename)%00%(upstream:remoteref) refs/heads/main refs/remotes/main [51ms]
2023-01-27 21:05:16.716 [info] > git for-each-ref --sort -committerdate --format %(refname) %(objectname) %(*objectname) [45ms]
2023-01-27 21:05:16.731 [info] > git status -z -uall [65ms]
2023-01-27 21:05:40.734 [info] > git config --get commit.template [50ms]
2023-01-27 21:05:40.749 [info] > git for-each-ref --format=%(refname)%00%(upstream:short)%00%(objectname)%00%(upstream:track)%00%(upstream:remotename)%00%(upstream:remoteref) refs/heads/main refs/remotes/main [58ms]
2023-01-27 21:05:40.810 [info] > git for-each-ref --sort -committerdate --format %(refname) %(objectname) %(*objectname) [49ms]
2023-01-27 21:05:40.823 [info] > git status -z -uall [68ms]
2023-01-27 21:05:46.129 [info] > git config --get commit.template [49ms]
2023-01-27 21:05:46.138 [info] > git for-each-ref --format=%(refname)%00%(upstream:short)%00%(objectname)%00%(upstream:track)%00%(upstream:remotename)%00%(upstream:remoteref) refs/heads/main refs/remotes/main [51ms]
2023-01-27 21:05:46.196 [info] > git for-each-ref --sort -committerdate --format %(refname) %(objectname) %(*objectname) [48ms]
2023-01-27 21:05:46.214 [info] > git status -z -uall [71ms]
2023-01-27 21:05:54.092 [info] > git config --get commit.template [62ms]
2023-01-27 21:05:54.103 [info] > git for-each-ref --format=%(refname)%00%(upstream:short)%00%(objectname)%00%(upstream:track)%00%(upstream:remotename)%00%(upstream:remoteref) refs/heads/main refs/remotes/main [63ms]
2023-01-27 21:05:54.164 [info] > git for-each-ref --sort -committerdate --format %(refname) %(objectname) %(*objectname) [50ms]
2023-01-27 21:05:54.186 [info] > git status -z -uall [78ms]
2023-01-27 21:05:59.271 [info] > git config --get commit.template [57ms]
2023-01-27 21:05:59.277 [info] > git for-each-ref --format=%(refname)%00%(upstream:short)%00%(objectname)%00%(upstream:track)%00%(upstream:remotename)%00%(upstream:remoteref) refs/heads/main refs/remotes/main [53ms]
2023-01-27 21:05:59.341 [info] > git for-each-ref --sort -committerdate --format %(refname) %(objectname) %(*objectname) [52ms]
2023-01-27 21:05:59.357 [info] > git status -z -uall [74ms]
2023-01-27 21:09:17.882 [info] > git config --get commit.template [58ms]
2023-01-27 21:09:17.889 [info] > git for-each-ref --format=%(refname)%00%(upstream:short)%00%(objectname)%00%(upstream:track)%00%(upstream:remotename)%00%(upstream:remoteref) refs/heads/main refs/remotes/main [57ms]
2023-01-27 21:09:17.949 [info] > git for-each-ref --sort -committerdate --format %(refname) %(objectname) %(*objectname) [48ms]
2023-01-27 21:09:17.963 [info] > git status -z -uall [67ms]
