2023-01-25 19:28:24.306 [info] Extension host with pid 17620 started
2023-01-25 19:28:24.307 [info] Skipping acquiring lock for d:\examples\coursera_test\react_examples\ecommerce\User\workspaceStorage\e4f9a451059ddbe5198683f6e0734d6e.
2023-01-25 19:28:24.557 [info] ExtensionService#_doActivateExtension vscode.typescript-language-features, startup: false, activationEvent: 'onLanguage:javascript'
2023-01-25 19:28:24.559 [info] ExtensionService#_doActivateExtension vscode.microsoft-authentication, startup: false, activationEvent: 'onAuthenticationRequest:microsoft'
2023-01-25 19:28:24.559 [info] ExtensionService#_doActivateExtension vscode.git-base, startup: true, activationEvent: '*', root cause: vscode.git
2023-01-25 19:28:24.747 [info] ExtensionService#_doActivateExtension vscode.npm, startup: true, activationEvent: 'workspaceContains:package.json'
2023-01-25 19:28:25.568 [info] ExtensionService#_doActivateExtension vscode.git, startup: true, activationEvent: '*'
2023-01-25 19:28:25.568 [info] ExtensionService#_doActivateExtension vscode.github, startup: true, activationEvent: '*'
2023-01-25 19:28:25.777 [info] ExtensionService#_doActivateExtension vscode.github-authentication, startup: false, activationEvent: 'onAuthenticationRequest:github'
2023-01-25 19:28:31.261 [info] Eager extensions activated
2023-01-25 19:28:31.286 [info] ExtensionService#_doActivateExtension vscode.debug-auto-launch, startup: false, activationEvent: 'onStartupFinished'
2023-01-25 19:28:31.287 [info] ExtensionService#_doActivateExtension vscode.emmet, startup: false, activationEvent: 'onStartupFinished'
2023-01-25 19:28:31.287 [info] ExtensionService#_doActivateExtension vscode.merge-conflict, startup: false, activationEvent: 'onStartupFinished'
2023-01-25 19:28:31.287 [info] ExtensionService#_doActivateExtension ms-vscode-remote.remote-wsl-recommender, startup: false, activationEvent: 'onStartupFinished'
2023-01-25 19:28:31.288 [info] ExtensionService#_doActivateExtension esbenp.prettier-vscode, startup: false, activationEvent: 'onStartupFinished'
2023-01-25 19:28:33.455 [warning] [Decorations] CAPPING events from decorations provider vscode.git 464
2023-01-25 19:28:33.764 [warning] [Decorations] CAPPING events from decorations provider vscode.git 464
2023-01-25 19:28:35.681 [warning] [Decorations] CAPPING events from decorations provider vscode.git 464
2023-01-25 19:28:45.153 [warning] [Decorations] CAPPING events from decorations provider vscode.git 464
2023-01-25 19:29:10.476 [warning] [Decorations] CAPPING events from decorations provider vscode.git 464
2023-01-25 19:29:15.644 [warning] [Decorations] CAPPING events from decorations provider vscode.git 464
2023-01-25 19:29:24.152 [warning] [Decorations] CAPPING events from decorations provider vscode.git 464
2023-01-25 19:31:16.112 [warning] [Decorations] CAPPING events from decorations provider vscode.git 464
2023-01-25 19:31:56.628 [warning] [Decorations] CAPPING events from decorations provider vscode.git 464
2023-01-25 19:32:24.406 [warning] [Decorations] CAPPING events from decorations provider vscode.git 464
2023-01-25 19:32:29.654 [warning] [Decorations] CAPPING events from decorations provider vscode.git 465
2023-01-25 19:32:34.819 [warning] [Decorations] CAPPING events from decorations provider vscode.git 465
2023-01-25 19:32:39.987 [warning] [Decorations] CAPPING events from decorations provider vscode.git 465
2023-01-25 19:35:26.935 [warning] [Decorations] CAPPING events from decorations provider vscode.git 465
2023-01-25 19:35:32.089 [warning] [Decorations] CAPPING events from decorations provider vscode.git 465
2023-01-25 19:35:37.419 [warning] [Decorations] CAPPING events from decorations provider vscode.git 466
2023-01-25 19:35:42.735 [warning] [Decorations] CAPPING events from decorations provider vscode.git 466
2023-01-25 19:36:24.917 [warning] [Decorations] CAPPING events from decorations provider vscode.git 466
2023-01-25 19:37:01.702 [warning] [Decorations] CAPPING events from decorations provider vscode.git 466
2023-01-25 19:37:18.104 [warning] [Decorations] CAPPING events from decorations provider vscode.git 466
2023-01-25 19:37:23.278 [warning] [Decorations] CAPPING events from decorations provider vscode.git 466
2023-01-25 19:37:28.454 [warning] [Decorations] CAPPING events from decorations provider vscode.git 466
2023-01-25 19:37:34.986 [warning] [Decorations] CAPPING events from decorations provider vscode.git 465
2023-01-25 19:37:51.161 [warning] [Decorations] CAPPING events from decorations provider vscode.git 465
2023-01-25 19:38:01.986 [warning] [Decorations] CAPPING events from decorations provider vscode.git 466
2023-01-25 19:38:07.198 [warning] [Decorations] CAPPING events from decorations provider vscode.git 466
2023-01-25 19:38:12.364 [warning] [Decorations] CAPPING events from decorations provider vscode.git 466
2023-01-25 19:38:24.202 [warning] [Decorations] CAPPING events from decorations provider vscode.git 466
2023-01-25 19:38:29.347 [warning] [Decorations] CAPPING events from decorations provider vscode.git 467
2023-01-25 19:38:34.532 [warning] [Decorations] CAPPING events from decorations provider vscode.git 467
2023-01-25 19:38:39.721 [warning] [Decorations] CAPPING events from decorations provider vscode.git 467
2023-01-25 19:38:52.679 [warning] [Decorations] CAPPING events from decorations provider vscode.git 468
2023-01-25 19:38:57.893 [warning] [Decorations] CAPPING events from decorations provider vscode.git 468
2023-01-25 19:39:03.026 [warning] [Decorations] CAPPING events from decorations provider vscode.git 468
2023-01-25 19:39:08.368 [warning] [Decorations] CAPPING events from decorations provider vscode.git 468
2023-01-25 19:39:24.253 [warning] [Decorations] CAPPING events from decorations provider vscode.git 468
2023-01-25 19:42:28.398 [warning] [Decorations] CAPPING events from decorations provider vscode.git 468
2023-01-25 19:46:20.738 [warning] [Decorations] CAPPING events from decorations provider vscode.git 465
2023-01-25 19:46:25.904 [warning] [Decorations] CAPPING events from decorations provider vscode.git 465
2023-01-25 19:46:33.279 [warning] [Decorations] CAPPING events from decorations provider vscode.git 466
2023-01-25 19:46:41.534 [warning] [Decorations] CAPPING events from decorations provider vscode.git 466
2023-01-25 19:46:46.698 [warning] [Decorations] CAPPING events from decorations provider vscode.git 466
2023-01-25 19:46:51.858 [warning] [Decorations] CAPPING events from decorations provider vscode.git 466
2023-01-25 19:47:24.621 [warning] [Decorations] CAPPING events from decorations provider vscode.git 466
2023-01-25 19:47:29.778 [warning] [Decorations] CAPPING events from decorations provider vscode.git 466
2023-01-25 19:49:09.314 [warning] [Decorations] CAPPING events from decorations provider vscode.git 465
2023-01-25 19:50:27.614 [warning] [Decorations] CAPPING events from decorations provider vscode.git 465
2023-01-25 19:50:34.276 [warning] [Decorations] CAPPING events from decorations provider vscode.git 466
2023-01-25 19:50:50.593 [warning] [Decorations] CAPPING events from decorations provider vscode.git 466
2023-01-25 19:50:55.742 [warning] [Decorations] CAPPING events from decorations provider vscode.git 466
2023-01-25 19:51:06.569 [warning] [Decorations] CAPPING events from decorations provider vscode.git 467
2023-01-25 19:51:11.724 [warning] [Decorations] CAPPING events from decorations provider vscode.git 467
2023-01-25 19:51:16.893 [warning] [Decorations] CAPPING events from decorations provider vscode.git 467
2023-01-25 19:51:24.655 [warning] [Decorations] CAPPING events from decorations provider vscode.git 467
2023-01-25 19:51:44.811 [warning] [Decorations] CAPPING events from decorations provider vscode.git 468
2023-01-25 19:51:51.743 [warning] [Decorations] CAPPING events from decorations provider vscode.git 468
2023-01-25 19:51:58.283 [warning] [Decorations] CAPPING events from decorations provider vscode.git 468
2023-01-25 19:52:24.611 [warning] [Decorations] CAPPING events from decorations provider vscode.git 468
2023-01-25 19:52:29.766 [warning] [Decorations] CAPPING events from decorations provider vscode.git 468
2023-01-25 19:55:25.745 [warning] [Decorations] CAPPING events from decorations provider vscode.git 465
2023-01-25 19:57:32.030 [warning] [Decorations] CAPPING events from decorations provider vscode.git 465
2023-01-25 19:57:37.194 [warning] [Decorations] CAPPING events from decorations provider vscode.git 464
2023-01-25 19:58:24.718 [warning] [Decorations] CAPPING events from decorations provider vscode.git 464
2023-01-25 20:01:21.586 [warning] [Decorations] CAPPING events from decorations provider vscode.git 465
2023-01-25 20:01:26.742 [warning] [Decorations] CAPPING events from decorations provider vscode.git 465
2023-01-25 20:01:31.935 [warning] [Decorations] CAPPING events from decorations provider vscode.git 465
2023-01-25 20:01:37.078 [warning] [Decorations] CAPPING events from decorations provider vscode.git 465
2023-01-25 20:01:42.235 [warning] [Decorations] CAPPING events from decorations provider vscode.git 465
2023-01-25 20:01:47.398 [warning] [Decorations] CAPPING events from decorations provider vscode.git 465
2023-01-25 20:01:53.998 [warning] [Decorations] CAPPING events from decorations provider vscode.git 466
2023-01-25 20:01:59.152 [warning] [Decorations] CAPPING events from decorations provider vscode.git 466
2023-01-25 20:02:04.307 [warning] [Decorations] CAPPING events from decorations provider vscode.git 466
2023-01-25 20:02:09.451 [warning] [Decorations] CAPPING events from decorations provider vscode.git 466
2023-01-25 20:02:14.600 [warning] [Decorations] CAPPING events from decorations provider vscode.git 466
2023-01-25 20:02:24.468 [warning] [Decorations] CAPPING events from decorations provider vscode.git 466
2023-01-25 20:02:29.618 [warning] [Decorations] CAPPING events from decorations provider vscode.git 466
2023-01-25 20:03:06.066 [warning] [Decorations] CAPPING events from decorations provider vscode.git 465
2023-01-25 20:03:17.502 [warning] [Decorations] CAPPING events from decorations provider vscode.git 466
2023-01-25 20:03:22.644 [warning] [Decorations] CAPPING events from decorations provider vscode.git 466
2023-01-25 20:03:27.807 [warning] [Decorations] CAPPING events from decorations provider vscode.git 466
2023-01-25 20:03:32.967 [warning] [Decorations] CAPPING events from decorations provider vscode.git 466
2023-01-25 20:03:38.119 [warning] [Decorations] CAPPING events from decorations provider vscode.git 466
2023-01-25 20:03:57.612 [warning] [Decorations] CAPPING events from decorations provider vscode.git 467
2023-01-25 20:04:02.725 [warning] [Decorations] CAPPING events from decorations provider vscode.git 467
2023-01-25 20:04:07.868 [warning] [Decorations] CAPPING events from decorations provider vscode.git 467
2023-01-25 20:04:19.361 [warning] [Decorations] CAPPING events from decorations provider vscode.git 468
2023-01-25 20:04:24.541 [warning] [Decorations] CAPPING events from decorations provider vscode.git 468
2023-01-25 20:04:30.942 [warning] [Decorations] CAPPING events from decorations provider vscode.git 468
2023-01-25 20:05:02.071 [warning] [Decorations] CAPPING events from decorations provider vscode.git 469
2023-01-25 20:05:07.221 [warning] [Decorations] CAPPING events from decorations provider vscode.git 469
2023-01-25 20:05:17.857 [warning] [Decorations] CAPPING events from decorations provider vscode.git 470
2023-01-25 20:05:24.522 [warning] [Decorations] CAPPING events from decorations provider vscode.git 470
2023-01-25 20:05:29.904 [warning] [Decorations] CAPPING events from decorations provider vscode.git 471
2023-01-25 20:06:00.213 [warning] [Decorations] CAPPING events from decorations provider vscode.git 471
2023-01-25 20:07:28.348 [warning] [Decorations] CAPPING events from decorations provider vscode.git 471
2023-01-25 20:10:39.261 [warning] [Decorations] CAPPING events from decorations provider vscode.git 464
2023-01-25 20:10:57.758 [warning] [Decorations] CAPPING events from decorations provider vscode.git 465
2023-01-25 20:11:02.916 [warning] [Decorations] CAPPING events from decorations provider vscode.git 465
2023-01-25 20:11:08.072 [warning] [Decorations] CAPPING events from decorations provider vscode.git 465
2023-01-25 20:11:14.197 [warning] [Decorations] CAPPING events from decorations provider vscode.git 465
2023-01-25 20:11:19.344 [warning] [Decorations] CAPPING events from decorations provider vscode.git 465
2023-01-25 20:11:55.322 [warning] [Decorations] CAPPING events from decorations provider vscode.git 465
2023-01-25 20:12:01.463 [warning] [Decorations] CAPPING events from decorations provider vscode.git 466
2023-01-25 20:12:06.622 [warning] [Decorations] CAPPING events from decorations provider vscode.git 466
2023-01-25 20:12:11.765 [warning] [Decorations] CAPPING events from decorations provider vscode.git 466
2023-01-25 20:12:24.614 [warning] [Decorations] CAPPING events from decorations provider vscode.git 466
2023-01-25 20:12:29.766 [warning] [Decorations] CAPPING events from decorations provider vscode.git 466
2023-01-25 20:12:34.920 [warning] [Decorations] CAPPING events from decorations provider vscode.git 465
2023-01-25 20:12:40.063 [warning] [Decorations] CAPPING events from decorations provider vscode.git 465
2023-01-25 20:12:45.189 [warning] [Decorations] CAPPING events from decorations provider vscode.git 465
2023-01-25 20:12:50.341 [warning] [Decorations] CAPPING events from decorations provider vscode.git 465
2023-01-25 20:13:00.114 [warning] [Decorations] CAPPING events from decorations provider vscode.git 466
2023-01-25 20:13:05.279 [warning] [Decorations] CAPPING events from decorations provider vscode.git 466
2023-01-25 20:13:25.417 [warning] [Decorations] CAPPING events from decorations provider vscode.git 466
2023-01-25 20:13:54.041 [warning] [Decorations] CAPPING events from decorations provider vscode.git 467
2023-01-25 20:13:59.295 [warning] [Decorations] CAPPING events from decorations provider vscode.git 467
2023-01-25 20:14:04.452 [warning] [Decorations] CAPPING events from decorations provider vscode.git 467
2023-01-25 20:14:09.596 [warning] [Decorations] CAPPING events from decorations provider vscode.git 467
2023-01-25 20:14:24.534 [warning] [Decorations] CAPPING events from decorations provider vscode.git 467
2023-01-25 20:14:29.678 [warning] [Decorations] CAPPING events from decorations provider vscode.git 468
2023-01-25 20:14:34.825 [warning] [Decorations] CAPPING events from decorations provider vscode.git 468
2023-01-25 20:14:39.972 [warning] [Decorations] CAPPING events from decorations provider vscode.git 468
2023-01-25 20:14:45.119 [warning] [Decorations] CAPPING events from decorations provider vscode.git 468
2023-01-25 20:14:50.276 [warning] [Decorations] CAPPING events from decorations provider vscode.git 468
2023-01-25 20:14:55.445 [warning] [Decorations] CAPPING events from decorations provider vscode.git 468
2023-01-25 20:15:00.594 [warning] [Decorations] CAPPING events from decorations provider vscode.git 468
2023-01-25 20:15:06.242 [warning] [Decorations] CAPPING events from decorations provider vscode.git 469
2023-01-25 20:15:13.471 [warning] [Decorations] CAPPING events from decorations provider vscode.git 469
2023-01-25 20:15:24.678 [warning] [Decorations] CAPPING events from decorations provider vscode.git 469
2023-01-25 20:15:29.839 [warning] [Decorations] CAPPING events from decorations provider vscode.git 470
2023-01-25 20:15:34.992 [warning] [Decorations] CAPPING events from decorations provider vscode.git 470
2023-01-25 20:16:24.913 [warning] [Decorations] CAPPING events from decorations provider vscode.git 470
2023-01-25 20:16:48.863 [warning] [Decorations] CAPPING events from decorations provider vscode.git 470
2023-01-25 20:16:54.025 [warning] [Decorations] CAPPING events from decorations provider vscode.git 471
2023-01-25 20:16:59.202 [warning] [Decorations] CAPPING events from decorations provider vscode.git 471
2023-01-25 20:17:07.598 [warning] [Decorations] CAPPING events from decorations provider vscode.git 472
2023-01-25 20:17:15.855 [warning] [Decorations] CAPPING events from decorations provider vscode.git 472
2023-01-25 20:18:34.839 [warning] [Decorations] CAPPING events from decorations provider vscode.git 472
2023-01-25 20:18:39.982 [warning] [Decorations] CAPPING events from decorations provider vscode.git 464
2023-01-25 20:18:54.113 [warning] [Decorations] CAPPING events from decorations provider vscode.git 465
2023-01-25 20:18:59.248 [warning] [Decorations] CAPPING events from decorations provider vscode.git 465
2023-01-25 20:19:04.390 [warning] [Decorations] CAPPING events from decorations provider vscode.git 465
2023-01-25 20:19:09.528 [warning] [Decorations] CAPPING events from decorations provider vscode.git 465
2023-01-25 20:19:14.698 [warning] [Decorations] CAPPING events from decorations provider vscode.git 465
2023-01-25 20:19:21.557 [warning] [Decorations] CAPPING events from decorations provider vscode.git 465
2023-01-25 20:19:26.679 [warning] [Decorations] CAPPING events from decorations provider vscode.git 465
2023-01-25 20:19:39.899 [warning] [Decorations] CAPPING events from decorations provider vscode.git 466
2023-01-25 20:19:47.808 [warning] [Decorations] CAPPING events from decorations provider vscode.git 466
2023-01-25 20:19:52.951 [warning] [Decorations] CAPPING events from decorations provider vscode.git 466
2023-01-25 20:21:06.860 [warning] [Decorations] CAPPING events from decorations provider vscode.git 467
2023-01-25 20:21:24.684 [warning] [Decorations] CAPPING events from decorations provider vscode.git 467
2023-01-25 20:22:28.257 [warning] [Decorations] CAPPING events from decorations provider vscode.git 467
2023-01-25 20:24:39.722 [warning] [Decorations] CAPPING events from decorations provider vscode.git 465
2023-01-25 20:25:15.259 [warning] [Decorations] CAPPING events from decorations provider vscode.git 465
2023-01-25 20:25:22.198 [warning] [Decorations] CAPPING events from decorations provider vscode.git 466
2023-01-25 20:25:27.325 [warning] [Decorations] CAPPING events from decorations provider vscode.git 466
2023-01-25 20:25:32.455 [warning] [Decorations] CAPPING events from decorations provider vscode.git 466
2023-01-25 20:25:37.581 [warning] [Decorations] CAPPING events from decorations provider vscode.git 466
2023-01-25 20:25:51.280 [warning] [Decorations] CAPPING events from decorations provider vscode.git 466
2023-01-25 20:26:02.718 [warning] [Decorations] CAPPING events from decorations provider vscode.git 467
2023-01-25 20:26:48.233 [warning] [Decorations] CAPPING events from decorations provider vscode.git 467
2023-01-25 20:27:24.767 [warning] [Decorations] CAPPING events from decorations provider vscode.git 467
2023-01-25 20:27:29.907 [warning] [Decorations] CAPPING events from decorations provider vscode.git 467
2023-01-25 20:29:04.322 [warning] [Decorations] CAPPING events from decorations provider vscode.git 464
2023-01-25 20:29:09.460 [warning] [Decorations] CAPPING events from decorations provider vscode.git 464
