2023-01-25 19:28:25.856 [info] Log level: Info
2023-01-25 19:28:25.856 [info] Validating found git in: "C:\Program Files\Git\cmd\git.exe"
2023-01-25 19:28:31.249 [info] Using git "2.35.1.windows.2" from "C:\Program Files\Git\cmd\git.exe"
2023-01-25 19:28:31.903 [info] > git rev-parse --show-toplevel [641ms]
2023-01-25 19:28:31.974 [info] > git rev-parse --git-dir --git-common-dir [62ms]
2023-01-25 19:28:31.978 [info] Open repository: d:\examples\coursera_test\react_examples
2023-01-25 19:28:32.050 [info] > git rev-parse --show-toplevel [63ms]
2023-01-25 19:28:32.059 [info] > git config --get commit.template [63ms]
2023-01-25 19:28:32.113 [info] > git rev-parse --show-toplevel [56ms]
2023-01-25 19:28:32.172 [info] > git rev-parse --show-toplevel [52ms]
2023-01-25 19:28:32.293 [info] > git rev-parse --show-toplevel [113ms]
2023-01-25 19:28:32.360 [info] > git rev-parse --show-toplevel [60ms]
2023-01-25 19:28:32.420 [info] > git rev-parse --show-toplevel [53ms]
2023-01-25 19:28:32.478 [info] > git rev-parse --show-toplevel [50ms]
2023-01-25 19:28:32.566 [info] > git rev-parse --show-toplevel [81ms]
2023-01-25 19:28:32.627 [info] > git rev-parse --show-toplevel [53ms]
2023-01-25 19:28:32.675 [info] > git rev-parse --show-toplevel [42ms]
2023-01-25 19:28:32.705 [info] > git for-each-ref --format=%(refname)%00%(upstream:short)%00%(objectname)%00%(upstream:track)%00%(upstream:remotename)%00%(upstream:remoteref) refs/heads/main refs/remotes/main [702ms]
2023-01-25 19:28:32.720 [info] > git check-ignore -v -z --stdin [186ms]
2023-01-25 19:28:32.735 [info] > git rev-parse --show-toplevel [53ms]
2023-01-25 19:28:32.805 [info] > git rev-parse --show-toplevel [61ms]
2023-01-25 19:28:32.862 [info] > git rev-parse --show-toplevel [50ms]
2023-01-25 19:28:32.919 [info] > git for-each-ref --sort -committerdate --format %(refname) %(objectname) %(*objectname) [200ms]
2023-01-25 19:28:32.922 [info] > git rev-parse --show-toplevel [55ms]
2023-01-25 19:28:32.982 [info] > git rev-parse --show-toplevel [51ms]
2023-01-25 19:28:33.041 [info] > git rev-parse --show-toplevel [52ms]
2023-01-25 19:28:33.101 [info] > git rev-parse --show-toplevel [53ms]
2023-01-25 19:28:33.192 [info] > git rev-parse --show-toplevel [85ms]
2023-01-25 19:28:33.260 [info] > git rev-parse --show-toplevel [61ms]
2023-01-25 19:28:33.322 [info] > git rev-parse --show-toplevel [56ms]
2023-01-25 19:28:33.412 [info] > git rev-parse --show-toplevel [83ms]
2023-01-25 19:28:33.431 [info] > git status -z -uall [718ms]
2023-01-25 19:28:33.522 [info] > git ls-files --stage -- D:\examples\coursera_test\react_examples\ecommerce\src\Components\Routes\UserLogin.js [95ms]
2023-01-25 19:28:33.535 [info] > git show --textconv :ecommerce/src/Components/Routes/UserLogin.js [115ms]
2023-01-25 19:28:33.642 [info] > git config --get commit.template [161ms]
2023-01-25 19:28:33.643 [info] > git for-each-ref --format=%(refname)%00%(upstream:short)%00%(objectname)%00%(upstream:track)%00%(upstream:remotename)%00%(upstream:remoteref) refs/heads/main refs/remotes/main [145ms]
2023-01-25 19:28:33.745 [info] > git for-each-ref --sort -committerdate --format %(refname) %(objectname) %(*objectname) [71ms]
2023-01-25 19:28:33.754 [info] > git status -z -uall [98ms]
2023-01-25 19:28:34.686 [info] > git ls-files --stage -- D:\examples\coursera_test\react_examples\ecommerce\src\Components\Routes\UserLogin.js [49ms]
2023-01-25 19:28:34.751 [info] > git show --textconv :ecommerce/src/Components/Routes/UserLogin.js [54ms]
2023-01-25 19:28:35.585 [info] > git config --get commit.template [46ms]
2023-01-25 19:28:35.595 [info] > git for-each-ref --format=%(refname)%00%(upstream:short)%00%(objectname)%00%(upstream:track)%00%(upstream:remotename)%00%(upstream:remoteref) refs/heads/main refs/remotes/main [50ms]
2023-01-25 19:28:35.656 [info] > git for-each-ref --sort -committerdate --format %(refname) %(objectname) %(*objectname) [48ms]
2023-01-25 19:28:35.671 [info] > git status -z -uall [70ms]
2023-01-25 19:28:45.073 [info] > git config --get commit.template [64ms]
2023-01-25 19:28:45.079 [info] > git for-each-ref --format=%(refname)%00%(upstream:short)%00%(objectname)%00%(upstream:track)%00%(upstream:remotename)%00%(upstream:remoteref) refs/heads/main refs/remotes/main [60ms]
2023-01-25 19:28:45.131 [info] > git for-each-ref --sort -committerdate --format %(refname) %(objectname) %(*objectname) [41ms]
2023-01-25 19:28:45.146 [info] > git status -z -uall [60ms]
2023-01-25 19:29:10.305 [info] > git config --get commit.template [82ms]
2023-01-25 19:29:10.322 [info] > git for-each-ref --format=%(refname)%00%(upstream:short)%00%(objectname)%00%(upstream:track)%00%(upstream:remotename)%00%(upstream:remoteref) refs/heads/main refs/remotes/main [85ms]
2023-01-25 19:29:10.433 [info] > git for-each-ref --sort -committerdate --format %(refname) %(objectname) %(*objectname) [91ms]
2023-01-25 19:29:10.453 [info] > git status -z -uall [121ms]
2023-01-25 19:29:15.563 [info] > git config --get commit.template [62ms]
2023-01-25 19:29:15.572 [info] > git for-each-ref --format=%(refname)%00%(upstream:short)%00%(objectname)%00%(upstream:track)%00%(upstream:remotename)%00%(upstream:remoteref) refs/heads/main refs/remotes/main [59ms]
2023-01-25 19:29:15.625 [info] > git for-each-ref --sort -committerdate --format %(refname) %(objectname) %(*objectname) [41ms]
2023-01-25 19:29:15.637 [info] > git status -z -uall [60ms]
2023-01-25 19:29:24.074 [info] > git config --get commit.template [62ms]
2023-01-25 19:29:24.083 [info] > git for-each-ref --format=%(refname)%00%(upstream:short)%00%(objectname)%00%(upstream:track)%00%(upstream:remotename)%00%(upstream:remoteref) refs/heads/main refs/remotes/main [58ms]
2023-01-25 19:29:24.135 [info] > git for-each-ref --sort -committerdate --format %(refname) %(objectname) %(*objectname) [41ms]
2023-01-25 19:29:24.147 [info] > git status -z -uall [58ms]
2023-01-25 19:31:15.969 [info] > git config --get commit.template [84ms]
2023-01-25 19:31:15.978 [info] > git for-each-ref --format=%(refname)%00%(upstream:short)%00%(objectname)%00%(upstream:track)%00%(upstream:remotename)%00%(upstream:remoteref) refs/heads/main refs/remotes/main [82ms]
2023-01-25 19:31:16.073 [info] > git for-each-ref --sort -committerdate --format %(refname) %(objectname) %(*objectname) [74ms]
2023-01-25 19:31:16.091 [info] > git status -z -uall [104ms]
2023-01-25 19:31:56.474 [info] > git config --get commit.template [51ms]
2023-01-25 19:31:56.490 [info] > git for-each-ref --format=%(refname)%00%(upstream:short)%00%(objectname)%00%(upstream:track)%00%(upstream:remotename)%00%(upstream:remoteref) refs/heads/main refs/remotes/main [57ms]
2023-01-25 19:31:56.605 [info] > git for-each-ref --sort -committerdate --format %(refname) %(objectname) %(*objectname) [94ms]
2023-01-25 19:31:56.605 [info] > git status -z -uall [105ms]
2023-01-25 19:32:24.320 [info] > git config --get commit.template [53ms]
2023-01-25 19:32:24.329 [info] > git for-each-ref --format=%(refname)%00%(upstream:short)%00%(objectname)%00%(upstream:track)%00%(upstream:remotename)%00%(upstream:remoteref) refs/heads/main refs/remotes/main [50ms]
2023-01-25 19:32:24.384 [info] > git for-each-ref --sort -committerdate --format %(refname) %(objectname) %(*objectname) [42ms]
2023-01-25 19:32:24.398 [info] > git status -z -uall [62ms]
2023-01-25 19:32:29.526 [info] > git config --get commit.template [92ms]
2023-01-25 19:32:29.537 [info] > git for-each-ref --format=%(refname)%00%(upstream:short)%00%(objectname)%00%(upstream:track)%00%(upstream:remotename)%00%(upstream:remoteref) refs/heads/main refs/remotes/main [92ms]
2023-01-25 19:32:29.625 [info] > git for-each-ref --sort -committerdate --format %(refname) %(objectname) %(*objectname) [70ms]
2023-01-25 19:32:29.643 [info] > git status -z -uall [97ms]
2023-01-25 19:32:34.727 [info] > git config --get commit.template [56ms]
2023-01-25 19:32:34.736 [info] > git for-each-ref --format=%(refname)%00%(upstream:short)%00%(objectname)%00%(upstream:track)%00%(upstream:remotename)%00%(upstream:remoteref) refs/heads/main refs/remotes/main [55ms]
2023-01-25 19:32:34.798 [info] > git for-each-ref --sort -committerdate --format %(refname) %(objectname) %(*objectname) [51ms]
2023-01-25 19:32:34.810 [info] > git status -z -uall [69ms]
2023-01-25 19:32:39.886 [info] > git config --get commit.template [49ms]
2023-01-25 19:32:39.891 [info] > git for-each-ref --format=%(refname)%00%(upstream:short)%00%(objectname)%00%(upstream:track)%00%(upstream:remotename)%00%(upstream:remoteref) refs/heads/main refs/remotes/main [49ms]
2023-01-25 19:32:39.957 [info] > git for-each-ref --sort -committerdate --format %(refname) %(objectname) %(*objectname) [54ms]
2023-01-25 19:32:39.979 [info] > git status -z -uall [81ms]
2023-01-25 19:35:26.814 [info] > git config --get commit.template [70ms]
2023-01-25 19:35:26.822 [info] > git for-each-ref --format=%(refname)%00%(upstream:short)%00%(objectname)%00%(upstream:track)%00%(upstream:remotename)%00%(upstream:remoteref) refs/heads/main refs/remotes/main [63ms]
2023-01-25 19:35:26.894 [info] > git for-each-ref --sort -committerdate --format %(refname) %(objectname) %(*objectname) [53ms]
2023-01-25 19:35:26.908 [info] > git status -z -uall [77ms]
2023-01-25 19:35:31.996 [info] > git config --get commit.template [44ms]
2023-01-25 19:35:32.006 [info] > git for-each-ref --format=%(refname)%00%(upstream:short)%00%(objectname)%00%(upstream:track)%00%(upstream:remotename)%00%(upstream:remoteref) refs/heads/main refs/remotes/main [50ms]
2023-01-25 19:35:32.069 [info] > git for-each-ref --sort -committerdate --format %(refname) %(objectname) %(*objectname) [49ms]
2023-01-25 19:35:32.084 [info] > git status -z -uall [69ms]
2023-01-25 19:35:37.329 [info] > git config --get commit.template [67ms]
2023-01-25 19:35:37.339 [info] > git for-each-ref --format=%(refname)%00%(upstream:short)%00%(objectname)%00%(upstream:track)%00%(upstream:remotename)%00%(upstream:remoteref) refs/heads/main refs/remotes/main [65ms]
2023-01-25 19:35:37.396 [info] > git for-each-ref --sort -committerdate --format %(refname) %(objectname) %(*objectname) [45ms]
2023-01-25 19:35:37.410 [info] > git status -z -uall [65ms]
2023-01-25 19:35:42.636 [info] > git for-each-ref --format=%(refname)%00%(upstream:short)%00%(objectname)%00%(upstream:track)%00%(upstream:remotename)%00%(upstream:remoteref) refs/heads/main refs/remotes/main [183ms]
2023-01-25 19:35:42.648 [info] > git config --get commit.template [208ms]
2023-01-25 19:35:42.711 [info] > git for-each-ref --sort -committerdate --format %(refname) %(objectname) %(*objectname) [48ms]
2023-01-25 19:35:42.725 [info] > git status -z -uall [70ms]
2023-01-25 19:36:24.766 [info] > git for-each-ref --format=%(refname)%00%(upstream:short)%00%(objectname)%00%(upstream:track)%00%(upstream:remotename)%00%(upstream:remoteref) refs/heads/main refs/remotes/main [368ms]
2023-01-25 19:36:24.779 [info] > git config --get commit.template [391ms]
2023-01-25 19:36:24.845 [info] > git for-each-ref --sort -committerdate --format %(refname) %(objectname) %(*objectname) [46ms]
2023-01-25 19:36:24.898 [info] > git status -z -uall [109ms]
2023-01-25 19:37:01.556 [info] > git for-each-ref --format=%(refname)%00%(upstream:short)%00%(objectname)%00%(upstream:track)%00%(upstream:remotename)%00%(upstream:remoteref) refs/heads/main refs/remotes/main [147ms]
2023-01-25 19:37:01.568 [info] > git config --get commit.template [172ms]
2023-01-25 19:37:01.668 [info] > git for-each-ref --sort -committerdate --format %(refname) %(objectname) %(*objectname) [78ms]
2023-01-25 19:37:01.687 [info] > git status -z -uall [110ms]
2023-01-25 19:37:17.935 [info] > git config --get commit.template [60ms]
2023-01-25 19:37:17.948 [info] > git for-each-ref --format=%(refname)%00%(upstream:short)%00%(objectname)%00%(upstream:track)%00%(upstream:remotename)%00%(upstream:remoteref) refs/heads/main refs/remotes/main [65ms]
2023-01-25 19:37:18.060 [info] > git for-each-ref --sort -committerdate --format %(refname) %(objectname) %(*objectname) [88ms]
2023-01-25 19:37:18.084 [info] > git status -z -uall [125ms]
2023-01-25 19:37:23.191 [info] > git config --get commit.template [64ms]
2023-01-25 19:37:23.202 [info] > git for-each-ref --format=%(refname)%00%(upstream:short)%00%(objectname)%00%(upstream:track)%00%(upstream:remotename)%00%(upstream:remoteref) refs/heads/main refs/remotes/main [64ms]
2023-01-25 19:37:23.255 [info] > git for-each-ref --sort -committerdate --format %(refname) %(objectname) %(*objectname) [42ms]
2023-01-25 19:37:23.271 [info] > git status -z -uall [65ms]
2023-01-25 19:37:28.373 [info] > git config --get commit.template [70ms]
2023-01-25 19:37:28.381 [info] > git for-each-ref --format=%(refname)%00%(upstream:short)%00%(objectname)%00%(upstream:track)%00%(upstream:remotename)%00%(upstream:remoteref) refs/heads/main refs/remotes/main [68ms]
2023-01-25 19:37:28.435 [info] > git for-each-ref --sort -committerdate --format %(refname) %(objectname) %(*objectname) [42ms]
2023-01-25 19:37:28.449 [info] > git status -z -uall [62ms]
2023-01-25 19:37:34.889 [info] > git config --get commit.template [76ms]
2023-01-25 19:37:34.902 [info] > git for-each-ref --format=%(refname)%00%(upstream:short)%00%(objectname)%00%(upstream:track)%00%(upstream:remotename)%00%(upstream:remoteref) refs/heads/main refs/remotes/main [78ms]
2023-01-25 19:37:34.967 [info] > git for-each-ref --sort -committerdate --format %(refname) %(objectname) %(*objectname) [49ms]
2023-01-25 19:37:34.979 [info] > git status -z -uall [70ms]
2023-01-25 19:37:51.044 [info] > git config --get commit.template [86ms]
2023-01-25 19:37:51.056 [info] > git for-each-ref --format=%(refname)%00%(upstream:short)%00%(objectname)%00%(upstream:track)%00%(upstream:remotename)%00%(upstream:remoteref) refs/heads/main refs/remotes/main [87ms]
2023-01-25 19:37:51.138 [info] > git for-each-ref --sort -committerdate --format %(refname) %(objectname) %(*objectname) [68ms]
2023-01-25 19:37:51.151 [info] > git status -z -uall [87ms]
2023-01-25 19:38:01.905 [info] > git config --get commit.template [44ms]
2023-01-25 19:38:01.913 [info] > git for-each-ref --format=%(refname)%00%(upstream:short)%00%(objectname)%00%(upstream:track)%00%(upstream:remotename)%00%(upstream:remoteref) refs/heads/main refs/remotes/main [44ms]
2023-01-25 19:38:01.962 [info] > git for-each-ref --sort -committerdate --format %(refname) %(objectname) %(*objectname) [39ms]
2023-01-25 19:38:01.978 [info] > git status -z -uall [60ms]
2023-01-25 19:38:07.060 [info] > git config --get commit.template [54ms]
2023-01-25 19:38:07.074 [info] > git for-each-ref --format=%(refname)%00%(upstream:short)%00%(objectname)%00%(upstream:track)%00%(upstream:remotename)%00%(upstream:remoteref) refs/heads/main refs/remotes/main [59ms]
2023-01-25 19:38:07.165 [info] > git for-each-ref --sort -committerdate --format %(refname) %(objectname) %(*objectname) [77ms]
2023-01-25 19:38:07.187 [info] > git status -z -uall [106ms]
2023-01-25 19:38:12.286 [info] > git config --get commit.template [63ms]
2023-01-25 19:38:12.294 [info] > git for-each-ref --format=%(refname)%00%(upstream:short)%00%(objectname)%00%(upstream:track)%00%(upstream:remotename)%00%(upstream:remoteref) refs/heads/main refs/remotes/main [61ms]
2023-01-25 19:38:12.349 [info] > git for-each-ref --sort -committerdate --format %(refname) %(objectname) %(*objectname) [43ms]
2023-01-25 19:38:12.360 [info] > git status -z -uall [60ms]
2023-01-25 19:38:24.078 [info] > git config --get commit.template [76ms]
2023-01-25 19:38:24.106 [info] > git for-each-ref --format=%(refname)%00%(upstream:short)%00%(objectname)%00%(upstream:track)%00%(upstream:remotename)%00%(upstream:remoteref) refs/heads/main refs/remotes/main [91ms]
2023-01-25 19:38:24.186 [info] > git for-each-ref --sort -committerdate --format %(refname) %(objectname) %(*objectname) [66ms]
2023-01-25 19:38:24.195 [info] > git status -z -uall [82ms]
2023-01-25 19:38:29.266 [info] > git config --get commit.template [44ms]
2023-01-25 19:38:29.275 [info] > git for-each-ref --format=%(refname)%00%(upstream:short)%00%(objectname)%00%(upstream:track)%00%(upstream:remotename)%00%(upstream:remoteref) refs/heads/main refs/remotes/main [47ms]
2023-01-25 19:38:29.326 [info] > git for-each-ref --sort -committerdate --format %(refname) %(objectname) %(*objectname) [41ms]
2023-01-25 19:38:29.341 [info] > git status -z -uall [61ms]
2023-01-25 19:38:34.411 [info] > git config --get commit.template [49ms]
2023-01-25 19:38:34.425 [info] > git for-each-ref --format=%(refname)%00%(upstream:short)%00%(objectname)%00%(upstream:track)%00%(upstream:remotename)%00%(upstream:remoteref) refs/heads/main refs/remotes/main [56ms]
2023-01-25 19:38:34.506 [info] > git for-each-ref --sort -committerdate --format %(refname) %(objectname) %(*objectname) [66ms]
2023-01-25 19:38:34.524 [info] > git status -z -uall [92ms]
2023-01-25 19:38:39.642 [info] > git config --get commit.template [93ms]
2023-01-25 19:38:39.655 [info] > git for-each-ref --format=%(refname)%00%(upstream:short)%00%(objectname)%00%(upstream:track)%00%(upstream:remotename)%00%(upstream:remoteref) refs/heads/main refs/remotes/main [94ms]
2023-01-25 19:38:39.702 [info] > git for-each-ref --sort -committerdate --format %(refname) %(objectname) %(*objectname) [37ms]
2023-01-25 19:38:39.717 [info] > git status -z -uall [56ms]
2023-01-25 19:38:52.579 [info] > git config --get commit.template [57ms]
2023-01-25 19:38:52.599 [info] > git for-each-ref --format=%(refname)%00%(upstream:short)%00%(objectname)%00%(upstream:track)%00%(upstream:remotename)%00%(upstream:remoteref) refs/heads/main refs/remotes/main [70ms]
2023-01-25 19:38:52.659 [info] > git for-each-ref --sort -committerdate --format %(refname) %(objectname) %(*objectname) [48ms]
2023-01-25 19:38:52.671 [info] > git status -z -uall [66ms]
2023-01-25 19:38:57.809 [info] > git config --get commit.template [54ms]
2023-01-25 19:38:57.818 [info] > git for-each-ref --format=%(refname)%00%(upstream:short)%00%(objectname)%00%(upstream:track)%00%(upstream:remotename)%00%(upstream:remoteref) refs/heads/main refs/remotes/main [52ms]
2023-01-25 19:38:57.871 [info] > git for-each-ref --sort -committerdate --format %(refname) %(objectname) %(*objectname) [41ms]
2023-01-25 19:38:57.886 [info] > git status -z -uall [62ms]
2023-01-25 19:39:02.945 [info] > git config --get commit.template [41ms]
2023-01-25 19:39:02.952 [info] > git for-each-ref --format=%(refname)%00%(upstream:short)%00%(objectname)%00%(upstream:track)%00%(upstream:remotename)%00%(upstream:remoteref) refs/heads/main refs/remotes/main [42ms]
2023-01-25 19:39:03.006 [info] > git for-each-ref --sort -committerdate --format %(refname) %(objectname) %(*objectname) [43ms]
2023-01-25 19:39:03.020 [info] > git status -z -uall [62ms]
2023-01-25 19:39:08.244 [info] > git for-each-ref --format=%(refname)%00%(upstream:short)%00%(objectname)%00%(upstream:track)%00%(upstream:remotename)%00%(upstream:remoteref) refs/heads/main refs/remotes/main [183ms]
2023-01-25 19:39:08.258 [info] > git config --get commit.template [209ms]
2023-01-25 19:39:08.340 [info] > git for-each-ref --sort -committerdate --format %(refname) %(objectname) %(*objectname) [62ms]
2023-01-25 19:39:08.360 [info] > git status -z -uall [93ms]
2023-01-25 19:39:24.177 [info] > git config --get commit.template [68ms]
2023-01-25 19:39:24.184 [info] > git for-each-ref --format=%(refname)%00%(upstream:short)%00%(objectname)%00%(upstream:track)%00%(upstream:remotename)%00%(upstream:remoteref) refs/heads/main refs/remotes/main [62ms]
2023-01-25 19:39:24.236 [info] > git for-each-ref --sort -committerdate --format %(refname) %(objectname) %(*objectname) [42ms]
2023-01-25 19:39:24.248 [info] > git status -z -uall [59ms]
2023-01-25 19:42:28.215 [info] > git config --get commit.template [155ms]
2023-01-25 19:42:28.220 [info] > git for-each-ref --format=%(refname)%00%(upstream:short)%00%(objectname)%00%(upstream:track)%00%(upstream:remotename)%00%(upstream:remoteref) refs/heads/main refs/remotes/main [153ms]
2023-01-25 19:42:28.272 [info] > git for-each-ref --sort -committerdate --format %(refname) %(objectname) %(*objectname) [42ms]
2023-01-25 19:42:28.389 [info] > git status -z -uall [164ms]
2023-01-25 19:46:20.651 [info] > git config --get commit.template [50ms]
2023-01-25 19:46:20.658 [info] > git for-each-ref --format=%(refname)%00%(upstream:short)%00%(objectname)%00%(upstream:track)%00%(upstream:remotename)%00%(upstream:remoteref) refs/heads/main refs/remotes/main [51ms]
2023-01-25 19:46:20.717 [info] > git for-each-ref --sort -committerdate --format %(refname) %(objectname) %(*objectname) [48ms]
2023-01-25 19:46:20.730 [info] > git status -z -uall [66ms]
2023-01-25 19:46:25.813 [info] > git config --get commit.template [53ms]
2023-01-25 19:46:25.824 [info] > git for-each-ref --format=%(refname)%00%(upstream:short)%00%(objectname)%00%(upstream:track)%00%(upstream:remotename)%00%(upstream:remoteref) refs/heads/main refs/remotes/main [54ms]
2023-01-25 19:46:25.885 [info] > git for-each-ref --sort -committerdate --format %(refname) %(objectname) %(*objectname) [49ms]
2023-01-25 19:46:25.898 [info] > git status -z -uall [69ms]
2023-01-25 19:46:33.193 [info] > git config --get commit.template [48ms]
2023-01-25 19:46:33.201 [info] > git for-each-ref --format=%(refname)%00%(upstream:short)%00%(objectname)%00%(upstream:track)%00%(upstream:remotename)%00%(upstream:remoteref) refs/heads/main refs/remotes/main [49ms]
2023-01-25 19:46:33.261 [info] > git for-each-ref --sort -committerdate --format %(refname) %(objectname) %(*objectname) [49ms]
2023-01-25 19:46:33.272 [info] > git status -z -uall [66ms]
2023-01-25 19:46:41.440 [info] > git config --get commit.template [51ms]
2023-01-25 19:46:41.448 [info] > git for-each-ref --format=%(refname)%00%(upstream:short)%00%(objectname)%00%(upstream:track)%00%(upstream:remotename)%00%(upstream:remoteref) refs/heads/main refs/remotes/main [52ms]
2023-01-25 19:46:41.510 [info] > git for-each-ref --sort -committerdate --format %(refname) %(objectname) %(*objectname) [52ms]
2023-01-25 19:46:41.525 [info] > git status -z -uall [73ms]
2023-01-25 19:46:46.611 [info] > git config --get commit.template [50ms]
2023-01-25 19:46:46.620 [info] > git for-each-ref --format=%(refname)%00%(upstream:short)%00%(objectname)%00%(upstream:track)%00%(upstream:remotename)%00%(upstream:remoteref) refs/heads/main refs/remotes/main [52ms]
2023-01-25 19:46:46.677 [info] > git for-each-ref --sort -committerdate --format %(refname) %(objectname) %(*objectname) [45ms]
2023-01-25 19:46:46.691 [info] > git status -z -uall [66ms]
2023-01-25 19:46:51.768 [info] > git config --get commit.template [49ms]
2023-01-25 19:46:51.777 [info] > git for-each-ref --format=%(refname)%00%(upstream:short)%00%(objectname)%00%(upstream:track)%00%(upstream:remotename)%00%(upstream:remoteref) refs/heads/main refs/remotes/main [51ms]
2023-01-25 19:46:51.839 [info] > git for-each-ref --sort -committerdate --format %(refname) %(objectname) %(*objectname) [51ms]
2023-01-25 19:46:51.853 [info] > git status -z -uall [69ms]
2023-01-25 19:47:24.533 [info] > git config --get commit.template [49ms]
2023-01-25 19:47:24.542 [info] > git for-each-ref --format=%(refname)%00%(upstream:short)%00%(objectname)%00%(upstream:track)%00%(upstream:remotename)%00%(upstream:remoteref) refs/heads/main refs/remotes/main [52ms]
2023-01-25 19:47:24.602 [info] > git for-each-ref --sort -committerdate --format %(refname) %(objectname) %(*objectname) [49ms]
2023-01-25 19:47:24.614 [info] > git status -z -uall [66ms]
2023-01-25 19:47:29.689 [info] > git config --get commit.template [49ms]
2023-01-25 19:47:29.698 [info] > git for-each-ref --format=%(refname)%00%(upstream:short)%00%(objectname)%00%(upstream:track)%00%(upstream:remotename)%00%(upstream:remoteref) refs/heads/main refs/remotes/main [49ms]
2023-01-25 19:47:29.758 [info] > git for-each-ref --sort -committerdate --format %(refname) %(objectname) %(*objectname) [50ms]
2023-01-25 19:47:29.772 [info] > git status -z -uall [69ms]
2023-01-25 19:49:09.213 [info] > git config --get commit.template [50ms]
2023-01-25 19:49:09.224 [info] > git for-each-ref --format=%(refname)%00%(upstream:short)%00%(objectname)%00%(upstream:track)%00%(upstream:remotename)%00%(upstream:remoteref) refs/heads/main refs/remotes/main [53ms]
2023-01-25 19:49:09.290 [info] > git for-each-ref --sort -committerdate --format %(refname) %(objectname) %(*objectname) [54ms]
2023-01-25 19:49:09.306 [info] > git status -z -uall [74ms]
2023-01-25 19:50:27.522 [info] > git config --get commit.template [58ms]
2023-01-25 19:50:27.532 [info] > git for-each-ref --format=%(refname)%00%(upstream:short)%00%(objectname)%00%(upstream:track)%00%(upstream:remotename)%00%(upstream:remoteref) refs/heads/main refs/remotes/main [58ms]
2023-01-25 19:50:27.594 [info] > git for-each-ref --sort -committerdate --format %(refname) %(objectname) %(*objectname) [50ms]
2023-01-25 19:50:27.606 [info] > git status -z -uall [69ms]
2023-01-25 19:50:34.183 [info] > git config --get commit.template [48ms]
2023-01-25 19:50:34.194 [info] > git for-each-ref --format=%(refname)%00%(upstream:short)%00%(objectname)%00%(upstream:track)%00%(upstream:remotename)%00%(upstream:remoteref) refs/heads/main refs/remotes/main [52ms]
2023-01-25 19:50:34.257 [info] > git for-each-ref --sort -committerdate --format %(refname) %(objectname) %(*objectname) [52ms]
2023-01-25 19:50:34.270 [info] > git status -z -uall [70ms]
2023-01-25 19:50:50.501 [info] > git config --get commit.template [49ms]
2023-01-25 19:50:50.511 [info] > git for-each-ref --format=%(refname)%00%(upstream:short)%00%(objectname)%00%(upstream:track)%00%(upstream:remotename)%00%(upstream:remoteref) refs/heads/main refs/remotes/main [50ms]
2023-01-25 19:50:50.564 [info] > git for-each-ref --sort -committerdate --format %(refname) %(objectname) %(*objectname) [41ms]
2023-01-25 19:50:50.580 [info] > git status -z -uall [64ms]
2023-01-25 19:50:55.658 [info] > git config --get commit.template [49ms]
2023-01-25 19:50:55.666 [info] > git for-each-ref --format=%(refname)%00%(upstream:short)%00%(objectname)%00%(upstream:track)%00%(upstream:remotename)%00%(upstream:remoteref) refs/heads/main refs/remotes/main [52ms]
2023-01-25 19:50:55.725 [info] > git for-each-ref --sort -committerdate --format %(refname) %(objectname) %(*objectname) [49ms]
2023-01-25 19:50:55.737 [info] > git status -z -uall [65ms]
2023-01-25 19:51:06.484 [info] > git config --get commit.template [44ms]
2023-01-25 19:51:06.493 [info] > git for-each-ref --format=%(refname)%00%(upstream:short)%00%(objectname)%00%(upstream:track)%00%(upstream:remotename)%00%(upstream:remoteref) refs/heads/main refs/remotes/main [46ms]
2023-01-25 19:51:06.547 [info] > git for-each-ref --sort -committerdate --format %(refname) %(objectname) %(*objectname) [43ms]
2023-01-25 19:51:06.559 [info] > git status -z -uall [62ms]
2023-01-25 19:51:11.633 [info] > git config --get commit.template [52ms]
2023-01-25 19:51:11.642 [info] > git for-each-ref --format=%(refname)%00%(upstream:short)%00%(objectname)%00%(upstream:track)%00%(upstream:remotename)%00%(upstream:remoteref) refs/heads/main refs/remotes/main [55ms]
2023-01-25 19:51:11.704 [info] > git for-each-ref --sort -committerdate --format %(refname) %(objectname) %(*objectname) [51ms]
2023-01-25 19:51:11.715 [info] > git status -z -uall [68ms]
2023-01-25 19:51:16.798 [info] > git config --get commit.template [50ms]
2023-01-25 19:51:16.807 [info] > git for-each-ref --format=%(refname)%00%(upstream:short)%00%(objectname)%00%(upstream:track)%00%(upstream:remotename)%00%(upstream:remoteref) refs/heads/main refs/remotes/main [53ms]
2023-01-25 19:51:16.867 [info] > git for-each-ref --sort -committerdate --format %(refname) %(objectname) %(*objectname) [49ms]
2023-01-25 19:51:16.885 [info] > git status -z -uall [72ms]
2023-01-25 19:51:24.558 [info] > git config --get commit.template [53ms]
2023-01-25 19:51:24.568 [info] > git for-each-ref --format=%(refname)%00%(upstream:short)%00%(objectname)%00%(upstream:track)%00%(upstream:remotename)%00%(upstream:remoteref) refs/heads/main refs/remotes/main [55ms]
2023-01-25 19:51:24.632 [info] > git for-each-ref --sort -committerdate --format %(refname) %(objectname) %(*objectname) [51ms]
2023-01-25 19:51:24.648 [info] > git status -z -uall [73ms]
2023-01-25 19:51:44.720 [info] > git config --get commit.template [52ms]
2023-01-25 19:51:44.728 [info] > git for-each-ref --format=%(refname)%00%(upstream:short)%00%(objectname)%00%(upstream:track)%00%(upstream:remotename)%00%(upstream:remoteref) refs/heads/main refs/remotes/main [51ms]
2023-01-25 19:51:44.789 [info] > git for-each-ref --sort -committerdate --format %(refname) %(objectname) %(*objectname) [49ms]
2023-01-25 19:51:44.804 [info] > git status -z -uall [71ms]
2023-01-25 19:51:51.623 [info] > git config --get commit.template [54ms]
2023-01-25 19:51:51.633 [info] > git for-each-ref --format=%(refname)%00%(upstream:short)%00%(objectname)%00%(upstream:track)%00%(upstream:remotename)%00%(upstream:remoteref) refs/heads/main refs/remotes/main [57ms]
2023-01-25 19:51:51.716 [info] > git for-each-ref --sort -committerdate --format %(refname) %(objectname) %(*objectname) [67ms]
2023-01-25 19:51:51.732 [info] > git status -z -uall [91ms]
2023-01-25 19:51:58.190 [info] > git config --get commit.template [53ms]
2023-01-25 19:51:58.201 [info] > git for-each-ref --format=%(refname)%00%(upstream:short)%00%(objectname)%00%(upstream:track)%00%(upstream:remotename)%00%(upstream:remoteref) refs/heads/main refs/remotes/main [57ms]
2023-01-25 19:51:58.262 [info] > git for-each-ref --sort -committerdate --format %(refname) %(objectname) %(*objectname) [48ms]
2023-01-25 19:51:58.276 [info] > git status -z -uall [69ms]
2023-01-25 19:52:24.522 [info] > git config --get commit.template [50ms]
2023-01-25 19:52:24.531 [info] > git for-each-ref --format=%(refname)%00%(upstream:short)%00%(objectname)%00%(upstream:track)%00%(upstream:remotename)%00%(upstream:remoteref) refs/heads/main refs/remotes/main [52ms]
2023-01-25 19:52:24.590 [info] > git for-each-ref --sort -committerdate --format %(refname) %(objectname) %(*objectname) [48ms]
2023-01-25 19:52:24.603 [info] > git status -z -uall [67ms]
2023-01-25 19:52:29.674 [info] > git config --get commit.template [53ms]
2023-01-25 19:52:29.685 [info] > git for-each-ref --format=%(refname)%00%(upstream:short)%00%(objectname)%00%(upstream:track)%00%(upstream:remotename)%00%(upstream:remoteref) refs/heads/main refs/remotes/main [55ms]
2023-01-25 19:52:29.747 [info] > git for-each-ref --sort -committerdate --format %(refname) %(objectname) %(*objectname) [50ms]
2023-01-25 19:52:29.760 [info] > git status -z -uall [70ms]
2023-01-25 19:55:25.642 [info] > git config --get commit.template [56ms]
2023-01-25 19:55:25.653 [info] > git for-each-ref --format=%(refname)%00%(upstream:short)%00%(objectname)%00%(upstream:track)%00%(upstream:remotename)%00%(upstream:remoteref) refs/heads/main refs/remotes/main [61ms]
2023-01-25 19:55:25.722 [info] > git for-each-ref --sort -committerdate --format %(refname) %(objectname) %(*objectname) [56ms]
2023-01-25 19:55:25.737 [info] > git status -z -uall [77ms]
2023-01-25 19:57:31.943 [info] > git config --get commit.template [53ms]
2023-01-25 19:57:31.950 [info] > git for-each-ref --format=%(refname)%00%(upstream:short)%00%(objectname)%00%(upstream:track)%00%(upstream:remotename)%00%(upstream:remoteref) refs/heads/main refs/remotes/main [53ms]
2023-01-25 19:57:32.011 [info] > git for-each-ref --sort -committerdate --format %(refname) %(objectname) %(*objectname) [45ms]
2023-01-25 19:57:32.022 [info] > git status -z -uall [63ms]
2023-01-25 19:57:37.115 [info] > git config --get commit.template [75ms]
2023-01-25 19:57:37.122 [info] > git for-each-ref --format=%(refname)%00%(upstream:short)%00%(objectname)%00%(upstream:track)%00%(upstream:remotename)%00%(upstream:remoteref) refs/heads/main refs/remotes/main [71ms]
2023-01-25 19:57:37.178 [info] > git for-each-ref --sort -committerdate --format %(refname) %(objectname) %(*objectname) [46ms]
2023-01-25 19:57:37.189 [info] > git status -z -uall [63ms]
2023-01-25 19:58:24.629 [info] > git config --get commit.template [50ms]
2023-01-25 19:58:24.637 [info] > git for-each-ref --format=%(refname)%00%(upstream:short)%00%(objectname)%00%(upstream:track)%00%(upstream:remotename)%00%(upstream:remoteref) refs/heads/main refs/remotes/main [51ms]
2023-01-25 19:58:24.698 [info] > git for-each-ref --sort -committerdate --format %(refname) %(objectname) %(*objectname) [50ms]
2023-01-25 19:58:24.711 [info] > git status -z -uall [68ms]
2023-01-25 20:01:21.499 [info] > git config --get commit.template [51ms]
2023-01-25 20:01:21.510 [info] > git for-each-ref --format=%(refname)%00%(upstream:short)%00%(objectname)%00%(upstream:track)%00%(upstream:remotename)%00%(upstream:remoteref) refs/heads/main refs/remotes/main [54ms]
2023-01-25 20:01:21.565 [info] > git for-each-ref --sort -committerdate --format %(refname) %(objectname) %(*objectname) [45ms]
2023-01-25 20:01:21.578 [info] > git status -z -uall [63ms]
2023-01-25 20:01:26.654 [info] > git config --get commit.template [48ms]
2023-01-25 20:01:26.662 [info] > git for-each-ref --format=%(refname)%00%(upstream:short)%00%(objectname)%00%(upstream:track)%00%(upstream:remotename)%00%(upstream:remoteref) refs/heads/main refs/remotes/main [50ms]
2023-01-25 20:01:26.723 [info] > git for-each-ref --sort -committerdate --format %(refname) %(objectname) %(*objectname) [50ms]
2023-01-25 20:01:26.736 [info] > git status -z -uall [68ms]
2023-01-25 20:01:31.825 [info] > git config --get commit.template [59ms]
2023-01-25 20:01:31.838 [info] > git for-each-ref --format=%(refname)%00%(upstream:short)%00%(objectname)%00%(upstream:track)%00%(upstream:remotename)%00%(upstream:remoteref) refs/heads/main refs/remotes/main [63ms]
2023-01-25 20:01:31.918 [info] > git for-each-ref --sort -committerdate --format %(refname) %(objectname) %(*objectname) [67ms]
2023-01-25 20:01:31.928 [info] > git status -z -uall [83ms]
2023-01-25 20:01:36.998 [info] > git config --get commit.template [44ms]
2023-01-25 20:01:37.009 [info] > git for-each-ref --format=%(refname)%00%(upstream:short)%00%(objectname)%00%(upstream:track)%00%(upstream:remotename)%00%(upstream:remoteref) refs/heads/main refs/remotes/main [48ms]
2023-01-25 20:01:37.056 [info] > git for-each-ref --sort -committerdate --format %(refname) %(objectname) %(*objectname) [38ms]
2023-01-25 20:01:37.072 [info] > git status -z -uall [58ms]
2023-01-25 20:01:42.144 [info] > git config --get commit.template [46ms]
2023-01-25 20:01:42.153 [info] > git for-each-ref --format=%(refname)%00%(upstream:short)%00%(objectname)%00%(upstream:track)%00%(upstream:remotename)%00%(upstream:remoteref) refs/heads/main refs/remotes/main [49ms]
2023-01-25 20:01:42.210 [info] > git for-each-ref --sort -committerdate --format %(refname) %(objectname) %(*objectname) [46ms]
2023-01-25 20:01:42.225 [info] > git status -z -uall [66ms]
2023-01-25 20:01:47.302 [info] > git config --get commit.template [57ms]
2023-01-25 20:01:47.314 [info] > git for-each-ref --format=%(refname)%00%(upstream:short)%00%(objectname)%00%(upstream:track)%00%(upstream:remotename)%00%(upstream:remoteref) refs/heads/main refs/remotes/main [63ms]
2023-01-25 20:01:47.376 [info] > git for-each-ref --sort -committerdate --format %(refname) %(objectname) %(*objectname) [51ms]
2023-01-25 20:01:47.390 [info] > git status -z -uall [70ms]
2023-01-25 20:01:53.904 [info] > git config --get commit.template [56ms]
2023-01-25 20:01:53.917 [info] > git for-each-ref --format=%(refname)%00%(upstream:short)%00%(objectname)%00%(upstream:track)%00%(upstream:remotename)%00%(upstream:remoteref) refs/heads/main refs/remotes/main [63ms]
2023-01-25 20:01:53.975 [info] > git for-each-ref --sort -committerdate --format %(refname) %(objectname) %(*objectname) [46ms]
2023-01-25 20:01:53.989 [info] > git status -z -uall [65ms]
2023-01-25 20:01:59.062 [info] > git config --get commit.template [51ms]
2023-01-25 20:01:59.072 [info] > git for-each-ref --format=%(refname)%00%(upstream:short)%00%(objectname)%00%(upstream:track)%00%(upstream:remotename)%00%(upstream:remoteref) refs/heads/main refs/remotes/main [53ms]
2023-01-25 20:01:59.130 [info] > git for-each-ref --sort -committerdate --format %(refname) %(objectname) %(*objectname) [47ms]
2023-01-25 20:01:59.146 [info] > git status -z -uall [68ms]
2023-01-25 20:02:04.215 [info] > git config --get commit.template [51ms]
2023-01-25 20:02:04.227 [info] > git for-each-ref --format=%(refname)%00%(upstream:short)%00%(objectname)%00%(upstream:track)%00%(upstream:remotename)%00%(upstream:remoteref) refs/heads/main refs/remotes/main [57ms]
2023-01-25 20:02:04.288 [info] > git for-each-ref --sort -committerdate --format %(refname) %(objectname) %(*objectname) [48ms]
2023-01-25 20:02:04.302 [info] > git status -z -uall [68ms]
2023-01-25 20:02:09.372 [info] > git config --get commit.template [51ms]
2023-01-25 20:02:09.380 [info] > git for-each-ref --format=%(refname)%00%(upstream:short)%00%(objectname)%00%(upstream:track)%00%(upstream:remotename)%00%(upstream:remoteref) refs/heads/main refs/remotes/main [52ms]
2023-01-25 20:02:09.434 [info] > git for-each-ref --sort -committerdate --format %(refname) %(objectname) %(*objectname) [44ms]
2023-01-25 20:02:09.447 [info] > git status -z -uall [62ms]
2023-01-25 20:02:14.516 [info] > git config --get commit.template [47ms]
2023-01-25 20:02:14.525 [info] > git for-each-ref --format=%(refname)%00%(upstream:short)%00%(objectname)%00%(upstream:track)%00%(upstream:remotename)%00%(upstream:remoteref) refs/heads/main refs/remotes/main [49ms]
2023-01-25 20:02:14.583 [info] > git for-each-ref --sort -committerdate --format %(refname) %(objectname) %(*objectname) [47ms]
2023-01-25 20:02:14.596 [info] > git status -z -uall [65ms]
2023-01-25 20:02:24.377 [info] > git config --get commit.template [46ms]
2023-01-25 20:02:24.390 [info] > git for-each-ref --format=%(refname)%00%(upstream:short)%00%(objectname)%00%(upstream:track)%00%(upstream:remotename)%00%(upstream:remoteref) refs/heads/main refs/remotes/main [54ms]
2023-01-25 20:02:24.449 [info] > git for-each-ref --sort -committerdate --format %(refname) %(objectname) %(*objectname) [48ms]
2023-01-25 20:02:24.462 [info] > git status -z -uall [66ms]
2023-01-25 20:02:29.529 [info] > git config --get commit.template [47ms]
2023-01-25 20:02:29.540 [info] > git for-each-ref --format=%(refname)%00%(upstream:short)%00%(objectname)%00%(upstream:track)%00%(upstream:remotename)%00%(upstream:remoteref) refs/heads/main refs/remotes/main [50ms]
2023-01-25 20:02:29.596 [info] > git for-each-ref --sort -committerdate --format %(refname) %(objectname) %(*objectname) [45ms]
2023-01-25 20:02:29.611 [info] > git status -z -uall [65ms]
2023-01-25 20:03:05.964 [info] > git config --get commit.template [49ms]
2023-01-25 20:03:05.979 [info] > git for-each-ref --format=%(refname)%00%(upstream:short)%00%(objectname)%00%(upstream:track)%00%(upstream:remotename)%00%(upstream:remoteref) refs/heads/main refs/remotes/main [58ms]
2023-01-25 20:03:06.042 [info] > git for-each-ref --sort -committerdate --format %(refname) %(objectname) %(*objectname) [47ms]
2023-01-25 20:03:06.059 [info] > git status -z -uall [72ms]
2023-01-25 20:03:17.415 [info] > git config --get commit.template [46ms]
2023-01-25 20:03:17.424 [info] > git for-each-ref --format=%(refname)%00%(upstream:short)%00%(objectname)%00%(upstream:track)%00%(upstream:remotename)%00%(upstream:remoteref) refs/heads/main refs/remotes/main [49ms]
2023-01-25 20:03:17.482 [info] > git for-each-ref --sort -committerdate --format %(refname) %(objectname) %(*objectname) [48ms]
2023-01-25 20:03:17.494 [info] > git status -z -uall [64ms]
2023-01-25 20:03:22.558 [info] > git config --get commit.template [45ms]
2023-01-25 20:03:22.569 [info] > git for-each-ref --format=%(refname)%00%(upstream:short)%00%(objectname)%00%(upstream:track)%00%(upstream:remotename)%00%(upstream:remoteref) refs/heads/main refs/remotes/main [50ms]
2023-01-25 20:03:22.626 [info] > git for-each-ref --sort -committerdate --format %(refname) %(objectname) %(*objectname) [47ms]
2023-01-25 20:03:22.638 [info] > git status -z -uall [64ms]
2023-01-25 20:03:27.709 [info] > git config --get commit.template [50ms]
2023-01-25 20:03:27.718 [info] > git for-each-ref --format=%(refname)%00%(upstream:short)%00%(objectname)%00%(upstream:track)%00%(upstream:remotename)%00%(upstream:remoteref) refs/heads/main refs/remotes/main [52ms]
2023-01-25 20:03:27.783 [info] > git for-each-ref --sort -committerdate --format %(refname) %(objectname) %(*objectname) [53ms]
2023-01-25 20:03:27.800 [info] > git status -z -uall [76ms]
2023-01-25 20:03:32.877 [info] > git config --get commit.template [49ms]
2023-01-25 20:03:32.892 [info] > git for-each-ref --format=%(refname)%00%(upstream:short)%00%(objectname)%00%(upstream:track)%00%(upstream:remotename)%00%(upstream:remoteref) refs/heads/main refs/remotes/main [56ms]
2023-01-25 20:03:32.950 [info] > git for-each-ref --sort -committerdate --format %(refname) %(objectname) %(*objectname) [46ms]
2023-01-25 20:03:32.961 [info] > git status -z -uall [62ms]
2023-01-25 20:03:38.032 [info] > git config --get commit.template [46ms]
2023-01-25 20:03:38.042 [info] > git for-each-ref --format=%(refname)%00%(upstream:short)%00%(objectname)%00%(upstream:track)%00%(upstream:remotename)%00%(upstream:remoteref) refs/heads/main refs/remotes/main [50ms]
2023-01-25 20:03:38.098 [info] > git for-each-ref --sort -committerdate --format %(refname) %(objectname) %(*objectname) [45ms]
2023-01-25 20:03:38.112 [info] > git status -z -uall [64ms]
2023-01-25 20:03:57.520 [info] > git config --get commit.template [48ms]
2023-01-25 20:03:57.532 [info] > git for-each-ref --format=%(refname)%00%(upstream:short)%00%(objectname)%00%(upstream:track)%00%(upstream:remotename)%00%(upstream:remoteref) refs/heads/main refs/remotes/main [52ms]
2023-01-25 20:03:57.596 [info] > git for-each-ref --sort -committerdate --format %(refname) %(objectname) %(*objectname) [53ms]
2023-01-25 20:03:57.608 [info] > git status -z -uall [69ms]
2023-01-25 20:04:02.655 [info] > git config --get commit.template [34ms]
2023-01-25 20:04:02.663 [info] > git for-each-ref --format=%(refname)%00%(upstream:short)%00%(objectname)%00%(upstream:track)%00%(upstream:remotename)%00%(upstream:remoteref) refs/heads/main refs/remotes/main [36ms]
2023-01-25 20:04:02.712 [info] > git for-each-ref --sort -committerdate --format %(refname) %(objectname) %(*objectname) [41ms]
2023-01-25 20:04:02.720 [info] > git status -z -uall [53ms]
2023-01-25 20:04:07.787 [info] > git config --get commit.template [46ms]
2023-01-25 20:04:07.796 [info] > git for-each-ref --format=%(refname)%00%(upstream:short)%00%(objectname)%00%(upstream:track)%00%(upstream:remotename)%00%(upstream:remoteref) refs/heads/main refs/remotes/main [48ms]
2023-01-25 20:04:07.850 [info] > git for-each-ref --sort -committerdate --format %(refname) %(objectname) %(*objectname) [44ms]
2023-01-25 20:04:07.864 [info] > git status -z -uall [62ms]
2023-01-25 20:04:19.262 [info] > git config --get commit.template [51ms]
2023-01-25 20:04:19.273 [info] > git for-each-ref --format=%(refname)%00%(upstream:short)%00%(objectname)%00%(upstream:track)%00%(upstream:remotename)%00%(upstream:remoteref) refs/heads/main refs/remotes/main [56ms]
2023-01-25 20:04:19.337 [info] > git for-each-ref --sort -committerdate --format %(refname) %(objectname) %(*objectname) [53ms]
2023-01-25 20:04:19.355 [info] > git status -z -uall [76ms]
2023-01-25 20:04:24.434 [info] > git config --get commit.template [50ms]
2023-01-25 20:04:24.446 [info] > git for-each-ref --format=%(refname)%00%(upstream:short)%00%(objectname)%00%(upstream:track)%00%(upstream:remotename)%00%(upstream:remoteref) refs/heads/main refs/remotes/main [54ms]
2023-01-25 20:04:24.513 [info] > git for-each-ref --sort -committerdate --format %(refname) %(objectname) %(*objectname) [55ms]
2023-01-25 20:04:24.531 [info] > git status -z -uall [79ms]
2023-01-25 20:04:30.852 [info] > git config --get commit.template [47ms]
2023-01-25 20:04:30.861 [info] > git for-each-ref --format=%(refname)%00%(upstream:short)%00%(objectname)%00%(upstream:track)%00%(upstream:remotename)%00%(upstream:remoteref) refs/heads/main refs/remotes/main [50ms]
2023-01-25 20:04:30.925 [info] > git for-each-ref --sort -committerdate --format %(refname) %(objectname) %(*objectname) [51ms]
2023-01-25 20:04:30.937 [info] > git status -z -uall [69ms]
2023-01-25 20:05:01.977 [info] > git config --get commit.template [48ms]
2023-01-25 20:05:01.987 [info] > git for-each-ref --format=%(refname)%00%(upstream:short)%00%(objectname)%00%(upstream:track)%00%(upstream:remotename)%00%(upstream:remoteref) refs/heads/main refs/remotes/main [50ms]
2023-01-25 20:05:02.048 [info] > git for-each-ref --sort -committerdate --format %(refname) %(objectname) %(*objectname) [50ms]
2023-01-25 20:05:02.064 [info] > git status -z -uall [71ms]
2023-01-25 20:05:07.138 [info] > git config --get commit.template [59ms]
2023-01-25 20:05:07.148 [info] > git for-each-ref --format=%(refname)%00%(upstream:short)%00%(objectname)%00%(upstream:track)%00%(upstream:remotename)%00%(upstream:remoteref) refs/heads/main refs/remotes/main [60ms]
2023-01-25 20:05:07.204 [info] > git for-each-ref --sort -committerdate --format %(refname) %(objectname) %(*objectname) [42ms]
2023-01-25 20:05:07.216 [info] > git status -z -uall [61ms]
2023-01-25 20:05:17.773 [info] > git config --get commit.template [49ms]
2023-01-25 20:05:17.782 [info] > git for-each-ref --format=%(refname)%00%(upstream:short)%00%(objectname)%00%(upstream:track)%00%(upstream:remotename)%00%(upstream:remoteref) refs/heads/main refs/remotes/main [50ms]
2023-01-25 20:05:17.838 [info] > git for-each-ref --sort -committerdate --format %(refname) %(objectname) %(*objectname) [45ms]
2023-01-25 20:05:17.851 [info] > git status -z -uall [63ms]
2023-01-25 20:05:24.432 [info] > git config --get commit.template [47ms]
2023-01-25 20:05:24.440 [info] > git for-each-ref --format=%(refname)%00%(upstream:short)%00%(objectname)%00%(upstream:track)%00%(upstream:remotename)%00%(upstream:remoteref) refs/heads/main refs/remotes/main [48ms]
2023-01-25 20:05:24.501 [info] > git for-each-ref --sort -committerdate --format %(refname) %(objectname) %(*objectname) [48ms]
2023-01-25 20:05:24.514 [info] > git status -z -uall [66ms]
2023-01-25 20:05:29.786 [info] > git config --get commit.template [44ms]
2023-01-25 20:05:29.797 [info] > git for-each-ref --format=%(refname)%00%(upstream:short)%00%(objectname)%00%(upstream:track)%00%(upstream:remotename)%00%(upstream:remoteref) refs/heads/main refs/remotes/main [47ms]
2023-01-25 20:05:29.884 [info] > git for-each-ref --sort -committerdate --format %(refname) %(objectname) %(*objectname) [75ms]
2023-01-25 20:05:29.897 [info] > git status -z -uall [94ms]
2023-01-25 20:06:00.132 [info] > git config --get commit.template [49ms]
2023-01-25 20:06:00.141 [info] > git for-each-ref --format=%(refname)%00%(upstream:short)%00%(objectname)%00%(upstream:track)%00%(upstream:remotename)%00%(upstream:remoteref) refs/heads/main refs/remotes/main [52ms]
2023-01-25 20:06:00.196 [info] > git for-each-ref --sort -committerdate --format %(refname) %(objectname) %(*objectname) [40ms]
2023-01-25 20:06:00.206 [info] > git status -z -uall [57ms]
2023-01-25 20:07:28.259 [info] > git config --get commit.template [49ms]
2023-01-25 20:07:28.269 [info] > git for-each-ref --format=%(refname)%00%(upstream:short)%00%(objectname)%00%(upstream:track)%00%(upstream:remotename)%00%(upstream:remoteref) refs/heads/main refs/remotes/main [50ms]
2023-01-25 20:07:28.328 [info] > git for-each-ref --sort -committerdate --format %(refname) %(objectname) %(*objectname) [47ms]
2023-01-25 20:07:28.340 [info] > git status -z -uall [65ms]
2023-01-25 20:10:39.170 [info] > git config --get commit.template [52ms]
2023-01-25 20:10:39.178 [info] > git for-each-ref --format=%(refname)%00%(upstream:short)%00%(objectname)%00%(upstream:track)%00%(upstream:remotename)%00%(upstream:remoteref) refs/heads/main refs/remotes/main [52ms]
2023-01-25 20:10:39.236 [info] > git for-each-ref --sort -committerdate --format %(refname) %(objectname) %(*objectname) [44ms]
2023-01-25 20:10:39.246 [info] > git status -z -uall [61ms]
2023-01-25 20:10:57.677 [info] > git config --get commit.template [48ms]
2023-01-25 20:10:57.685 [info] > git for-each-ref --format=%(refname)%00%(upstream:short)%00%(objectname)%00%(upstream:track)%00%(upstream:remotename)%00%(upstream:remoteref) refs/heads/main refs/remotes/main [49ms]
2023-01-25 20:10:57.741 [info] > git for-each-ref --sort -committerdate --format %(refname) %(objectname) %(*objectname) [45ms]
2023-01-25 20:10:57.752 [info] > git status -z -uall [61ms]
2023-01-25 20:11:02.828 [info] > git config --get commit.template [46ms]
2023-01-25 20:11:02.840 [info] > git for-each-ref --format=%(refname)%00%(upstream:short)%00%(objectname)%00%(upstream:track)%00%(upstream:remotename)%00%(upstream:remoteref) refs/heads/main refs/remotes/main [51ms]
2023-01-25 20:11:02.896 [info] > git for-each-ref --sort -committerdate --format %(refname) %(objectname) %(*objectname) [44ms]
2023-01-25 20:11:02.909 [info] > git status -z -uall [63ms]
2023-01-25 20:11:07.985 [info] > git config --get commit.template [48ms]
2023-01-25 20:11:07.993 [info] > git for-each-ref --format=%(refname)%00%(upstream:short)%00%(objectname)%00%(upstream:track)%00%(upstream:remotename)%00%(upstream:remoteref) refs/heads/main refs/remotes/main [51ms]
2023-01-25 20:11:08.051 [info] > git for-each-ref --sort -committerdate --format %(refname) %(objectname) %(*objectname) [44ms]
2023-01-25 20:11:08.066 [info] > git status -z -uall [66ms]
2023-01-25 20:11:14.112 [info] > git config --get commit.template [47ms]
2023-01-25 20:11:14.121 [info] > git for-each-ref --format=%(refname)%00%(upstream:short)%00%(objectname)%00%(upstream:track)%00%(upstream:remotename)%00%(upstream:remoteref) refs/heads/main refs/remotes/main [49ms]
2023-01-25 20:11:14.177 [info] > git for-each-ref --sort -committerdate --format %(refname) %(objectname) %(*objectname) [45ms]
2023-01-25 20:11:14.190 [info] > git status -z -uall [62ms]
2023-01-25 20:11:19.256 [info] > git config --get commit.template [46ms]
2023-01-25 20:11:19.269 [info] > git for-each-ref --format=%(refname)%00%(upstream:short)%00%(objectname)%00%(upstream:track)%00%(upstream:remotename)%00%(upstream:remoteref) refs/heads/main refs/remotes/main [53ms]
2023-01-25 20:11:19.325 [info] > git for-each-ref --sort -committerdate --format %(refname) %(objectname) %(*objectname) [45ms]
2023-01-25 20:11:19.338 [info] > git status -z -uall [63ms]
2023-01-25 20:11:55.243 [info] > git config --get commit.template [50ms]
2023-01-25 20:11:55.249 [info] > git for-each-ref --format=%(refname)%00%(upstream:short)%00%(objectname)%00%(upstream:track)%00%(upstream:remotename)%00%(upstream:remoteref) refs/heads/main refs/remotes/main [46ms]
2023-01-25 20:11:55.303 [info] > git for-each-ref --sort -committerdate --format %(refname) %(objectname) %(*objectname) [43ms]
2023-01-25 20:11:55.315 [info] > git status -z -uall [60ms]
2023-01-25 20:12:01.365 [info] > git config --get commit.template [51ms]
2023-01-25 20:12:01.376 [info] > git for-each-ref --format=%(refname)%00%(upstream:short)%00%(objectname)%00%(upstream:track)%00%(upstream:remotename)%00%(upstream:remoteref) refs/heads/main refs/remotes/main [54ms]
2023-01-25 20:12:01.440 [info] > git for-each-ref --sort -committerdate --format %(refname) %(objectname) %(*objectname) [52ms]
2023-01-25 20:12:01.455 [info] > git status -z -uall [71ms]
2023-01-25 20:12:06.536 [info] > git config --get commit.template [54ms]
2023-01-25 20:12:06.544 [info] > git for-each-ref --format=%(refname)%00%(upstream:short)%00%(objectname)%00%(upstream:track)%00%(upstream:remotename)%00%(upstream:remoteref) refs/heads/main refs/remotes/main [56ms]
2023-01-25 20:12:06.601 [info] > git for-each-ref --sort -committerdate --format %(refname) %(objectname) %(*objectname) [44ms]
2023-01-25 20:12:06.615 [info] > git status -z -uall [66ms]
2023-01-25 20:12:11.680 [info] > git config --get commit.template [48ms]
2023-01-25 20:12:11.689 [info] > git for-each-ref --format=%(refname)%00%(upstream:short)%00%(objectname)%00%(upstream:track)%00%(upstream:remotename)%00%(upstream:remoteref) refs/heads/main refs/remotes/main [51ms]
2023-01-25 20:12:11.747 [info] > git for-each-ref --sort -committerdate --format %(refname) %(objectname) %(*objectname) [46ms]
2023-01-25 20:12:11.761 [info] > git status -z -uall [65ms]
2023-01-25 20:12:24.518 [info] > git config --get commit.template [54ms]
2023-01-25 20:12:24.527 [info] > git for-each-ref --format=%(refname)%00%(upstream:short)%00%(objectname)%00%(upstream:track)%00%(upstream:remotename)%00%(upstream:remoteref) refs/heads/main refs/remotes/main [57ms]
2023-01-25 20:12:24.591 [info] > git for-each-ref --sort -committerdate --format %(refname) %(objectname) %(*objectname) [51ms]
2023-01-25 20:12:24.607 [info] > git status -z -uall [74ms]
2023-01-25 20:12:29.675 [info] > git config --get commit.template [50ms]
2023-01-25 20:12:29.684 [info] > git for-each-ref --format=%(refname)%00%(upstream:short)%00%(objectname)%00%(upstream:track)%00%(upstream:remotename)%00%(upstream:remoteref) refs/heads/main refs/remotes/main [51ms]
2023-01-25 20:12:29.742 [info] > git for-each-ref --sort -committerdate --format %(refname) %(objectname) %(*objectname) [47ms]
2023-01-25 20:12:29.759 [info] > git status -z -uall [69ms]
2023-01-25 20:12:34.839 [info] > git config --get commit.template [51ms]
2023-01-25 20:12:34.847 [info] > git for-each-ref --format=%(refname)%00%(upstream:short)%00%(objectname)%00%(upstream:track)%00%(upstream:remotename)%00%(upstream:remoteref) refs/heads/main refs/remotes/main [52ms]
2023-01-25 20:12:34.899 [info] > git for-each-ref --sort -committerdate --format %(refname) %(objectname) %(*objectname) [42ms]
2023-01-25 20:12:34.914 [info] > git status -z -uall [62ms]
2023-01-25 20:12:39.978 [info] > git config --get commit.template [48ms]
2023-01-25 20:12:39.992 [info] > git for-each-ref --format=%(refname)%00%(upstream:short)%00%(objectname)%00%(upstream:track)%00%(upstream:remotename)%00%(upstream:remoteref) refs/heads/main refs/remotes/main [57ms]
2023-01-25 20:12:40.048 [info] > git for-each-ref --sort -committerdate --format %(refname) %(objectname) %(*objectname) [45ms]
2023-01-25 20:12:40.059 [info] > git status -z -uall [62ms]
2023-01-25 20:12:45.116 [info] > git config --get commit.template [41ms]
2023-01-25 20:12:45.125 [info] > git for-each-ref --format=%(refname)%00%(upstream:short)%00%(objectname)%00%(upstream:track)%00%(upstream:remotename)%00%(upstream:remoteref) refs/heads/main refs/remotes/main [44ms]
2023-01-25 20:12:45.174 [info] > git for-each-ref --sort -committerdate --format %(refname) %(objectname) %(*objectname) [40ms]
2023-01-25 20:12:45.185 [info] > git status -z -uall [56ms]
2023-01-25 20:12:50.254 [info] > git config --get commit.template [50ms]
2023-01-25 20:12:50.262 [info] > git for-each-ref --format=%(refname)%00%(upstream:short)%00%(objectname)%00%(upstream:track)%00%(upstream:remotename)%00%(upstream:remoteref) refs/heads/main refs/remotes/main [51ms]
2023-01-25 20:12:50.320 [info] > git for-each-ref --sort -committerdate --format %(refname) %(objectname) %(*objectname) [47ms]
2023-01-25 20:12:50.337 [info] > git status -z -uall [69ms]
2023-01-25 20:13:00.029 [info] > git config --get commit.template [52ms]
2023-01-25 20:13:00.038 [info] > git for-each-ref --format=%(refname)%00%(upstream:short)%00%(objectname)%00%(upstream:track)%00%(upstream:remotename)%00%(upstream:remoteref) refs/heads/main refs/remotes/main [54ms]
2023-01-25 20:13:00.096 [info] > git for-each-ref --sort -committerdate --format %(refname) %(objectname) %(*objectname) [48ms]
2023-01-25 20:13:00.110 [info] > git status -z -uall [67ms]
2023-01-25 20:13:05.177 [info] > git config --get commit.template [50ms]
2023-01-25 20:13:05.191 [info] > git for-each-ref --format=%(refname)%00%(upstream:short)%00%(objectname)%00%(upstream:track)%00%(upstream:remotename)%00%(upstream:remoteref) refs/heads/main refs/remotes/main [58ms]
2023-01-25 20:13:05.255 [info] > git for-each-ref --sort -committerdate --format %(refname) %(objectname) %(*objectname) [51ms]
2023-01-25 20:13:05.273 [info] > git status -z -uall [75ms]
2023-01-25 20:13:25.315 [info] > git config --get commit.template [54ms]
2023-01-25 20:13:25.323 [info] > git for-each-ref --format=%(refname)%00%(upstream:short)%00%(objectname)%00%(upstream:track)%00%(upstream:remotename)%00%(upstream:remoteref) refs/heads/main refs/remotes/main [52ms]
2023-01-25 20:13:25.383 [info] > git for-each-ref --sort -committerdate --format %(refname) %(objectname) %(*objectname) [44ms]
2023-01-25 20:13:25.398 [info] > git status -z -uall [66ms]
2023-01-25 20:13:53.943 [info] > git config --get commit.template [48ms]
2023-01-25 20:13:53.952 [info] > git for-each-ref --format=%(refname)%00%(upstream:short)%00%(objectname)%00%(upstream:track)%00%(upstream:remotename)%00%(upstream:remoteref) refs/heads/main refs/remotes/main [52ms]
2023-01-25 20:13:54.017 [info] > git for-each-ref --sort -committerdate --format %(refname) %(objectname) %(*objectname) [51ms]
2023-01-25 20:13:54.033 [info] > git status -z -uall [73ms]
2023-01-25 20:13:59.206 [info] > git config --get commit.template [50ms]
2023-01-25 20:13:59.214 [info] > git for-each-ref --format=%(refname)%00%(upstream:short)%00%(objectname)%00%(upstream:track)%00%(upstream:remotename)%00%(upstream:remoteref) refs/heads/main refs/remotes/main [49ms]
2023-01-25 20:13:59.275 [info] > git for-each-ref --sort -committerdate --format %(refname) %(objectname) %(*objectname) [51ms]
2023-01-25 20:13:59.289 [info] > git status -z -uall [70ms]
2023-01-25 20:14:04.363 [info] > git config --get commit.template [51ms]
2023-01-25 20:14:04.371 [info] > git for-each-ref --format=%(refname)%00%(upstream:short)%00%(objectname)%00%(upstream:track)%00%(upstream:remotename)%00%(upstream:remoteref) refs/heads/main refs/remotes/main [52ms]
2023-01-25 20:14:04.431 [info] > git for-each-ref --sort -committerdate --format %(refname) %(objectname) %(*objectname) [47ms]
2023-01-25 20:14:04.447 [info] > git status -z -uall [69ms]
2023-01-25 20:14:09.511 [info] > git config --get commit.template [49ms]
2023-01-25 20:14:09.522 [info] > git for-each-ref --format=%(refname)%00%(upstream:short)%00%(objectname)%00%(upstream:track)%00%(upstream:remotename)%00%(upstream:remoteref) refs/heads/main refs/remotes/main [53ms]
2023-01-25 20:14:09.580 [info] > git for-each-ref --sort -committerdate --format %(refname) %(objectname) %(*objectname) [47ms]
2023-01-25 20:14:09.592 [info] > git status -z -uall [64ms]
2023-01-25 20:14:24.450 [info] > git config --get commit.template [49ms]
2023-01-25 20:14:24.460 [info] > git for-each-ref --format=%(refname)%00%(upstream:short)%00%(objectname)%00%(upstream:track)%00%(upstream:remotename)%00%(upstream:remoteref) refs/heads/main refs/remotes/main [51ms]
2023-01-25 20:14:24.514 [info] > git for-each-ref --sort -committerdate --format %(refname) %(objectname) %(*objectname) [41ms]
2023-01-25 20:14:24.526 [info] > git status -z -uall [61ms]
2023-01-25 20:14:29.595 [info] > git config --get commit.template [49ms]
2023-01-25 20:14:29.605 [info] > git for-each-ref --format=%(refname)%00%(upstream:short)%00%(objectname)%00%(upstream:track)%00%(upstream:remotename)%00%(upstream:remoteref) refs/heads/main refs/remotes/main [53ms]
2023-01-25 20:14:29.662 [info] > git for-each-ref --sort -committerdate --format %(refname) %(objectname) %(*objectname) [47ms]
2023-01-25 20:14:29.673 [info] > git status -z -uall [63ms]
2023-01-25 20:14:34.747 [info] > git config --get commit.template [47ms]
2023-01-25 20:14:34.755 [info] > git for-each-ref --format=%(refname)%00%(upstream:short)%00%(objectname)%00%(upstream:track)%00%(upstream:remotename)%00%(upstream:remoteref) refs/heads/main refs/remotes/main [48ms]
2023-01-25 20:14:34.809 [info] > git for-each-ref --sort -committerdate --format %(refname) %(objectname) %(*objectname) [44ms]
2023-01-25 20:14:34.820 [info] > git status -z -uall [60ms]
2023-01-25 20:14:39.884 [info] > git config --get commit.template [48ms]
2023-01-25 20:14:39.895 [info] > git for-each-ref --format=%(refname)%00%(upstream:short)%00%(objectname)%00%(upstream:track)%00%(upstream:remotename)%00%(upstream:remoteref) refs/heads/main refs/remotes/main [52ms]
2023-01-25 20:14:39.955 [info] > git for-each-ref --sort -committerdate --format %(refname) %(objectname) %(*objectname) [50ms]
2023-01-25 20:14:39.967 [info] > git status -z -uall [67ms]
2023-01-25 20:14:45.034 [info] > git config --get commit.template [49ms]
2023-01-25 20:14:45.044 [info] > git for-each-ref --format=%(refname)%00%(upstream:short)%00%(objectname)%00%(upstream:track)%00%(upstream:remotename)%00%(upstream:remoteref) refs/heads/main refs/remotes/main [52ms]
2023-01-25 20:14:45.099 [info] > git for-each-ref --sort -committerdate --format %(refname) %(objectname) %(*objectname) [45ms]
2023-01-25 20:14:45.113 [info] > git status -z -uall [64ms]
2023-01-25 20:14:50.182 [info] > git config --get commit.template [49ms]
2023-01-25 20:14:50.194 [info] > git for-each-ref --format=%(refname)%00%(upstream:short)%00%(objectname)%00%(upstream:track)%00%(upstream:remotename)%00%(upstream:remoteref) refs/heads/main refs/remotes/main [53ms]
2023-01-25 20:14:50.258 [info] > git for-each-ref --sort -committerdate --format %(refname) %(objectname) %(*objectname) [53ms]
2023-01-25 20:14:50.271 [info] > git status -z -uall [72ms]
2023-01-25 20:14:55.351 [info] > git config --get commit.template [52ms]
2023-01-25 20:14:55.364 [info] > git for-each-ref --format=%(refname)%00%(upstream:short)%00%(objectname)%00%(upstream:track)%00%(upstream:remotename)%00%(upstream:remoteref) refs/heads/main refs/remotes/main [58ms]
2023-01-25 20:14:55.427 [info] > git for-each-ref --sort -committerdate --format %(refname) %(objectname) %(*objectname) [51ms]
2023-01-25 20:14:55.441 [info] > git status -z -uall [73ms]
2023-01-25 20:15:00.511 [info] > git config --get commit.template [53ms]
2023-01-25 20:15:00.515 [info] > git for-each-ref --format=%(refname)%00%(upstream:short)%00%(objectname)%00%(upstream:track)%00%(upstream:remotename)%00%(upstream:remoteref) refs/heads/main refs/remotes/main [51ms]
2023-01-25 20:15:00.576 [info] > git for-each-ref --sort -committerdate --format %(refname) %(objectname) %(*objectname) [48ms]
2023-01-25 20:15:00.590 [info] > git status -z -uall [68ms]
2023-01-25 20:15:06.157 [info] > git config --get commit.template [47ms]
2023-01-25 20:15:06.166 [info] > git for-each-ref --format=%(refname)%00%(upstream:short)%00%(objectname)%00%(upstream:track)%00%(upstream:remotename)%00%(upstream:remoteref) refs/heads/main refs/remotes/main [49ms]
2023-01-25 20:15:06.224 [info] > git for-each-ref --sort -committerdate --format %(refname) %(objectname) %(*objectname) [47ms]
2023-01-25 20:15:06.237 [info] > git status -z -uall [66ms]
2023-01-25 20:15:13.384 [info] > git config --get commit.template [52ms]
2023-01-25 20:15:13.395 [info] > git for-each-ref --format=%(refname)%00%(upstream:short)%00%(objectname)%00%(upstream:track)%00%(upstream:remotename)%00%(upstream:remoteref) refs/heads/main refs/remotes/main [54ms]
2023-01-25 20:15:13.448 [info] > git for-each-ref --sort -committerdate --format %(refname) %(objectname) %(*objectname) [42ms]
2023-01-25 20:15:13.466 [info] > git status -z -uall [65ms]
2023-01-25 20:15:24.594 [info] > git config --get commit.template [40ms]
2023-01-25 20:15:24.603 [info] > git for-each-ref --format=%(refname)%00%(upstream:short)%00%(objectname)%00%(upstream:track)%00%(upstream:remotename)%00%(upstream:remoteref) refs/heads/main refs/remotes/main [45ms]
2023-01-25 20:15:24.658 [info] > git for-each-ref --sort -committerdate --format %(refname) %(objectname) %(*objectname) [46ms]
2023-01-25 20:15:24.670 [info] > git status -z -uall [62ms]
2023-01-25 20:15:29.743 [info] > git config --get commit.template [45ms]
2023-01-25 20:15:29.755 [info] > git for-each-ref --format=%(refname)%00%(upstream:short)%00%(objectname)%00%(upstream:track)%00%(upstream:remotename)%00%(upstream:remoteref) refs/heads/main refs/remotes/main [51ms]
2023-01-25 20:15:29.818 [info] > git for-each-ref --sort -committerdate --format %(refname) %(objectname) %(*objectname) [52ms]
2023-01-25 20:15:29.832 [info] > git status -z -uall [71ms]
2023-01-25 20:15:34.909 [info] > git config --get commit.template [46ms]
2023-01-25 20:15:34.917 [info] > git for-each-ref --format=%(refname)%00%(upstream:short)%00%(objectname)%00%(upstream:track)%00%(upstream:remotename)%00%(upstream:remoteref) refs/heads/main refs/remotes/main [48ms]
2023-01-25 20:15:34.974 [info] > git for-each-ref --sort -committerdate --format %(refname) %(objectname) %(*objectname) [46ms]
2023-01-25 20:15:34.987 [info] > git status -z -uall [64ms]
2023-01-25 20:16:24.804 [info] > git config --get commit.template [57ms]
2023-01-25 20:16:24.814 [info] > git for-each-ref --format=%(refname)%00%(upstream:short)%00%(objectname)%00%(upstream:track)%00%(upstream:remotename)%00%(upstream:remoteref) refs/heads/main refs/remotes/main [59ms]
2023-01-25 20:16:24.888 [info] > git for-each-ref --sort -committerdate --format %(refname) %(objectname) %(*objectname) [59ms]
2023-01-25 20:16:24.905 [info] > git status -z -uall [83ms]
2023-01-25 20:16:48.765 [info] > git config --get commit.template [49ms]
2023-01-25 20:16:48.774 [info] > git for-each-ref --format=%(refname)%00%(upstream:short)%00%(objectname)%00%(upstream:track)%00%(upstream:remotename)%00%(upstream:remoteref) refs/heads/main refs/remotes/main [51ms]
2023-01-25 20:16:48.841 [info] > git for-each-ref --sort -committerdate --format %(refname) %(objectname) %(*objectname) [54ms]
2023-01-25 20:16:48.854 [info] > git status -z -uall [73ms]
2023-01-25 20:16:53.928 [info] > git config --get commit.template [53ms]
2023-01-25 20:16:53.941 [info] > git for-each-ref --format=%(refname)%00%(upstream:short)%00%(objectname)%00%(upstream:track)%00%(upstream:remotename)%00%(upstream:remoteref) refs/heads/main refs/remotes/main [57ms]
2023-01-25 20:16:54.003 [info] > git for-each-ref --sort -committerdate --format %(refname) %(objectname) %(*objectname) [49ms]
2023-01-25 20:16:54.017 [info] > git status -z -uall [70ms]
2023-01-25 20:16:59.093 [info] > git config --get commit.template [58ms]
2023-01-25 20:16:59.106 [info] > git for-each-ref --format=%(refname)%00%(upstream:short)%00%(objectname)%00%(upstream:track)%00%(upstream:remotename)%00%(upstream:remoteref) refs/heads/main refs/remotes/main [64ms]
2023-01-25 20:16:59.172 [info] > git for-each-ref --sort -committerdate --format %(refname) %(objectname) %(*objectname) [51ms]
2023-01-25 20:16:59.194 [info] > git status -z -uall [82ms]
2023-01-25 20:17:07.508 [info] > git config --get commit.template [44ms]
2023-01-25 20:17:07.518 [info] > git for-each-ref --format=%(refname)%00%(upstream:short)%00%(objectname)%00%(upstream:track)%00%(upstream:remotename)%00%(upstream:remoteref) refs/heads/main refs/remotes/main [46ms]
2023-01-25 20:17:07.573 [info] > git for-each-ref --sort -committerdate --format %(refname) %(objectname) %(*objectname) [45ms]
2023-01-25 20:17:07.590 [info] > git status -z -uall [67ms]
2023-01-25 20:17:15.771 [info] > git config --get commit.template [45ms]
2023-01-25 20:17:15.781 [info] > git for-each-ref --format=%(refname)%00%(upstream:short)%00%(objectname)%00%(upstream:track)%00%(upstream:remotename)%00%(upstream:remoteref) refs/heads/main refs/remotes/main [47ms]
2023-01-25 20:17:15.835 [info] > git for-each-ref --sort -committerdate --format %(refname) %(objectname) %(*objectname) [43ms]
2023-01-25 20:17:15.848 [info] > git status -z -uall [62ms]
2023-01-25 20:18:34.755 [info] > git config --get commit.template [43ms]
2023-01-25 20:18:34.762 [info] > git for-each-ref --format=%(refname)%00%(upstream:short)%00%(objectname)%00%(upstream:track)%00%(upstream:remotename)%00%(upstream:remoteref) refs/heads/main refs/remotes/main [42ms]
2023-01-25 20:18:34.811 [info] > git for-each-ref --sort -committerdate --format %(refname) %(objectname) %(*objectname) [38ms]
2023-01-25 20:18:34.823 [info] > git status -z -uall [54ms]
2023-01-25 20:18:39.908 [info] > git config --get commit.template [43ms]
2023-01-25 20:18:39.916 [info] > git for-each-ref --format=%(refname)%00%(upstream:short)%00%(objectname)%00%(upstream:track)%00%(upstream:remotename)%00%(upstream:remoteref) refs/heads/main refs/remotes/main [44ms]
2023-01-25 20:18:39.965 [info] > git for-each-ref --sort -committerdate --format %(refname) %(objectname) %(*objectname) [39ms]
2023-01-25 20:18:39.978 [info] > git status -z -uall [57ms]
2023-01-25 20:18:54.027 [info] > git config --get commit.template [47ms]
2023-01-25 20:18:54.038 [info] > git for-each-ref --format=%(refname)%00%(upstream:short)%00%(objectname)%00%(upstream:track)%00%(upstream:remotename)%00%(upstream:remoteref) refs/heads/main refs/remotes/main [51ms]
2023-01-25 20:18:54.090 [info] > git for-each-ref --sort -committerdate --format %(refname) %(objectname) %(*objectname) [41ms]
2023-01-25 20:18:54.104 [info] > git status -z -uall [61ms]
2023-01-25 20:18:59.170 [info] > git config --get commit.template [43ms]
2023-01-25 20:18:59.179 [info] > git for-each-ref --format=%(refname)%00%(upstream:short)%00%(objectname)%00%(upstream:track)%00%(upstream:remotename)%00%(upstream:remoteref) refs/heads/main refs/remotes/main [45ms]
2023-01-25 20:18:59.232 [info] > git for-each-ref --sort -committerdate --format %(refname) %(objectname) %(*objectname) [42ms]
2023-01-25 20:18:59.243 [info] > git status -z -uall [59ms]
2023-01-25 20:19:04.310 [info] > git config --get commit.template [50ms]
2023-01-25 20:19:04.319 [info] > git for-each-ref --format=%(refname)%00%(upstream:short)%00%(objectname)%00%(upstream:track)%00%(upstream:remotename)%00%(upstream:remoteref) refs/heads/main refs/remotes/main [51ms]
2023-01-25 20:19:04.373 [info] > git for-each-ref --sort -committerdate --format %(refname) %(objectname) %(*objectname) [44ms]
2023-01-25 20:19:04.386 [info] > git status -z -uall [61ms]
2023-01-25 20:19:09.452 [info] > git config --get commit.template [44ms]
2023-01-25 20:19:09.459 [info] > git for-each-ref --format=%(refname)%00%(upstream:short)%00%(objectname)%00%(upstream:track)%00%(upstream:remotename)%00%(upstream:remoteref) refs/heads/main refs/remotes/main [43ms]
2023-01-25 20:19:09.510 [info] > git for-each-ref --sort -committerdate --format %(refname) %(objectname) %(*objectname) [42ms]
2023-01-25 20:19:09.523 [info] > git status -z -uall [59ms]
2023-01-25 20:19:14.606 [info] > git config --get commit.template [59ms]
2023-01-25 20:19:14.627 [info] > git for-each-ref --format=%(refname)%00%(upstream:short)%00%(objectname)%00%(upstream:track)%00%(upstream:remotename)%00%(upstream:remoteref) refs/heads/main refs/remotes/main [73ms]
2023-01-25 20:19:14.682 [info] > git for-each-ref --sort -committerdate --format %(refname) %(objectname) %(*objectname) [43ms]
2023-01-25 20:19:14.693 [info] > git status -z -uall [59ms]
2023-01-25 20:19:21.486 [info] > git config --get commit.template [51ms]
2023-01-25 20:19:21.492 [info] > git for-each-ref --format=%(refname)%00%(upstream:short)%00%(objectname)%00%(upstream:track)%00%(upstream:remotename)%00%(upstream:remoteref) refs/heads/main refs/remotes/main [50ms]
2023-01-25 20:19:21.535 [info] > git for-each-ref --sort -committerdate --format %(refname) %(objectname) %(*objectname) [35ms]
2023-01-25 20:19:21.547 [info] > git status -z -uall [50ms]
2023-01-25 20:19:26.613 [info] > git config --get commit.template [37ms]
2023-01-25 20:19:26.619 [info] > git for-each-ref --format=%(refname)%00%(upstream:short)%00%(objectname)%00%(upstream:track)%00%(upstream:remotename)%00%(upstream:remoteref) refs/heads/main refs/remotes/main [39ms]
2023-01-25 20:19:26.662 [info] > git for-each-ref --sort -committerdate --format %(refname) %(objectname) %(*objectname) [35ms]
2023-01-25 20:19:26.674 [info] > git status -z -uall [52ms]
2023-01-25 20:19:39.817 [info] > git config --get commit.template [49ms]
2023-01-25 20:19:39.825 [info] > git for-each-ref --format=%(refname)%00%(upstream:short)%00%(objectname)%00%(upstream:track)%00%(upstream:remotename)%00%(upstream:remoteref) refs/heads/main refs/remotes/main [52ms]
2023-01-25 20:19:39.880 [info] > git for-each-ref --sort -committerdate --format %(refname) %(objectname) %(*objectname) [45ms]
2023-01-25 20:19:39.892 [info] > git status -z -uall [61ms]
2023-01-25 20:19:47.738 [info] > git config --get commit.template [43ms]
2023-01-25 20:19:47.748 [info] > git for-each-ref --format=%(refname)%00%(upstream:short)%00%(objectname)%00%(upstream:track)%00%(upstream:remotename)%00%(upstream:remoteref) refs/heads/main refs/remotes/main [47ms]
2023-01-25 20:19:47.792 [info] > git for-each-ref --sort -committerdate --format %(refname) %(objectname) %(*objectname) [36ms]
2023-01-25 20:19:47.802 [info] > git status -z -uall [50ms]
2023-01-25 20:19:52.873 [info] > git config --get commit.template [44ms]
2023-01-25 20:19:52.881 [info] > git for-each-ref --format=%(refname)%00%(upstream:short)%00%(objectname)%00%(upstream:track)%00%(upstream:remotename)%00%(upstream:remoteref) refs/heads/main refs/remotes/main [45ms]
2023-01-25 20:19:52.933 [info] > git for-each-ref --sort -committerdate --format %(refname) %(objectname) %(*objectname) [43ms]
2023-01-25 20:19:52.946 [info] > git status -z -uall [61ms]
2023-01-25 20:21:06.784 [info] > git config --get commit.template [45ms]
2023-01-25 20:21:06.793 [info] > git for-each-ref --format=%(refname)%00%(upstream:short)%00%(objectname)%00%(upstream:track)%00%(upstream:remotename)%00%(upstream:remoteref) refs/heads/main refs/remotes/main [46ms]
2023-01-25 20:21:06.842 [info] > git for-each-ref --sort -committerdate --format %(refname) %(objectname) %(*objectname) [39ms]
2023-01-25 20:21:06.854 [info] > git status -z -uall [56ms]
2023-01-25 20:21:24.603 [info] > git config --get commit.template [44ms]
2023-01-25 20:21:24.612 [info] > git for-each-ref --format=%(refname)%00%(upstream:short)%00%(objectname)%00%(upstream:track)%00%(upstream:remotename)%00%(upstream:remoteref) refs/heads/main refs/remotes/main [45ms]
2023-01-25 20:21:24.664 [info] > git for-each-ref --sort -committerdate --format %(refname) %(objectname) %(*objectname) [43ms]
2023-01-25 20:21:24.678 [info] > git status -z -uall [61ms]
2023-01-25 20:22:28.173 [info] > git config --get commit.template [45ms]
2023-01-25 20:22:28.183 [info] > git for-each-ref --format=%(refname)%00%(upstream:short)%00%(objectname)%00%(upstream:track)%00%(upstream:remotename)%00%(upstream:remoteref) refs/heads/main refs/remotes/main [49ms]
2023-01-25 20:22:28.236 [info] > git for-each-ref --sort -committerdate --format %(refname) %(objectname) %(*objectname) [43ms]
2023-01-25 20:22:28.250 [info] > git status -z -uall [60ms]
2023-01-25 20:24:39.642 [info] > git config --get commit.template [40ms]
2023-01-25 20:24:39.652 [info] > git for-each-ref --format=%(refname)%00%(upstream:short)%00%(objectname)%00%(upstream:track)%00%(upstream:remotename)%00%(upstream:remoteref) refs/heads/main refs/remotes/main [44ms]
2023-01-25 20:24:39.702 [info] > git for-each-ref --sort -committerdate --format %(refname) %(objectname) %(*objectname) [41ms]
2023-01-25 20:24:39.717 [info] > git status -z -uall [60ms]
2023-01-25 20:25:15.183 [info] > git config --get commit.template [41ms]
2023-01-25 20:25:15.189 [info] > git for-each-ref --format=%(refname)%00%(upstream:short)%00%(objectname)%00%(upstream:track)%00%(upstream:remotename)%00%(upstream:remoteref) refs/heads/main refs/remotes/main [41ms]
2023-01-25 20:25:15.237 [info] > git for-each-ref --sort -committerdate --format %(refname) %(objectname) %(*objectname) [37ms]
2023-01-25 20:25:15.249 [info] > git status -z -uall [53ms]
2023-01-25 20:25:22.132 [info] > git config --get commit.template [36ms]
2023-01-25 20:25:22.140 [info] > git for-each-ref --format=%(refname)%00%(upstream:short)%00%(objectname)%00%(upstream:track)%00%(upstream:remotename)%00%(upstream:remoteref) refs/heads/main refs/remotes/main [40ms]
2023-01-25 20:25:22.178 [info] > git for-each-ref --sort -committerdate --format %(refname) %(objectname) %(*objectname) [30ms]
2023-01-25 20:25:22.190 [info] > git status -z -uall [45ms]
2023-01-25 20:25:27.251 [info] > git config --get commit.template [39ms]
2023-01-25 20:25:27.259 [info] > git for-each-ref --format=%(refname)%00%(upstream:short)%00%(objectname)%00%(upstream:track)%00%(upstream:remotename)%00%(upstream:remoteref) refs/heads/main refs/remotes/main [41ms]
2023-01-25 20:25:27.307 [info] > git for-each-ref --sort -committerdate --format %(refname) %(objectname) %(*objectname) [39ms]
2023-01-25 20:25:27.321 [info] > git status -z -uall [57ms]
2023-01-25 20:25:32.372 [info] > git config --get commit.template [37ms]
2023-01-25 20:25:32.381 [info] > git for-each-ref --format=%(refname)%00%(upstream:short)%00%(objectname)%00%(upstream:track)%00%(upstream:remotename)%00%(upstream:remoteref) refs/heads/main refs/remotes/main [42ms]
2023-01-25 20:25:32.432 [info] > git for-each-ref --sort -committerdate --format %(refname) %(objectname) %(*objectname) [41ms]
2023-01-25 20:25:32.448 [info] > git status -z -uall [62ms]
2023-01-25 20:25:37.511 [info] > git config --get commit.template [37ms]
2023-01-25 20:25:37.519 [info] > git for-each-ref --format=%(refname)%00%(upstream:short)%00%(objectname)%00%(upstream:track)%00%(upstream:remotename)%00%(upstream:remoteref) refs/heads/main refs/remotes/main [40ms]
2023-01-25 20:25:37.565 [info] > git for-each-ref --sort -committerdate --format %(refname) %(objectname) %(*objectname) [37ms]
2023-01-25 20:25:37.577 [info] > git status -z -uall [53ms]
2023-01-25 20:25:51.202 [info] > git config --get commit.template [50ms]
2023-01-25 20:25:51.213 [info] > git for-each-ref --format=%(refname)%00%(upstream:short)%00%(objectname)%00%(upstream:track)%00%(upstream:remotename)%00%(upstream:remoteref) refs/heads/main refs/remotes/main [52ms]
2023-01-25 20:25:51.262 [info] > git for-each-ref --sort -committerdate --format %(refname) %(objectname) %(*objectname) [37ms]
2023-01-25 20:25:51.269 [info] > git status -z -uall [51ms]
2023-01-25 20:26:02.630 [info] > git config --get commit.template [42ms]
2023-01-25 20:26:02.641 [info] > git for-each-ref --format=%(refname)%00%(upstream:short)%00%(objectname)%00%(upstream:track)%00%(upstream:remotename)%00%(upstream:remoteref) refs/heads/main refs/remotes/main [46ms]
2023-01-25 20:26:02.697 [info] > git for-each-ref --sort -committerdate --format %(refname) %(objectname) %(*objectname) [46ms]
2023-01-25 20:26:02.710 [info] > git status -z -uall [64ms]
2023-01-25 20:26:48.155 [info] > git config --get commit.template [45ms]
2023-01-25 20:26:48.161 [info] > git for-each-ref --format=%(refname)%00%(upstream:short)%00%(objectname)%00%(upstream:track)%00%(upstream:remotename)%00%(upstream:remoteref) refs/heads/main refs/remotes/main [42ms]
2023-01-25 20:26:48.212 [info] > git for-each-ref --sort -committerdate --format %(refname) %(objectname) %(*objectname) [40ms]
2023-01-25 20:26:48.220 [info] > git status -z -uall [52ms]
2023-01-25 20:27:24.687 [info] > git config --get commit.template [43ms]
2023-01-25 20:27:24.696 [info] > git for-each-ref --format=%(refname)%00%(upstream:short)%00%(objectname)%00%(upstream:track)%00%(upstream:remotename)%00%(upstream:remoteref) refs/heads/main refs/remotes/main [46ms]
2023-01-25 20:27:24.747 [info] > git for-each-ref --sort -committerdate --format %(refname) %(objectname) %(*objectname) [41ms]
2023-01-25 20:27:24.760 [info] > git status -z -uall [59ms]
2023-01-25 20:27:29.832 [info] > git config --get commit.template [41ms]
2023-01-25 20:27:29.840 [info] > git for-each-ref --format=%(refname)%00%(upstream:short)%00%(objectname)%00%(upstream:track)%00%(upstream:remotename)%00%(upstream:remoteref) refs/heads/main refs/remotes/main [42ms]
2023-01-25 20:27:29.888 [info] > git for-each-ref --sort -committerdate --format %(refname) %(objectname) %(*objectname) [39ms]
2023-01-25 20:27:29.901 [info] > git status -z -uall [56ms]
2023-01-25 20:29:04.031 [info] > git config --get commit.template [43ms]
2023-01-25 20:29:04.180 [info] > git for-each-ref --format=%(refname)%00%(upstream:short)%00%(objectname)%00%(upstream:track)%00%(upstream:remotename)%00%(upstream:remoteref) refs/heads/main refs/remotes/main [186ms]
2023-01-25 20:29:04.239 [info] > git for-each-ref --sort -committerdate --format %(refname) %(objectname) %(*objectname) [45ms]
2023-01-25 20:29:04.315 [info] > git status -z -uall [127ms]
2023-01-25 20:29:05.535 [info] > git ls-files --stage -- D:\examples\coursera_test\react_examples\ecommerce\src\Components\Routes\UserLogin.js [46ms]
2023-01-25 20:29:05.592 [info] > git show --textconv :ecommerce/src/Components/Routes/UserLogin.js [44ms]
2023-01-25 20:29:09.386 [info] > git config --get commit.template [43ms]
2023-01-25 20:29:09.393 [info] > git for-each-ref --format=%(refname)%00%(upstream:short)%00%(objectname)%00%(upstream:track)%00%(upstream:remotename)%00%(upstream:remoteref) refs/heads/main refs/remotes/main [44ms]
2023-01-25 20:29:09.443 [info] > git for-each-ref --sort -committerdate --format %(refname) %(objectname) %(*objectname) [40ms]
2023-01-25 20:29:09.455 [info] > git status -z -uall [58ms]
