[2022-11-10 16:08:48.723] [renderer1] [error] <semantic> TypeScript Server Error (4.8.4)
Debug Failure. Did not expect JsxClosingFragment to have an Identifier in its trivia
Error: Debug Failure. Did not expect JsxClosingFragment to have an Identifier in its trivia
    at addSyntheticNodes (c:\Users\chhav\AppData\Local\Programs\Microsoft VS Code\resources\app\extensions\node_modules\typescript\lib\tsserver.js:166078:30)
    at createChildren (c:\Users\chhav\AppData\Local\Programs\Microsoft VS Code\resources\app\extensions\node_modules\typescript\lib\tsserver.js:166067:9)
    at NodeObject.getChildren (c:\Users\chhav\AppData\Local\Programs\Microsoft VS Code\resources\app\extensions\node_modules\typescript\lib\tsserver.js:166009:56)
    at findRightmostToken (c:\Users\chhav\AppData\Local\Programs\Microsoft VS Code\resources\app\extensions\node_modules\typescript\lib\tsserver.js:129194:26)
    at find (c:\Users\chhav\AppData\Local\Programs\Microsoft VS Code\resources\app\extensions\node_modules\typescript\lib\tsserver.js:129183:33)
    at findPrecedingToken (c:\Users\chhav\AppData\Local\Programs\Microsoft VS Code\resources\app\extensions\node_modules\typescript\lib\tsserver.js:129132:22)
    at nodeContainsPosition (c:\Users\chhav\AppData\Local\Programs\Microsoft VS Code\resources\app\extensions\node_modules\typescript\lib\tsserver.js:129071:37)
    at c:\Users\chhav\AppData\Local\Programs\Microsoft VS Code\resources\app\extensions\node_modules\typescript\lib\tsserver.js:129025:21
    at Object.binarySearchKey (c:\Users\chhav\AppData\Local\Programs\Microsoft VS Code\resources\app\extensions\node_modules\typescript\lib\tsserver.js:1210:21)
    at _loop_1 (c:\Users\chhav\AppData\Local\Programs\Microsoft VS Code\resources\app\extensions\node_modules\typescript\lib\tsserver.js:128994:24)
    at getTokenAtPositionWorker (c:\Users\chhav\AppData\Local\Programs\Microsoft VS Code\resources\app\extensions\node_modules\typescript\lib\tsserver.js:129050:27)
    at getTouchingToken (c:\Users\chhav\AppData\Local\Programs\Microsoft VS Code\resources\app\extensions\node_modules\typescript\lib\tsserver.js:128979:16)
    at Object.getTouchingPropertyName (c:\Users\chhav\AppData\Local\Programs\Microsoft VS Code\resources\app\extensions\node_modules\typescript\lib\tsserver.js:128971:16)
    at Object.getQuickInfoAtPosition (c:\Users\chhav\AppData\Local\Programs\Microsoft VS Code\resources\app\extensions\node_modules\typescript\lib\tsserver.js:167325:27)
    at Session.getQuickInfoWorker (c:\Users\chhav\AppData\Local\Programs\Microsoft VS Code\resources\app\extensions\node_modules\typescript\lib\tsserver.js:179338:62)
    at Session.handlers.ts.Map.ts.getEntries._a.<computed> (c:\Users\chhav\AppData\Local\Programs\Microsoft VS Code\resources\app\extensions\node_modules\typescript\lib\tsserver.js:178060:61)
    at c:\Users\chhav\AppData\Local\Programs\Microsoft VS Code\resources\app\extensions\node_modules\typescript\lib\tsserver.js:180174:96
    at Session.executeWithRequestId (c:\Users\chhav\AppData\Local\Programs\Microsoft VS Code\resources\app\extensions\node_modules\typescript\lib\tsserver.js:180165:28)
    at Session.executeCommand (c:\Users\chhav\AppData\Local\Programs\Microsoft VS Code\resources\app\extensions\node_modules\typescript\lib\tsserver.js:180174:41)
    at Session.onMessage (c:\Users\chhav\AppData\Local\Programs\Microsoft VS Code\resources\app\extensions\node_modules\typescript\lib\tsserver.js:180202:35)
    at process.<anonymous> (c:\Users\chhav\AppData\Local\Programs\Microsoft VS Code\resources\app\extensions\node_modules\typescript\lib\tsserver.js:184368:31)
    at process.emit (node:events:526:28)
    at emit (node:internal/child_process:938:14)
    at process.processTicksAndRejections (node:internal/process/task_queues:84:21): Error: <semantic> TypeScript Server Error (4.8.4)
Debug Failure. Did not expect JsxClosingFragment to have an Identifier in its trivia
Error: Debug Failure. Did not expect JsxClosingFragment to have an Identifier in its trivia
    at addSyntheticNodes (c:\Users\chhav\AppData\Local\Programs\Microsoft VS Code\resources\app\extensions\node_modules\typescript\lib\tsserver.js:166078:30)
    at createChildren (c:\Users\chhav\AppData\Local\Programs\Microsoft VS Code\resources\app\extensions\node_modules\typescript\lib\tsserver.js:166067:9)
    at NodeObject.getChildren (c:\Users\chhav\AppData\Local\Programs\Microsoft VS Code\resources\app\extensions\node_modules\typescript\lib\tsserver.js:166009:56)
    at findRightmostToken (c:\Users\chhav\AppData\Local\Programs\Microsoft VS Code\resources\app\extensions\node_modules\typescript\lib\tsserver.js:129194:26)
    at find (c:\Users\chhav\AppData\Local\Programs\Microsoft VS Code\resources\app\extensions\node_modules\typescript\lib\tsserver.js:129183:33)
    at findPrecedingToken (c:\Users\chhav\AppData\Local\Programs\Microsoft VS Code\resources\app\extensions\node_modules\typescript\lib\tsserver.js:129132:22)
    at nodeContainsPosition (c:\Users\chhav\AppData\Local\Programs\Microsoft VS Code\resources\app\extensions\node_modules\typescript\lib\tsserver.js:129071:37)
    at c:\Users\chhav\AppData\Local\Programs\Microsoft VS Code\resources\app\extensions\node_modules\typescript\lib\tsserver.js:129025:21
    at Object.binarySearchKey (c:\Users\chhav\AppData\Local\Programs\Microsoft VS Code\resources\app\extensions\node_modules\typescript\lib\tsserver.js:1210:21)
    at _loop_1 (c:\Users\chhav\AppData\Local\Programs\Microsoft VS Code\resources\app\extensions\node_modules\typescript\lib\tsserver.js:128994:24)
    at getTokenAtPositionWorker (c:\Users\chhav\AppData\Local\Programs\Microsoft VS Code\resources\app\extensions\node_modules\typescript\lib\tsserver.js:129050:27)
    at getTouchingToken (c:\Users\chhav\AppData\Local\Programs\Microsoft VS Code\resources\app\extensions\node_modules\typescript\lib\tsserver.js:128979:16)
    at Object.getTouchingPropertyName (c:\Users\chhav\AppData\Local\Programs\Microsoft VS Code\resources\app\extensions\node_modules\typescript\lib\tsserver.js:128971:16)
    at Object.getQuickInfoAtPosition (c:\Users\chhav\AppData\Local\Programs\Microsoft VS Code\resources\app\extensions\node_modules\typescript\lib\tsserver.js:167325:27)
    at Session.getQuickInfoWorker (c:\Users\chhav\AppData\Local\Programs\Microsoft VS Code\resources\app\extensions\node_modules\typescript\lib\tsserver.js:179338:62)
    at Session.handlers.ts.Map.ts.getEntries._a.<computed> (c:\Users\chhav\AppData\Local\Programs\Microsoft VS Code\resources\app\extensions\node_modules\typescript\lib\tsserver.js:178060:61)
    at c:\Users\chhav\AppData\Local\Programs\Microsoft VS Code\resources\app\extensions\node_modules\typescript\lib\tsserver.js:180174:96
    at Session.executeWithRequestId (c:\Users\chhav\AppData\Local\Programs\Microsoft VS Code\resources\app\extensions\node_modules\typescript\lib\tsserver.js:180165:28)
    at Session.executeCommand (c:\Users\chhav\AppData\Local\Programs\Microsoft VS Code\resources\app\extensions\node_modules\typescript\lib\tsserver.js:180174:41)
    at Session.onMessage (c:\Users\chhav\AppData\Local\Programs\Microsoft VS Code\resources\app\extensions\node_modules\typescript\lib\tsserver.js:180202:35)
    at process.<anonymous> (c:\Users\chhav\AppData\Local\Programs\Microsoft VS Code\resources\app\extensions\node_modules\typescript\lib\tsserver.js:184368:31)
    at process.emit (node:events:526:28)
    at emit (node:internal/child_process:938:14)
    at process.processTicksAndRejections (node:internal/process/task_queues:84:21)
	at r.create (c:\Users\chhav\AppData\Local\Programs\Microsoft VS Code\resources\app\extensions\typescript-language-features\dist\extension.js:1:562108)
	at d.dispatchResponse (c:\Users\chhav\AppData\Local\Programs\Microsoft VS Code\resources\app\extensions\typescript-language-features\dist\extension.js:1:556161)
	at d.dispatchMessage (c:\Users\chhav\AppData\Local\Programs\Microsoft VS Code\resources\app\extensions\typescript-language-features\dist\extension.js:1:555029)
	at ChildProcess.<anonymous> (c:\Users\chhav\AppData\Local\Programs\Microsoft VS Code\resources\app\extensions\typescript-language-features\dist\extension.js:1:554514)
	at ChildProcess.emit (node:events:526:28)
	at emit (node:internal/child_process:938:14)
	at process.processTicksAndRejections (node:internal/process/task_queues:84:21)
[2022-11-10 16:08:48.920] [renderer1] [error] <semantic> TypeScript Server Error (4.8.4)
Debug Failure. Did not expect JsxClosingFragment to have an Identifier in its trivia
Error: Debug Failure. Did not expect JsxClosingFragment to have an Identifier in its trivia
    at addSyntheticNodes (c:\Users\chhav\AppData\Local\Programs\Microsoft VS Code\resources\app\extensions\node_modules\typescript\lib\tsserver.js:166078:30)
    at createChildren (c:\Users\chhav\AppData\Local\Programs\Microsoft VS Code\resources\app\extensions\node_modules\typescript\lib\tsserver.js:166067:9)
    at NodeObject.getChildren (c:\Users\chhav\AppData\Local\Programs\Microsoft VS Code\resources\app\extensions\node_modules\typescript\lib\tsserver.js:166009:56)
    at _loop_1 (c:\Users\chhav\AppData\Local\Programs\Microsoft VS Code\resources\app\extensions\node_modules\typescript\lib\tsserver.js:128993:36)
    at getTokenAtPositionWorker (c:\Users\chhav\AppData\Local\Programs\Microsoft VS Code\resources\app\extensions\node_modules\typescript\lib\tsserver.js:129050:27)
    at getTouchingToken (c:\Users\chhav\AppData\Local\Programs\Microsoft VS Code\resources\app\extensions\node_modules\typescript\lib\tsserver.js:128979:16)
    at Object.getTouchingPropertyName (c:\Users\chhav\AppData\Local\Programs\Microsoft VS Code\resources\app\extensions\node_modules\typescript\lib\tsserver.js:128971:16)
    at Object.getQuickInfoAtPosition (c:\Users\chhav\AppData\Local\Programs\Microsoft VS Code\resources\app\extensions\node_modules\typescript\lib\tsserver.js:167325:27)
    at Session.getQuickInfoWorker (c:\Users\chhav\AppData\Local\Programs\Microsoft VS Code\resources\app\extensions\node_modules\typescript\lib\tsserver.js:179338:62)
    at Session.handlers.ts.Map.ts.getEntries._a.<computed> (c:\Users\chhav\AppData\Local\Programs\Microsoft VS Code\resources\app\extensions\node_modules\typescript\lib\tsserver.js:178060:61)
    at c:\Users\chhav\AppData\Local\Programs\Microsoft VS Code\resources\app\extensions\node_modules\typescript\lib\tsserver.js:180174:96
    at Session.executeWithRequestId (c:\Users\chhav\AppData\Local\Programs\Microsoft VS Code\resources\app\extensions\node_modules\typescript\lib\tsserver.js:180165:28)
    at Session.executeCommand (c:\Users\chhav\AppData\Local\Programs\Microsoft VS Code\resources\app\extensions\node_modules\typescript\lib\tsserver.js:180174:41)
    at Session.onMessage (c:\Users\chhav\AppData\Local\Programs\Microsoft VS Code\resources\app\extensions\node_modules\typescript\lib\tsserver.js:180202:35)
    at process.<anonymous> (c:\Users\chhav\AppData\Local\Programs\Microsoft VS Code\resources\app\extensions\node_modules\typescript\lib\tsserver.js:184368:31)
    at process.emit (node:events:526:28)
    at emit (node:internal/child_process:938:14)
    at process.processTicksAndRejections (node:internal/process/task_queues:84:21): Error: <semantic> TypeScript Server Error (4.8.4)
Debug Failure. Did not expect JsxClosingFragment to have an Identifier in its trivia
Error: Debug Failure. Did not expect JsxClosingFragment to have an Identifier in its trivia
    at addSyntheticNodes (c:\Users\chhav\AppData\Local\Programs\Microsoft VS Code\resources\app\extensions\node_modules\typescript\lib\tsserver.js:166078:30)
    at createChildren (c:\Users\chhav\AppData\Local\Programs\Microsoft VS Code\resources\app\extensions\node_modules\typescript\lib\tsserver.js:166067:9)
    at NodeObject.getChildren (c:\Users\chhav\AppData\Local\Programs\Microsoft VS Code\resources\app\extensions\node_modules\typescript\lib\tsserver.js:166009:56)
    at _loop_1 (c:\Users\chhav\AppData\Local\Programs\Microsoft VS Code\resources\app\extensions\node_modules\typescript\lib\tsserver.js:128993:36)
    at getTokenAtPositionWorker (c:\Users\chhav\AppData\Local\Programs\Microsoft VS Code\resources\app\extensions\node_modules\typescript\lib\tsserver.js:129050:27)
    at getTouchingToken (c:\Users\chhav\AppData\Local\Programs\Microsoft VS Code\resources\app\extensions\node_modules\typescript\lib\tsserver.js:128979:16)
    at Object.getTouchingPropertyName (c:\Users\chhav\AppData\Local\Programs\Microsoft VS Code\resources\app\extensions\node_modules\typescript\lib\tsserver.js:128971:16)
    at Object.getQuickInfoAtPosition (c:\Users\chhav\AppData\Local\Programs\Microsoft VS Code\resources\app\extensions\node_modules\typescript\lib\tsserver.js:167325:27)
    at Session.getQuickInfoWorker (c:\Users\chhav\AppData\Local\Programs\Microsoft VS Code\resources\app\extensions\node_modules\typescript\lib\tsserver.js:179338:62)
    at Session.handlers.ts.Map.ts.getEntries._a.<computed> (c:\Users\chhav\AppData\Local\Programs\Microsoft VS Code\resources\app\extensions\node_modules\typescript\lib\tsserver.js:178060:61)
    at c:\Users\chhav\AppData\Local\Programs\Microsoft VS Code\resources\app\extensions\node_modules\typescript\lib\tsserver.js:180174:96
    at Session.executeWithRequestId (c:\Users\chhav\AppData\Local\Programs\Microsoft VS Code\resources\app\extensions\node_modules\typescript\lib\tsserver.js:180165:28)
    at Session.executeCommand (c:\Users\chhav\AppData\Local\Programs\Microsoft VS Code\resources\app\extensions\node_modules\typescript\lib\tsserver.js:180174:41)
    at Session.onMessage (c:\Users\chhav\AppData\Local\Programs\Microsoft VS Code\resources\app\extensions\node_modules\typescript\lib\tsserver.js:180202:35)
    at process.<anonymous> (c:\Users\chhav\AppData\Local\Programs\Microsoft VS Code\resources\app\extensions\node_modules\typescript\lib\tsserver.js:184368:31)
    at process.emit (node:events:526:28)
    at emit (node:internal/child_process:938:14)
    at process.processTicksAndRejections (node:internal/process/task_queues:84:21)
	at r.create (c:\Users\chhav\AppData\Local\Programs\Microsoft VS Code\resources\app\extensions\typescript-language-features\dist\extension.js:1:562108)
	at d.dispatchResponse (c:\Users\chhav\AppData\Local\Programs\Microsoft VS Code\resources\app\extensions\typescript-language-features\dist\extension.js:1:556161)
	at d.dispatchMessage (c:\Users\chhav\AppData\Local\Programs\Microsoft VS Code\resources\app\extensions\typescript-language-features\dist\extension.js:1:555029)
	at ChildProcess.<anonymous> (c:\Users\chhav\AppData\Local\Programs\Microsoft VS Code\resources\app\extensions\typescript-language-features\dist\extension.js:1:554514)
	at ChildProcess.emit (node:events:526:28)
	at emit (node:internal/child_process:938:14)
	at process.processTicksAndRejections (node:internal/process/task_queues:84:21)
[2022-11-10 16:08:49.259] [renderer1] [error] <semantic> TypeScript Server Error (4.8.4)
Debug Failure. Did not expect JsxClosingFragment to have an Identifier in its trivia
Error: Debug Failure. Did not expect JsxClosingFragment to have an Identifier in its trivia
    at addSyntheticNodes (c:\Users\chhav\AppData\Local\Programs\Microsoft VS Code\resources\app\extensions\node_modules\typescript\lib\tsserver.js:166078:30)
    at createChildren (c:\Users\chhav\AppData\Local\Programs\Microsoft VS Code\resources\app\extensions\node_modules\typescript\lib\tsserver.js:166067:9)
    at NodeObject.getChildren (c:\Users\chhav\AppData\Local\Programs\Microsoft VS Code\resources\app\extensions\node_modules\typescript\lib\tsserver.js:166009:56)
    at _loop_1 (c:\Users\chhav\AppData\Local\Programs\Microsoft VS Code\resources\app\extensions\node_modules\typescript\lib\tsserver.js:128993:36)
    at getTokenAtPositionWorker (c:\Users\chhav\AppData\Local\Programs\Microsoft VS Code\resources\app\extensions\node_modules\typescript\lib\tsserver.js:129050:27)
    at getTouchingToken (c:\Users\chhav\AppData\Local\Programs\Microsoft VS Code\resources\app\extensions\node_modules\typescript\lib\tsserver.js:128979:16)
    at Object.getTouchingPropertyName (c:\Users\chhav\AppData\Local\Programs\Microsoft VS Code\resources\app\extensions\node_modules\typescript\lib\tsserver.js:128971:16)
    at Object.getDocumentHighlights (c:\Users\chhav\AppData\Local\Programs\Microsoft VS Code\resources\app\extensions\node_modules\typescript\lib\tsserver.js:137220:27)
    at Object.getDocumentHighlights (c:\Users\chhav\AppData\Local\Programs\Microsoft VS Code\resources\app\extensions\node_modules\typescript\lib\tsserver.js:167415:42)
    at Session.getDocumentHighlights (c:\Users\chhav\AppData\Local\Programs\Microsoft VS Code\resources\app\extensions\node_modules\typescript\lib\tsserver.js:179073:71)
    at Session.handlers.ts.Map.ts.getEntries._a.<computed> (c:\Users\chhav\AppData\Local\Programs\Microsoft VS Code\resources\app\extensions\node_modules\typescript\lib\tsserver.js:178221:61)
    at c:\Users\chhav\AppData\Local\Programs\Microsoft VS Code\resources\app\extensions\node_modules\typescript\lib\tsserver.js:180174:96
    at Session.executeWithRequestId (c:\Users\chhav\AppData\Local\Programs\Microsoft VS Code\resources\app\extensions\node_modules\typescript\lib\tsserver.js:180165:28)
    at Session.executeCommand (c:\Users\chhav\AppData\Local\Programs\Microsoft VS Code\resources\app\extensions\node_modules\typescript\lib\tsserver.js:180174:41)
    at Session.onMessage (c:\Users\chhav\AppData\Local\Programs\Microsoft VS Code\resources\app\extensions\node_modules\typescript\lib\tsserver.js:180202:35)
    at process.<anonymous> (c:\Users\chhav\AppData\Local\Programs\Microsoft VS Code\resources\app\extensions\node_modules\typescript\lib\tsserver.js:184368:31)
    at process.emit (node:events:526:28)
    at emit (node:internal/child_process:938:14)
    at process.processTicksAndRejections (node:internal/process/task_queues:84:21): Error: <semantic> TypeScript Server Error (4.8.4)
Debug Failure. Did not expect JsxClosingFragment to have an Identifier in its trivia
Error: Debug Failure. Did not expect JsxClosingFragment to have an Identifier in its trivia
    at addSyntheticNodes (c:\Users\chhav\AppData\Local\Programs\Microsoft VS Code\resources\app\extensions\node_modules\typescript\lib\tsserver.js:166078:30)
    at createChildren (c:\Users\chhav\AppData\Local\Programs\Microsoft VS Code\resources\app\extensions\node_modules\typescript\lib\tsserver.js:166067:9)
    at NodeObject.getChildren (c:\Users\chhav\AppData\Local\Programs\Microsoft VS Code\resources\app\extensions\node_modules\typescript\lib\tsserver.js:166009:56)
    at _loop_1 (c:\Users\chhav\AppData\Local\Programs\Microsoft VS Code\resources\app\extensions\node_modules\typescript\lib\tsserver.js:128993:36)
    at getTokenAtPositionWorker (c:\Users\chhav\AppData\Local\Programs\Microsoft VS Code\resources\app\extensions\node_modules\typescript\lib\tsserver.js:129050:27)
    at getTouchingToken (c:\Users\chhav\AppData\Local\Programs\Microsoft VS Code\resources\app\extensions\node_modules\typescript\lib\tsserver.js:128979:16)
    at Object.getTouchingPropertyName (c:\Users\chhav\AppData\Local\Programs\Microsoft VS Code\resources\app\extensions\node_modules\typescript\lib\tsserver.js:128971:16)
    at Object.getDocumentHighlights (c:\Users\chhav\AppData\Local\Programs\Microsoft VS Code\resources\app\extensions\node_modules\typescript\lib\tsserver.js:137220:27)
    at Object.getDocumentHighlights (c:\Users\chhav\AppData\Local\Programs\Microsoft VS Code\resources\app\extensions\node_modules\typescript\lib\tsserver.js:167415:42)
    at Session.getDocumentHighlights (c:\Users\chhav\AppData\Local\Programs\Microsoft VS Code\resources\app\extensions\node_modules\typescript\lib\tsserver.js:179073:71)
    at Session.handlers.ts.Map.ts.getEntries._a.<computed> (c:\Users\chhav\AppData\Local\Programs\Microsoft VS Code\resources\app\extensions\node_modules\typescript\lib\tsserver.js:178221:61)
    at c:\Users\chhav\AppData\Local\Programs\Microsoft VS Code\resources\app\extensions\node_modules\typescript\lib\tsserver.js:180174:96
    at Session.executeWithRequestId (c:\Users\chhav\AppData\Local\Programs\Microsoft VS Code\resources\app\extensions\node_modules\typescript\lib\tsserver.js:180165:28)
    at Session.executeCommand (c:\Users\chhav\AppData\Local\Programs\Microsoft VS Code\resources\app\extensions\node_modules\typescript\lib\tsserver.js:180174:41)
    at Session.onMessage (c:\Users\chhav\AppData\Local\Programs\Microsoft VS Code\resources\app\extensions\node_modules\typescript\lib\tsserver.js:180202:35)
    at process.<anonymous> (c:\Users\chhav\AppData\Local\Programs\Microsoft VS Code\resources\app\extensions\node_modules\typescript\lib\tsserver.js:184368:31)
    at process.emit (node:events:526:28)
    at emit (node:internal/child_process:938:14)
    at process.processTicksAndRejections (node:internal/process/task_queues:84:21)
	at r.create (c:\Users\chhav\AppData\Local\Programs\Microsoft VS Code\resources\app\extensions\typescript-language-features\dist\extension.js:1:562108)
	at d.dispatchResponse (c:\Users\chhav\AppData\Local\Programs\Microsoft VS Code\resources\app\extensions\typescript-language-features\dist\extension.js:1:556161)
	at d.dispatchMessage (c:\Users\chhav\AppData\Local\Programs\Microsoft VS Code\resources\app\extensions\typescript-language-features\dist\extension.js:1:555029)
	at ChildProcess.<anonymous> (c:\Users\chhav\AppData\Local\Programs\Microsoft VS Code\resources\app\extensions\typescript-language-features\dist\extension.js:1:554514)
	at ChildProcess.emit (node:events:526:28)
	at emit (node:internal/child_process:938:14)
	at process.processTicksAndRejections (node:internal/process/task_queues:84:21)
[2022-11-10 16:08:49.509] [renderer1] [error] <semantic> TypeScript Server Error (4.8.4)
Debug Failure. Did not expect JsxClosingFragment to have an Identifier in its trivia
Error: Debug Failure. Did not expect JsxClosingFragment to have an Identifier in its trivia
    at addSyntheticNodes (c:\Users\chhav\AppData\Local\Programs\Microsoft VS Code\resources\app\extensions\node_modules\typescript\lib\tsserver.js:166078:30)
    at createChildren (c:\Users\chhav\AppData\Local\Programs\Microsoft VS Code\resources\app\extensions\node_modules\typescript\lib\tsserver.js:166067:9)
    at NodeObject.getChildren (c:\Users\chhav\AppData\Local\Programs\Microsoft VS Code\resources\app\extensions\node_modules\typescript\lib\tsserver.js:166009:56)
    at _loop_1 (c:\Users\chhav\AppData\Local\Programs\Microsoft VS Code\resources\app\extensions\node_modules\typescript\lib\tsserver.js:128993:36)
    at getTokenAtPositionWorker (c:\Users\chhav\AppData\Local\Programs\Microsoft VS Code\resources\app\extensions\node_modules\typescript\lib\tsserver.js:129050:27)
    at Object.getTokenAtPosition (c:\Users\chhav\AppData\Local\Programs\Microsoft VS Code\resources\app\extensions\node_modules\typescript\lib\tsserver.js:128984:16)
    at getInfo (c:\Users\chhav\AppData\Local\Programs\Microsoft VS Code\resources\app\extensions\node_modules\typescript\lib\tsserver.js:161127:28)
    at Object.getRefactorActionsToConvertBetweenNamedAndDefaultExports [as getAvailableActions] (c:\Users\chhav\AppData\Local\Programs\Microsoft VS Code\resources\app\extensions\node_modules\typescript\lib\tsserver.js:161097:28)
    at c:\Users\chhav\AppData\Local\Programs\Microsoft VS Code\resources\app\extensions\node_modules\typescript\lib\tsserver.js:152050:30
    at getIterator (c:\Users\chhav\AppData\Local\Programs\Microsoft VS Code\resources\app\extensions\node_modules\typescript\lib\tsserver.js:579:23)
    at Object.flatMapIterator (c:\Users\chhav\AppData\Local\Programs\Microsoft VS Code\resources\app\extensions\node_modules\typescript\lib\tsserver.js:562:27)
    at Object.getApplicableRefactors (c:\Users\chhav\AppData\Local\Programs\Microsoft VS Code\resources\app\extensions\node_modules\typescript\lib\tsserver.js:152046:36)
    at Object.getApplicableRefactors (c:\Users\chhav\AppData\Local\Programs\Microsoft VS Code\resources\app\extensions\node_modules\typescript\lib\tsserver.js:168092:32)
    at Session.getApplicableRefactors (c:\Users\chhav\AppData\Local\Programs\Microsoft VS Code\resources\app\extensions\node_modules\typescript\lib\tsserver.js:179786:53)
    at Session.handlers.ts.Map.ts.getEntries._a.<computed> (c:\Users\chhav\AppData\Local\Programs\Microsoft VS Code\resources\app\extensions\node_modules\typescript\lib\tsserver.js:178259:61)
    at c:\Users\chhav\AppData\Local\Programs\Microsoft VS Code\resources\app\extensions\node_modules\typescript\lib\tsserver.js:180174:96
    at Session.executeWithRequestId (c:\Users\chhav\AppData\Local\Programs\Microsoft VS Code\resources\app\extensions\node_modules\typescript\lib\tsserver.js:180165:28)
    at Session.executeCommand (c:\Users\chhav\AppData\Local\Programs\Microsoft VS Code\resources\app\extensions\node_modules\typescript\lib\tsserver.js:180174:41)
    at Session.onMessage (c:\Users\chhav\AppData\Local\Programs\Microsoft VS Code\resources\app\extensions\node_modules\typescript\lib\tsserver.js:180202:35)
    at process.<anonymous> (c:\Users\chhav\AppData\Local\Programs\Microsoft VS Code\resources\app\extensions\node_modules\typescript\lib\tsserver.js:184368:31)
    at process.emit (node:events:526:28)
    at emit (node:internal/child_process:938:14)
    at process.processTicksAndRejections (node:internal/process/task_queues:84:21): Error: <semantic> TypeScript Server Error (4.8.4)
Debug Failure. Did not expect JsxClosingFragment to have an Identifier in its trivia
Error: Debug Failure. Did not expect JsxClosingFragment to have an Identifier in its trivia
    at addSyntheticNodes (c:\Users\chhav\AppData\Local\Programs\Microsoft VS Code\resources\app\extensions\node_modules\typescript\lib\tsserver.js:166078:30)
    at createChildren (c:\Users\chhav\AppData\Local\Programs\Microsoft VS Code\resources\app\extensions\node_modules\typescript\lib\tsserver.js:166067:9)
    at NodeObject.getChildren (c:\Users\chhav\AppData\Local\Programs\Microsoft VS Code\resources\app\extensions\node_modules\typescript\lib\tsserver.js:166009:56)
    at _loop_1 (c:\Users\chhav\AppData\Local\Programs\Microsoft VS Code\resources\app\extensions\node_modules\typescript\lib\tsserver.js:128993:36)
    at getTokenAtPositionWorker (c:\Users\chhav\AppData\Local\Programs\Microsoft VS Code\resources\app\extensions\node_modules\typescript\lib\tsserver.js:129050:27)
    at Object.getTokenAtPosition (c:\Users\chhav\AppData\Local\Programs\Microsoft VS Code\resources\app\extensions\node_modules\typescript\lib\tsserver.js:128984:16)
    at getInfo (c:\Users\chhav\AppData\Local\Programs\Microsoft VS Code\resources\app\extensions\node_modules\typescript\lib\tsserver.js:161127:28)
    at Object.getRefactorActionsToConvertBetweenNamedAndDefaultExports [as getAvailableActions] (c:\Users\chhav\AppData\Local\Programs\Microsoft VS Code\resources\app\extensions\node_modules\typescript\lib\tsserver.js:161097:28)
    at c:\Users\chhav\AppData\Local\Programs\Microsoft VS Code\resources\app\extensions\node_modules\typescript\lib\tsserver.js:152050:30
    at getIterator (c:\Users\chhav\AppData\Local\Programs\Microsoft VS Code\resources\app\extensions\node_modules\typescript\lib\tsserver.js:579:23)
    at Object.flatMapIterator (c:\Users\chhav\AppData\Local\Programs\Microsoft VS Code\resources\app\extensions\node_modules\typescript\lib\tsserver.js:562:27)
    at Object.getApplicableRefactors (c:\Users\chhav\AppData\Local\Programs\Microsoft VS Code\resources\app\extensions\node_modules\typescript\lib\tsserver.js:152046:36)
    at Object.getApplicableRefactors (c:\Users\chhav\AppData\Local\Programs\Microsoft VS Code\resources\app\extensions\node_modules\typescript\lib\tsserver.js:168092:32)
    at Session.getApplicableRefactors (c:\Users\chhav\AppData\Local\Programs\Microsoft VS Code\resources\app\extensions\node_modules\typescript\lib\tsserver.js:179786:53)
    at Session.handlers.ts.Map.ts.getEntries._a.<computed> (c:\Users\chhav\AppData\Local\Programs\Microsoft VS Code\resources\app\extensions\node_modules\typescript\lib\tsserver.js:178259:61)
    at c:\Users\chhav\AppData\Local\Programs\Microsoft VS Code\resources\app\extensions\node_modules\typescript\lib\tsserver.js:180174:96
    at Session.executeWithRequestId (c:\Users\chhav\AppData\Local\Programs\Microsoft VS Code\resources\app\extensions\node_modules\typescript\lib\tsserver.js:180165:28)
    at Session.executeCommand (c:\Users\chhav\AppData\Local\Programs\Microsoft VS Code\resources\app\extensions\node_modules\typescript\lib\tsserver.js:180174:41)
    at Session.onMessage (c:\Users\chhav\AppData\Local\Programs\Microsoft VS Code\resources\app\extensions\node_modules\typescript\lib\tsserver.js:180202:35)
    at process.<anonymous> (c:\Users\chhav\AppData\Local\Programs\Microsoft VS Code\resources\app\extensions\node_modules\typescript\lib\tsserver.js:184368:31)
    at process.emit (node:events:526:28)
    at emit (node:internal/child_process:938:14)
    at process.processTicksAndRejections (node:internal/process/task_queues:84:21)
	at r.create (c:\Users\chhav\AppData\Local\Programs\Microsoft VS Code\resources\app\extensions\typescript-language-features\dist\extension.js:1:562108)
	at d.dispatchResponse (c:\Users\chhav\AppData\Local\Programs\Microsoft VS Code\resources\app\extensions\typescript-language-features\dist\extension.js:1:556161)
	at d.dispatchMessage (c:\Users\chhav\AppData\Local\Programs\Microsoft VS Code\resources\app\extensions\typescript-language-features\dist\extension.js:1:555029)
	at ChildProcess.<anonymous> (c:\Users\chhav\AppData\Local\Programs\Microsoft VS Code\resources\app\extensions\typescript-language-features\dist\extension.js:1:554514)
	at ChildProcess.emit (node:events:526:28)
	at emit (node:internal/child_process:938:14)
	at process.processTicksAndRejections (node:internal/process/task_queues:84:21)
[2022-11-10 16:08:50.080] [renderer1] [error] <semantic> TypeScript Server Error (4.8.4)
Debug Failure. Did not expect JsxClosingFragment to have an Identifier in its trivia
Error: Debug Failure. Did not expect JsxClosingFragment to have an Identifier in its trivia
    at addSyntheticNodes (c:\Users\chhav\AppData\Local\Programs\Microsoft VS Code\resources\app\extensions\node_modules\typescript\lib\tsserver.js:166078:30)
    at createChildren (c:\Users\chhav\AppData\Local\Programs\Microsoft VS Code\resources\app\extensions\node_modules\typescript\lib\tsserver.js:166067:9)
    at NodeObject.getChildren (c:\Users\chhav\AppData\Local\Programs\Microsoft VS Code\resources\app\extensions\node_modules\typescript\lib\tsserver.js:166009:56)
    at _loop_1 (c:\Users\chhav\AppData\Local\Programs\Microsoft VS Code\resources\app\extensions\node_modules\typescript\lib\tsserver.js:128993:36)
    at getTokenAtPositionWorker (c:\Users\chhav\AppData\Local\Programs\Microsoft VS Code\resources\app\extensions\node_modules\typescript\lib\tsserver.js:129050:27)
    at getTouchingToken (c:\Users\chhav\AppData\Local\Programs\Microsoft VS Code\resources\app\extensions\node_modules\typescript\lib\tsserver.js:128979:16)
    at Object.getTouchingPropertyName (c:\Users\chhav\AppData\Local\Programs\Microsoft VS Code\resources\app\extensions\node_modules\typescript\lib\tsserver.js:128971:16)
    at Object.getQuickInfoAtPosition (c:\Users\chhav\AppData\Local\Programs\Microsoft VS Code\resources\app\extensions\node_modules\typescript\lib\tsserver.js:167325:27)
    at Session.getQuickInfoWorker (c:\Users\chhav\AppData\Local\Programs\Microsoft VS Code\resources\app\extensions\node_modules\typescript\lib\tsserver.js:179338:62)
    at Session.handlers.ts.Map.ts.getEntries._a.<computed> (c:\Users\chhav\AppData\Local\Programs\Microsoft VS Code\resources\app\extensions\node_modules\typescript\lib\tsserver.js:178060:61)
    at c:\Users\chhav\AppData\Local\Programs\Microsoft VS Code\resources\app\extensions\node_modules\typescript\lib\tsserver.js:180174:96
    at Session.executeWithRequestId (c:\Users\chhav\AppData\Local\Programs\Microsoft VS Code\resources\app\extensions\node_modules\typescript\lib\tsserver.js:180165:28)
    at Session.executeCommand (c:\Users\chhav\AppData\Local\Programs\Microsoft VS Code\resources\app\extensions\node_modules\typescript\lib\tsserver.js:180174:41)
    at Session.onMessage (c:\Users\chhav\AppData\Local\Programs\Microsoft VS Code\resources\app\extensions\node_modules\typescript\lib\tsserver.js:180202:35)
    at process.<anonymous> (c:\Users\chhav\AppData\Local\Programs\Microsoft VS Code\resources\app\extensions\node_modules\typescript\lib\tsserver.js:184368:31)
    at process.emit (node:events:526:28)
    at emit (node:internal/child_process:938:14)
    at process.processTicksAndRejections (node:internal/process/task_queues:84:21): Error: <semantic> TypeScript Server Error (4.8.4)
Debug Failure. Did not expect JsxClosingFragment to have an Identifier in its trivia
Error: Debug Failure. Did not expect JsxClosingFragment to have an Identifier in its trivia
    at addSyntheticNodes (c:\Users\chhav\AppData\Local\Programs\Microsoft VS Code\resources\app\extensions\node_modules\typescript\lib\tsserver.js:166078:30)
    at createChildren (c:\Users\chhav\AppData\Local\Programs\Microsoft VS Code\resources\app\extensions\node_modules\typescript\lib\tsserver.js:166067:9)
    at NodeObject.getChildren (c:\Users\chhav\AppData\Local\Programs\Microsoft VS Code\resources\app\extensions\node_modules\typescript\lib\tsserver.js:166009:56)
    at _loop_1 (c:\Users\chhav\AppData\Local\Programs\Microsoft VS Code\resources\app\extensions\node_modules\typescript\lib\tsserver.js:128993:36)
    at getTokenAtPositionWorker (c:\Users\chhav\AppData\Local\Programs\Microsoft VS Code\resources\app\extensions\node_modules\typescript\lib\tsserver.js:129050:27)
    at getTouchingToken (c:\Users\chhav\AppData\Local\Programs\Microsoft VS Code\resources\app\extensions\node_modules\typescript\lib\tsserver.js:128979:16)
    at Object.getTouchingPropertyName (c:\Users\chhav\AppData\Local\Programs\Microsoft VS Code\resources\app\extensions\node_modules\typescript\lib\tsserver.js:128971:16)
    at Object.getQuickInfoAtPosition (c:\Users\chhav\AppData\Local\Programs\Microsoft VS Code\resources\app\extensions\node_modules\typescript\lib\tsserver.js:167325:27)
    at Session.getQuickInfoWorker (c:\Users\chhav\AppData\Local\Programs\Microsoft VS Code\resources\app\extensions\node_modules\typescript\lib\tsserver.js:179338:62)
    at Session.handlers.ts.Map.ts.getEntries._a.<computed> (c:\Users\chhav\AppData\Local\Programs\Microsoft VS Code\resources\app\extensions\node_modules\typescript\lib\tsserver.js:178060:61)
    at c:\Users\chhav\AppData\Local\Programs\Microsoft VS Code\resources\app\extensions\node_modules\typescript\lib\tsserver.js:180174:96
    at Session.executeWithRequestId (c:\Users\chhav\AppData\Local\Programs\Microsoft VS Code\resources\app\extensions\node_modules\typescript\lib\tsserver.js:180165:28)
    at Session.executeCommand (c:\Users\chhav\AppData\Local\Programs\Microsoft VS Code\resources\app\extensions\node_modules\typescript\lib\tsserver.js:180174:41)
    at Session.onMessage (c:\Users\chhav\AppData\Local\Programs\Microsoft VS Code\resources\app\extensions\node_modules\typescript\lib\tsserver.js:180202:35)
    at process.<anonymous> (c:\Users\chhav\AppData\Local\Programs\Microsoft VS Code\resources\app\extensions\node_modules\typescript\lib\tsserver.js:184368:31)
    at process.emit (node:events:526:28)
    at emit (node:internal/child_process:938:14)
    at process.processTicksAndRejections (node:internal/process/task_queues:84:21)
	at r.create (c:\Users\chhav\AppData\Local\Programs\Microsoft VS Code\resources\app\extensions\typescript-language-features\dist\extension.js:1:562108)
	at d.dispatchResponse (c:\Users\chhav\AppData\Local\Programs\Microsoft VS Code\resources\app\extensions\typescript-language-features\dist\extension.js:1:556161)
	at d.dispatchMessage (c:\Users\chhav\AppData\Local\Programs\Microsoft VS Code\resources\app\extensions\typescript-language-features\dist\extension.js:1:555029)
	at ChildProcess.<anonymous> (c:\Users\chhav\AppData\Local\Programs\Microsoft VS Code\resources\app\extensions\typescript-language-features\dist\extension.js:1:554514)
	at ChildProcess.emit (node:events:526:28)
	at emit (node:internal/child_process:938:14)
	at process.processTicksAndRejections (node:internal/process/task_queues:84:21)
[2022-11-10 16:08:50.949] [renderer1] [error] <semantic> TypeScript Server Error (4.8.4)
Debug Failure. Did not expect JsxClosingFragment to have an Identifier in its trivia
Error: Debug Failure. Did not expect JsxClosingFragment to have an Identifier in its trivia
    at addSyntheticNodes (c:\Users\chhav\AppData\Local\Programs\Microsoft VS Code\resources\app\extensions\node_modules\typescript\lib\tsserver.js:166078:30)
    at createChildren (c:\Users\chhav\AppData\Local\Programs\Microsoft VS Code\resources\app\extensions\node_modules\typescript\lib\tsserver.js:166067:9)
    at NodeObject.getChildren (c:\Users\chhav\AppData\Local\Programs\Microsoft VS Code\resources\app\extensions\node_modules\typescript\lib\tsserver.js:166009:56)
    at findRightmostToken (c:\Users\chhav\AppData\Local\Programs\Microsoft VS Code\resources\app\extensions\node_modules\typescript\lib\tsserver.js:129194:26)
    at findRightmostToken (c:\Users\chhav\AppData\Local\Programs\Microsoft VS Code\resources\app\extensions\node_modules\typescript\lib\tsserver.js:129199:29)
    at find (c:\Users\chhav\AppData\Local\Programs\Microsoft VS Code\resources\app\extensions\node_modules\typescript\lib\tsserver.js:129169:47)
    at find (c:\Users\chhav\AppData\Local\Programs\Microsoft VS Code\resources\app\extensions\node_modules\typescript\lib\tsserver.js:129173:32)
    at find (c:\Users\chhav\AppData\Local\Programs\Microsoft VS Code\resources\app\extensions\node_modules\typescript\lib\tsserver.js:129173:32)
    at find (c:\Users\chhav\AppData\Local\Programs\Microsoft VS Code\resources\app\extensions\node_modules\typescript\lib\tsserver.js:129173:32)
    at find (c:\Users\chhav\AppData\Local\Programs\Microsoft VS Code\resources\app\extensions\node_modules\typescript\lib\tsserver.js:129173:32)
    at find (c:\Users\chhav\AppData\Local\Programs\Microsoft VS Code\resources\app\extensions\node_modules\typescript\lib\tsserver.js:129173:32)
    at find (c:\Users\chhav\AppData\Local\Programs\Microsoft VS Code\resources\app\extensions\node_modules\typescript\lib\tsserver.js:129173:32)
    at find (c:\Users\chhav\AppData\Local\Programs\Microsoft VS Code\resources\app\extensions\node_modules\typescript\lib\tsserver.js:129173:32)
    at find (c:\Users\chhav\AppData\Local\Programs\Microsoft VS Code\resources\app\extensions\node_modules\typescript\lib\tsserver.js:129173:32)
    at find (c:\Users\chhav\AppData\Local\Programs\Microsoft VS Code\resources\app\extensions\node_modules\typescript\lib\tsserver.js:129173:32)
    at find (c:\Users\chhav\AppData\Local\Programs\Microsoft VS Code\resources\app\extensions\node_modules\typescript\lib\tsserver.js:129173:32)
    at findPrecedingToken (c:\Users\chhav\AppData\Local\Programs\Microsoft VS Code\resources\app\extensions\node_modules\typescript\lib\tsserver.js:129132:22)
    at Object.findTokenOnLeftOfPosition (c:\Users\chhav\AppData\Local\Programs\Microsoft VS Code\resources\app\extensions\node_modules\typescript\lib\tsserver.js:129110:16)
    at getInfo (c:\Users\chhav\AppData\Local\Programs\Microsoft VS Code\resources\app\extensions\node_modules\typescript\lib\tsserver.js:161618:35)
    at Object.getRefactorActionsToConvertToOptionalChain [as getAvailableActions] (c:\Users\chhav\AppData\Local\Programs\Microsoft VS Code\resources\app\extensions\node_modules\typescript\lib\tsserver.js:161572:28)
    at c:\Users\chhav\AppData\Local\Programs\Microsoft VS Code\resources\app\extensions\node_modules\typescript\lib\tsserver.js:152050:30
    at getIterator (c:\Users\chhav\AppData\Local\Programs\Microsoft VS Code\resources\app\extensions\node_modules\typescript\lib\tsserver.js:579:23)
    at Object.next (c:\Users\chhav\AppData\Local\Programs\Microsoft VS Code\resources\app\extensions\node_modules\typescript\lib\tsserver.js:574:35)
    at Object.arrayFrom (c:\Users\chhav\AppData\Local\Programs\Microsoft VS Code\resources\app\extensions\node_modules\typescript\lib\tsserver.js:1326:88)
    at Object.getApplicableRefactors (c:\Users\chhav\AppData\Local\Programs\Microsoft VS Code\resources\app\extensions\node_modules\typescript\lib\tsserver.js:152046:23)
    at Object.getApplicableRefactors (c:\Users\chhav\AppData\Local\Programs\Microsoft VS Code\resources\app\extensions\node_modules\typescript\lib\tsserver.js:168092:32)
    at Session.getApplicableRefactors (c:\Users\chhav\AppData\Local\Programs\Microsoft VS Code\resources\app\extensions\node_modules\typescript\lib\tsserver.js:179786:53)
    at Session.handlers.ts.Map.ts.getEntries._a.<computed> (c:\Users\chhav\AppData\Local\Programs\Microsoft VS Code\resources\app\extensions\node_modules\typescript\lib\tsserver.js:178259:61)
    at c:\Users\chhav\AppData\Local\Programs\Microsoft VS Code\resources\app\extensions\node_modules\typescript\lib\tsserver.js:180174:96
    at Session.executeWithRequestId (c:\Users\chhav\AppData\Local\Programs\Microsoft VS Code\resources\app\extensions\node_modules\typescript\lib\tsserver.js:180165:28)
    at Session.executeCommand (c:\Users\chhav\AppData\Local\Programs\Microsoft VS Code\resources\app\extensions\node_modules\typescript\lib\tsserver.js:180174:41)
    at Session.onMessage (c:\Users\chhav\AppData\Local\Programs\Microsoft VS Code\resources\app\extensions\node_modules\typescript\lib\tsserver.js:180202:35)
    at process.<anonymous> (c:\Users\chhav\AppData\Local\Programs\Microsoft VS Code\resources\app\extensions\node_modules\typescript\lib\tsserver.js:184368:31)
    at process.emit (node:events:526:28)
    at emit (node:internal/child_process:938:14)
    at process.processTicksAndRejections (node:internal/process/task_queues:84:21): Error: <semantic> TypeScript Server Error (4.8.4)
Debug Failure. Did not expect JsxClosingFragment to have an Identifier in its trivia
Error: Debug Failure. Did not expect JsxClosingFragment to have an Identifier in its trivia
    at addSyntheticNodes (c:\Users\chhav\AppData\Local\Programs\Microsoft VS Code\resources\app\extensions\node_modules\typescript\lib\tsserver.js:166078:30)
    at createChildren (c:\Users\chhav\AppData\Local\Programs\Microsoft VS Code\resources\app\extensions\node_modules\typescript\lib\tsserver.js:166067:9)
    at NodeObject.getChildren (c:\Users\chhav\AppData\Local\Programs\Microsoft VS Code\resources\app\extensions\node_modules\typescript\lib\tsserver.js:166009:56)
    at findRightmostToken (c:\Users\chhav\AppData\Local\Programs\Microsoft VS Code\resources\app\extensions\node_modules\typescript\lib\tsserver.js:129194:26)
    at findRightmostToken (c:\Users\chhav\AppData\Local\Programs\Microsoft VS Code\resources\app\extensions\node_modules\typescript\lib\tsserver.js:129199:29)
    at find (c:\Users\chhav\AppData\Local\Programs\Microsoft VS Code\resources\app\extensions\node_modules\typescript\lib\tsserver.js:129169:47)
    at find (c:\Users\chhav\AppData\Local\Programs\Microsoft VS Code\resources\app\extensions\node_modules\typescript\lib\tsserver.js:129173:32)
    at find (c:\Users\chhav\AppData\Local\Programs\Microsoft VS Code\resources\app\extensions\node_modules\typescript\lib\tsserver.js:129173:32)
    at find (c:\Users\chhav\AppData\Local\Programs\Microsoft VS Code\resources\app\extensions\node_modules\typescript\lib\tsserver.js:129173:32)
    at find (c:\Users\chhav\AppData\Local\Programs\Microsoft VS Code\resources\app\extensions\node_modules\typescript\lib\tsserver.js:129173:32)
    at find (c:\Users\chhav\AppData\Local\Programs\Microsoft VS Code\resources\app\extensions\node_modules\typescript\lib\tsserver.js:129173:32)
    at find (c:\Users\chhav\AppData\Local\Programs\Microsoft VS Code\resources\app\extensions\node_modules\typescript\lib\tsserver.js:129173:32)
    at find (c:\Users\chhav\AppData\Local\Programs\Microsoft VS Code\resources\app\extensions\node_modules\typescript\lib\tsserver.js:129173:32)
    at find (c:\Users\chhav\AppData\Local\Programs\Microsoft VS Code\resources\app\extensions\node_modules\typescript\lib\tsserver.js:129173:32)
    at find (c:\Users\chhav\AppData\Local\Programs\Microsoft VS Code\resources\app\extensions\node_modules\typescript\lib\tsserver.js:129173:32)
    at find (c:\Users\chhav\AppData\Local\Programs\Microsoft VS Code\resources\app\extensions\node_modules\typescript\lib\tsserver.js:129173:32)
    at findPrecedingToken (c:\Users\chhav\AppData\Local\Programs\Microsoft VS Code\resources\app\extensions\node_modules\typescript\lib\tsserver.js:129132:22)
    at Object.findTokenOnLeftOfPosition (c:\Users\chhav\AppData\Local\Programs\Microsoft VS Code\resources\app\extensions\node_modules\typescript\lib\tsserver.js:129110:16)
    at getInfo (c:\Users\chhav\AppData\Local\Programs\Microsoft VS Code\resources\app\extensions\node_modules\typescript\lib\tsserver.js:161618:35)
    at Object.getRefactorActionsToConvertToOptionalChain [as getAvailableActions] (c:\Users\chhav\AppData\Local\Programs\Microsoft VS Code\resources\app\extensions\node_modules\typescript\lib\tsserver.js:161572:28)
    at c:\Users\chhav\AppData\Local\Programs\Microsoft VS Code\resources\app\extensions\node_modules\typescript\lib\tsserver.js:152050:30
    at getIterator (c:\Users\chhav\AppData\Local\Programs\Microsoft VS Code\resources\app\extensions\node_modules\typescript\lib\tsserver.js:579:23)
    at Object.next (c:\Users\chhav\AppData\Local\Programs\Microsoft VS Code\resources\app\extensions\node_modules\typescript\lib\tsserver.js:574:35)
    at Object.arrayFrom (c:\Users\chhav\AppData\Local\Programs\Microsoft VS Code\resources\app\extensions\node_modules\typescript\lib\tsserver.js:1326:88)
    at Object.getApplicableRefactors (c:\Users\chhav\AppData\Local\Programs\Microsoft VS Code\resources\app\extensions\node_modules\typescript\lib\tsserver.js:152046:23)
    at Object.getApplicableRefactors (c:\Users\chhav\AppData\Local\Programs\Microsoft VS Code\resources\app\extensions\node_modules\typescript\lib\tsserver.js:168092:32)
    at Session.getApplicableRefactors (c:\Users\chhav\AppData\Local\Programs\Microsoft VS Code\resources\app\extensions\node_modules\typescript\lib\tsserver.js:179786:53)
    at Session.handlers.ts.Map.ts.getEntries._a.<computed> (c:\Users\chhav\AppData\Local\Programs\Microsoft VS Code\resources\app\extensions\node_modules\typescript\lib\tsserver.js:178259:61)
    at c:\Users\chhav\AppData\Local\Programs\Microsoft VS Code\resources\app\extensions\node_modules\typescript\lib\tsserver.js:180174:96
    at Session.executeWithRequestId (c:\Users\chhav\AppData\Local\Programs\Microsoft VS Code\resources\app\extensions\node_modules\typescript\lib\tsserver.js:180165:28)
    at Session.executeCommand (c:\Users\chhav\AppData\Local\Programs\Microsoft VS Code\resources\app\extensions\node_modules\typescript\lib\tsserver.js:180174:41)
    at Session.onMessage (c:\Users\chhav\AppData\Local\Programs\Microsoft VS Code\resources\app\extensions\node_modules\typescript\lib\tsserver.js:180202:35)
    at process.<anonymous> (c:\Users\chhav\AppData\Local\Programs\Microsoft VS Code\resources\app\extensions\node_modules\typescript\lib\tsserver.js:184368:31)
    at process.emit (node:events:526:28)
    at emit (node:internal/child_process:938:14)
    at process.processTicksAndRejections (node:internal/process/task_queues:84:21)
	at r.create (c:\Users\chhav\AppData\Local\Programs\Microsoft VS Code\resources\app\extensions\typescript-language-features\dist\extension.js:1:562108)
	at d.dispatchResponse (c:\Users\chhav\AppData\Local\Programs\Microsoft VS Code\resources\app\extensions\typescript-language-features\dist\extension.js:1:556161)
	at d.dispatchMessage (c:\Users\chhav\AppData\Local\Programs\Microsoft VS Code\resources\app\extensions\typescript-language-features\dist\extension.js:1:555029)
	at ChildProcess.<anonymous> (c:\Users\chhav\AppData\Local\Programs\Microsoft VS Code\resources\app\extensions\typescript-language-features\dist\extension.js:1:554514)
	at ChildProcess.emit (node:events:526:28)
	at emit (node:internal/child_process:938:14)
	at process.processTicksAndRejections (node:internal/process/task_queues:84:21)
