2023-01-25 19:28:21.756 [info] update#setState idle
2023-01-25 19:28:23.081 [info] Starting extension host with pid 17620 (fork() took 59 ms).
2023-01-25 19:28:51.773 [info] update#setState checking for updates
2023-01-25 19:28:51.868 [info] update#setState idle
2023-01-25 20:28:51.791 [info] update#setState checking for updates
2023-01-25 20:28:52.691 [info] update#setState idle
2023-01-25 21:28:51.804 [info] update#setState checking for updates
2023-01-25 21:28:52.379 [info] update#setState idle
2023-01-25 21:29:05.791 [info] Enabling inspect port on extension host with pid 17620.
2023-01-25 22:11:36.307 [info] Extension host with pid 17620 exited with code: 1073807364, signal: null.
2023-01-25 22:11:36.526 [error] [uncaught exception in main]: Error: SharedProcess: renderer process gone (detail: killed, code: 1073807364)
2023-01-25 22:11:36.598 [error] Error: SharedProcess: renderer process gone (detail: killed, code: 1073807364)
    at C:\Users\chhav\AppData\Local\Programs\Microsoft VS Code\resources\app\out\vs\code\electron-main\main.js:82:67261
    at d.invoke (C:\Users\chhav\AppData\Local\Programs\Microsoft VS Code\resources\app\out\vs\code\electron-main\main.js:19:145)
    at v.deliver (C:\Users\chhav\AppData\Local\Programs\Microsoft VS Code\resources\app\out\vs\code\electron-main\main.js:19:2032)
    at b.fire (C:\Users\chhav\AppData\Local\Programs\Microsoft VS Code\resources\app\out\vs\code\electron-main\main.js:19:1670)
    at C:\Users\chhav\AppData\Local\Programs\Microsoft VS Code\resources\app\out\vs\code\electron-main\main.js:17:20702
    at d.invoke (C:\Users\chhav\AppData\Local\Programs\Microsoft VS Code\resources\app\out\vs\code\electron-main\main.js:19:145)
    at v.deliver (C:\Users\chhav\AppData\Local\Programs\Microsoft VS Code\resources\app\out\vs\code\electron-main\main.js:19:2032)
    at b.fire (C:\Users\chhav\AppData\Local\Programs\Microsoft VS Code\resources\app\out\vs\code\electron-main\main.js:19:1670)
    at EventEmitter.<anonymous> (C:\Users\chhav\AppData\Local\Programs\Microsoft VS Code\resources\app\out\vs\code\electron-main\main.js:79:96733)
    at EventEmitter.emit (node:events:538:35)
2023-01-25 22:11:36.605 [error] CodeWindow: renderer process gone (reason: killed, code: 1073807364)
