2023-02-09 18:15:26.732 [info] Added views:workbench.panel.markers.view in workbench.panel.markers
2023-02-09 18:15:26.732 [info] Added views:workbench.panel.output in workbench.panel.output
2023-02-09 18:15:26.732 [info] Added views:terminal in terminal
2023-02-09 18:15:26.732 [info] Added views:outline in workbench.view.explorer
2023-02-09 18:15:26.732 [info] Added views:workbench.scm in workbench.view.scm
2023-02-09 18:15:26.732 [info] Added views:workbench.view.search in workbench.view.search
2023-02-09 18:15:26.732 [info] Added views:timeline in workbench.view.explorer
2023-02-09 18:15:26.732 [info] Added views:workbench.explorer.fileView in workbench.view.explorer
2023-02-09 18:15:26.900 [info] Added views:workbench.debug.welcome in workbench.view.debug
2023-02-09 18:15:26.903 [info] Added views:workbench.debug.breakPointsView in workbench.view.debug
2023-02-09 18:15:28.457 [info] Added views:workbench.panel.repl.view in workbench.panel.repl
2023-02-09 18:15:53.396 [info] Removed views:workbench.debug.breakPointsView from workbench.view.debug
2023-02-09 18:18:47.880 [info] Added views:workbench.views.extensions.installed,workbench.views.extensions.popular,extensions.recommendedList in workbench.view.extensions
2023-02-09 18:18:47.883 [info] Removed views:workbench.views.extensions.popular from workbench.view.extensions
2023-02-09 18:18:50.410 [info] Removed views:extensions.recommendedList,workbench.views.extensions.installed from workbench.view.extensions
2023-02-09 18:18:50.422 [info] Added views:workbench.views.extensions.marketplace in workbench.view.extensions
2023-02-09 18:22:07.294 [info] Added views:workbench.debug.breakPointsView in workbench.view.debug
2023-02-09 18:22:13.798 [info] Added views:jsBrowserBreakpoints in workbench.view.debug
2023-02-09 18:22:13.815 [info] Removed views:workbench.debug.welcome from workbench.view.debug
2023-02-09 18:22:13.828 [info] Added views:workbench.debug.variablesView,workbench.debug.watchExpressionsView,workbench.debug.callStackView,workbench.debug.loadedScriptsView in workbench.view.debug
2023-02-09 18:22:52.011 [info] Removed views:workbench.debug.loadedScriptsView from workbench.view.debug
2023-02-09 18:24:03.403 [info] Added views:workbench.debug.loadedScriptsView in workbench.view.debug
2023-02-09 18:41:17.092 [info] Removed views:workbench.debug.loadedScriptsView from workbench.view.debug
2023-02-09 18:43:08.197 [info] Added views:workbench.debug.loadedScriptsView in workbench.view.debug
2023-02-09 19:03:20.185 [info] Removed views:workbench.debug.loadedScriptsView from workbench.view.debug
2023-02-09 19:20:24.057 [info] Added views:workbench.debug.loadedScriptsView in workbench.view.debug
2023-02-09 19:21:44.254 [info] Removed views:workbench.debug.loadedScriptsView from workbench.view.debug
2023-02-09 19:21:58.709 [info] Added views:workbench.debug.loadedScriptsView in workbench.view.debug
2023-02-09 19:40:31.640 [info] Removed views:workbench.debug.loadedScriptsView from workbench.view.debug
