2023-01-10 18:21:33.084 [info] Log level: Info
2023-01-10 18:21:33.085 [info] Validating found git in: "C:\Program Files\Git\cmd\git.exe"
2023-01-10 18:21:33.085 [info] Using git "2.35.1.windows.2" from "C:\Program Files\Git\cmd\git.exe"
2023-01-10 18:21:33.095 [info] > git rev-parse --show-toplevel [121ms]
2023-01-10 18:21:33.172 [info] > git rev-parse --git-dir --git-common-dir [70ms]
2023-01-10 18:21:33.183 [info] Open repository: d:\examples\coursera_test\react_examples
2023-01-10 18:21:33.311 [info] > git rev-parse --show-toplevel [116ms]
2023-01-10 18:21:33.335 [info] > git config --get commit.template [125ms]
2023-01-10 18:21:33.534 [info] > git rev-parse --show-toplevel [211ms]
2023-01-10 18:21:33.885 [info] > git for-each-ref --format=%(refname)%00%(upstream:short)%00%(objectname)%00%(upstream:track)%00%(upstream:remotename)%00%(upstream:remoteref) refs/heads/main refs/remotes/main [647ms]
2023-01-10 18:21:33.923 [info] > git rev-parse --show-toplevel [377ms]
2023-01-10 18:21:34.130 [info] > git for-each-ref --sort -committerdate --format %(refname) %(objectname) %(*objectname) [207ms]
2023-01-10 18:21:34.149 [info] > git check-ignore -v -z --stdin [183ms]
2023-01-10 18:21:34.176 [info] > git rev-parse --show-toplevel [219ms]
2023-01-10 18:21:34.328 [info] > git rev-parse --show-toplevel [139ms]
2023-01-10 18:21:34.391 [info] > git status -z -uall [482ms]
2023-01-10 18:21:34.588 [info] > git rev-parse --show-toplevel [240ms]
2023-01-10 18:21:34.738 [info] > git config --get commit.template [291ms]
2023-01-10 18:21:34.756 [info] > git for-each-ref --format=%(refname)%00%(upstream:short)%00%(objectname)%00%(upstream:track)%00%(upstream:remotename)%00%(upstream:remoteref) refs/heads/main refs/remotes/main [263ms]
2023-01-10 18:21:34.780 [info] > git rev-parse --show-toplevel [161ms]
2023-01-10 18:21:34.901 [info] > git for-each-ref --sort -committerdate --format %(refname) %(objectname) %(*objectname) [127ms]
2023-01-10 18:21:34.924 [info] > git status -z -uall [158ms]
2023-01-10 18:21:34.941 [info] > git rev-parse --show-toplevel [149ms]
2023-01-10 18:21:35.013 [info] > git rev-parse --show-toplevel [63ms]
2023-01-10 18:21:35.109 [info] > git rev-parse --show-toplevel [89ms]
2023-01-10 18:21:35.184 [info] > git rev-parse --show-toplevel [63ms]
2023-01-10 18:21:35.239 [info] > git rev-parse --show-toplevel [48ms]
2023-01-10 18:21:35.295 [info] > git rev-parse --show-toplevel [50ms]
2023-01-10 18:21:35.357 [info] > git rev-parse --show-toplevel [55ms]
2023-01-10 18:21:35.410 [info] > git rev-parse --show-toplevel [48ms]
2023-01-10 18:21:35.467 [info] > git rev-parse --show-toplevel [51ms]
2023-01-10 18:21:35.527 [info] > git rev-parse --show-toplevel [52ms]
2023-01-10 18:21:35.590 [info] > git rev-parse --show-toplevel [57ms]
2023-01-10 18:21:35.660 [info] > git rev-parse --show-toplevel [64ms]
2023-01-10 18:21:35.721 [info] > git rev-parse --show-toplevel [52ms]
2023-01-10 18:21:35.795 [info] > git ls-files --stage -- D:\examples\coursera_test\react_examples\ecommerce\src\Components\Routes\ProductDescription.js [58ms]
2023-01-10 18:21:35.802 [info] > git show --textconv :ecommerce/src/Components/Routes/ProductDescription.js [73ms]
2023-01-10 18:32:09.928 [info] > git config --get commit.template [55ms]
2023-01-10 18:32:09.929 [info] > git ls-files --stage -- D:\examples\coursera_test\react_examples\ecommerce\src\Components\Routes\ProductDescription.js [46ms]
2023-01-10 18:32:09.946 [info] > git for-each-ref --format=%(refname)%00%(upstream:short)%00%(objectname)%00%(upstream:track)%00%(upstream:remotename)%00%(upstream:remoteref) refs/heads/main refs/remotes/main [54ms]
2023-01-10 18:32:09.990 [info] > git show --textconv :ecommerce/src/Components/Routes/ProductDescription.js [45ms]
2023-01-10 18:32:10.008 [info] > git for-each-ref --sort -committerdate --format %(refname) %(objectname) %(*objectname) [43ms]
2023-01-10 18:32:10.016 [info] > git status -z -uall [59ms]
2023-01-10 18:32:15.117 [info] > git config --get commit.template [50ms]
2023-01-10 18:32:15.126 [info] > git for-each-ref --format=%(refname)%00%(upstream:short)%00%(objectname)%00%(upstream:track)%00%(upstream:remotename)%00%(upstream:remoteref) refs/heads/main refs/remotes/main [48ms]
2023-01-10 18:32:15.188 [info] > git for-each-ref --sort -committerdate --format %(refname) %(objectname) %(*objectname) [52ms]
2023-01-10 18:32:15.196 [info] > git status -z -uall [65ms]
2023-01-10 18:32:20.262 [info] > git config --get commit.template [46ms]
2023-01-10 18:32:20.269 [info] > git for-each-ref --format=%(refname)%00%(upstream:short)%00%(objectname)%00%(upstream:track)%00%(upstream:remotename)%00%(upstream:remoteref) refs/heads/main refs/remotes/main [43ms]
2023-01-10 18:32:20.319 [info] > git for-each-ref --sort -committerdate --format %(refname) %(objectname) %(*objectname) [39ms]
2023-01-10 18:32:20.329 [info] > git status -z -uall [54ms]
2023-01-10 18:36:53.498 [info] > git config --get commit.template [56ms]
2023-01-10 18:36:53.499 [info] > git for-each-ref --format=%(refname)%00%(upstream:short)%00%(objectname)%00%(upstream:track)%00%(upstream:remotename)%00%(upstream:remoteref) refs/heads/main refs/remotes/main [46ms]
2023-01-10 18:36:53.563 [info] > git for-each-ref --sort -committerdate --format %(refname) %(objectname) %(*objectname) [42ms]
2023-01-10 18:36:53.708 [info] > git status -z -uall [197ms]
2023-01-10 18:36:58.790 [info] > git config --get commit.template [46ms]
2023-01-10 18:36:58.800 [info] > git for-each-ref --format=%(refname)%00%(upstream:short)%00%(objectname)%00%(upstream:track)%00%(upstream:remotename)%00%(upstream:remoteref) refs/heads/main refs/remotes/main [46ms]
2023-01-10 18:36:58.884 [info] > git for-each-ref --sort -committerdate --format %(refname) %(objectname) %(*objectname) [76ms]
2023-01-10 18:36:58.894 [info] > git status -z -uall [90ms]
2023-01-10 18:37:01.434 [info] > git ls-files --stage -- D:\examples\coursera_test\react_examples\ecommerce\src\Components\Routes\ProductCatalogue.js [51ms]
2023-01-10 18:37:01.438 [info] > git show --textconv :ecommerce/src/Components/Routes/ProductCatalogue.js [61ms]
2023-01-10 18:37:03.963 [info] > git config --get commit.template [37ms]
2023-01-10 18:37:03.971 [info] > git for-each-ref --format=%(refname)%00%(upstream:short)%00%(objectname)%00%(upstream:track)%00%(upstream:remotename)%00%(upstream:remoteref) refs/heads/main refs/remotes/main [40ms]
2023-01-10 18:37:04.018 [info] > git for-each-ref --sort -committerdate --format %(refname) %(objectname) %(*objectname) [37ms]
2023-01-10 18:37:04.031 [info] > git status -z -uall [55ms]
2023-01-10 18:37:09.096 [info] > git config --get commit.template [38ms]
2023-01-10 18:37:09.105 [info] > git for-each-ref --format=%(refname)%00%(upstream:short)%00%(objectname)%00%(upstream:track)%00%(upstream:remotename)%00%(upstream:remoteref) refs/heads/main refs/remotes/main [40ms]
2023-01-10 18:37:09.156 [info] > git for-each-ref --sort -committerdate --format %(refname) %(objectname) %(*objectname) [41ms]
2023-01-10 18:37:09.170 [info] > git status -z -uall [59ms]
2023-01-10 18:37:22.535 [info] > git config --get commit.template [47ms]
2023-01-10 18:37:22.542 [info] > git for-each-ref --format=%(refname)%00%(upstream:short)%00%(objectname)%00%(upstream:track)%00%(upstream:remotename)%00%(upstream:remoteref) refs/heads/main refs/remotes/main [44ms]
2023-01-10 18:37:22.592 [info] > git for-each-ref --sort -committerdate --format %(refname) %(objectname) %(*objectname) [40ms]
2023-01-10 18:37:22.605 [info] > git status -z -uall [58ms]
2023-01-10 18:37:31.252 [info] > git config --get commit.template [41ms]
2023-01-10 18:37:31.261 [info] > git for-each-ref --format=%(refname)%00%(upstream:short)%00%(objectname)%00%(upstream:track)%00%(upstream:remotename)%00%(upstream:remoteref) refs/heads/main refs/remotes/main [41ms]
2023-01-10 18:37:31.312 [info] > git for-each-ref --sort -committerdate --format %(refname) %(objectname) %(*objectname) [41ms]
2023-01-10 18:37:31.322 [info] > git status -z -uall [57ms]
2023-01-10 18:37:51.461 [info] > git config --get commit.template [45ms]
2023-01-10 18:37:51.463 [info] > git for-each-ref --format=%(refname)%00%(upstream:short)%00%(objectname)%00%(upstream:track)%00%(upstream:remotename)%00%(upstream:remoteref) refs/heads/main refs/remotes/main [41ms]
2023-01-10 18:37:51.525 [info] > git for-each-ref --sort -committerdate --format %(refname) %(objectname) %(*objectname) [49ms]
2023-01-10 18:37:51.544 [info] > git status -z -uall [75ms]
2023-01-10 18:37:56.618 [info] > git config --get commit.template [51ms]
2023-01-10 18:37:56.621 [info] > git for-each-ref --format=%(refname)%00%(upstream:short)%00%(objectname)%00%(upstream:track)%00%(upstream:remotename)%00%(upstream:remoteref) refs/heads/main refs/remotes/main [47ms]
2023-01-10 18:37:56.681 [info] > git for-each-ref --sort -committerdate --format %(refname) %(objectname) %(*objectname) [48ms]
2023-01-10 18:37:56.691 [info] > git status -z -uall [64ms]
2023-01-10 18:38:01.777 [info] > git config --get commit.template [61ms]
2023-01-10 18:38:01.779 [info] > git for-each-ref --format=%(refname)%00%(upstream:short)%00%(objectname)%00%(upstream:track)%00%(upstream:remotename)%00%(upstream:remoteref) refs/heads/main refs/remotes/main [56ms]
2023-01-10 18:38:01.834 [info] > git for-each-ref --sort -committerdate --format %(refname) %(objectname) %(*objectname) [46ms]
2023-01-10 18:38:01.849 [info] > git status -z -uall [66ms]
2023-01-10 18:38:06.928 [info] > git config --get commit.template [50ms]
2023-01-10 18:38:06.935 [info] > git for-each-ref --format=%(refname)%00%(upstream:short)%00%(objectname)%00%(upstream:track)%00%(upstream:remotename)%00%(upstream:remoteref) refs/heads/main refs/remotes/main [50ms]
2023-01-10 18:38:06.986 [info] > git for-each-ref --sort -committerdate --format %(refname) %(objectname) %(*objectname) [41ms]
2023-01-10 18:38:06.995 [info] > git status -z -uall [54ms]
2023-01-10 18:38:12.060 [info] > git config --get commit.template [38ms]
2023-01-10 18:38:12.068 [info] > git for-each-ref --format=%(refname)%00%(upstream:short)%00%(objectname)%00%(upstream:track)%00%(upstream:remotename)%00%(upstream:remoteref) refs/heads/main refs/remotes/main [40ms]
2023-01-10 18:38:12.117 [info] > git for-each-ref --sort -committerdate --format %(refname) %(objectname) %(*objectname) [39ms]
2023-01-10 18:38:12.128 [info] > git status -z -uall [55ms]
2023-01-10 18:38:31.366 [info] > git config --get commit.template [55ms]
2023-01-10 18:38:31.367 [info] > git for-each-ref --format=%(refname)%00%(upstream:short)%00%(objectname)%00%(upstream:track)%00%(upstream:remotename)%00%(upstream:remoteref) refs/heads/main refs/remotes/main [46ms]
2023-01-10 18:38:31.414 [info] > git for-each-ref --sort -committerdate --format %(refname) %(objectname) %(*objectname) [37ms]
2023-01-10 18:38:31.425 [info] > git status -z -uall [53ms]
2023-01-10 18:39:06.242 [info] > git ls-files --stage -- D:\examples\coursera_test\react_examples\ecommerce\src\Components\Routes\Cart.js [43ms]
2023-01-10 18:39:06.297 [info] > git cat-file -s c472f5b26e5494f2ae220362be3300d30c66005f [50ms]
2023-01-10 18:39:06.299 [info] > git show --textconv :ecommerce/src/Components/Routes/Cart.js [107ms]
2023-01-10 18:39:19.362 [info] > git config --get commit.template [65ms]
2023-01-10 18:39:19.365 [info] > git for-each-ref --format=%(refname)%00%(upstream:short)%00%(objectname)%00%(upstream:track)%00%(upstream:remotename)%00%(upstream:remoteref) refs/heads/main refs/remotes/main [59ms]
2023-01-10 18:39:19.429 [info] > git for-each-ref --sort -committerdate --format %(refname) %(objectname) %(*objectname) [50ms]
2023-01-10 18:39:19.455 [info] > git status -z -uall [81ms]
2023-01-10 18:39:24.527 [info] > git config --get commit.template [50ms]
2023-01-10 18:39:24.529 [info] > git for-each-ref --format=%(refname)%00%(upstream:short)%00%(objectname)%00%(upstream:track)%00%(upstream:remotename)%00%(upstream:remoteref) refs/heads/main refs/remotes/main [41ms]
2023-01-10 18:39:24.577 [info] > git for-each-ref --sort -committerdate --format %(refname) %(objectname) %(*objectname) [37ms]
2023-01-10 18:39:24.588 [info] > git status -z -uall [54ms]
2023-01-10 18:39:31.269 [info] > git config --get commit.template [46ms]
2023-01-10 18:39:31.281 [info] > git for-each-ref --format=%(refname)%00%(upstream:short)%00%(objectname)%00%(upstream:track)%00%(upstream:remotename)%00%(upstream:remoteref) refs/heads/main refs/remotes/main [51ms]
2023-01-10 18:39:31.336 [info] > git for-each-ref --sort -committerdate --format %(refname) %(objectname) %(*objectname) [44ms]
2023-01-10 18:39:31.350 [info] > git status -z -uall [63ms]
2023-01-10 18:39:36.414 [info] > git config --get commit.template [40ms]
2023-01-10 18:39:36.420 [info] > git for-each-ref --format=%(refname)%00%(upstream:short)%00%(objectname)%00%(upstream:track)%00%(upstream:remotename)%00%(upstream:remoteref) refs/heads/main refs/remotes/main [40ms]
2023-01-10 18:39:36.468 [info] > git for-each-ref --sort -committerdate --format %(refname) %(objectname) %(*objectname) [38ms]
2023-01-10 18:39:36.479 [info] > git status -z -uall [54ms]
2023-01-10 18:39:41.537 [info] > git config --get commit.template [40ms]
2023-01-10 18:39:41.547 [info] > git for-each-ref --format=%(refname)%00%(upstream:short)%00%(objectname)%00%(upstream:track)%00%(upstream:remotename)%00%(upstream:remoteref) refs/heads/main refs/remotes/main [44ms]
2023-01-10 18:39:41.598 [info] > git for-each-ref --sort -committerdate --format %(refname) %(objectname) %(*objectname) [40ms]
2023-01-10 18:39:41.611 [info] > git status -z -uall [58ms]
2023-01-10 18:39:46.671 [info] > git config --get commit.template [45ms]
2023-01-10 18:39:46.679 [info] > git for-each-ref --format=%(refname)%00%(upstream:short)%00%(objectname)%00%(upstream:track)%00%(upstream:remotename)%00%(upstream:remoteref) refs/heads/main refs/remotes/main [48ms]
2023-01-10 18:39:46.741 [info] > git for-each-ref --sort -committerdate --format %(refname) %(objectname) %(*objectname) [49ms]
2023-01-10 18:39:46.750 [info] > git status -z -uall [64ms]
2023-01-10 18:39:51.806 [info] > git config --get commit.template [41ms]
2023-01-10 18:39:51.812 [info] > git for-each-ref --format=%(refname)%00%(upstream:short)%00%(objectname)%00%(upstream:track)%00%(upstream:remotename)%00%(upstream:remoteref) refs/heads/main refs/remotes/main [41ms]
2023-01-10 18:39:51.862 [info] > git for-each-ref --sort -committerdate --format %(refname) %(objectname) %(*objectname) [39ms]
2023-01-10 18:39:51.873 [info] > git status -z -uall [56ms]
2023-01-10 18:39:56.945 [info] > git config --get commit.template [43ms]
2023-01-10 18:39:56.950 [info] > git for-each-ref --format=%(refname)%00%(upstream:short)%00%(objectname)%00%(upstream:track)%00%(upstream:remotename)%00%(upstream:remoteref) refs/heads/main refs/remotes/main [41ms]
2023-01-10 18:39:57.001 [info] > git for-each-ref --sort -committerdate --format %(refname) %(objectname) %(*objectname) [40ms]
2023-01-10 18:39:57.012 [info] > git status -z -uall [57ms]
2023-01-10 18:40:05.304 [info] > git config --get commit.template [49ms]
2023-01-10 18:40:05.314 [info] > git for-each-ref --format=%(refname)%00%(upstream:short)%00%(objectname)%00%(upstream:track)%00%(upstream:remotename)%00%(upstream:remoteref) refs/heads/main refs/remotes/main [49ms]
2023-01-10 18:40:05.373 [info] > git for-each-ref --sort -committerdate --format %(refname) %(objectname) %(*objectname) [43ms]
2023-01-10 18:40:05.386 [info] > git status -z -uall [64ms]
2023-01-10 18:41:01.382 [info] > git config --get commit.template [60ms]
2023-01-10 18:41:01.385 [info] > git for-each-ref --format=%(refname)%00%(upstream:short)%00%(objectname)%00%(upstream:track)%00%(upstream:remotename)%00%(upstream:remoteref) refs/heads/main refs/remotes/main [56ms]
2023-01-10 18:41:01.445 [info] > git for-each-ref --sort -committerdate --format %(refname) %(objectname) %(*objectname) [40ms]
2023-01-10 18:41:01.462 [info] > git status -z -uall [67ms]
2023-01-10 18:41:20.250 [info] > git config --get commit.template [59ms]
2023-01-10 18:41:20.254 [info] > git for-each-ref --format=%(refname)%00%(upstream:short)%00%(objectname)%00%(upstream:track)%00%(upstream:remotename)%00%(upstream:remoteref) refs/heads/main refs/remotes/main [53ms]
2023-01-10 18:41:20.301 [info] > git for-each-ref --sort -committerdate --format %(refname) %(objectname) %(*objectname) [37ms]
2023-01-10 18:41:20.313 [info] > git status -z -uall [53ms]
2023-01-10 18:41:31.321 [info] > git config --get commit.template [51ms]
2023-01-10 18:41:31.324 [info] > git for-each-ref --format=%(refname)%00%(upstream:short)%00%(objectname)%00%(upstream:track)%00%(upstream:remotename)%00%(upstream:remoteref) refs/heads/main refs/remotes/main [45ms]
2023-01-10 18:41:31.384 [info] > git for-each-ref --sort -committerdate --format %(refname) %(objectname) %(*objectname) [49ms]
2023-01-10 18:41:31.395 [info] > git status -z -uall [66ms]
2023-01-10 18:41:36.465 [info] > git config --get commit.template [48ms]
2023-01-10 18:41:36.473 [info] > git for-each-ref --format=%(refname)%00%(upstream:short)%00%(objectname)%00%(upstream:track)%00%(upstream:remotename)%00%(upstream:remoteref) refs/heads/main refs/remotes/main [45ms]
2023-01-10 18:41:36.529 [info] > git for-each-ref --sort -committerdate --format %(refname) %(objectname) %(*objectname) [46ms]
2023-01-10 18:41:36.538 [info] > git status -z -uall [59ms]
2023-01-10 18:41:41.598 [info] > git config --get commit.template [39ms]
2023-01-10 18:41:41.605 [info] > git for-each-ref --format=%(refname)%00%(upstream:short)%00%(objectname)%00%(upstream:track)%00%(upstream:remotename)%00%(upstream:remoteref) refs/heads/main refs/remotes/main [39ms]
2023-01-10 18:41:41.653 [info] > git for-each-ref --sort -committerdate --format %(refname) %(objectname) %(*objectname) [37ms]
2023-01-10 18:41:41.663 [info] > git status -z -uall [53ms]
2023-01-10 18:41:46.733 [info] > git config --get commit.template [55ms]
2023-01-10 18:41:46.740 [info] > git for-each-ref --format=%(refname)%00%(upstream:short)%00%(objectname)%00%(upstream:track)%00%(upstream:remotename)%00%(upstream:remoteref) refs/heads/main refs/remotes/main [58ms]
2023-01-10 18:41:46.793 [info] > git for-each-ref --sort -committerdate --format %(refname) %(objectname) %(*objectname) [42ms]
2023-01-10 18:41:46.804 [info] > git status -z -uall [59ms]
2023-01-10 18:41:51.872 [info] > git config --get commit.template [49ms]
2023-01-10 18:41:51.877 [info] > git for-each-ref --format=%(refname)%00%(upstream:short)%00%(objectname)%00%(upstream:track)%00%(upstream:remotename)%00%(upstream:remoteref) refs/heads/main refs/remotes/main [48ms]
2023-01-10 18:41:51.939 [info] > git for-each-ref --sort -committerdate --format %(refname) %(objectname) %(*objectname) [49ms]
2023-01-10 18:41:51.955 [info] > git status -z -uall [69ms]
2023-01-10 18:41:57.027 [info] > git config --get commit.template [47ms]
2023-01-10 18:41:57.032 [info] > git for-each-ref --format=%(refname)%00%(upstream:short)%00%(objectname)%00%(upstream:track)%00%(upstream:remotename)%00%(upstream:remoteref) refs/heads/main refs/remotes/main [42ms]
2023-01-10 18:41:57.077 [info] > git for-each-ref --sort -committerdate --format %(refname) %(objectname) %(*objectname) [36ms]
2023-01-10 18:41:57.094 [info] > git status -z -uall [58ms]
2023-01-10 18:42:02.163 [info] > git config --get commit.template [44ms]
2023-01-10 18:42:02.170 [info] > git for-each-ref --format=%(refname)%00%(upstream:short)%00%(objectname)%00%(upstream:track)%00%(upstream:remotename)%00%(upstream:remoteref) refs/heads/main refs/remotes/main [43ms]
2023-01-10 18:42:02.220 [info] > git for-each-ref --sort -committerdate --format %(refname) %(objectname) %(*objectname) [38ms]
2023-01-10 18:42:02.231 [info] > git status -z -uall [55ms]
2023-01-10 18:42:08.724 [info] > git config --get commit.template [51ms]
2023-01-10 18:42:08.730 [info] > git for-each-ref --format=%(refname)%00%(upstream:short)%00%(objectname)%00%(upstream:track)%00%(upstream:remotename)%00%(upstream:remoteref) refs/heads/main refs/remotes/main [50ms]
2023-01-10 18:42:08.788 [info] > git for-each-ref --sort -committerdate --format %(refname) %(objectname) %(*objectname) [46ms]
2023-01-10 18:42:08.806 [info] > git status -z -uall [68ms]
2023-01-10 18:42:15.530 [info] > git config --get commit.template [47ms]
2023-01-10 18:42:15.537 [info] > git for-each-ref --format=%(refname)%00%(upstream:short)%00%(objectname)%00%(upstream:track)%00%(upstream:remotename)%00%(upstream:remoteref) refs/heads/main refs/remotes/main [45ms]
2023-01-10 18:42:15.588 [info] > git for-each-ref --sort -committerdate --format %(refname) %(objectname) %(*objectname) [41ms]
2023-01-10 18:42:15.600 [info] > git status -z -uall [59ms]
2023-01-10 18:42:23.083 [info] > git config --get commit.template [50ms]
2023-01-10 18:42:23.091 [info] > git for-each-ref --format=%(refname)%00%(upstream:short)%00%(objectname)%00%(upstream:track)%00%(upstream:remotename)%00%(upstream:remoteref) refs/heads/main refs/remotes/main [53ms]
2023-01-10 18:42:23.157 [info] > git for-each-ref --sort -committerdate --format %(refname) %(objectname) %(*objectname) [50ms]
2023-01-10 18:42:23.184 [info] > git status -z -uall [83ms]
2023-01-10 18:42:29.584 [info] > git config --get commit.template [48ms]
2023-01-10 18:42:29.594 [info] > git for-each-ref --format=%(refname)%00%(upstream:short)%00%(objectname)%00%(upstream:track)%00%(upstream:remotename)%00%(upstream:remoteref) refs/heads/main refs/remotes/main [49ms]
2023-01-10 18:42:29.654 [info] > git for-each-ref --sort -committerdate --format %(refname) %(objectname) %(*objectname) [44ms]
2023-01-10 18:42:29.658 [info] > git status -z -uall [55ms]
2023-01-10 18:42:36.942 [info] > git config --get commit.template [48ms]
2023-01-10 18:42:36.952 [info] > git for-each-ref --format=%(refname)%00%(upstream:short)%00%(objectname)%00%(upstream:track)%00%(upstream:remotename)%00%(upstream:remoteref) refs/heads/main refs/remotes/main [53ms]
2023-01-10 18:42:37.006 [info] > git for-each-ref --sort -committerdate --format %(refname) %(objectname) %(*objectname) [42ms]
2023-01-10 18:42:37.020 [info] > git status -z -uall [63ms]
2023-01-10 18:42:42.081 [info] > git config --get commit.template [48ms]
2023-01-10 18:42:42.086 [info] > git for-each-ref --format=%(refname)%00%(upstream:short)%00%(objectname)%00%(upstream:track)%00%(upstream:remotename)%00%(upstream:remoteref) refs/heads/main refs/remotes/main [47ms]
2023-01-10 18:42:42.132 [info] > git for-each-ref --sort -committerdate --format %(refname) %(objectname) %(*objectname) [35ms]
2023-01-10 18:42:42.148 [info] > git status -z -uall [57ms]
2023-01-10 18:42:47.215 [info] > git config --get commit.template [48ms]
2023-01-10 18:42:47.219 [info] > git for-each-ref --format=%(refname)%00%(upstream:short)%00%(objectname)%00%(upstream:track)%00%(upstream:remotename)%00%(upstream:remoteref) refs/heads/main refs/remotes/main [43ms]
2023-01-10 18:42:47.277 [info] > git for-each-ref --sort -committerdate --format %(refname) %(objectname) %(*objectname) [47ms]
2023-01-10 18:42:47.293 [info] > git status -z -uall [69ms]
2023-01-10 18:42:52.366 [info] > git config --get commit.template [46ms]
2023-01-10 18:42:52.367 [info] > git for-each-ref --format=%(refname)%00%(upstream:short)%00%(objectname)%00%(upstream:track)%00%(upstream:remotename)%00%(upstream:remoteref) refs/heads/main refs/remotes/main [42ms]
2023-01-10 18:42:52.411 [info] > git for-each-ref --sort -committerdate --format %(refname) %(objectname) %(*objectname) [35ms]
2023-01-10 18:42:52.422 [info] > git status -z -uall [50ms]
2023-01-10 18:42:57.496 [info] > git config --get commit.template [46ms]
2023-01-10 18:42:57.504 [info] > git for-each-ref --format=%(refname)%00%(upstream:short)%00%(objectname)%00%(upstream:track)%00%(upstream:remotename)%00%(upstream:remoteref) refs/heads/main refs/remotes/main [46ms]
2023-01-10 18:42:57.554 [info] > git for-each-ref --sort -committerdate --format %(refname) %(objectname) %(*objectname) [39ms]
2023-01-10 18:42:57.565 [info] > git status -z -uall [55ms]
2023-01-10 18:43:02.621 [info] > git config --get commit.template [43ms]
2023-01-10 18:43:02.628 [info] > git for-each-ref --format=%(refname)%00%(upstream:short)%00%(objectname)%00%(upstream:track)%00%(upstream:remotename)%00%(upstream:remoteref) refs/heads/main refs/remotes/main [44ms]
2023-01-10 18:43:02.677 [info] > git for-each-ref --sort -committerdate --format %(refname) %(objectname) %(*objectname) [40ms]
2023-01-10 18:43:02.686 [info] > git status -z -uall [53ms]
2023-01-10 18:43:07.745 [info] > git config --get commit.template [42ms]
2023-01-10 18:43:07.752 [info] > git for-each-ref --format=%(refname)%00%(upstream:short)%00%(objectname)%00%(upstream:track)%00%(upstream:remotename)%00%(upstream:remoteref) refs/heads/main refs/remotes/main [41ms]
2023-01-10 18:43:07.801 [info] > git for-each-ref --sort -committerdate --format %(refname) %(objectname) %(*objectname) [38ms]
2023-01-10 18:43:07.811 [info] > git status -z -uall [53ms]
2023-01-10 18:43:15.910 [info] > git config --get commit.template [42ms]
2023-01-10 18:43:15.914 [info] > git for-each-ref --format=%(refname)%00%(upstream:short)%00%(objectname)%00%(upstream:track)%00%(upstream:remotename)%00%(upstream:remoteref) refs/heads/main refs/remotes/main [42ms]
2023-01-10 18:43:15.971 [info] > git for-each-ref --sort -committerdate --format %(refname) %(objectname) %(*objectname) [46ms]
2023-01-10 18:43:15.984 [info] > git status -z -uall [64ms]
2023-01-10 18:43:31.356 [info] > git config --get commit.template [38ms]
2023-01-10 18:43:31.365 [info] > git for-each-ref --format=%(refname)%00%(upstream:short)%00%(objectname)%00%(upstream:track)%00%(upstream:remotename)%00%(upstream:remoteref) refs/heads/main refs/remotes/main [42ms]
2023-01-10 18:43:31.409 [info] > git for-each-ref --sort -committerdate --format %(refname) %(objectname) %(*objectname) [35ms]
2023-01-10 18:43:31.419 [info] > git status -z -uall [49ms]
2023-01-10 18:44:31.330 [info] > git config --get commit.template [38ms]
2023-01-10 18:44:31.337 [info] > git for-each-ref --format=%(refname)%00%(upstream:short)%00%(objectname)%00%(upstream:track)%00%(upstream:remotename)%00%(upstream:remoteref) refs/heads/main refs/remotes/main [40ms]
2023-01-10 18:44:31.391 [info] > git for-each-ref --sort -committerdate --format %(refname) %(objectname) %(*objectname) [44ms]
2023-01-10 18:44:31.406 [info] > git status -z -uall [63ms]
2023-01-10 18:44:36.491 [info] > git config --get commit.template [60ms]
2023-01-10 18:44:36.493 [info] > git for-each-ref --format=%(refname)%00%(upstream:short)%00%(objectname)%00%(upstream:track)%00%(upstream:remotename)%00%(upstream:remoteref) refs/heads/main refs/remotes/main [52ms]
2023-01-10 18:44:36.550 [info] > git for-each-ref --sort -committerdate --format %(refname) %(objectname) %(*objectname) [46ms]
2023-01-10 18:44:36.562 [info] > git status -z -uall [63ms]
2023-01-10 18:45:04.194 [info] > git config --get commit.template [51ms]
2023-01-10 18:45:04.207 [info] > git for-each-ref --format=%(refname)%00%(upstream:short)%00%(objectname)%00%(upstream:track)%00%(upstream:remotename)%00%(upstream:remoteref) refs/heads/main refs/remotes/main [55ms]
2023-01-10 18:45:04.278 [info] > git for-each-ref --sort -committerdate --format %(refname) %(objectname) %(*objectname) [49ms]
2023-01-10 18:45:04.289 [info] > git status -z -uall [70ms]
2023-01-10 18:48:25.327 [info] > git config --get commit.template [53ms]
2023-01-10 18:48:25.330 [info] > git for-each-ref --format=%(refname)%00%(upstream:short)%00%(objectname)%00%(upstream:track)%00%(upstream:remotename)%00%(upstream:remoteref) refs/heads/main refs/remotes/main [47ms]
2023-01-10 18:48:25.390 [info] > git for-each-ref --sort -committerdate --format %(refname) %(objectname) %(*objectname) [38ms]
2023-01-10 18:48:25.402 [info] > git status -z -uall [59ms]
2023-01-10 18:48:34.043 [info] > git config --get commit.template [46ms]
2023-01-10 18:48:34.055 [info] > git for-each-ref --format=%(refname)%00%(upstream:short)%00%(objectname)%00%(upstream:track)%00%(upstream:remotename)%00%(upstream:remoteref) refs/heads/main refs/remotes/main [49ms]
2023-01-10 18:48:34.121 [info] > git for-each-ref --sort -committerdate --format %(refname) %(objectname) %(*objectname) [39ms]
2023-01-10 18:48:34.130 [info] > git status -z -uall [62ms]
2023-01-10 18:48:52.114 [info] > git config --get commit.template [58ms]
2023-01-10 18:48:52.119 [info] > git for-each-ref --format=%(refname)%00%(upstream:short)%00%(objectname)%00%(upstream:track)%00%(upstream:remotename)%00%(upstream:remoteref) refs/heads/main refs/remotes/main [54ms]
2023-01-10 18:48:52.177 [info] > git for-each-ref --sort -committerdate --format %(refname) %(objectname) %(*objectname) [46ms]
2023-01-10 18:48:52.188 [info] > git status -z -uall [65ms]
2023-01-10 18:48:57.254 [info] > git config --get commit.template [43ms]
2023-01-10 18:48:57.264 [info] > git for-each-ref --format=%(refname)%00%(upstream:short)%00%(objectname)%00%(upstream:track)%00%(upstream:remotename)%00%(upstream:remoteref) refs/heads/main refs/remotes/main [47ms]
2023-01-10 18:48:57.320 [info] > git for-each-ref --sort -committerdate --format %(refname) %(objectname) %(*objectname) [45ms]
2023-01-10 18:48:57.337 [info] > git status -z -uall [66ms]
2023-01-10 18:49:02.431 [info] > git config --get commit.template [69ms]
2023-01-10 18:49:02.446 [info] > git for-each-ref --format=%(refname)%00%(upstream:short)%00%(objectname)%00%(upstream:track)%00%(upstream:remotename)%00%(upstream:remoteref) refs/heads/main refs/remotes/main [78ms]
2023-01-10 18:49:02.518 [info] > git for-each-ref --sort -committerdate --format %(refname) %(objectname) %(*objectname) [57ms]
2023-01-10 18:49:02.537 [info] > git status -z -uall [84ms]
2023-01-10 18:49:07.590 [info] > git config --get commit.template [39ms]
2023-01-10 18:49:07.598 [info] > git for-each-ref --format=%(refname)%00%(upstream:short)%00%(objectname)%00%(upstream:track)%00%(upstream:remotename)%00%(upstream:remoteref) refs/heads/main refs/remotes/main [42ms]
2023-01-10 18:49:07.660 [info] > git for-each-ref --sort -committerdate --format %(refname) %(objectname) %(*objectname) [51ms]
2023-01-10 18:49:07.672 [info] > git status -z -uall [69ms]
2023-01-10 18:49:14.511 [info] > git config --get commit.template [55ms]
2023-01-10 18:49:14.519 [info] > git for-each-ref --format=%(refname)%00%(upstream:short)%00%(objectname)%00%(upstream:track)%00%(upstream:remotename)%00%(upstream:remoteref) refs/heads/main refs/remotes/main [52ms]
2023-01-10 18:49:14.581 [info] > git for-each-ref --sort -committerdate --format %(refname) %(objectname) %(*objectname) [41ms]
2023-01-10 18:49:14.592 [info] > git status -z -uall [62ms]
2023-01-10 18:49:31.962 [info] > git config --get commit.template [52ms]
2023-01-10 18:49:31.969 [info] > git for-each-ref --format=%(refname)%00%(upstream:short)%00%(objectname)%00%(upstream:track)%00%(upstream:remotename)%00%(upstream:remoteref) refs/heads/main refs/remotes/main [49ms]
2023-01-10 18:49:32.015 [info] > git for-each-ref --sort -committerdate --format %(refname) %(objectname) %(*objectname) [36ms]
2023-01-10 18:49:32.025 [info] > git status -z -uall [51ms]
2023-01-10 18:49:37.461 [info] > git config --get commit.template [45ms]
2023-01-10 18:49:37.472 [info] > git for-each-ref --format=%(refname)%00%(upstream:short)%00%(objectname)%00%(upstream:track)%00%(upstream:remotename)%00%(upstream:remoteref) refs/heads/main refs/remotes/main [46ms]
2023-01-10 18:49:37.522 [info] > git for-each-ref --sort -committerdate --format %(refname) %(objectname) %(*objectname) [38ms]
2023-01-10 18:49:37.533 [info] > git status -z -uall [56ms]
2023-01-10 18:49:51.448 [info] > git config --get commit.template [48ms]
2023-01-10 18:49:51.455 [info] > git for-each-ref --format=%(refname)%00%(upstream:short)%00%(objectname)%00%(upstream:track)%00%(upstream:remotename)%00%(upstream:remoteref) refs/heads/main refs/remotes/main [45ms]
2023-01-10 18:49:51.514 [info] > git for-each-ref --sort -committerdate --format %(refname) %(objectname) %(*objectname) [41ms]
2023-01-10 18:49:51.526 [info] > git status -z -uall [62ms]
2023-01-10 18:49:57.177 [info] > git config --get commit.template [85ms]
2023-01-10 18:49:57.214 [info] > git for-each-ref --format=%(refname)%00%(upstream:short)%00%(objectname)%00%(upstream:track)%00%(upstream:remotename)%00%(upstream:remoteref) refs/heads/main refs/remotes/main [112ms]
2023-01-10 18:49:57.322 [info] > git for-each-ref --sort -committerdate --format %(refname) %(objectname) %(*objectname) [96ms]
2023-01-10 18:49:57.479 [info] > git status -z -uall [259ms]
2023-01-10 18:50:02.558 [info] > git config --get commit.template [59ms]
2023-01-10 18:50:02.559 [info] > git for-each-ref --format=%(refname)%00%(upstream:short)%00%(objectname)%00%(upstream:track)%00%(upstream:remotename)%00%(upstream:remoteref) refs/heads/main refs/remotes/main [51ms]
2023-01-10 18:50:02.613 [info] > git for-each-ref --sort -committerdate --format %(refname) %(objectname) %(*objectname) [42ms]
2023-01-10 18:50:02.628 [info] > git status -z -uall [61ms]
2023-01-10 18:50:14.957 [info] > git config --get commit.template [45ms]
2023-01-10 18:50:14.969 [info] > git for-each-ref --format=%(refname)%00%(upstream:short)%00%(objectname)%00%(upstream:track)%00%(upstream:remotename)%00%(upstream:remoteref) refs/heads/main refs/remotes/main [48ms]
2023-01-10 18:50:15.028 [info] > git for-each-ref --sort -committerdate --format %(refname) %(objectname) %(*objectname) [48ms]
2023-01-10 18:50:15.042 [info] > git status -z -uall [68ms]
2023-01-10 18:50:20.101 [info] > git config --get commit.template [39ms]
2023-01-10 18:50:20.108 [info] > git for-each-ref --format=%(refname)%00%(upstream:short)%00%(objectname)%00%(upstream:track)%00%(upstream:remotename)%00%(upstream:remoteref) refs/heads/main refs/remotes/main [40ms]
2023-01-10 18:50:20.160 [info] > git for-each-ref --sort -committerdate --format %(refname) %(objectname) %(*objectname) [43ms]
2023-01-10 18:50:20.171 [info] > git status -z -uall [59ms]
2023-01-10 18:50:25.242 [info] > git config --get commit.template [45ms]
2023-01-10 18:50:25.246 [info] > git for-each-ref --format=%(refname)%00%(upstream:short)%00%(objectname)%00%(upstream:track)%00%(upstream:remotename)%00%(upstream:remoteref) refs/heads/main refs/remotes/main [41ms]
2023-01-10 18:50:25.294 [info] > git for-each-ref --sort -committerdate --format %(refname) %(objectname) %(*objectname) [38ms]
2023-01-10 18:50:25.304 [info] > git status -z -uall [53ms]
2023-01-10 18:50:32.037 [info] > git config --get commit.template [44ms]
2023-01-10 18:50:32.044 [info] > git for-each-ref --format=%(refname)%00%(upstream:short)%00%(objectname)%00%(upstream:track)%00%(upstream:remotename)%00%(upstream:remoteref) refs/heads/main refs/remotes/main [43ms]
2023-01-10 18:50:32.092 [info] > git for-each-ref --sort -committerdate --format %(refname) %(objectname) %(*objectname) [38ms]
2023-01-10 18:50:32.108 [info] > git status -z -uall [59ms]
2023-01-10 18:55:00.399 [info] > git config --get commit.template [51ms]
2023-01-10 18:55:00.408 [info] > git for-each-ref --format=%(refname)%00%(upstream:short)%00%(objectname)%00%(upstream:track)%00%(upstream:remotename)%00%(upstream:remoteref) refs/heads/main refs/remotes/main [49ms]
2023-01-10 18:55:00.478 [info] > git for-each-ref --sort -committerdate --format %(refname) %(objectname) %(*objectname) [48ms]
2023-01-10 18:55:00.485 [info] > git status -z -uall [65ms]
2023-01-10 18:55:43.327 [info] > git config --get commit.template [52ms]
2023-01-10 18:55:43.333 [info] > git for-each-ref --format=%(refname)%00%(upstream:short)%00%(objectname)%00%(upstream:track)%00%(upstream:remotename)%00%(upstream:remoteref) refs/heads/main refs/remotes/main [51ms]
2023-01-10 18:55:43.387 [info] > git for-each-ref --sort -committerdate --format %(refname) %(objectname) %(*objectname) [40ms]
2023-01-10 18:55:43.403 [info] > git status -z -uall [65ms]
2023-01-10 18:57:38.044 [info] > git config --get commit.template [50ms]
2023-01-10 18:57:38.060 [info] > git for-each-ref --format=%(refname)%00%(upstream:short)%00%(objectname)%00%(upstream:track)%00%(upstream:remotename)%00%(upstream:remoteref) refs/heads/main refs/remotes/main [56ms]
2023-01-10 18:57:38.121 [info] > git for-each-ref --sort -committerdate --format %(refname) %(objectname) %(*objectname) [40ms]
2023-01-10 18:57:38.132 [info] > git status -z -uall [60ms]
2023-01-10 18:57:54.113 [info] > git config --get commit.template [49ms]
2023-01-10 18:57:54.123 [info] > git for-each-ref --format=%(refname)%00%(upstream:short)%00%(objectname)%00%(upstream:track)%00%(upstream:remotename)%00%(upstream:remoteref) refs/heads/main refs/remotes/main [54ms]
2023-01-10 18:57:54.189 [info] > git for-each-ref --sort -committerdate --format %(refname) %(objectname) %(*objectname) [46ms]
2023-01-10 18:57:54.194 [info] > git status -z -uall [59ms]
2023-01-10 18:57:59.278 [info] > git config --get commit.template [61ms]
2023-01-10 18:57:59.285 [info] > git for-each-ref --format=%(refname)%00%(upstream:short)%00%(objectname)%00%(upstream:track)%00%(upstream:remotename)%00%(upstream:remoteref) refs/heads/main refs/remotes/main [59ms]
2023-01-10 18:57:59.332 [info] > git for-each-ref --sort -committerdate --format %(refname) %(objectname) %(*objectname) [37ms]
2023-01-10 18:57:59.344 [info] > git status -z -uall [53ms]
2023-01-10 18:58:04.417 [info] > git config --get commit.template [46ms]
2023-01-10 18:58:04.426 [info] > git for-each-ref --format=%(refname)%00%(upstream:short)%00%(objectname)%00%(upstream:track)%00%(upstream:remotename)%00%(upstream:remoteref) refs/heads/main refs/remotes/main [44ms]
2023-01-10 18:58:04.485 [info] > git for-each-ref --sort -committerdate --format %(refname) %(objectname) %(*objectname) [48ms]
2023-01-10 18:58:04.492 [info] > git status -z -uall [61ms]
2023-01-10 18:58:37.571 [info] > git config --get commit.template [47ms]
2023-01-10 18:58:37.581 [info] > git for-each-ref --format=%(refname)%00%(upstream:short)%00%(objectname)%00%(upstream:track)%00%(upstream:remotename)%00%(upstream:remoteref) refs/heads/main refs/remotes/main [50ms]
2023-01-10 18:58:37.641 [info] > git for-each-ref --sort -committerdate --format %(refname) %(objectname) %(*objectname) [41ms]
2023-01-10 18:58:37.649 [info] > git status -z -uall [56ms]
2023-01-10 18:58:42.727 [info] > git config --get commit.template [44ms]
2023-01-10 18:58:42.736 [info] > git for-each-ref --format=%(refname)%00%(upstream:short)%00%(objectname)%00%(upstream:track)%00%(upstream:remotename)%00%(upstream:remoteref) refs/heads/main refs/remotes/main [45ms]
2023-01-10 18:58:42.791 [info] > git for-each-ref --sort -committerdate --format %(refname) %(objectname) %(*objectname) [45ms]
2023-01-10 18:58:42.803 [info] > git status -z -uall [62ms]
2023-01-10 18:58:50.143 [info] > git config --get commit.template [53ms]
2023-01-10 18:58:50.151 [info] > git for-each-ref --format=%(refname)%00%(upstream:short)%00%(objectname)%00%(upstream:track)%00%(upstream:remotename)%00%(upstream:remoteref) refs/heads/main refs/remotes/main [53ms]
2023-01-10 18:58:50.205 [info] > git for-each-ref --sort -committerdate --format %(refname) %(objectname) %(*objectname) [43ms]
2023-01-10 18:58:50.217 [info] > git status -z -uall [61ms]
2023-01-10 18:58:55.296 [info] > git config --get commit.template [52ms]
2023-01-10 18:58:55.301 [info] > git for-each-ref --format=%(refname)%00%(upstream:short)%00%(objectname)%00%(upstream:track)%00%(upstream:remotename)%00%(upstream:remoteref) refs/heads/main refs/remotes/main [47ms]
2023-01-10 18:58:55.353 [info] > git for-each-ref --sort -committerdate --format %(refname) %(objectname) %(*objectname) [41ms]
2023-01-10 18:58:55.366 [info] > git status -z -uall [59ms]
2023-01-10 18:59:00.442 [info] > git config --get commit.template [45ms]
2023-01-10 18:59:00.449 [info] > git for-each-ref --format=%(refname)%00%(upstream:short)%00%(objectname)%00%(upstream:track)%00%(upstream:remotename)%00%(upstream:remoteref) refs/heads/main refs/remotes/main [43ms]
2023-01-10 18:59:00.499 [info] > git for-each-ref --sort -committerdate --format %(refname) %(objectname) %(*objectname) [39ms]
2023-01-10 18:59:00.515 [info] > git status -z -uall [61ms]
2023-01-10 19:01:50.735 [info] > git config --get commit.template [4158ms]
2023-01-10 19:01:50.739 [info] > git for-each-ref --format=%(refname)%00%(upstream:short)%00%(objectname)%00%(upstream:track)%00%(upstream:remotename)%00%(upstream:remoteref) refs/heads/main refs/remotes/main [4150ms]
2023-01-10 19:01:50.803 [info] > git for-each-ref --sort -committerdate --format %(refname) %(objectname) %(*objectname) [44ms]
2023-01-10 19:01:51.170 [info] > git status -z -uall [419ms]
2023-01-10 19:01:56.258 [info] > git config --get commit.template [44ms]
2023-01-10 19:01:56.265 [info] > git for-each-ref --format=%(refname)%00%(upstream:short)%00%(objectname)%00%(upstream:track)%00%(upstream:remotename)%00%(upstream:remoteref) refs/heads/main refs/remotes/main [42ms]
2023-01-10 19:01:56.311 [info] > git for-each-ref --sort -committerdate --format %(refname) %(objectname) %(*objectname) [37ms]
2023-01-10 19:01:56.323 [info] > git status -z -uall [52ms]
2023-01-10 19:02:39.811 [info] > git config --get commit.template [47ms]
2023-01-10 19:02:39.817 [info] > git for-each-ref --format=%(refname)%00%(upstream:short)%00%(objectname)%00%(upstream:track)%00%(upstream:remotename)%00%(upstream:remoteref) refs/heads/main refs/remotes/main [44ms]
2023-01-10 19:02:39.866 [info] > git for-each-ref --sort -committerdate --format %(refname) %(objectname) %(*objectname) [40ms]
2023-01-10 19:02:39.878 [info] > git status -z -uall [55ms]
2023-01-10 19:06:18.550 [info] > git for-each-ref --format=%(refname)%00%(upstream:short)%00%(objectname)%00%(upstream:track)%00%(upstream:remotename)%00%(upstream:remoteref) refs/heads/main refs/remotes/main [133ms]
2023-01-10 19:06:18.554 [info] > git config --get commit.template [145ms]
2023-01-10 19:06:18.689 [info] > git for-each-ref --sort -committerdate --format %(refname) %(objectname) %(*objectname) [118ms]
2023-01-10 19:06:18.692 [info] > git status -z -uall [127ms]
2023-01-10 19:06:33.947 [info] > git config --get commit.template [47ms]
2023-01-10 19:06:33.958 [info] > git for-each-ref --format=%(refname)%00%(upstream:short)%00%(objectname)%00%(upstream:track)%00%(upstream:remotename)%00%(upstream:remoteref) refs/heads/main refs/remotes/main [53ms]
2023-01-10 19:06:34.014 [info] > git for-each-ref --sort -committerdate --format %(refname) %(objectname) %(*objectname) [44ms]
2023-01-10 19:06:34.023 [info] > git status -z -uall [59ms]
2023-01-10 19:06:39.567 [info] > git config --get commit.template [44ms]
2023-01-10 19:06:39.575 [info] > git for-each-ref --format=%(refname)%00%(upstream:short)%00%(objectname)%00%(upstream:track)%00%(upstream:remotename)%00%(upstream:remoteref) refs/heads/main refs/remotes/main [45ms]
2023-01-10 19:06:39.625 [info] > git for-each-ref --sort -committerdate --format %(refname) %(objectname) %(*objectname) [41ms]
2023-01-10 19:06:39.636 [info] > git status -z -uall [56ms]
2023-01-10 19:07:54.506 [info] > git for-each-ref --format=%(refname)%00%(upstream:short)%00%(objectname)%00%(upstream:track)%00%(upstream:remotename)%00%(upstream:remoteref) refs/heads/main refs/remotes/main [151ms]
2023-01-10 19:07:54.517 [info] > git config --get commit.template [170ms]
2023-01-10 19:07:54.594 [info] > git for-each-ref --sort -committerdate --format %(refname) %(objectname) %(*objectname) [59ms]
2023-01-10 19:07:54.717 [info] > git status -z -uall [190ms]
2023-01-10 19:08:00.215 [info] > git config --get commit.template [67ms]
2023-01-10 19:08:00.223 [info] > git for-each-ref --format=%(refname)%00%(upstream:short)%00%(objectname)%00%(upstream:track)%00%(upstream:remotename)%00%(upstream:remoteref) refs/heads/main refs/remotes/main [68ms]
2023-01-10 19:08:00.279 [info] > git for-each-ref --sort -committerdate --format %(refname) %(objectname) %(*objectname) [45ms]
2023-01-10 19:08:00.289 [info] > git status -z -uall [60ms]
2023-01-10 19:08:07.549 [info] > git config --get commit.template [60ms]
2023-01-10 19:08:07.556 [info] > git for-each-ref --format=%(refname)%00%(upstream:short)%00%(objectname)%00%(upstream:track)%00%(upstream:remotename)%00%(upstream:remoteref) refs/heads/main refs/remotes/main [59ms]
2023-01-10 19:08:07.617 [info] > git for-each-ref --sort -committerdate --format %(refname) %(objectname) %(*objectname) [49ms]
2023-01-10 19:08:07.628 [info] > git status -z -uall [66ms]
2023-01-10 19:08:44.774 [info] > git config --get commit.template [57ms]
2023-01-10 19:08:44.782 [info] > git for-each-ref --format=%(refname)%00%(upstream:short)%00%(objectname)%00%(upstream:track)%00%(upstream:remotename)%00%(upstream:remoteref) refs/heads/main refs/remotes/main [57ms]
2023-01-10 19:08:44.843 [info] > git for-each-ref --sort -committerdate --format %(refname) %(objectname) %(*objectname) [48ms]
2023-01-10 19:08:44.862 [info] > git status -z -uall [74ms]
2023-01-10 19:08:57.270 [info] > git config --get commit.template [62ms]
2023-01-10 19:08:57.281 [info] > git for-each-ref --format=%(refname)%00%(upstream:short)%00%(objectname)%00%(upstream:track)%00%(upstream:remotename)%00%(upstream:remoteref) refs/heads/main refs/remotes/main [66ms]
2023-01-10 19:08:57.346 [info] > git for-each-ref --sort -committerdate --format %(refname) %(objectname) %(*objectname) [51ms]
2023-01-10 19:08:57.360 [info] > git status -z -uall [72ms]
2023-01-10 19:09:09.542 [info] > git config --get commit.template [50ms]
2023-01-10 19:09:09.545 [info] > git for-each-ref --format=%(refname)%00%(upstream:short)%00%(objectname)%00%(upstream:track)%00%(upstream:remotename)%00%(upstream:remoteref) refs/heads/main refs/remotes/main [44ms]
2023-01-10 19:09:09.597 [info] > git for-each-ref --sort -committerdate --format %(refname) %(objectname) %(*objectname) [41ms]
2023-01-10 19:09:09.607 [info] > git status -z -uall [57ms]
2023-01-10 19:09:34.676 [info] > git config --get commit.template [53ms]
2023-01-10 19:09:34.684 [info] > git for-each-ref --format=%(refname)%00%(upstream:short)%00%(objectname)%00%(upstream:track)%00%(upstream:remotename)%00%(upstream:remoteref) refs/heads/main refs/remotes/main [49ms]
2023-01-10 19:09:34.755 [info] > git for-each-ref --sort -committerdate --format %(refname) %(objectname) %(*objectname) [51ms]
2023-01-10 19:09:34.760 [info] > git status -z -uall [65ms]
2023-01-10 19:09:39.843 [info] > git config --get commit.template [48ms]
2023-01-10 19:09:39.851 [info] > git for-each-ref --format=%(refname)%00%(upstream:short)%00%(objectname)%00%(upstream:track)%00%(upstream:remotename)%00%(upstream:remoteref) refs/heads/main refs/remotes/main [45ms]
2023-01-10 19:09:39.902 [info] > git for-each-ref --sort -committerdate --format %(refname) %(objectname) %(*objectname) [41ms]
2023-01-10 19:09:39.914 [info] > git status -z -uall [58ms]
2023-01-10 19:11:58.593 [info] > git for-each-ref --format=%(refname)%00%(upstream:short)%00%(objectname)%00%(upstream:track)%00%(upstream:remotename)%00%(upstream:remoteref) refs/heads/main refs/remotes/main [347ms]
2023-01-10 19:11:58.603 [info] > git config --get commit.template [366ms]
2023-01-10 19:11:58.681 [info] > git for-each-ref --sort -committerdate --format %(refname) %(objectname) %(*objectname) [56ms]
2023-01-10 19:11:58.687 [info] > git status -z -uall [72ms]
2023-01-10 19:12:03.773 [info] > git config --get commit.template [49ms]
2023-01-10 19:12:03.782 [info] > git for-each-ref --format=%(refname)%00%(upstream:short)%00%(objectname)%00%(upstream:track)%00%(upstream:remotename)%00%(upstream:remoteref) refs/heads/main refs/remotes/main [50ms]
2023-01-10 19:12:03.840 [info] > git for-each-ref --sort -committerdate --format %(refname) %(objectname) %(*objectname) [48ms]
2023-01-10 19:12:03.855 [info] > git status -z -uall [68ms]
2023-01-10 19:14:41.817 [info] > git config --get commit.template [59ms]
2023-01-10 19:14:41.827 [info] > git for-each-ref --format=%(refname)%00%(upstream:short)%00%(objectname)%00%(upstream:track)%00%(upstream:remotename)%00%(upstream:remoteref) refs/heads/main refs/remotes/main [55ms]
2023-01-10 19:14:41.883 [info] > git for-each-ref --sort -committerdate --format %(refname) %(objectname) %(*objectname) [39ms]
2023-01-10 19:14:41.897 [info] > git status -z -uall [61ms]
2023-01-10 19:15:34.247 [info] > git config --get commit.template [64ms]
2023-01-10 19:15:34.248 [info] > git for-each-ref --format=%(refname)%00%(upstream:short)%00%(objectname)%00%(upstream:track)%00%(upstream:remotename)%00%(upstream:remoteref) refs/heads/main refs/remotes/main [54ms]
2023-01-10 19:15:34.298 [info] > git for-each-ref --sort -committerdate --format %(refname) %(objectname) %(*objectname) [39ms]
2023-01-10 19:15:34.310 [info] > git status -z -uall [57ms]
2023-01-10 19:15:39.405 [info] > git config --get commit.template [65ms]
2023-01-10 19:15:39.406 [info] > git for-each-ref --format=%(refname)%00%(upstream:short)%00%(objectname)%00%(upstream:track)%00%(upstream:remotename)%00%(upstream:remoteref) refs/heads/main refs/remotes/main [58ms]
2023-01-10 19:15:39.460 [info] > git for-each-ref --sort -committerdate --format %(refname) %(objectname) %(*objectname) [42ms]
2023-01-10 19:15:39.479 [info] > git status -z -uall [66ms]
2023-01-10 19:15:44.548 [info] > git config --get commit.template [47ms]
2023-01-10 19:15:44.561 [info] > git for-each-ref --format=%(refname)%00%(upstream:short)%00%(objectname)%00%(upstream:track)%00%(upstream:remotename)%00%(upstream:remoteref) refs/heads/main refs/remotes/main [54ms]
2023-01-10 19:15:44.624 [info] > git for-each-ref --sort -committerdate --format %(refname) %(objectname) %(*objectname) [52ms]
2023-01-10 19:15:44.643 [info] > git status -z -uall [76ms]
2023-01-10 19:15:49.716 [info] > git config --get commit.template [55ms]
2023-01-10 19:15:49.726 [info] > git for-each-ref --format=%(refname)%00%(upstream:short)%00%(objectname)%00%(upstream:track)%00%(upstream:remotename)%00%(upstream:remoteref) refs/heads/main refs/remotes/main [56ms]
2023-01-10 19:15:49.783 [info] > git for-each-ref --sort -committerdate --format %(refname) %(objectname) %(*objectname) [46ms]
2023-01-10 19:15:49.795 [info] > git status -z -uall [64ms]
2023-01-10 19:15:54.863 [info] > git config --get commit.template [46ms]
2023-01-10 19:15:54.873 [info] > git for-each-ref --format=%(refname)%00%(upstream:short)%00%(objectname)%00%(upstream:track)%00%(upstream:remotename)%00%(upstream:remoteref) refs/heads/main refs/remotes/main [49ms]
2023-01-10 19:15:54.931 [info] > git for-each-ref --sort -committerdate --format %(refname) %(objectname) %(*objectname) [46ms]
2023-01-10 19:15:54.942 [info] > git status -z -uall [63ms]
2023-01-10 19:16:00.020 [info] > git config --get commit.template [54ms]
2023-01-10 19:16:00.031 [info] > git for-each-ref --format=%(refname)%00%(upstream:short)%00%(objectname)%00%(upstream:track)%00%(upstream:remotename)%00%(upstream:remoteref) refs/heads/main refs/remotes/main [53ms]
2023-01-10 19:16:00.086 [info] > git for-each-ref --sort -committerdate --format %(refname) %(objectname) %(*objectname) [44ms]
2023-01-10 19:16:00.099 [info] > git status -z -uall [63ms]
2023-01-10 19:16:10.528 [info] > git config --get commit.template [48ms]
2023-01-10 19:16:10.538 [info] > git for-each-ref --format=%(refname)%00%(upstream:short)%00%(objectname)%00%(upstream:track)%00%(upstream:remotename)%00%(upstream:remoteref) refs/heads/main refs/remotes/main [49ms]
2023-01-10 19:16:10.598 [info] > git for-each-ref --sort -committerdate --format %(refname) %(objectname) %(*objectname) [47ms]
2023-01-10 19:16:10.615 [info] > git status -z -uall [70ms]
2023-01-10 19:16:29.843 [info] > git config --get commit.template [53ms]
2023-01-10 19:16:29.857 [info] > git for-each-ref --format=%(refname)%00%(upstream:short)%00%(objectname)%00%(upstream:track)%00%(upstream:remotename)%00%(upstream:remoteref) refs/heads/main refs/remotes/main [50ms]
2023-01-10 19:16:29.931 [info] > git for-each-ref --sort -committerdate --format %(refname) %(objectname) %(*objectname) [54ms]
2023-01-10 19:16:29.942 [info] > git status -z -uall [76ms]
2023-01-10 19:16:35.023 [info] > git config --get commit.template [53ms]
2023-01-10 19:16:35.030 [info] > git for-each-ref --format=%(refname)%00%(upstream:short)%00%(objectname)%00%(upstream:track)%00%(upstream:remotename)%00%(upstream:remoteref) refs/heads/main refs/remotes/main [53ms]
2023-01-10 19:16:35.093 [info] > git for-each-ref --sort -committerdate --format %(refname) %(objectname) %(*objectname) [47ms]
2023-01-10 19:16:35.105 [info] > git status -z -uall [66ms]
2023-01-10 19:16:53.619 [info] > git config --get commit.template [47ms]
2023-01-10 19:16:53.626 [info] > git for-each-ref --format=%(refname)%00%(upstream:short)%00%(objectname)%00%(upstream:track)%00%(upstream:remotename)%00%(upstream:remoteref) refs/heads/main refs/remotes/main [44ms]
2023-01-10 19:16:53.677 [info] > git for-each-ref --sort -committerdate --format %(refname) %(objectname) %(*objectname) [42ms]
2023-01-10 19:16:53.688 [info] > git status -z -uall [56ms]
2023-01-10 19:17:12.581 [info] > git config --get commit.template [42ms]
2023-01-10 19:17:12.588 [info] > git for-each-ref --format=%(refname)%00%(upstream:short)%00%(objectname)%00%(upstream:track)%00%(upstream:remotename)%00%(upstream:remoteref) refs/heads/main refs/remotes/main [42ms]
2023-01-10 19:17:12.637 [info] > git for-each-ref --sort -committerdate --format %(refname) %(objectname) %(*objectname) [39ms]
2023-01-10 19:17:12.646 [info] > git status -z -uall [53ms]
2023-01-10 19:17:17.708 [info] > git config --get commit.template [48ms]
2023-01-10 19:17:17.721 [info] > git for-each-ref --format=%(refname)%00%(upstream:short)%00%(objectname)%00%(upstream:track)%00%(upstream:remotename)%00%(upstream:remoteref) refs/heads/main refs/remotes/main [55ms]
2023-01-10 19:17:17.779 [info] > git for-each-ref --sort -committerdate --format %(refname) %(objectname) %(*objectname) [48ms]
2023-01-10 19:17:17.789 [info] > git status -z -uall [63ms]
2023-01-10 19:17:37.996 [info] > git config --get commit.template [53ms]
2023-01-10 19:17:38.006 [info] > git for-each-ref --format=%(refname)%00%(upstream:short)%00%(objectname)%00%(upstream:track)%00%(upstream:remotename)%00%(upstream:remoteref) refs/heads/main refs/remotes/main [51ms]
2023-01-10 19:17:38.074 [info] > git for-each-ref --sort -committerdate --format %(refname) %(objectname) %(*objectname) [48ms]
2023-01-10 19:17:38.086 [info] > git status -z -uall [70ms]
2023-01-10 19:17:43.322 [info] > git config --get commit.template [53ms]
2023-01-10 19:17:43.328 [info] > git for-each-ref --format=%(refname)%00%(upstream:short)%00%(objectname)%00%(upstream:track)%00%(upstream:remotename)%00%(upstream:remoteref) refs/heads/main refs/remotes/main [51ms]
2023-01-10 19:17:43.391 [info] > git for-each-ref --sort -committerdate --format %(refname) %(objectname) %(*objectname) [51ms]
2023-01-10 19:17:43.403 [info] > git status -z -uall [69ms]
2023-01-10 19:20:29.503 [info] > git config --get commit.template [48ms]
2023-01-10 19:20:29.514 [info] > git for-each-ref --format=%(refname)%00%(upstream:short)%00%(objectname)%00%(upstream:track)%00%(upstream:remotename)%00%(upstream:remoteref) refs/heads/main refs/remotes/main [48ms]
2023-01-10 19:20:29.584 [info] > git for-each-ref --sort -committerdate --format %(refname) %(objectname) %(*objectname) [48ms]
2023-01-10 19:20:29.594 [info] > git status -z -uall [70ms]
2023-01-10 19:20:43.305 [info] > git config --get commit.template [42ms]
2023-01-10 19:20:43.313 [info] > git for-each-ref --format=%(refname)%00%(upstream:short)%00%(objectname)%00%(upstream:track)%00%(upstream:remotename)%00%(upstream:remoteref) refs/heads/main refs/remotes/main [42ms]
2023-01-10 19:20:43.362 [info] > git for-each-ref --sort -committerdate --format %(refname) %(objectname) %(*objectname) [38ms]
2023-01-10 19:20:43.373 [info] > git status -z -uall [55ms]
2023-01-10 19:21:03.619 [info] > git config --get commit.template [47ms]
2023-01-10 19:21:03.625 [info] > git for-each-ref --format=%(refname)%00%(upstream:short)%00%(objectname)%00%(upstream:track)%00%(upstream:remotename)%00%(upstream:remoteref) refs/heads/main refs/remotes/main [46ms]
2023-01-10 19:21:03.679 [info] > git for-each-ref --sort -committerdate --format %(refname) %(objectname) %(*objectname) [41ms]
2023-01-10 19:21:03.690 [info] > git status -z -uall [58ms]
2023-01-10 19:21:44.627 [info] > git config --get commit.template [55ms]
2023-01-10 19:21:44.638 [info] > git for-each-ref --format=%(refname)%00%(upstream:short)%00%(objectname)%00%(upstream:track)%00%(upstream:remotename)%00%(upstream:remoteref) refs/heads/main refs/remotes/main [53ms]
2023-01-10 19:21:44.708 [info] > git for-each-ref --sort -committerdate --format %(refname) %(objectname) %(*objectname) [50ms]
2023-01-10 19:21:44.840 [info] > git status -z -uall [192ms]
2023-01-10 19:21:46.087 [info] > git ls-files --stage -- D:\examples\coursera_test\react_examples\ecommerce\src\Components\Routes\ProductDescription.js [47ms]
2023-01-10 19:21:46.095 [info] > git ls-files --stage -- D:\examples\coursera_test\react_examples\ecommerce\src\Components\Routes\ProductCatalogue.js [45ms]
2023-01-10 19:21:46.117 [info] > git ls-files --stage -- D:\examples\coursera_test\react_examples\ecommerce\src\Components\Routes\Cart.js [56ms]
2023-01-10 19:21:46.154 [info] > git show --textconv :ecommerce/src/Components/Routes/ProductDescription.js [49ms]
2023-01-10 19:21:46.166 [info] > git show --textconv :ecommerce/src/Components/Routes/ProductCatalogue.js [50ms]
2023-01-10 19:21:46.170 [info] > git cat-file -s c472f5b26e5494f2ae220362be3300d30c66005f [44ms]
2023-01-10 19:21:46.254 [info] > git show --textconv :ecommerce/src/Components/Routes/Cart.js [49ms]
2023-01-10 19:21:49.921 [info] > git config --get commit.template [44ms]
2023-01-10 19:21:49.929 [info] > git for-each-ref --format=%(refname)%00%(upstream:short)%00%(objectname)%00%(upstream:track)%00%(upstream:remotename)%00%(upstream:remoteref) refs/heads/main refs/remotes/main [42ms]
2023-01-10 19:21:49.978 [info] > git for-each-ref --sort -committerdate --format %(refname) %(objectname) %(*objectname) [37ms]
2023-01-10 19:21:49.990 [info] > git status -z -uall [55ms]
2023-01-10 19:22:10.680 [info] > git config --get commit.template [43ms]
2023-01-10 19:22:10.688 [info] > git for-each-ref --format=%(refname)%00%(upstream:short)%00%(objectname)%00%(upstream:track)%00%(upstream:remotename)%00%(upstream:remoteref) refs/heads/main refs/remotes/main [46ms]
2023-01-10 19:22:10.736 [info] > git for-each-ref --sort -committerdate --format %(refname) %(objectname) %(*objectname) [37ms]
2023-01-10 19:22:10.745 [info] > git status -z -uall [52ms]
2023-01-10 19:22:12.679 [info] > git check-ignore -v -z --stdin [39ms]
2023-01-10 19:22:14.450 [info] > git ls-files --stage -- D:\examples\coursera_test\react_examples\ecommerce\src\reducers\addToCartReducer.js [42ms]
2023-01-10 19:22:14.452 [info] > git show --textconv :ecommerce/src/reducers/addToCartReducer.js [53ms]
2023-01-10 19:22:15.807 [info] > git config --get commit.template [48ms]
2023-01-10 19:22:15.814 [info] > git for-each-ref --format=%(refname)%00%(upstream:short)%00%(objectname)%00%(upstream:track)%00%(upstream:remotename)%00%(upstream:remoteref) refs/heads/main refs/remotes/main [50ms]
2023-01-10 19:22:15.873 [info] > git for-each-ref --sort -committerdate --format %(refname) %(objectname) %(*objectname) [47ms]
2023-01-10 19:22:15.887 [info] > git status -z -uall [65ms]
2023-01-10 19:22:18.625 [info] > git ls-files --stage -- D:\examples\coursera_test\react_examples\ecommerce\src\reducers\index.js [40ms]
2023-01-10 19:22:18.663 [info] > git show --textconv :ecommerce/src/reducers/index.js [84ms]
2023-01-10 19:22:18.669 [info] > git cat-file -s 80f88b05f5ddfe6c516b11e3237f21bd84f10ff5 [39ms]
2023-01-10 19:22:41.210 [info] > git config --get commit.template [37ms]
2023-01-10 19:22:41.221 [info] > git for-each-ref --format=%(refname)%00%(upstream:short)%00%(objectname)%00%(upstream:track)%00%(upstream:remotename)%00%(upstream:remoteref) refs/heads/main refs/remotes/main [43ms]
2023-01-10 19:22:41.272 [info] > git for-each-ref --sort -committerdate --format %(refname) %(objectname) %(*objectname) [40ms]
2023-01-10 19:22:41.286 [info] > git status -z -uall [58ms]
2023-01-10 19:22:46.355 [info] > git config --get commit.template [39ms]
2023-01-10 19:22:46.362 [info] > git for-each-ref --format=%(refname)%00%(upstream:short)%00%(objectname)%00%(upstream:track)%00%(upstream:remotename)%00%(upstream:remoteref) refs/heads/main refs/remotes/main [40ms]
2023-01-10 19:22:46.408 [info] > git for-each-ref --sort -committerdate --format %(refname) %(objectname) %(*objectname) [36ms]
2023-01-10 19:22:46.420 [info] > git status -z -uall [54ms]
2023-01-10 19:23:01.926 [info] > git config --get commit.template [57ms]
2023-01-10 19:23:01.937 [info] > git for-each-ref --format=%(refname)%00%(upstream:short)%00%(objectname)%00%(upstream:track)%00%(upstream:remotename)%00%(upstream:remoteref) refs/heads/main refs/remotes/main [57ms]
2023-01-10 19:23:01.991 [info] > git for-each-ref --sort -committerdate --format %(refname) %(objectname) %(*objectname) [44ms]
2023-01-10 19:23:02.008 [info] > git status -z -uall [66ms]
2023-01-10 19:23:07.093 [info] > git for-each-ref --format=%(refname)%00%(upstream:short)%00%(objectname)%00%(upstream:track)%00%(upstream:remotename)%00%(upstream:remoteref) refs/heads/main refs/remotes/main [54ms]
2023-01-10 19:23:07.093 [info] > git config --get commit.template [63ms]
2023-01-10 19:23:07.160 [info] > git for-each-ref --sort -committerdate --format %(refname) %(objectname) %(*objectname) [56ms]
2023-01-10 19:23:07.176 [info] > git status -z -uall [78ms]
2023-01-10 19:23:12.251 [info] > git config --get commit.template [57ms]
2023-01-10 19:23:12.254 [info] > git for-each-ref --format=%(refname)%00%(upstream:short)%00%(objectname)%00%(upstream:track)%00%(upstream:remotename)%00%(upstream:remoteref) refs/heads/main refs/remotes/main [53ms]
2023-01-10 19:23:12.305 [info] > git for-each-ref --sort -committerdate --format %(refname) %(objectname) %(*objectname) [41ms]
2023-01-10 19:23:12.320 [info] > git status -z -uall [60ms]
2023-01-10 19:23:17.396 [info] > git config --get commit.template [54ms]
2023-01-10 19:23:17.402 [info] > git for-each-ref --format=%(refname)%00%(upstream:short)%00%(objectname)%00%(upstream:track)%00%(upstream:remotename)%00%(upstream:remoteref) refs/heads/main refs/remotes/main [50ms]
2023-01-10 19:23:17.458 [info] > git for-each-ref --sort -committerdate --format %(refname) %(objectname) %(*objectname) [44ms]
2023-01-10 19:23:17.473 [info] > git status -z -uall [65ms]
2023-01-10 19:23:32.754 [info] > git ls-files --stage -- D:\examples\coursera_test\react_examples\ecommerce\src\actions\index.js [35ms]
2023-01-10 19:23:32.932 [info] > git cat-file -s 40870e40437910eb364e431c229d870b1c3ba270 [173ms]
2023-01-10 19:23:32.934 [info] > git show --textconv :ecommerce/src/actions/index.js [222ms]
2023-01-10 19:23:43.325 [info] > git config --get commit.template [40ms]
2023-01-10 19:23:43.332 [info] > git for-each-ref --format=%(refname)%00%(upstream:short)%00%(objectname)%00%(upstream:track)%00%(upstream:remotename)%00%(upstream:remoteref) refs/heads/main refs/remotes/main [39ms]
2023-01-10 19:23:43.380 [info] > git for-each-ref --sort -committerdate --format %(refname) %(objectname) %(*objectname) [38ms]
2023-01-10 19:23:43.391 [info] > git status -z -uall [55ms]
2023-01-10 19:24:12.462 [info] > git config --get commit.template [70ms]
2023-01-10 19:24:12.473 [info] > git for-each-ref --format=%(refname)%00%(upstream:short)%00%(objectname)%00%(upstream:track)%00%(upstream:remotename)%00%(upstream:remoteref) refs/heads/main refs/remotes/main [72ms]
2023-01-10 19:24:12.546 [info] > git for-each-ref --sort -committerdate --format %(refname) %(objectname) %(*objectname) [55ms]
2023-01-10 19:24:12.566 [info] > git status -z -uall [83ms]
2023-01-10 19:24:28.256 [info] > git config --get commit.template [80ms]
2023-01-10 19:24:28.268 [info] > git for-each-ref --format=%(refname)%00%(upstream:short)%00%(objectname)%00%(upstream:track)%00%(upstream:remotename)%00%(upstream:remoteref) refs/heads/main refs/remotes/main [82ms]
2023-01-10 19:24:28.329 [info] > git for-each-ref --sort -committerdate --format %(refname) %(objectname) %(*objectname) [48ms]
2023-01-10 19:24:28.341 [info] > git status -z -uall [67ms]
2023-01-10 19:24:33.404 [info] > git config --get commit.template [46ms]
2023-01-10 19:24:33.412 [info] > git for-each-ref --format=%(refname)%00%(upstream:short)%00%(objectname)%00%(upstream:track)%00%(upstream:remotename)%00%(upstream:remoteref) refs/heads/main refs/remotes/main [47ms]
2023-01-10 19:24:33.471 [info] > git for-each-ref --sort -committerdate --format %(refname) %(objectname) %(*objectname) [46ms]
2023-01-10 19:24:33.482 [info] > git status -z -uall [64ms]
2023-01-10 19:24:40.524 [info] > git config --get commit.template [46ms]
2023-01-10 19:24:40.531 [info] > git for-each-ref --format=%(refname)%00%(upstream:short)%00%(objectname)%00%(upstream:track)%00%(upstream:remotename)%00%(upstream:remoteref) refs/heads/main refs/remotes/main [42ms]
2023-01-10 19:24:40.583 [info] > git for-each-ref --sort -committerdate --format %(refname) %(objectname) %(*objectname) [40ms]
2023-01-10 19:24:40.596 [info] > git status -z -uall [60ms]
2023-01-10 19:24:45.655 [info] > git config --get commit.template [40ms]
2023-01-10 19:24:45.661 [info] > git for-each-ref --format=%(refname)%00%(upstream:short)%00%(objectname)%00%(upstream:track)%00%(upstream:remotename)%00%(upstream:remoteref) refs/heads/main refs/remotes/main [40ms]
2023-01-10 19:24:45.706 [info] > git for-each-ref --sort -committerdate --format %(refname) %(objectname) %(*objectname) [35ms]
2023-01-10 19:24:45.720 [info] > git status -z -uall [53ms]
2023-01-10 19:24:50.792 [info] > git config --get commit.template [43ms]
2023-01-10 19:24:50.800 [info] > git for-each-ref --format=%(refname)%00%(upstream:short)%00%(objectname)%00%(upstream:track)%00%(upstream:remotename)%00%(upstream:remoteref) refs/heads/main refs/remotes/main [43ms]
2023-01-10 19:24:50.847 [info] > git for-each-ref --sort -committerdate --format %(refname) %(objectname) %(*objectname) [37ms]
2023-01-10 19:24:50.858 [info] > git status -z -uall [52ms]
2023-01-10 19:24:55.930 [info] > git config --get commit.template [46ms]
2023-01-10 19:24:55.946 [info] > git for-each-ref --format=%(refname)%00%(upstream:short)%00%(objectname)%00%(upstream:track)%00%(upstream:remotename)%00%(upstream:remoteref) refs/heads/main refs/remotes/main [54ms]
2023-01-10 19:24:56.006 [info] > git for-each-ref --sort -committerdate --format %(refname) %(objectname) %(*objectname) [48ms]
2023-01-10 19:24:56.015 [info] > git status -z -uall [64ms]
2023-01-10 19:25:01.102 [info] > git config --get commit.template [60ms]
2023-01-10 19:25:01.112 [info] > git for-each-ref --format=%(refname)%00%(upstream:short)%00%(objectname)%00%(upstream:track)%00%(upstream:remotename)%00%(upstream:remoteref) refs/heads/main refs/remotes/main [64ms]
2023-01-10 19:25:01.179 [info] > git for-each-ref --sort -committerdate --format %(refname) %(objectname) %(*objectname) [56ms]
2023-01-10 19:25:01.193 [info] > git status -z -uall [75ms]
2023-01-10 19:25:06.844 [info] > git config --get commit.template [58ms]
2023-01-10 19:25:06.847 [info] > git for-each-ref --format=%(refname)%00%(upstream:short)%00%(objectname)%00%(upstream:track)%00%(upstream:remotename)%00%(upstream:remoteref) refs/heads/main refs/remotes/main [48ms]
2023-01-10 19:25:06.899 [info] > git for-each-ref --sort -committerdate --format %(refname) %(objectname) %(*objectname) [42ms]
2023-01-10 19:25:06.917 [info] > git status -z -uall [64ms]
2023-01-10 19:25:43.914 [info] > git config --get commit.template [48ms]
2023-01-10 19:25:43.925 [info] > git for-each-ref --format=%(refname)%00%(upstream:short)%00%(objectname)%00%(upstream:track)%00%(upstream:remotename)%00%(upstream:remoteref) refs/heads/main refs/remotes/main [48ms]
2023-01-10 19:25:43.973 [info] > git for-each-ref --sort -committerdate --format %(refname) %(objectname) %(*objectname) [38ms]
2023-01-10 19:25:43.987 [info] > git status -z -uall [57ms]
2023-01-10 19:25:54.573 [info] > git config --get commit.template [51ms]
2023-01-10 19:25:54.578 [info] > git for-each-ref --format=%(refname)%00%(upstream:short)%00%(objectname)%00%(upstream:track)%00%(upstream:remotename)%00%(upstream:remoteref) refs/heads/main refs/remotes/main [46ms]
2023-01-10 19:25:54.628 [info] > git for-each-ref --sort -committerdate --format %(refname) %(objectname) %(*objectname) [38ms]
2023-01-10 19:25:54.639 [info] > git status -z -uall [54ms]
2023-01-10 19:26:19.216 [info] > git config --get commit.template [42ms]
2023-01-10 19:26:19.223 [info] > git for-each-ref --format=%(refname)%00%(upstream:short)%00%(objectname)%00%(upstream:track)%00%(upstream:remotename)%00%(upstream:remoteref) refs/heads/main refs/remotes/main [39ms]
2023-01-10 19:26:19.272 [info] > git for-each-ref --sort -committerdate --format %(refname) %(objectname) %(*objectname) [39ms]
2023-01-10 19:26:19.284 [info] > git status -z -uall [56ms]
2023-01-10 19:26:43.394 [info] > git config --get commit.template [49ms]
2023-01-10 19:26:43.403 [info] > git for-each-ref --format=%(refname)%00%(upstream:short)%00%(objectname)%00%(upstream:track)%00%(upstream:remotename)%00%(upstream:remoteref) refs/heads/main refs/remotes/main [48ms]
2023-01-10 19:26:43.459 [info] > git for-each-ref --sort -committerdate --format %(refname) %(objectname) %(*objectname) [44ms]
2023-01-10 19:26:43.468 [info] > git status -z -uall [59ms]
2023-01-10 20:13:51.384 [info] > git config --get commit.template [55ms]
2023-01-10 20:13:51.412 [info] > git for-each-ref --format=%(refname)%00%(upstream:short)%00%(objectname)%00%(upstream:track)%00%(upstream:remotename)%00%(upstream:remoteref) refs/heads/main refs/remotes/main [76ms]
2023-01-10 20:13:51.448 [info] > git for-each-ref --sort -committerdate --format %(refname) %(objectname) %(*objectname) [29ms]
2023-01-10 20:13:51.582 [info] > git status -z -uall [166ms]
2023-01-10 20:14:00.515 [info] > git for-each-ref --format=%(refname)%00%(upstream:short)%00%(objectname)%00%(upstream:track)%00%(upstream:remotename)%00%(upstream:remoteref) refs/heads/main refs/remotes/main [35ms]
2023-01-10 20:14:00.523 [info] > git config --get commit.template [49ms]
2023-01-10 20:14:00.568 [info] > git for-each-ref --sort -committerdate --format %(refname) %(objectname) %(*objectname) [35ms]
2023-01-10 20:14:00.577 [info] > git status -z -uall [50ms]
2023-01-10 20:14:44.107 [info] > git config --get commit.template [33ms]
2023-01-10 20:14:44.112 [info] > git for-each-ref --format=%(refname)%00%(upstream:short)%00%(objectname)%00%(upstream:track)%00%(upstream:remotename)%00%(upstream:remoteref) refs/heads/main refs/remotes/main [34ms]
2023-01-10 20:14:44.151 [info] > git for-each-ref --sort -committerdate --format %(refname) %(objectname) %(*objectname) [30ms]
2023-01-10 20:14:44.160 [info] > git status -z -uall [44ms]
2023-01-10 20:14:49.212 [info] > git config --get commit.template [32ms]
2023-01-10 20:14:49.218 [info] > git for-each-ref --format=%(refname)%00%(upstream:short)%00%(objectname)%00%(upstream:track)%00%(upstream:remotename)%00%(upstream:remoteref) refs/heads/main refs/remotes/main [34ms]
2023-01-10 20:14:49.254 [info] > git for-each-ref --sort -committerdate --format %(refname) %(objectname) %(*objectname) [29ms]
2023-01-10 20:14:49.266 [info] > git status -z -uall [44ms]
2023-01-10 20:19:01.076 [info] > git for-each-ref --format=%(refname)%00%(upstream:short)%00%(objectname)%00%(upstream:track)%00%(upstream:remotename)%00%(upstream:remoteref) refs/heads/main refs/remotes/main [131ms]
2023-01-10 20:19:01.083 [info] > git config --get commit.template [145ms]
2023-01-10 20:19:01.120 [info] > git for-each-ref --sort -committerdate --format %(refname) %(objectname) %(*objectname) [29ms]
2023-01-10 20:19:01.130 [info] > git status -z -uall [43ms]
2023-01-10 20:22:10.566 [info] > git config --get commit.template [31ms]
2023-01-10 20:22:10.570 [info] > git for-each-ref --format=%(refname)%00%(upstream:short)%00%(objectname)%00%(upstream:track)%00%(upstream:remotename)%00%(upstream:remoteref) refs/heads/main refs/remotes/main [31ms]
2023-01-10 20:22:10.606 [info] > git for-each-ref --sort -committerdate --format %(refname) %(objectname) %(*objectname) [29ms]
2023-01-10 20:22:10.617 [info] > git status -z -uall [44ms]
2023-01-10 20:22:11.843 [info] > git ls-files --stage -- D:\examples\coursera_test\react_examples\ecommerce\src\Components\Routes\ProductDescription.js [35ms]
2023-01-10 20:22:11.850 [info] > git ls-files --stage -- D:\examples\coursera_test\react_examples\ecommerce\src\Components\Routes\ProductCatalogue.js [38ms]
2023-01-10 20:22:11.852 [info] > git ls-files --stage -- D:\examples\coursera_test\react_examples\ecommerce\src\Components\Routes\Cart.js [35ms]
2023-01-10 20:22:11.862 [info] > git ls-files --stage -- D:\examples\coursera_test\react_examples\ecommerce\src\reducers\index.js [40ms]
2023-01-10 20:22:11.866 [info] > git ls-files --stage -- D:\examples\coursera_test\react_examples\ecommerce\src\actions\index.js [40ms]
2023-01-10 20:22:11.894 [info] > git show --textconv :ecommerce/src/Components/Routes/ProductDescription.js [43ms]
2023-01-10 20:22:11.901 [info] > git show --textconv :ecommerce/src/Components/Routes/ProductCatalogue.js [39ms]
2023-01-10 20:22:11.905 [info] > git cat-file -s 40870e40437910eb364e431c229d870b1c3ba270 [35ms]
2023-01-10 20:22:11.946 [info] > git show --textconv :ecommerce/src/actions/index.js [33ms]
2023-01-10 20:22:11.993 [info] > git cat-file -s c472f5b26e5494f2ae220362be3300d30c66005f [136ms]
2023-01-10 20:22:12.008 [info] > git cat-file -s 80f88b05f5ddfe6c516b11e3237f21bd84f10ff5 [142ms]
2023-01-10 20:22:12.037 [info] > git show --textconv :ecommerce/src/Components/Routes/Cart.js [37ms]
2023-01-10 20:22:12.055 [info] > git show --textconv :ecommerce/src/reducers/index.js [35ms]
2023-01-10 20:22:15.673 [info] > git config --get commit.template [32ms]
2023-01-10 20:22:15.679 [info] > git for-each-ref --format=%(refname)%00%(upstream:short)%00%(objectname)%00%(upstream:track)%00%(upstream:remotename)%00%(upstream:remoteref) refs/heads/main refs/remotes/main [33ms]
2023-01-10 20:22:15.718 [info] > git for-each-ref --sort -committerdate --format %(refname) %(objectname) %(*objectname) [30ms]
2023-01-10 20:22:15.729 [info] > git status -z -uall [46ms]
2023-01-10 20:23:28.989 [info] > git config --get commit.template [48ms]
2023-01-10 20:23:28.990 [info] > git for-each-ref --format=%(refname)%00%(upstream:short)%00%(objectname)%00%(upstream:track)%00%(upstream:remotename)%00%(upstream:remoteref) refs/heads/main refs/remotes/main [44ms]
2023-01-10 20:23:29.036 [info] > git for-each-ref --sort -committerdate --format %(refname) %(objectname) %(*objectname) [38ms]
2023-01-10 20:23:29.046 [info] > git status -z -uall [52ms]
2023-01-10 20:23:34.117 [info] > git config --get commit.template [44ms]
2023-01-10 20:23:34.125 [info] > git for-each-ref --format=%(refname)%00%(upstream:short)%00%(objectname)%00%(upstream:track)%00%(upstream:remotename)%00%(upstream:remoteref) refs/heads/main refs/remotes/main [47ms]
2023-01-10 20:23:34.179 [info] > git for-each-ref --sort -committerdate --format %(refname) %(objectname) %(*objectname) [44ms]
2023-01-10 20:23:34.191 [info] > git status -z -uall [61ms]
2023-01-10 20:23:39.236 [info] > git config --get commit.template [33ms]
2023-01-10 20:23:39.241 [info] > git for-each-ref --format=%(refname)%00%(upstream:short)%00%(objectname)%00%(upstream:track)%00%(upstream:remotename)%00%(upstream:remoteref) refs/heads/main refs/remotes/main [33ms]
2023-01-10 20:23:39.283 [info] > git for-each-ref --sort -committerdate --format %(refname) %(objectname) %(*objectname) [34ms]
2023-01-10 20:23:39.293 [info] > git status -z -uall [48ms]
2023-01-10 20:23:44.344 [info] > git config --get commit.template [33ms]
2023-01-10 20:23:44.350 [info] > git for-each-ref --format=%(refname)%00%(upstream:short)%00%(objectname)%00%(upstream:track)%00%(upstream:remotename)%00%(upstream:remoteref) refs/heads/main refs/remotes/main [35ms]
2023-01-10 20:23:44.385 [info] > git for-each-ref --sort -committerdate --format %(refname) %(objectname) %(*objectname) [28ms]
2023-01-10 20:23:44.395 [info] > git status -z -uall [42ms]
2023-01-10 20:23:59.488 [info] > git config --get commit.template [33ms]
2023-01-10 20:23:59.493 [info] > git for-each-ref --format=%(refname)%00%(upstream:short)%00%(objectname)%00%(upstream:track)%00%(upstream:remotename)%00%(upstream:remoteref) refs/heads/main refs/remotes/main [33ms]
2023-01-10 20:23:59.528 [info] > git for-each-ref --sort -committerdate --format %(refname) %(objectname) %(*objectname) [29ms]
2023-01-10 20:23:59.541 [info] > git status -z -uall [45ms]
2023-01-10 20:24:04.594 [info] > git config --get commit.template [30ms]
2023-01-10 20:24:04.600 [info] > git for-each-ref --format=%(refname)%00%(upstream:short)%00%(objectname)%00%(upstream:track)%00%(upstream:remotename)%00%(upstream:remoteref) refs/heads/main refs/remotes/main [33ms]
2023-01-10 20:24:04.646 [info] > git for-each-ref --sort -committerdate --format %(refname) %(objectname) %(*objectname) [38ms]
2023-01-10 20:24:04.658 [info] > git status -z -uall [54ms]
2023-01-10 20:24:09.707 [info] > git config --get commit.template [33ms]
2023-01-10 20:24:09.714 [info] > git for-each-ref --format=%(refname)%00%(upstream:short)%00%(objectname)%00%(upstream:track)%00%(upstream:remotename)%00%(upstream:remoteref) refs/heads/main refs/remotes/main [34ms]
2023-01-10 20:24:09.759 [info] > git for-each-ref --sort -committerdate --format %(refname) %(objectname) %(*objectname) [37ms]
2023-01-10 20:24:09.769 [info] > git status -z -uall [51ms]
2023-01-10 20:24:14.823 [info] > git config --get commit.template [33ms]
2023-01-10 20:24:14.830 [info] > git for-each-ref --format=%(refname)%00%(upstream:short)%00%(objectname)%00%(upstream:track)%00%(upstream:remotename)%00%(upstream:remoteref) refs/heads/main refs/remotes/main [36ms]
2023-01-10 20:24:14.865 [info] > git for-each-ref --sort -committerdate --format %(refname) %(objectname) %(*objectname) [28ms]
2023-01-10 20:24:14.875 [info] > git status -z -uall [41ms]
2023-01-10 20:24:31.602 [info] > git config --get commit.template [37ms]
2023-01-10 20:24:31.607 [info] > git for-each-ref --format=%(refname)%00%(upstream:short)%00%(objectname)%00%(upstream:track)%00%(upstream:remotename)%00%(upstream:remoteref) refs/heads/main refs/remotes/main [38ms]
2023-01-10 20:24:31.654 [info] > git for-each-ref --sort -committerdate --format %(refname) %(objectname) %(*objectname) [38ms]
2023-01-10 20:24:31.667 [info] > git status -z -uall [56ms]
2023-01-10 20:24:46.701 [info] > git config --get commit.template [33ms]
2023-01-10 20:24:46.707 [info] > git for-each-ref --format=%(refname)%00%(upstream:short)%00%(objectname)%00%(upstream:track)%00%(upstream:remotename)%00%(upstream:remoteref) refs/heads/main refs/remotes/main [35ms]
2023-01-10 20:24:46.747 [info] > git for-each-ref --sort -committerdate --format %(refname) %(objectname) %(*objectname) [33ms]
2023-01-10 20:24:46.757 [info] > git status -z -uall [47ms]
2023-01-10 20:24:51.822 [info] > git config --get commit.template [36ms]
2023-01-10 20:24:51.827 [info] > git for-each-ref --format=%(refname)%00%(upstream:short)%00%(objectname)%00%(upstream:track)%00%(upstream:remotename)%00%(upstream:remoteref) refs/heads/main refs/remotes/main [37ms]
2023-01-10 20:24:51.867 [info] > git for-each-ref --sort -committerdate --format %(refname) %(objectname) %(*objectname) [32ms]
2023-01-10 20:24:51.878 [info] > git status -z -uall [47ms]
2023-01-10 20:24:56.937 [info] > git config --get commit.template [30ms]
2023-01-10 20:24:56.943 [info] > git for-each-ref --format=%(refname)%00%(upstream:short)%00%(objectname)%00%(upstream:track)%00%(upstream:remotename)%00%(upstream:remoteref) refs/heads/main refs/remotes/main [31ms]
2023-01-10 20:24:56.979 [info] > git for-each-ref --sort -committerdate --format %(refname) %(objectname) %(*objectname) [29ms]
2023-01-10 20:24:56.989 [info] > git status -z -uall [43ms]
2023-01-10 20:25:02.038 [info] > git config --get commit.template [31ms]
2023-01-10 20:25:02.043 [info] > git for-each-ref --format=%(refname)%00%(upstream:short)%00%(objectname)%00%(upstream:track)%00%(upstream:remotename)%00%(upstream:remoteref) refs/heads/main refs/remotes/main [32ms]
2023-01-10 20:25:02.082 [info] > git for-each-ref --sort -committerdate --format %(refname) %(objectname) %(*objectname) [31ms]
2023-01-10 20:25:02.092 [info] > git status -z -uall [45ms]
2023-01-10 20:25:07.140 [info] > git config --get commit.template [31ms]
2023-01-10 20:25:07.147 [info] > git for-each-ref --format=%(refname)%00%(upstream:short)%00%(objectname)%00%(upstream:track)%00%(upstream:remotename)%00%(upstream:remoteref) refs/heads/main refs/remotes/main [34ms]
2023-01-10 20:25:07.182 [info] > git for-each-ref --sort -committerdate --format %(refname) %(objectname) %(*objectname) [29ms]
2023-01-10 20:25:07.192 [info] > git status -z -uall [42ms]
2023-01-10 20:25:12.900 [info] > git config --get commit.template [31ms]
2023-01-10 20:25:12.905 [info] > git for-each-ref --format=%(refname)%00%(upstream:short)%00%(objectname)%00%(upstream:track)%00%(upstream:remotename)%00%(upstream:remoteref) refs/heads/main refs/remotes/main [33ms]
2023-01-10 20:25:12.940 [info] > git for-each-ref --sort -committerdate --format %(refname) %(objectname) %(*objectname) [29ms]
2023-01-10 20:25:12.951 [info] > git status -z -uall [42ms]
2023-01-10 20:25:19.046 [info] > git config --get commit.template [33ms]
2023-01-10 20:25:19.052 [info] > git for-each-ref --format=%(refname)%00%(upstream:short)%00%(objectname)%00%(upstream:track)%00%(upstream:remotename)%00%(upstream:remoteref) refs/heads/main refs/remotes/main [34ms]
2023-01-10 20:25:19.091 [info] > git for-each-ref --sort -committerdate --format %(refname) %(objectname) %(*objectname) [31ms]
2023-01-10 20:25:19.100 [info] > git status -z -uall [44ms]
2023-01-10 20:25:24.147 [info] > git config --get commit.template [30ms]
2023-01-10 20:25:24.153 [info] > git for-each-ref --format=%(refname)%00%(upstream:short)%00%(objectname)%00%(upstream:track)%00%(upstream:remotename)%00%(upstream:remoteref) refs/heads/main refs/remotes/main [33ms]
2023-01-10 20:25:24.191 [info] > git for-each-ref --sort -committerdate --format %(refname) %(objectname) %(*objectname) [31ms]
2023-01-10 20:25:24.201 [info] > git status -z -uall [45ms]
2023-01-10 20:25:29.730 [info] > git config --get commit.template [31ms]
2023-01-10 20:25:29.735 [info] > git for-each-ref --format=%(refname)%00%(upstream:short)%00%(objectname)%00%(upstream:track)%00%(upstream:remotename)%00%(upstream:remoteref) refs/heads/main refs/remotes/main [33ms]
2023-01-10 20:25:29.773 [info] > git for-each-ref --sort -committerdate --format %(refname) %(objectname) %(*objectname) [30ms]
2023-01-10 20:25:29.785 [info] > git status -z -uall [45ms]
2023-01-10 20:25:43.882 [info] > git config --get commit.template [44ms]
2023-01-10 20:25:43.889 [info] > git for-each-ref --format=%(refname)%00%(upstream:short)%00%(objectname)%00%(upstream:track)%00%(upstream:remotename)%00%(upstream:remoteref) refs/heads/main refs/remotes/main [38ms]
2023-01-10 20:25:43.931 [info] > git for-each-ref --sort -committerdate --format %(refname) %(objectname) %(*objectname) [35ms]
2023-01-10 20:25:43.943 [info] > git status -z -uall [51ms]
2023-01-10 20:26:13.480 [info] > git config --get commit.template [42ms]
2023-01-10 20:26:13.485 [info] > git for-each-ref --format=%(refname)%00%(upstream:short)%00%(objectname)%00%(upstream:track)%00%(upstream:remotename)%00%(upstream:remoteref) refs/heads/main refs/remotes/main [40ms]
2023-01-10 20:26:13.526 [info] > git for-each-ref --sort -committerdate --format %(refname) %(objectname) %(*objectname) [33ms]
2023-01-10 20:26:13.537 [info] > git status -z -uall [48ms]
2023-01-10 20:26:32.678 [info] > git config --get commit.template [32ms]
2023-01-10 20:26:32.683 [info] > git for-each-ref --format=%(refname)%00%(upstream:short)%00%(objectname)%00%(upstream:track)%00%(upstream:remotename)%00%(upstream:remoteref) refs/heads/main refs/remotes/main [31ms]
2023-01-10 20:26:32.721 [info] > git for-each-ref --sort -committerdate --format %(refname) %(objectname) %(*objectname) [30ms]
2023-01-10 20:26:32.731 [info] > git status -z -uall [44ms]
2023-01-10 20:26:39.834 [info] > git config --get commit.template [49ms]
2023-01-10 20:26:39.834 [info] > git for-each-ref --format=%(refname)%00%(upstream:short)%00%(objectname)%00%(upstream:track)%00%(upstream:remotename)%00%(upstream:remoteref) refs/heads/main refs/remotes/main [42ms]
2023-01-10 20:26:39.876 [info] > git for-each-ref --sort -committerdate --format %(refname) %(objectname) %(*objectname) [33ms]
2023-01-10 20:26:39.885 [info] > git status -z -uall [47ms]
2023-01-10 20:27:07.101 [info] > git config --get commit.template [37ms]
2023-01-10 20:27:07.109 [info] > git for-each-ref --format=%(refname)%00%(upstream:short)%00%(objectname)%00%(upstream:track)%00%(upstream:remotename)%00%(upstream:remoteref) refs/heads/main refs/remotes/main [40ms]
2023-01-10 20:27:07.150 [info] > git for-each-ref --sort -committerdate --format %(refname) %(objectname) %(*objectname) [33ms]
2023-01-10 20:27:07.162 [info] > git status -z -uall [48ms]
2023-01-10 20:28:05.859 [info] > git config --get commit.template [42ms]
2023-01-10 20:28:05.864 [info] > git for-each-ref --format=%(refname)%00%(upstream:short)%00%(objectname)%00%(upstream:track)%00%(upstream:remotename)%00%(upstream:remoteref) refs/heads/main refs/remotes/main [40ms]
2023-01-10 20:28:05.915 [info] > git for-each-ref --sort -committerdate --format %(refname) %(objectname) %(*objectname) [34ms]
2023-01-10 20:28:05.925 [info] > git status -z -uall [50ms]
2023-01-10 20:28:10.978 [info] > git config --get commit.template [36ms]
2023-01-10 20:28:10.985 [info] > git for-each-ref --format=%(refname)%00%(upstream:short)%00%(objectname)%00%(upstream:track)%00%(upstream:remotename)%00%(upstream:remoteref) refs/heads/main refs/remotes/main [37ms]
2023-01-10 20:28:11.022 [info] > git for-each-ref --sort -committerdate --format %(refname) %(objectname) %(*objectname) [31ms]
2023-01-10 20:28:11.034 [info] > git status -z -uall [45ms]
2023-01-10 20:28:17.965 [info] > git config --get commit.template [44ms]
2023-01-10 20:28:17.972 [info] > git for-each-ref --format=%(refname)%00%(upstream:short)%00%(objectname)%00%(upstream:track)%00%(upstream:remotename)%00%(upstream:remoteref) refs/heads/main refs/remotes/main [44ms]
2023-01-10 20:28:18.017 [info] > git for-each-ref --sort -committerdate --format %(refname) %(objectname) %(*objectname) [37ms]
2023-01-10 20:28:18.029 [info] > git status -z -uall [52ms]
2023-01-10 20:29:11.956 [info] > git config --get commit.template [31ms]
2023-01-10 20:29:11.960 [info] > git for-each-ref --format=%(refname)%00%(upstream:short)%00%(objectname)%00%(upstream:track)%00%(upstream:remotename)%00%(upstream:remoteref) refs/heads/main refs/remotes/main [30ms]
2023-01-10 20:29:11.994 [info] > git for-each-ref --sort -committerdate --format %(refname) %(objectname) %(*objectname) [28ms]
2023-01-10 20:29:12.006 [info] > git status -z -uall [43ms]
2023-01-10 20:29:17.787 [info] > git config --get commit.template [35ms]
2023-01-10 20:29:17.792 [info] > git for-each-ref --format=%(refname)%00%(upstream:short)%00%(objectname)%00%(upstream:track)%00%(upstream:remotename)%00%(upstream:remoteref) refs/heads/main refs/remotes/main [35ms]
2023-01-10 20:29:17.829 [info] > git for-each-ref --sort -committerdate --format %(refname) %(objectname) %(*objectname) [29ms]
2023-01-10 20:29:17.839 [info] > git status -z -uall [44ms]
2023-01-10 20:29:22.884 [info] > git config --get commit.template [31ms]
2023-01-10 20:29:22.890 [info] > git for-each-ref --format=%(refname)%00%(upstream:short)%00%(objectname)%00%(upstream:track)%00%(upstream:remotename)%00%(upstream:remoteref) refs/heads/main refs/remotes/main [31ms]
2023-01-10 20:29:22.925 [info] > git for-each-ref --sort -committerdate --format %(refname) %(objectname) %(*objectname) [29ms]
2023-01-10 20:29:22.936 [info] > git status -z -uall [43ms]
2023-01-10 20:29:39.175 [info] > git config --get commit.template [33ms]
2023-01-10 20:29:39.181 [info] > git for-each-ref --format=%(refname)%00%(upstream:short)%00%(objectname)%00%(upstream:track)%00%(upstream:remotename)%00%(upstream:remoteref) refs/heads/main refs/remotes/main [33ms]
2023-01-10 20:29:39.219 [info] > git for-each-ref --sort -committerdate --format %(refname) %(objectname) %(*objectname) [30ms]
2023-01-10 20:29:39.229 [info] > git status -z -uall [45ms]
2023-01-10 20:29:44.283 [info] > git config --get commit.template [38ms]
2023-01-10 20:29:44.289 [info] > git for-each-ref --format=%(refname)%00%(upstream:short)%00%(objectname)%00%(upstream:track)%00%(upstream:remotename)%00%(upstream:remoteref) refs/heads/main refs/remotes/main [36ms]
2023-01-10 20:29:44.326 [info] > git for-each-ref --sort -committerdate --format %(refname) %(objectname) %(*objectname) [30ms]
2023-01-10 20:29:44.337 [info] > git status -z -uall [44ms]
2023-01-10 20:29:49.384 [info] > git config --get commit.template [35ms]
2023-01-10 20:29:49.389 [info] > git for-each-ref --format=%(refname)%00%(upstream:short)%00%(objectname)%00%(upstream:track)%00%(upstream:remotename)%00%(upstream:remoteref) refs/heads/main refs/remotes/main [34ms]
2023-01-10 20:29:49.432 [info] > git for-each-ref --sort -committerdate --format %(refname) %(objectname) %(*objectname) [35ms]
2023-01-10 20:29:49.442 [info] > git status -z -uall [49ms]
2023-01-10 20:29:54.498 [info] > git config --get commit.template [37ms]
2023-01-10 20:29:54.506 [info] > git for-each-ref --format=%(refname)%00%(upstream:short)%00%(objectname)%00%(upstream:track)%00%(upstream:remotename)%00%(upstream:remoteref) refs/heads/main refs/remotes/main [37ms]
2023-01-10 20:29:54.545 [info] > git for-each-ref --sort -committerdate --format %(refname) %(objectname) %(*objectname) [32ms]
2023-01-10 20:29:54.555 [info] > git status -z -uall [46ms]
2023-01-10 20:29:59.607 [info] > git config --get commit.template [33ms]
2023-01-10 20:29:59.613 [info] > git for-each-ref --format=%(refname)%00%(upstream:short)%00%(objectname)%00%(upstream:track)%00%(upstream:remotename)%00%(upstream:remoteref) refs/heads/main refs/remotes/main [33ms]
2023-01-10 20:29:59.648 [info] > git for-each-ref --sort -committerdate --format %(refname) %(objectname) %(*objectname) [28ms]
2023-01-10 20:29:59.659 [info] > git status -z -uall [42ms]
2023-01-10 20:30:08.717 [info] > git config --get commit.template [31ms]
2023-01-10 20:30:08.721 [info] > git for-each-ref --format=%(refname)%00%(upstream:short)%00%(objectname)%00%(upstream:track)%00%(upstream:remotename)%00%(upstream:remoteref) refs/heads/main refs/remotes/main [31ms]
2023-01-10 20:30:08.756 [info] > git for-each-ref --sort -committerdate --format %(refname) %(objectname) %(*objectname) [29ms]
2023-01-10 20:30:08.766 [info] > git status -z -uall [42ms]
2023-01-10 20:30:13.806 [info] > git config --get commit.template [31ms]
2023-01-10 20:30:13.812 [info] > git for-each-ref --format=%(refname)%00%(upstream:short)%00%(objectname)%00%(upstream:track)%00%(upstream:remotename)%00%(upstream:remoteref) refs/heads/main refs/remotes/main [33ms]
2023-01-10 20:30:13.857 [info] > git for-each-ref --sort -committerdate --format %(refname) %(objectname) %(*objectname) [34ms]
2023-01-10 20:30:13.867 [info] > git status -z -uall [50ms]
2023-01-10 20:30:30.904 [info] > git config --get commit.template [37ms]
2023-01-10 20:30:30.910 [info] > git for-each-ref --format=%(refname)%00%(upstream:short)%00%(objectname)%00%(upstream:track)%00%(upstream:remotename)%00%(upstream:remoteref) refs/heads/main refs/remotes/main [38ms]
2023-01-10 20:30:30.956 [info] > git for-each-ref --sort -committerdate --format %(refname) %(objectname) %(*objectname) [36ms]
2023-01-10 20:30:30.968 [info] > git status -z -uall [53ms]
2023-01-10 20:31:11.780 [info] > git config --get commit.template [33ms]
2023-01-10 20:31:11.785 [info] > git for-each-ref --format=%(refname)%00%(upstream:short)%00%(objectname)%00%(upstream:track)%00%(upstream:remotename)%00%(upstream:remoteref) refs/heads/main refs/remotes/main [32ms]
2023-01-10 20:31:11.827 [info] > git for-each-ref --sort -committerdate --format %(refname) %(objectname) %(*objectname) [34ms]
2023-01-10 20:31:11.841 [info] > git status -z -uall [52ms]
2023-01-10 20:31:16.893 [info] > git config --get commit.template [37ms]
2023-01-10 20:31:16.895 [info] > git for-each-ref --format=%(refname)%00%(upstream:short)%00%(objectname)%00%(upstream:track)%00%(upstream:remotename)%00%(upstream:remoteref) refs/heads/main refs/remotes/main [34ms]
2023-01-10 20:31:16.933 [info] > git for-each-ref --sort -committerdate --format %(refname) %(objectname) %(*objectname) [31ms]
2023-01-10 20:31:17.051 [info] > git status -z -uall [152ms]
2023-01-10 20:31:22.134 [info] > git config --get commit.template [56ms]
2023-01-10 20:31:22.137 [info] > git for-each-ref --format=%(refname)%00%(upstream:short)%00%(objectname)%00%(upstream:track)%00%(upstream:remotename)%00%(upstream:remoteref) refs/heads/main refs/remotes/main [54ms]
2023-01-10 20:31:22.181 [info] > git for-each-ref --sort -committerdate --format %(refname) %(objectname) %(*objectname) [36ms]
2023-01-10 20:31:22.190 [info] > git status -z -uall [49ms]
2023-01-10 20:31:27.242 [info] > git config --get commit.template [31ms]
2023-01-10 20:31:27.248 [info] > git for-each-ref --format=%(refname)%00%(upstream:short)%00%(objectname)%00%(upstream:track)%00%(upstream:remotename)%00%(upstream:remoteref) refs/heads/main refs/remotes/main [31ms]
2023-01-10 20:31:27.283 [info] > git for-each-ref --sort -committerdate --format %(refname) %(objectname) %(*objectname) [29ms]
2023-01-10 20:31:27.294 [info] > git status -z -uall [43ms]
2023-01-10 20:32:03.124 [info] > git config --get commit.template [46ms]
2023-01-10 20:32:03.126 [info] > git for-each-ref --format=%(refname)%00%(upstream:short)%00%(objectname)%00%(upstream:track)%00%(upstream:remotename)%00%(upstream:remoteref) refs/heads/main refs/remotes/main [42ms]
2023-01-10 20:32:03.175 [info] > git for-each-ref --sort -committerdate --format %(refname) %(objectname) %(*objectname) [37ms]
2023-01-10 20:32:03.187 [info] > git status -z -uall [55ms]
2023-01-10 20:32:08.244 [info] > git config --get commit.template [34ms]
2023-01-10 20:32:08.250 [info] > git for-each-ref --format=%(refname)%00%(upstream:short)%00%(objectname)%00%(upstream:track)%00%(upstream:remotename)%00%(upstream:remoteref) refs/heads/main refs/remotes/main [35ms]
2023-01-10 20:32:08.287 [info] > git for-each-ref --sort -committerdate --format %(refname) %(objectname) %(*objectname) [29ms]
2023-01-10 20:32:08.297 [info] > git status -z -uall [43ms]
2023-01-10 20:32:46.188 [info] > git config --get commit.template [48ms]
2023-01-10 20:32:46.195 [info] > git for-each-ref --format=%(refname)%00%(upstream:short)%00%(objectname)%00%(upstream:track)%00%(upstream:remotename)%00%(upstream:remoteref) refs/heads/main refs/remotes/main [45ms]
2023-01-10 20:32:46.240 [info] > git for-each-ref --sort -committerdate --format %(refname) %(objectname) %(*objectname) [36ms]
2023-01-10 20:32:46.252 [info] > git status -z -uall [52ms]
2023-01-10 20:33:01.080 [info] > git config --get commit.template [33ms]
2023-01-10 20:33:01.085 [info] > git for-each-ref --format=%(refname)%00%(upstream:short)%00%(objectname)%00%(upstream:track)%00%(upstream:remotename)%00%(upstream:remoteref) refs/heads/main refs/remotes/main [32ms]
2023-01-10 20:33:01.121 [info] > git for-each-ref --sort -committerdate --format %(refname) %(objectname) %(*objectname) [29ms]
2023-01-10 20:33:01.131 [info] > git status -z -uall [42ms]
2023-01-10 21:22:10.501 [info] > git config --get commit.template [38ms]
2023-01-10 21:22:10.641 [info] > git for-each-ref --format=%(refname)%00%(upstream:short)%00%(objectname)%00%(upstream:track)%00%(upstream:remotename)%00%(upstream:remoteref) refs/heads/main refs/remotes/main [174ms]
2023-01-10 21:22:10.683 [info] > git for-each-ref --sort -committerdate --format %(refname) %(objectname) %(*objectname) [31ms]
2023-01-10 21:22:10.845 [info] > git status -z -uall [197ms]
2023-01-10 21:22:12.060 [info] > git ls-files --stage -- D:\examples\coursera_test\react_examples\ecommerce\src\Components\Routes\ProductDescription.js [37ms]
2023-01-10 21:22:12.062 [info] > git ls-files --stage -- D:\examples\coursera_test\react_examples\ecommerce\src\Components\Routes\ProductCatalogue.js [34ms]
2023-01-10 21:22:12.073 [info] > git ls-files --stage -- D:\examples\coursera_test\react_examples\ecommerce\src\Components\Routes\Cart.js [41ms]
2023-01-10 21:22:12.078 [info] > git ls-files --stage -- D:\examples\coursera_test\react_examples\ecommerce\src\reducers\index.js [41ms]
2023-01-10 21:22:12.083 [info] > git ls-files --stage -- D:\examples\coursera_test\react_examples\ecommerce\src\actions\index.js [42ms]
2023-01-10 21:22:12.109 [info] > git show --textconv :ecommerce/src/Components/Routes/ProductDescription.js [40ms]
2023-01-10 21:22:12.114 [info] > git show --textconv :ecommerce/src/Components/Routes/ProductCatalogue.js [41ms]
2023-01-10 21:22:12.115 [info] > git cat-file -s c472f5b26e5494f2ae220362be3300d30c66005f [37ms]
2023-01-10 21:22:12.123 [info] > git cat-file -s 40870e40437910eb364e431c229d870b1c3ba270 [35ms]
2023-01-10 21:22:12.157 [info] > git show --textconv :ecommerce/src/Components/Routes/Cart.js [35ms]
2023-01-10 21:22:12.163 [info] > git show --textconv :ecommerce/src/actions/index.js [34ms]
2023-01-10 21:22:12.226 [info] > git cat-file -s 80f88b05f5ddfe6c516b11e3237f21bd84f10ff5 [144ms]
2023-01-10 21:22:12.284 [info] > git show --textconv :ecommerce/src/reducers/index.js [44ms]
2023-01-10 21:22:15.901 [info] > git config --get commit.template [33ms]
2023-01-10 21:22:15.905 [info] > git for-each-ref --format=%(refname)%00%(upstream:short)%00%(objectname)%00%(upstream:track)%00%(upstream:remotename)%00%(upstream:remoteref) refs/heads/main refs/remotes/main [32ms]
2023-01-10 21:22:15.941 [info] > git for-each-ref --sort -committerdate --format %(refname) %(objectname) %(*objectname) [29ms]
2023-01-10 21:22:15.952 [info] > git status -z -uall [42ms]
