2023-01-09 19:00:34.124 [info] Extension host with pid 22444 started
2023-01-09 19:00:34.124 [info] Skipping acquiring lock for d:\examples\coursera_test\react_examples\ecommerce\User\workspaceStorage\e4f9a451059ddbe5198683f6e0734d6e.
2023-01-09 19:00:34.311 [info] ExtensionService#_doActivateExtension vscode.typescript-language-features, startup: false, activationEvent: 'onLanguage:javascript'
2023-01-09 19:00:34.313 [info] ExtensionService#_doActivateExtension vscode.microsoft-authentication, startup: false, activationEvent: 'onAuthenticationRequest:microsoft'
2023-01-09 19:00:34.313 [info] ExtensionService#_doActivateExtension vscode.git-base, startup: true, activationEvent: '*', root cause: vscode.git
2023-01-09 19:00:34.547 [info] ExtensionService#_doActivateExtension vscode.npm, startup: true, activationEvent: 'workspaceContains:package.json'
2023-01-09 19:00:35.047 [info] ExtensionService#_doActivateExtension vscode.git, startup: true, activationEvent: '*'
2023-01-09 19:00:35.048 [info] ExtensionService#_doActivateExtension vscode.github, startup: true, activationEvent: '*'
2023-01-09 19:00:35.294 [info] ExtensionService#_doActivateExtension vscode.github-authentication, startup: false, activationEvent: 'onAuthenticationRequest:github'
2023-01-09 19:00:44.312 [info] ExtensionService#_doActivateExtension vscode.debug-auto-launch, startup: false, activationEvent: 'onStartupFinished'
2023-01-09 19:00:44.312 [info] ExtensionService#_doActivateExtension vscode.emmet, startup: false, activationEvent: 'onStartupFinished'
2023-01-09 19:00:44.312 [info] ExtensionService#_doActivateExtension vscode.merge-conflict, startup: false, activationEvent: 'onStartupFinished'
2023-01-09 19:00:44.313 [info] ExtensionService#_doActivateExtension ms-vscode-remote.remote-wsl-recommender, startup: false, activationEvent: 'onStartupFinished'
2023-01-09 19:00:56.011 [info] Eager extensions activated
2023-01-09 20:28:28.277 [warning] [Decorations] CAPPING events from decorations provider vscode.git 251
2023-01-09 20:28:33.442 [warning] [Decorations] CAPPING events from decorations provider vscode.git 251
2023-01-09 20:28:38.568 [warning] [Decorations] CAPPING events from decorations provider vscode.git 251
2023-01-09 20:29:36.130 [warning] [Decorations] CAPPING events from decorations provider vscode.git 251
2023-01-09 20:30:37.575 [warning] [Decorations] CAPPING events from decorations provider vscode.git 251
2023-01-09 20:30:48.447 [warning] [Decorations] CAPPING events from decorations provider vscode.git 252
2023-01-09 20:31:17.564 [warning] [Decorations] CAPPING events from decorations provider vscode.git 252
2023-01-09 20:31:36.219 [warning] [Decorations] CAPPING events from decorations provider vscode.git 252
2023-01-09 20:31:41.339 [warning] [Decorations] CAPPING events from decorations provider vscode.git 253
2023-01-09 20:31:46.461 [warning] [Decorations] CAPPING events from decorations provider vscode.git 253
2023-01-09 20:31:51.592 [warning] [Decorations] CAPPING events from decorations provider vscode.git 253
2023-01-09 20:31:56.746 [warning] [Decorations] CAPPING events from decorations provider vscode.git 254
2023-01-09 20:32:01.893 [warning] [Decorations] CAPPING events from decorations provider vscode.git 254
2023-01-09 20:32:26.051 [warning] [Decorations] CAPPING events from decorations provider vscode.git 255
2023-01-09 20:32:33.075 [warning] [Decorations] CAPPING events from decorations provider vscode.git 256
2023-01-09 20:32:38.238 [warning] [Decorations] CAPPING events from decorations provider vscode.git 256
2023-01-09 20:32:43.401 [warning] [Decorations] CAPPING events from decorations provider vscode.git 256
2023-01-09 20:32:48.534 [warning] [Decorations] CAPPING events from decorations provider vscode.git 256
2023-01-09 20:32:57.334 [warning] [Decorations] CAPPING events from decorations provider vscode.git 257
2023-01-09 20:33:02.815 [warning] [Decorations] CAPPING events from decorations provider vscode.git 257
2023-01-09 20:33:07.983 [warning] [Decorations] CAPPING events from decorations provider vscode.git 257
2023-01-09 20:33:13.113 [warning] [Decorations] CAPPING events from decorations provider vscode.git 257
2023-01-09 20:33:36.183 [warning] [Decorations] CAPPING events from decorations provider vscode.git 257
2023-01-09 20:34:04.780 [warning] [Decorations] CAPPING events from decorations provider vscode.git 258
2023-01-09 20:34:13.793 [warning] [Decorations] CAPPING events from decorations provider vscode.git 258
2023-01-09 20:34:21.297 [warning] [Decorations] CAPPING events from decorations provider vscode.git 258
2023-01-09 20:35:18.423 [warning] [Decorations] CAPPING events from decorations provider vscode.git 258
2023-01-09 21:43:43.176 [warning] [Decorations] CAPPING events from decorations provider vscode.git 259
2023-01-09 22:29:22.032 [warning] [Decorations] CAPPING events from decorations provider vscode.git 259
2023-01-09 22:29:25.628 [info] Extension host terminating: received terminate message from renderer
2023-01-09 22:29:26.110 [info] Extension host with pid 22444 exiting with code 0
